running egg_info
creating ../../../build/gps_distance/gps_distance.egg-info
writing ../../../build/gps_distance/gps_distance.egg-info/PKG-INFO
writing dependency_links to ../../../build/gps_distance/gps_distance.egg-info/dependency_links.txt
writing entry points to ../../../build/gps_distance/gps_distance.egg-info/entry_points.txt
writing requirements to ../../../build/gps_distance/gps_distance.egg-info/requires.txt
writing top-level names to ../../../build/gps_distance/gps_distance.egg-info/top_level.txt
writing manifest file '../../../build/gps_distance/gps_distance.egg-info/SOURCES.txt'
reading manifest file '../../../build/gps_distance/gps_distance.egg-info/SOURCES.txt'
writing manifest file '../../../build/gps_distance/gps_distance.egg-info/SOURCES.txt'
running build
running build_py
creating /home/ros/rosspaces/newboarding/Software-Team-Entrance-Task/ros_ws/build/gps_distance/build
creating /home/ros/rosspaces/newboarding/Software-Team-Entrance-Task/ros_ws/build/gps_distance/build/lib
creating /home/ros/rosspaces/newboarding/Software-Team-Entrance-Task/ros_ws/build/gps_distance/build/lib/gps_distance
copying gps_distance/__init__.py -> /home/ros/rosspaces/newboarding/Software-Team-Entrance-Task/ros_ws/build/gps_distance/build/lib/gps_distance
copying gps_distance/CompleteSoftwareOnboarding.py -> /home/ros/rosspaces/newboarding/Software-Team-Entrance-Task/ros_ws/build/gps_distance/build/lib/gps_distance
running install
running install_lib
creating /home/ros/rosspaces/newboarding/Software-Team-Entrance-Task/ros_ws/install/gps_distance/lib/python3.10/site-packages/gps_distance
copying /home/ros/rosspaces/newboarding/Software-Team-Entrance-Task/ros_ws/build/gps_distance/build/lib/gps_distance/__init__.py -> /home/ros/rosspaces/newboarding/Software-Team-Entrance-Task/ros_ws/install/gps_distance/lib/python3.10/site-packages/gps_distance
copying /home/ros/rosspaces/newboarding/Software-Team-Entrance-Task/ros_ws/build/gps_distance/build/lib/gps_distance/CompleteSoftwareOnboarding.py -> /home/ros/rosspaces/newboarding/Software-Team-Entrance-Task/ros_ws/install/gps_distance/lib/python3.10/site-packages/gps_distance
byte-compiling /home/ros/rosspaces/newboarding/Software-Team-Entrance-Task/ros_ws/install/gps_distance/lib/python3.10/site-packages/gps_distance/__init__.py to __init__.cpython-310.pyc
byte-compiling /home/ros/rosspaces/newboarding/Software-Team-Entrance-Task/ros_ws/install/gps_distance/lib/python3.10/site-packages/gps_distance/CompleteSoftwareOnboarding.py to CompleteSoftwareOnboarding.cpython-310.pyc
running install_data
creating /home/ros/rosspaces/newboarding/Software-Team-Entrance-Task/ros_ws/install/gps_distance/share/ament_index
creating /home/ros/rosspaces/newboarding/Software-Team-Entrance-Task/ros_ws/install/gps_distance/share/ament_index/resource_index
creating /home/ros/rosspaces/newboarding/Software-Team-Entrance-Task/ros_ws/install/gps_distance/share/ament_index/resource_index/packages
copying resource/gps_distance -> /home/ros/rosspaces/newboarding/Software-Team-Entrance-Task/ros_ws/install/gps_distance/share/ament_index/resource_index/packages
copying package.xml -> /home/ros/rosspaces/newboarding/Software-Team-Entrance-Task/ros_ws/install/gps_distance/share/gps_distance
running install_egg_info
Copying ../../../build/gps_distance/gps_distance.egg-info to /home/ros/rosspaces/newboarding/Software-Team-Entrance-Task/ros_ws/install/gps_distance/lib/python3.10/site-packages/gps_distance-0.0.0-py3.10.egg-info
running install_scripts
Installing completeSoftwareOnboarding script to /home/ros/rosspaces/newboarding/Software-Team-Entrance-Task/ros_ws/install/gps_distance/lib/gps_distance
writing list of installed files to '/home/ros/rosspaces/newboarding/Software-Team-Entrance-Task/ros_ws/build/gps_distance/install.log'
