[0.984s] Invoking command in '/home/ros/rosspaces/newboarding/Software-Team-Entrance-Task/ros_ws/src/Navigation/gps_distance': CMAKE_PREFIX_PATH=/home/ros/rosspaces/newboarding/Software-Team-Entrance-Task/ros_ws/install/interfaces:/home/ros/rosspaces/newboarding/Software-Team-Entrance-Task/ros_ws/install/launch_test:/home/ros/rosspaces/newboarding/Software-Team-Entrance-Task/ros_ws/install/launch_nav PYTHONPATH=/home/ros/rosspaces/newboarding/Software-Team-Entrance-Task/ros_ws/build/gps_distance/prefix_override:/home/ros/rosspaces/newboarding/Software-Team-Entrance-Task/ros_ws/install/gps_distance/lib/python3.10/site-packages:${PYTHONPATH} /usr/bin/python3 setup.py egg_info --egg-base ../../../build/gps_distance build --build-base /home/ros/rosspaces/newboarding/Software-Team-Entrance-Task/ros_ws/build/gps_distance/build install --record /home/ros/rosspaces/newboarding/Software-Team-Entrance-Task/ros_ws/build/gps_distance/install.log --single-version-externally-managed
[1.266s] running egg_info
[1.267s] creating ../../../build/gps_distance/gps_distance.egg-info
[1.269s] writing ../../../build/gps_distance/gps_distance.egg-info/PKG-INFO
[1.269s] writing dependency_links to ../../../build/gps_distance/gps_distance.egg-info/dependency_links.txt
[1.269s] writing entry points to ../../../build/gps_distance/gps_distance.egg-info/entry_points.txt
[1.269s] writing requirements to ../../../build/gps_distance/gps_distance.egg-info/requires.txt
[1.269s] writing top-level names to ../../../build/gps_distance/gps_distance.egg-info/top_level.txt
[1.269s] writing manifest file '../../../build/gps_distance/gps_distance.egg-info/SOURCES.txt'
[1.271s] reading manifest file '../../../build/gps_distance/gps_distance.egg-info/SOURCES.txt'
[1.272s] writing manifest file '../../../build/gps_distance/gps_distance.egg-info/SOURCES.txt'
[1.273s] running build
[1.273s] running build_py
[1.273s] creating /home/ros/rosspaces/newboarding/Software-Team-Entrance-Task/ros_ws/build/gps_distance/build
[1.273s] creating /home/ros/rosspaces/newboarding/Software-Team-Entrance-Task/ros_ws/build/gps_distance/build/lib
[1.274s] creating /home/ros/rosspaces/newboarding/Software-Team-Entrance-Task/ros_ws/build/gps_distance/build/lib/gps_distance
[1.274s] copying gps_distance/__init__.py -> /home/ros/rosspaces/newboarding/Software-Team-Entrance-Task/ros_ws/build/gps_distance/build/lib/gps_distance
[1.274s] /usr/lib/python3/dist-packages/setuptools/command/install.py:34: SetuptoolsDeprecationWarning: setup.py install is deprecated. Use build and pip and other standards-based tools.
[1.274s]   warnings.warn(
[1.274s] copying gps_distance/CompleteSoftwareOnboarding.py -> /home/ros/rosspaces/newboarding/Software-Team-Entrance-Task/ros_ws/build/gps_distance/build/lib/gps_distance
[1.274s] running install
[1.275s] running install_lib
[1.275s] creating /home/ros/rosspaces/newboarding/Software-Team-Entrance-Task/ros_ws/install/gps_distance/lib/python3.10/site-packages/gps_distance
[1.275s] copying /home/ros/rosspaces/newboarding/Software-Team-Entrance-Task/ros_ws/build/gps_distance/build/lib/gps_distance/__init__.py -> /home/ros/rosspaces/newboarding/Software-Team-Entrance-Task/ros_ws/install/gps_distance/lib/python3.10/site-packages/gps_distance
[1.275s] copying /home/ros/rosspaces/newboarding/Software-Team-Entrance-Task/ros_ws/build/gps_distance/build/lib/gps_distance/CompleteSoftwareOnboarding.py -> /home/ros/rosspaces/newboarding/Software-Team-Entrance-Task/ros_ws/install/gps_distance/lib/python3.10/site-packages/gps_distance
[1.276s] byte-compiling /home/ros/rosspaces/newboarding/Software-Team-Entrance-Task/ros_ws/install/gps_distance/lib/python3.10/site-packages/gps_distance/__init__.py to __init__.cpython-310.pyc
[1.276s] byte-compiling /home/ros/rosspaces/newboarding/Software-Team-Entrance-Task/ros_ws/install/gps_distance/lib/python3.10/site-packages/gps_distance/CompleteSoftwareOnboarding.py to CompleteSoftwareOnboarding.cpython-310.pyc
[1.277s] running install_data
[1.277s] creating /home/ros/rosspaces/newboarding/Software-Team-Entrance-Task/ros_ws/install/gps_distance/share/ament_index
[1.278s] creating /home/ros/rosspaces/newboarding/Software-Team-Entrance-Task/ros_ws/install/gps_distance/share/ament_index/resource_index
[1.278s] creating /home/ros/rosspaces/newboarding/Software-Team-Entrance-Task/ros_ws/install/gps_distance/share/ament_index/resource_index/packages
[1.278s] copying resource/gps_distance -> /home/ros/rosspaces/newboarding/Software-Team-Entrance-Task/ros_ws/install/gps_distance/share/ament_index/resource_index/packages
[1.278s] copying package.xml -> /home/ros/rosspaces/newboarding/Software-Team-Entrance-Task/ros_ws/install/gps_distance/share/gps_distance
[1.278s] running install_egg_info
[1.279s] Copying ../../../build/gps_distance/gps_distance.egg-info to /home/ros/rosspaces/newboarding/Software-Team-Entrance-Task/ros_ws/install/gps_distance/lib/python3.10/site-packages/gps_distance-0.0.0-py3.10.egg-info
[1.280s] running install_scripts
[1.298s] Installing completeSoftwareOnboarding script to /home/ros/rosspaces/newboarding/Software-Team-Entrance-Task/ros_ws/install/gps_distance/lib/gps_distance
[1.300s] writing list of installed files to '/home/ros/rosspaces/newboarding/Software-Team-Entrance-Task/ros_ws/build/gps_distance/install.log'
[1.370s] Invoked command in '/home/ros/rosspaces/newboarding/Software-Team-Entrance-Task/ros_ws/src/Navigation/gps_distance' returned '0': CMAKE_PREFIX_PATH=/home/ros/rosspaces/newboarding/Software-Team-Entrance-Task/ros_ws/install/interfaces:/home/ros/rosspaces/newboarding/Software-Team-Entrance-Task/ros_ws/install/launch_test:/home/ros/rosspaces/newboarding/Software-Team-Entrance-Task/ros_ws/install/launch_nav PYTHONPATH=/home/ros/rosspaces/newboarding/Software-Team-Entrance-Task/ros_ws/build/gps_distance/prefix_override:/home/ros/rosspaces/newboarding/Software-Team-Entrance-Task/ros_ws/install/gps_distance/lib/python3.10/site-packages:${PYTHONPATH} /usr/bin/python3 setup.py egg_info --egg-base ../../../build/gps_distance build --build-base /home/ros/rosspaces/newboarding/Software-Team-Entrance-Task/ros_ws/build/gps_distance/build install --record /home/ros/rosspaces/newboarding/Software-Team-Entrance-Task/ros_ws/build/gps_distance/install.log --single-version-externally-managed
