[0.279s] DEBUG:colcon:Command line arguments: ['/usr/bin/colcon', 'build']
[0.279s] DEBUG:colcon:Parsed command line arguments: Namespace(log_base=None, log_level=None, verb_name='build', build_base='build', install_base='install', merge_install=False, symlink_install=False, test_result_base=None, continue_on_error=False, executor='parallel', parallel_workers=4, event_handlers=None, ignore_user_meta=False, metas=['./colcon.meta'], base_paths=['.'], packages_ignore=None, packages_ignore_regex=None, paths=None, packages_up_to=None, packages_up_to_regex=None, packages_above=None, packages_above_and_dependencies=None, packages_above_depth=None, packages_select_by_dep=None, packages_skip_by_dep=None, packages_skip_up_to=None, packages_select_build_failed=False, packages_skip_build_finished=False, packages_select_test_failures=False, packages_skip_test_passed=False, packages_select=None, packages_skip=None, packages_select_regex=None, packages_skip_regex=None, packages_start=None, packages_end=None, allow_overriding=[], cmake_args=None, cmake_target=None, cmake_target_skip_unavailable=False, cmake_clean_cache=False, cmake_clean_first=False, cmake_force_configure=False, ament_cmake_args=None, catkin_cmake_args=None, catkin_skip_building_tests=False, verb_parser=<colcon_defaults.argument_parser.defaults.DefaultArgumentsDecorator object at 0x7fa5d8be0a90>, verb_extension=<colcon_core.verb.build.BuildVerb object at 0x7fa5d943ef20>, main=<bound method BuildVerb.main of <colcon_core.verb.build.BuildVerb object at 0x7fa5d943ef20>>)
[0.310s] Level 1:colcon.colcon_core.package_discovery:discover_packages(colcon_meta) check parameters
[0.310s] Level 1:colcon.colcon_core.package_discovery:discover_packages(recursive) check parameters
[0.310s] Level 1:colcon.colcon_core.package_discovery:discover_packages(ignore) check parameters
[0.310s] Level 1:colcon.colcon_core.package_discovery:discover_packages(path) check parameters
[0.310s] Level 1:colcon.colcon_core.package_discovery:discover_packages(colcon_meta) discover
[0.310s] Level 1:colcon.colcon_core.package_discovery:discover_packages(recursive) discover
[0.310s] INFO:colcon.colcon_core.package_discovery:Crawling recursively for packages in '/home/ros/rosspaces/newboarding/Software-Team-Entrance-Task/ros_ws'
[0.311s] Level 1:colcon.colcon_core.package_identification:_identify(.) by extensions ['ignore', 'ignore_ament_install']
[0.311s] Level 1:colcon.colcon_core.package_identification:_identify(.) by extension 'ignore'
[0.311s] Level 1:colcon.colcon_core.package_identification:_identify(.) by extension 'ignore_ament_install'
[0.312s] Level 1:colcon.colcon_core.package_identification:_identify(.) by extensions ['colcon_pkg']
[0.312s] Level 1:colcon.colcon_core.package_identification:_identify(.) by extension 'colcon_pkg'
[0.312s] Level 1:colcon.colcon_core.package_identification:_identify(.) by extensions ['colcon_meta']
[0.312s] Level 1:colcon.colcon_core.package_identification:_identify(.) by extension 'colcon_meta'
[0.312s] Level 1:colcon.colcon_core.package_identification:_identify(.) by extensions ['ros']
[0.312s] Level 1:colcon.colcon_core.package_identification:_identify(.) by extension 'ros'
[0.322s] Level 1:colcon.colcon_core.package_identification:_identify(.) by extensions ['cmake', 'python']
[0.322s] Level 1:colcon.colcon_core.package_identification:_identify(.) by extension 'cmake'
[0.322s] Level 1:colcon.colcon_core.package_identification:_identify(.) by extension 'python'
[0.322s] Level 1:colcon.colcon_core.package_identification:_identify(.) by extensions ['python_setup_py']
[0.322s] Level 1:colcon.colcon_core.package_identification:_identify(.) by extension 'python_setup_py'
[0.322s] Level 1:colcon.colcon_core.package_identification:_identify(build) by extensions ['ignore', 'ignore_ament_install']
[0.322s] Level 1:colcon.colcon_core.package_identification:_identify(build) by extension 'ignore'
[0.323s] Level 1:colcon.colcon_core.package_identification:_identify(build) ignored
[0.323s] Level 1:colcon.colcon_core.package_identification:_identify(install) by extensions ['ignore', 'ignore_ament_install']
[0.323s] Level 1:colcon.colcon_core.package_identification:_identify(install) by extension 'ignore'
[0.323s] Level 1:colcon.colcon_core.package_identification:_identify(install) ignored
[0.323s] Level 1:colcon.colcon_core.package_identification:_identify(log) by extensions ['ignore', 'ignore_ament_install']
[0.323s] Level 1:colcon.colcon_core.package_identification:_identify(log) by extension 'ignore'
[0.323s] Level 1:colcon.colcon_core.package_identification:_identify(log) ignored
[0.324s] Level 1:colcon.colcon_core.package_identification:_identify(src) by extensions ['ignore', 'ignore_ament_install']
[0.324s] Level 1:colcon.colcon_core.package_identification:_identify(src) by extension 'ignore'
[0.324s] Level 1:colcon.colcon_core.package_identification:_identify(src) by extension 'ignore_ament_install'
[0.324s] Level 1:colcon.colcon_core.package_identification:_identify(src) by extensions ['colcon_pkg']
[0.324s] Level 1:colcon.colcon_core.package_identification:_identify(src) by extension 'colcon_pkg'
[0.324s] Level 1:colcon.colcon_core.package_identification:_identify(src) by extensions ['colcon_meta']
[0.324s] Level 1:colcon.colcon_core.package_identification:_identify(src) by extension 'colcon_meta'
[0.324s] Level 1:colcon.colcon_core.package_identification:_identify(src) by extensions ['ros']
[0.324s] Level 1:colcon.colcon_core.package_identification:_identify(src) by extension 'ros'
[0.324s] Level 1:colcon.colcon_core.package_identification:_identify(src) by extensions ['cmake', 'python']
[0.324s] Level 1:colcon.colcon_core.package_identification:_identify(src) by extension 'cmake'
[0.324s] Level 1:colcon.colcon_core.package_identification:_identify(src) by extension 'python'
[0.324s] Level 1:colcon.colcon_core.package_identification:_identify(src) by extensions ['python_setup_py']
[0.324s] Level 1:colcon.colcon_core.package_identification:_identify(src) by extension 'python_setup_py'
[0.324s] Level 1:colcon.colcon_core.package_identification:_identify(src/Navigation) by extensions ['ignore', 'ignore_ament_install']
[0.325s] Level 1:colcon.colcon_core.package_identification:_identify(src/Navigation) by extension 'ignore'
[0.325s] Level 1:colcon.colcon_core.package_identification:_identify(src/Navigation) by extension 'ignore_ament_install'
[0.325s] Level 1:colcon.colcon_core.package_identification:_identify(src/Navigation) by extensions ['colcon_pkg']
[0.325s] Level 1:colcon.colcon_core.package_identification:_identify(src/Navigation) by extension 'colcon_pkg'
[0.325s] Level 1:colcon.colcon_core.package_identification:_identify(src/Navigation) by extensions ['colcon_meta']
[0.325s] Level 1:colcon.colcon_core.package_identification:_identify(src/Navigation) by extension 'colcon_meta'
[0.325s] Level 1:colcon.colcon_core.package_identification:_identify(src/Navigation) by extensions ['ros']
[0.325s] Level 1:colcon.colcon_core.package_identification:_identify(src/Navigation) by extension 'ros'
[0.325s] Level 1:colcon.colcon_core.package_identification:_identify(src/Navigation) by extensions ['cmake', 'python']
[0.325s] Level 1:colcon.colcon_core.package_identification:_identify(src/Navigation) by extension 'cmake'
[0.325s] Level 1:colcon.colcon_core.package_identification:_identify(src/Navigation) by extension 'python'
[0.325s] Level 1:colcon.colcon_core.package_identification:_identify(src/Navigation) by extensions ['python_setup_py']
[0.325s] Level 1:colcon.colcon_core.package_identification:_identify(src/Navigation) by extension 'python_setup_py'
[0.325s] Level 1:colcon.colcon_core.package_identification:_identify(src/Navigation/gps_distance) by extensions ['ignore', 'ignore_ament_install']
[0.325s] Level 1:colcon.colcon_core.package_identification:_identify(src/Navigation/gps_distance) by extension 'ignore'
[0.325s] Level 1:colcon.colcon_core.package_identification:_identify(src/Navigation/gps_distance) by extension 'ignore_ament_install'
[0.325s] Level 1:colcon.colcon_core.package_identification:_identify(src/Navigation/gps_distance) by extensions ['colcon_pkg']
[0.326s] Level 1:colcon.colcon_core.package_identification:_identify(src/Navigation/gps_distance) by extension 'colcon_pkg'
[0.326s] Level 1:colcon.colcon_core.package_identification:_identify(src/Navigation/gps_distance) by extensions ['colcon_meta']
[0.326s] Level 1:colcon.colcon_core.package_identification:_identify(src/Navigation/gps_distance) by extension 'colcon_meta'
[0.326s] Level 1:colcon.colcon_core.package_identification:_identify(src/Navigation/gps_distance) by extensions ['ros']
[0.326s] Level 1:colcon.colcon_core.package_identification:_identify(src/Navigation/gps_distance) by extension 'ros'
[0.328s] DEBUG:colcon.colcon_core.package_identification:Package 'src/Navigation/gps_distance' with type 'ros.ament_python' and name 'gps_distance'
[0.328s] Level 1:colcon.colcon_core.package_identification:_identify(src/Navigation/launch_nav) by extensions ['ignore', 'ignore_ament_install']
[0.328s] Level 1:colcon.colcon_core.package_identification:_identify(src/Navigation/launch_nav) by extension 'ignore'
[0.328s] Level 1:colcon.colcon_core.package_identification:_identify(src/Navigation/launch_nav) by extension 'ignore_ament_install'
[0.328s] Level 1:colcon.colcon_core.package_identification:_identify(src/Navigation/launch_nav) by extensions ['colcon_pkg']
[0.328s] Level 1:colcon.colcon_core.package_identification:_identify(src/Navigation/launch_nav) by extension 'colcon_pkg'
[0.329s] Level 1:colcon.colcon_core.package_identification:_identify(src/Navigation/launch_nav) by extensions ['colcon_meta']
[0.329s] Level 1:colcon.colcon_core.package_identification:_identify(src/Navigation/launch_nav) by extension 'colcon_meta'
[0.329s] Level 1:colcon.colcon_core.package_identification:_identify(src/Navigation/launch_nav) by extensions ['ros']
[0.329s] Level 1:colcon.colcon_core.package_identification:_identify(src/Navigation/launch_nav) by extension 'ros'
[0.329s] DEBUG:colcon.colcon_core.package_identification:Package 'src/Navigation/launch_nav' with type 'ros.ament_cmake' and name 'launch_nav'
[0.329s] Level 1:colcon.colcon_core.package_identification:_identify(src/interfaces) by extensions ['ignore', 'ignore_ament_install']
[0.329s] Level 1:colcon.colcon_core.package_identification:_identify(src/interfaces) by extension 'ignore'
[0.330s] Level 1:colcon.colcon_core.package_identification:_identify(src/interfaces) by extension 'ignore_ament_install'
[0.330s] Level 1:colcon.colcon_core.package_identification:_identify(src/interfaces) by extensions ['colcon_pkg']
[0.330s] Level 1:colcon.colcon_core.package_identification:_identify(src/interfaces) by extension 'colcon_pkg'
[0.330s] Level 1:colcon.colcon_core.package_identification:_identify(src/interfaces) by extensions ['colcon_meta']
[0.330s] Level 1:colcon.colcon_core.package_identification:_identify(src/interfaces) by extension 'colcon_meta'
[0.330s] Level 1:colcon.colcon_core.package_identification:_identify(src/interfaces) by extensions ['ros']
[0.330s] Level 1:colcon.colcon_core.package_identification:_identify(src/interfaces) by extension 'ros'
[0.330s] DEBUG:colcon.colcon_core.package_identification:Package 'src/interfaces' with type 'ros.ament_cmake' and name 'interfaces'
[0.330s] Level 1:colcon.colcon_core.package_identification:_identify(src/testing) by extensions ['ignore', 'ignore_ament_install']
[0.331s] Level 1:colcon.colcon_core.package_identification:_identify(src/testing) by extension 'ignore'
[0.331s] Level 1:colcon.colcon_core.package_identification:_identify(src/testing) by extension 'ignore_ament_install'
[0.331s] Level 1:colcon.colcon_core.package_identification:_identify(src/testing) by extensions ['colcon_pkg']
[0.331s] Level 1:colcon.colcon_core.package_identification:_identify(src/testing) by extension 'colcon_pkg'
[0.331s] Level 1:colcon.colcon_core.package_identification:_identify(src/testing) by extensions ['colcon_meta']
[0.331s] Level 1:colcon.colcon_core.package_identification:_identify(src/testing) by extension 'colcon_meta'
[0.331s] Level 1:colcon.colcon_core.package_identification:_identify(src/testing) by extensions ['ros']
[0.331s] Level 1:colcon.colcon_core.package_identification:_identify(src/testing) by extension 'ros'
[0.331s] Level 1:colcon.colcon_core.package_identification:_identify(src/testing) by extensions ['cmake', 'python']
[0.331s] Level 1:colcon.colcon_core.package_identification:_identify(src/testing) by extension 'cmake'
[0.331s] Level 1:colcon.colcon_core.package_identification:_identify(src/testing) by extension 'python'
[0.331s] Level 1:colcon.colcon_core.package_identification:_identify(src/testing) by extensions ['python_setup_py']
[0.331s] Level 1:colcon.colcon_core.package_identification:_identify(src/testing) by extension 'python_setup_py'
[0.331s] Level 1:colcon.colcon_core.package_identification:_identify(src/testing/launch_test) by extensions ['ignore', 'ignore_ament_install']
[0.332s] Level 1:colcon.colcon_core.package_identification:_identify(src/testing/launch_test) by extension 'ignore'
[0.332s] Level 1:colcon.colcon_core.package_identification:_identify(src/testing/launch_test) by extension 'ignore_ament_install'
[0.332s] Level 1:colcon.colcon_core.package_identification:_identify(src/testing/launch_test) by extensions ['colcon_pkg']
[0.332s] Level 1:colcon.colcon_core.package_identification:_identify(src/testing/launch_test) by extension 'colcon_pkg'
[0.332s] Level 1:colcon.colcon_core.package_identification:_identify(src/testing/launch_test) by extensions ['colcon_meta']
[0.332s] Level 1:colcon.colcon_core.package_identification:_identify(src/testing/launch_test) by extension 'colcon_meta'
[0.332s] Level 1:colcon.colcon_core.package_identification:_identify(src/testing/launch_test) by extensions ['ros']
[0.332s] Level 1:colcon.colcon_core.package_identification:_identify(src/testing/launch_test) by extension 'ros'
[0.332s] DEBUG:colcon.colcon_core.package_identification:Package 'src/testing/launch_test' with type 'ros.ament_cmake' and name 'launch_test'
[0.332s] Level 1:colcon.colcon_core.package_identification:_identify(src/testing/test_gps) by extensions ['ignore', 'ignore_ament_install']
[0.332s] Level 1:colcon.colcon_core.package_identification:_identify(src/testing/test_gps) by extension 'ignore'
[0.333s] Level 1:colcon.colcon_core.package_identification:_identify(src/testing/test_gps) by extension 'ignore_ament_install'
[0.333s] Level 1:colcon.colcon_core.package_identification:_identify(src/testing/test_gps) by extensions ['colcon_pkg']
[0.333s] Level 1:colcon.colcon_core.package_identification:_identify(src/testing/test_gps) by extension 'colcon_pkg'
[0.333s] Level 1:colcon.colcon_core.package_identification:_identify(src/testing/test_gps) by extensions ['colcon_meta']
[0.333s] Level 1:colcon.colcon_core.package_identification:_identify(src/testing/test_gps) by extension 'colcon_meta'
[0.333s] Level 1:colcon.colcon_core.package_identification:_identify(src/testing/test_gps) by extensions ['ros']
[0.333s] Level 1:colcon.colcon_core.package_identification:_identify(src/testing/test_gps) by extension 'ros'
[0.333s] DEBUG:colcon.colcon_core.package_identification:Package 'src/testing/test_gps' with type 'ros.ament_python' and name 'test_gps'
[0.333s] Level 1:colcon.colcon_core.package_discovery:discover_packages(recursive) using defaults
[0.333s] Level 1:colcon.colcon_core.package_discovery:discover_packages(ignore) discover
[0.333s] Level 1:colcon.colcon_core.package_discovery:discover_packages(ignore) using defaults
[0.334s] Level 1:colcon.colcon_core.package_discovery:discover_packages(path) discover
[0.334s] Level 1:colcon.colcon_core.package_discovery:discover_packages(path) using defaults
[0.358s] Level 1:colcon.colcon_core.package_discovery:discover_packages(prefix_path) check parameters
[0.358s] Level 1:colcon.colcon_core.package_discovery:discover_packages(prefix_path) discover
[0.360s] DEBUG:colcon.colcon_installed_package_information.package_discovery:Found 5 installed packages in /home/ros/rosspaces/newboarding/Software-Team-Entrance-Task/ros_ws/install
[0.362s] DEBUG:colcon.colcon_installed_package_information.package_discovery:Found 270 installed packages in /opt/ros/humble
[0.363s] Level 1:colcon.colcon_core.package_discovery:discover_packages(prefix_path) using defaults
[0.413s] Level 5:colcon.colcon_core.verb:set package 'interfaces' build argument 'cmake_args' from command line to 'None'
[0.414s] Level 5:colcon.colcon_core.verb:set package 'interfaces' build argument 'cmake_target' from command line to 'None'
[0.414s] Level 5:colcon.colcon_core.verb:set package 'interfaces' build argument 'cmake_target_skip_unavailable' from command line to 'False'
[0.414s] Level 5:colcon.colcon_core.verb:set package 'interfaces' build argument 'cmake_clean_cache' from command line to 'False'
[0.414s] Level 5:colcon.colcon_core.verb:set package 'interfaces' build argument 'cmake_clean_first' from command line to 'False'
[0.414s] Level 5:colcon.colcon_core.verb:set package 'interfaces' build argument 'cmake_force_configure' from command line to 'False'
[0.414s] Level 5:colcon.colcon_core.verb:set package 'interfaces' build argument 'ament_cmake_args' from command line to 'None'
[0.415s] Level 5:colcon.colcon_core.verb:set package 'interfaces' build argument 'catkin_cmake_args' from command line to 'None'
[0.415s] Level 5:colcon.colcon_core.verb:set package 'interfaces' build argument 'catkin_skip_building_tests' from command line to 'False'
[0.415s] DEBUG:colcon.colcon_core.verb:Building package 'interfaces' with the following arguments: {'ament_cmake_args': None, 'build_base': '/home/ros/rosspaces/newboarding/Software-Team-Entrance-Task/ros_ws/build/interfaces', 'catkin_cmake_args': None, 'catkin_skip_building_tests': False, 'cmake_args': None, 'cmake_clean_cache': False, 'cmake_clean_first': False, 'cmake_force_configure': False, 'cmake_target': None, 'cmake_target_skip_unavailable': False, 'install_base': '/home/ros/rosspaces/newboarding/Software-Team-Entrance-Task/ros_ws/install/interfaces', 'merge_install': False, 'path': '/home/ros/rosspaces/newboarding/Software-Team-Entrance-Task/ros_ws/src/interfaces', 'symlink_install': False, 'test_result_base': None}
[0.417s] Level 5:colcon.colcon_core.verb:set package 'gps_distance' build argument 'cmake_args' from command line to 'None'
[0.417s] Level 5:colcon.colcon_core.verb:set package 'gps_distance' build argument 'cmake_target' from command line to 'None'
[0.417s] Level 5:colcon.colcon_core.verb:set package 'gps_distance' build argument 'cmake_target_skip_unavailable' from command line to 'False'
[0.417s] Level 5:colcon.colcon_core.verb:set package 'gps_distance' build argument 'cmake_clean_cache' from command line to 'False'
[0.417s] Level 5:colcon.colcon_core.verb:set package 'gps_distance' build argument 'cmake_clean_first' from command line to 'False'
[0.417s] Level 5:colcon.colcon_core.verb:set package 'gps_distance' build argument 'cmake_force_configure' from command line to 'False'
[0.417s] Level 5:colcon.colcon_core.verb:set package 'gps_distance' build argument 'ament_cmake_args' from command line to 'None'
[0.417s] Level 5:colcon.colcon_core.verb:set package 'gps_distance' build argument 'catkin_cmake_args' from command line to 'None'
[0.417s] Level 5:colcon.colcon_core.verb:set package 'gps_distance' build argument 'catkin_skip_building_tests' from command line to 'False'
[0.417s] DEBUG:colcon.colcon_core.verb:Building package 'gps_distance' with the following arguments: {'ament_cmake_args': None, 'build_base': '/home/ros/rosspaces/newboarding/Software-Team-Entrance-Task/ros_ws/build/gps_distance', 'catkin_cmake_args': None, 'catkin_skip_building_tests': False, 'cmake_args': None, 'cmake_clean_cache': False, 'cmake_clean_first': False, 'cmake_force_configure': False, 'cmake_target': None, 'cmake_target_skip_unavailable': False, 'install_base': '/home/ros/rosspaces/newboarding/Software-Team-Entrance-Task/ros_ws/install/gps_distance', 'merge_install': False, 'path': '/home/ros/rosspaces/newboarding/Software-Team-Entrance-Task/ros_ws/src/Navigation/gps_distance', 'symlink_install': False, 'test_result_base': None}
[0.418s] Level 5:colcon.colcon_core.verb:set package 'test_gps' build argument 'cmake_args' from command line to 'None'
[0.418s] Level 5:colcon.colcon_core.verb:set package 'test_gps' build argument 'cmake_target' from command line to 'None'
[0.418s] Level 5:colcon.colcon_core.verb:set package 'test_gps' build argument 'cmake_target_skip_unavailable' from command line to 'False'
[0.418s] Level 5:colcon.colcon_core.verb:set package 'test_gps' build argument 'cmake_clean_cache' from command line to 'False'
[0.418s] Level 5:colcon.colcon_core.verb:set package 'test_gps' build argument 'cmake_clean_first' from command line to 'False'
[0.418s] Level 5:colcon.colcon_core.verb:set package 'test_gps' build argument 'cmake_force_configure' from command line to 'False'
[0.418s] Level 5:colcon.colcon_core.verb:set package 'test_gps' build argument 'ament_cmake_args' from command line to 'None'
[0.418s] Level 5:colcon.colcon_core.verb:set package 'test_gps' build argument 'catkin_cmake_args' from command line to 'None'
[0.418s] Level 5:colcon.colcon_core.verb:set package 'test_gps' build argument 'catkin_skip_building_tests' from command line to 'False'
[0.418s] DEBUG:colcon.colcon_core.verb:Building package 'test_gps' with the following arguments: {'ament_cmake_args': None, 'build_base': '/home/ros/rosspaces/newboarding/Software-Team-Entrance-Task/ros_ws/build/test_gps', 'catkin_cmake_args': None, 'catkin_skip_building_tests': False, 'cmake_args': None, 'cmake_clean_cache': False, 'cmake_clean_first': False, 'cmake_force_configure': False, 'cmake_target': None, 'cmake_target_skip_unavailable': False, 'install_base': '/home/ros/rosspaces/newboarding/Software-Team-Entrance-Task/ros_ws/install/test_gps', 'merge_install': False, 'path': '/home/ros/rosspaces/newboarding/Software-Team-Entrance-Task/ros_ws/src/testing/test_gps', 'symlink_install': False, 'test_result_base': None}
[0.419s] Level 5:colcon.colcon_core.verb:set package 'launch_nav' build argument 'cmake_args' from command line to 'None'
[0.419s] Level 5:colcon.colcon_core.verb:set package 'launch_nav' build argument 'cmake_target' from command line to 'None'
[0.419s] Level 5:colcon.colcon_core.verb:set package 'launch_nav' build argument 'cmake_target_skip_unavailable' from command line to 'False'
[0.420s] Level 5:colcon.colcon_core.verb:set package 'launch_nav' build argument 'cmake_clean_cache' from command line to 'False'
[0.420s] Level 5:colcon.colcon_core.verb:set package 'launch_nav' build argument 'cmake_clean_first' from command line to 'False'
[0.420s] Level 5:colcon.colcon_core.verb:set package 'launch_nav' build argument 'cmake_force_configure' from command line to 'False'
[0.420s] Level 5:colcon.colcon_core.verb:set package 'launch_nav' build argument 'ament_cmake_args' from command line to 'None'
[0.420s] Level 5:colcon.colcon_core.verb:set package 'launch_nav' build argument 'catkin_cmake_args' from command line to 'None'
[0.420s] Level 5:colcon.colcon_core.verb:set package 'launch_nav' build argument 'catkin_skip_building_tests' from command line to 'False'
[0.420s] DEBUG:colcon.colcon_core.verb:Building package 'launch_nav' with the following arguments: {'ament_cmake_args': None, 'build_base': '/home/ros/rosspaces/newboarding/Software-Team-Entrance-Task/ros_ws/build/launch_nav', 'catkin_cmake_args': None, 'catkin_skip_building_tests': False, 'cmake_args': None, 'cmake_clean_cache': False, 'cmake_clean_first': False, 'cmake_force_configure': False, 'cmake_target': None, 'cmake_target_skip_unavailable': False, 'install_base': '/home/ros/rosspaces/newboarding/Software-Team-Entrance-Task/ros_ws/install/launch_nav', 'merge_install': False, 'path': '/home/ros/rosspaces/newboarding/Software-Team-Entrance-Task/ros_ws/src/Navigation/launch_nav', 'symlink_install': False, 'test_result_base': None}
[0.421s] Level 5:colcon.colcon_core.verb:set package 'launch_test' build argument 'cmake_args' from command line to 'None'
[0.421s] Level 5:colcon.colcon_core.verb:set package 'launch_test' build argument 'cmake_target' from command line to 'None'
[0.421s] Level 5:colcon.colcon_core.verb:set package 'launch_test' build argument 'cmake_target_skip_unavailable' from command line to 'False'
[0.421s] Level 5:colcon.colcon_core.verb:set package 'launch_test' build argument 'cmake_clean_cache' from command line to 'False'
[0.421s] Level 5:colcon.colcon_core.verb:set package 'launch_test' build argument 'cmake_clean_first' from command line to 'False'
[0.421s] Level 5:colcon.colcon_core.verb:set package 'launch_test' build argument 'cmake_force_configure' from command line to 'False'
[0.421s] Level 5:colcon.colcon_core.verb:set package 'launch_test' build argument 'ament_cmake_args' from command line to 'None'
[0.421s] Level 5:colcon.colcon_core.verb:set package 'launch_test' build argument 'catkin_cmake_args' from command line to 'None'
[0.421s] Level 5:colcon.colcon_core.verb:set package 'launch_test' build argument 'catkin_skip_building_tests' from command line to 'False'
[0.421s] DEBUG:colcon.colcon_core.verb:Building package 'launch_test' with the following arguments: {'ament_cmake_args': None, 'build_base': '/home/ros/rosspaces/newboarding/Software-Team-Entrance-Task/ros_ws/build/launch_test', 'catkin_cmake_args': None, 'catkin_skip_building_tests': False, 'cmake_args': None, 'cmake_clean_cache': False, 'cmake_clean_first': False, 'cmake_force_configure': False, 'cmake_target': None, 'cmake_target_skip_unavailable': False, 'install_base': '/home/ros/rosspaces/newboarding/Software-Team-Entrance-Task/ros_ws/install/launch_test', 'merge_install': False, 'path': '/home/ros/rosspaces/newboarding/Software-Team-Entrance-Task/ros_ws/src/testing/launch_test', 'symlink_install': False, 'test_result_base': None}
[0.422s] INFO:colcon.colcon_core.executor:Executing jobs using 'parallel' executor
[0.425s] DEBUG:colcon.colcon_parallel_executor.executor.parallel:run_until_complete
[0.425s] INFO:colcon.colcon_ros.task.ament_cmake.build:Building ROS package in '/home/ros/rosspaces/newboarding/Software-Team-Entrance-Task/ros_ws/src/interfaces' with build type 'ament_cmake'
[0.426s] INFO:colcon.colcon_cmake.task.cmake.build:Building CMake package in '/home/ros/rosspaces/newboarding/Software-Team-Entrance-Task/ros_ws/src/interfaces'
[0.430s] INFO:colcon.colcon_core.plugin_system:Skipping extension 'colcon_core.shell.bat': Not used on non-Windows systems
[0.430s] INFO:colcon.colcon_core.shell:Skip shell extension 'powershell' for command environment: Not usable outside of PowerShell
[0.430s] DEBUG:colcon.colcon_core.shell:Skip shell extension 'dsv' for command environment
[0.449s] DEBUG:colcon.colcon_core.event_handler.log_command:Invoking command in '/home/ros/rosspaces/newboarding/Software-Team-Entrance-Task/ros_ws/build/interfaces': CMAKE_PREFIX_PATH=${CMAKE_PREFIX_PATH}:/home/ros/rosspaces/newboarding/Software-Team-Entrance-Task/ros_ws/install/test_gps:/home/ros/rosspaces/newboarding/Software-Team-Entrance-Task/ros_ws/install/gps_distance:/opt/ros/humble /usr/bin/cmake --build /home/ros/rosspaces/newboarding/Software-Team-Entrance-Task/ros_ws/build/interfaces -- -j4 -l4
[4.248s] DEBUG:colcon.colcon_core.event_handler.log_command:Invoked command in '/home/ros/rosspaces/newboarding/Software-Team-Entrance-Task/ros_ws/build/interfaces' returned '0': CMAKE_PREFIX_PATH=${CMAKE_PREFIX_PATH}:/home/ros/rosspaces/newboarding/Software-Team-Entrance-Task/ros_ws/install/test_gps:/home/ros/rosspaces/newboarding/Software-Team-Entrance-Task/ros_ws/install/gps_distance:/opt/ros/humble /usr/bin/cmake --build /home/ros/rosspaces/newboarding/Software-Team-Entrance-Task/ros_ws/build/interfaces -- -j4 -l4
[4.520s] DEBUG:colcon.colcon_core.event_handler.log_command:Invoking command in '/home/ros/rosspaces/newboarding/Software-Team-Entrance-Task/ros_ws/build/interfaces': CMAKE_PREFIX_PATH=${CMAKE_PREFIX_PATH}:/home/ros/rosspaces/newboarding/Software-Team-Entrance-Task/ros_ws/install/test_gps:/home/ros/rosspaces/newboarding/Software-Team-Entrance-Task/ros_ws/install/gps_distance:/opt/ros/humble /usr/bin/cmake --install /home/ros/rosspaces/newboarding/Software-Team-Entrance-Task/ros_ws/build/interfaces
[4.609s] Level 1:colcon.colcon_core.environment:create_environment_scripts_only(interfaces)
[4.610s] DEBUG:colcon.colcon_core.event_handler.log_command:Invoked command in '/home/ros/rosspaces/newboarding/Software-Team-Entrance-Task/ros_ws/build/interfaces' returned '0': CMAKE_PREFIX_PATH=${CMAKE_PREFIX_PATH}:/home/ros/rosspaces/newboarding/Software-Team-Entrance-Task/ros_ws/install/test_gps:/home/ros/rosspaces/newboarding/Software-Team-Entrance-Task/ros_ws/install/gps_distance:/opt/ros/humble /usr/bin/cmake --install /home/ros/rosspaces/newboarding/Software-Team-Entrance-Task/ros_ws/build/interfaces
[4.615s] Level 1:colcon.colcon_core.environment:checking '/home/ros/rosspaces/newboarding/Software-Team-Entrance-Task/ros_ws/install/interfaces' for CMake module files
[4.616s] Level 1:colcon.colcon_core.environment:checking '/home/ros/rosspaces/newboarding/Software-Team-Entrance-Task/ros_ws/install/interfaces' for CMake config files
[4.616s] Level 1:colcon.colcon_core.shell:create_environment_hook('interfaces', 'cmake_prefix_path')
[4.617s] INFO:colcon.colcon_core.shell:Creating environment hook '/home/ros/rosspaces/newboarding/Software-Team-Entrance-Task/ros_ws/install/interfaces/share/interfaces/hook/cmake_prefix_path.ps1'
[4.618s] INFO:colcon.colcon_core.shell:Creating environment descriptor '/home/ros/rosspaces/newboarding/Software-Team-Entrance-Task/ros_ws/install/interfaces/share/interfaces/hook/cmake_prefix_path.dsv'
[4.619s] INFO:colcon.colcon_core.shell:Creating environment hook '/home/ros/rosspaces/newboarding/Software-Team-Entrance-Task/ros_ws/install/interfaces/share/interfaces/hook/cmake_prefix_path.sh'
[4.620s] Level 1:colcon.colcon_core.environment:checking '/home/ros/rosspaces/newboarding/Software-Team-Entrance-Task/ros_ws/install/interfaces/lib'
[4.620s] Level 1:colcon.colcon_core.shell:create_environment_hook('interfaces', 'ld_library_path_lib')
[4.621s] INFO:colcon.colcon_core.shell:Creating environment hook '/home/ros/rosspaces/newboarding/Software-Team-Entrance-Task/ros_ws/install/interfaces/share/interfaces/hook/ld_library_path_lib.ps1'
[4.622s] INFO:colcon.colcon_core.shell:Creating environment descriptor '/home/ros/rosspaces/newboarding/Software-Team-Entrance-Task/ros_ws/install/interfaces/share/interfaces/hook/ld_library_path_lib.dsv'
[4.622s] INFO:colcon.colcon_core.shell:Creating environment hook '/home/ros/rosspaces/newboarding/Software-Team-Entrance-Task/ros_ws/install/interfaces/share/interfaces/hook/ld_library_path_lib.sh'
[4.623s] Level 1:colcon.colcon_core.environment:checking '/home/ros/rosspaces/newboarding/Software-Team-Entrance-Task/ros_ws/install/interfaces/bin'
[4.623s] Level 1:colcon.colcon_core.environment:checking '/home/ros/rosspaces/newboarding/Software-Team-Entrance-Task/ros_ws/install/interfaces/lib/pkgconfig/interfaces.pc'
[4.624s] Level 1:colcon.colcon_core.environment:checking '/home/ros/rosspaces/newboarding/Software-Team-Entrance-Task/ros_ws/install/interfaces/lib/python3.10/site-packages'
[4.624s] Level 1:colcon.colcon_core.environment:checking '/home/ros/rosspaces/newboarding/Software-Team-Entrance-Task/ros_ws/install/interfaces/bin'
[4.625s] INFO:colcon.colcon_core.shell:Creating package script '/home/ros/rosspaces/newboarding/Software-Team-Entrance-Task/ros_ws/install/interfaces/share/interfaces/package.ps1'
[4.626s] INFO:colcon.colcon_core.shell:Creating package descriptor '/home/ros/rosspaces/newboarding/Software-Team-Entrance-Task/ros_ws/install/interfaces/share/interfaces/package.dsv'
[4.626s] INFO:colcon.colcon_core.shell:Creating package script '/home/ros/rosspaces/newboarding/Software-Team-Entrance-Task/ros_ws/install/interfaces/share/interfaces/package.sh'
[4.627s] INFO:colcon.colcon_core.shell:Creating package script '/home/ros/rosspaces/newboarding/Software-Team-Entrance-Task/ros_ws/install/interfaces/share/interfaces/package.bash'
[4.628s] INFO:colcon.colcon_core.shell:Creating package script '/home/ros/rosspaces/newboarding/Software-Team-Entrance-Task/ros_ws/install/interfaces/share/interfaces/package.zsh'
[4.629s] Level 1:colcon.colcon_core.environment:create_file_with_runtime_dependencies(/home/ros/rosspaces/newboarding/Software-Team-Entrance-Task/ros_ws/install/interfaces/share/colcon-core/packages/interfaces)
[4.844s] Level 1:colcon.colcon_core.environment:create_environment_scripts_only(interfaces)
[4.846s] Level 1:colcon.colcon_core.environment:checking '/home/ros/rosspaces/newboarding/Software-Team-Entrance-Task/ros_ws/install/interfaces' for CMake module files
[4.848s] Level 1:colcon.colcon_core.environment:checking '/home/ros/rosspaces/newboarding/Software-Team-Entrance-Task/ros_ws/install/interfaces' for CMake config files
[4.850s] Level 1:colcon.colcon_core.shell:create_environment_hook('interfaces', 'cmake_prefix_path')
[4.851s] INFO:colcon.colcon_core.shell:Creating environment hook '/home/ros/rosspaces/newboarding/Software-Team-Entrance-Task/ros_ws/install/interfaces/share/interfaces/hook/cmake_prefix_path.ps1'
[4.852s] INFO:colcon.colcon_core.shell:Creating environment descriptor '/home/ros/rosspaces/newboarding/Software-Team-Entrance-Task/ros_ws/install/interfaces/share/interfaces/hook/cmake_prefix_path.dsv'
[4.852s] INFO:colcon.colcon_core.shell:Creating environment hook '/home/ros/rosspaces/newboarding/Software-Team-Entrance-Task/ros_ws/install/interfaces/share/interfaces/hook/cmake_prefix_path.sh'
[4.853s] Level 1:colcon.colcon_core.environment:checking '/home/ros/rosspaces/newboarding/Software-Team-Entrance-Task/ros_ws/install/interfaces/lib'
[4.853s] Level 1:colcon.colcon_core.shell:create_environment_hook('interfaces', 'ld_library_path_lib')
[4.854s] INFO:colcon.colcon_core.shell:Creating environment hook '/home/ros/rosspaces/newboarding/Software-Team-Entrance-Task/ros_ws/install/interfaces/share/interfaces/hook/ld_library_path_lib.ps1'
[4.855s] INFO:colcon.colcon_core.shell:Creating environment descriptor '/home/ros/rosspaces/newboarding/Software-Team-Entrance-Task/ros_ws/install/interfaces/share/interfaces/hook/ld_library_path_lib.dsv'
[4.855s] INFO:colcon.colcon_core.shell:Creating environment hook '/home/ros/rosspaces/newboarding/Software-Team-Entrance-Task/ros_ws/install/interfaces/share/interfaces/hook/ld_library_path_lib.sh'
[4.856s] Level 1:colcon.colcon_core.environment:checking '/home/ros/rosspaces/newboarding/Software-Team-Entrance-Task/ros_ws/install/interfaces/bin'
[4.856s] Level 1:colcon.colcon_core.environment:checking '/home/ros/rosspaces/newboarding/Software-Team-Entrance-Task/ros_ws/install/interfaces/lib/pkgconfig/interfaces.pc'
[4.856s] Level 1:colcon.colcon_core.environment:checking '/home/ros/rosspaces/newboarding/Software-Team-Entrance-Task/ros_ws/install/interfaces/lib/python3.10/site-packages'
[4.857s] Level 1:colcon.colcon_core.environment:checking '/home/ros/rosspaces/newboarding/Software-Team-Entrance-Task/ros_ws/install/interfaces/bin'
[4.858s] INFO:colcon.colcon_core.shell:Creating package script '/home/ros/rosspaces/newboarding/Software-Team-Entrance-Task/ros_ws/install/interfaces/share/interfaces/package.ps1'
[4.858s] INFO:colcon.colcon_core.shell:Creating package descriptor '/home/ros/rosspaces/newboarding/Software-Team-Entrance-Task/ros_ws/install/interfaces/share/interfaces/package.dsv'
[4.859s] INFO:colcon.colcon_core.shell:Creating package script '/home/ros/rosspaces/newboarding/Software-Team-Entrance-Task/ros_ws/install/interfaces/share/interfaces/package.sh'
[4.860s] INFO:colcon.colcon_core.shell:Creating package script '/home/ros/rosspaces/newboarding/Software-Team-Entrance-Task/ros_ws/install/interfaces/share/interfaces/package.bash'
[4.861s] INFO:colcon.colcon_core.shell:Creating package script '/home/ros/rosspaces/newboarding/Software-Team-Entrance-Task/ros_ws/install/interfaces/share/interfaces/package.zsh'
[4.861s] Level 1:colcon.colcon_core.environment:create_file_with_runtime_dependencies(/home/ros/rosspaces/newboarding/Software-Team-Entrance-Task/ros_ws/install/interfaces/share/colcon-core/packages/interfaces)
[4.862s] INFO:colcon.colcon_ros.task.ament_python.build:Building ROS package in '/home/ros/rosspaces/newboarding/Software-Team-Entrance-Task/ros_ws/src/Navigation/gps_distance' with build type 'ament_python'
[4.863s] Level 1:colcon.colcon_core.shell:create_environment_hook('gps_distance', 'ament_prefix_path')
[4.864s] INFO:colcon.colcon_core.shell:Creating environment hook '/home/ros/rosspaces/newboarding/Software-Team-Entrance-Task/ros_ws/install/gps_distance/share/gps_distance/hook/ament_prefix_path.ps1'
[4.878s] INFO:colcon.colcon_core.shell:Creating environment descriptor '/home/ros/rosspaces/newboarding/Software-Team-Entrance-Task/ros_ws/install/gps_distance/share/gps_distance/hook/ament_prefix_path.dsv'
[4.881s] INFO:colcon.colcon_core.shell:Creating environment hook '/home/ros/rosspaces/newboarding/Software-Team-Entrance-Task/ros_ws/install/gps_distance/share/gps_distance/hook/ament_prefix_path.sh'
[4.896s] INFO:colcon.colcon_core.shell:Skip shell extension 'powershell' for command environment: Not usable outside of PowerShell
[4.901s] DEBUG:colcon.colcon_core.shell:Skip shell extension 'dsv' for command environment
[4.908s] INFO:colcon.colcon_ros.task.ament_python.build:Building ROS package in '/home/ros/rosspaces/newboarding/Software-Team-Entrance-Task/ros_ws/src/testing/test_gps' with build type 'ament_python'
[4.908s] Level 1:colcon.colcon_core.shell:create_environment_hook('test_gps', 'ament_prefix_path')
[4.909s] INFO:colcon.colcon_core.shell:Creating environment hook '/home/ros/rosspaces/newboarding/Software-Team-Entrance-Task/ros_ws/install/test_gps/share/test_gps/hook/ament_prefix_path.ps1'
[4.912s] INFO:colcon.colcon_core.shell:Creating environment descriptor '/home/ros/rosspaces/newboarding/Software-Team-Entrance-Task/ros_ws/install/test_gps/share/test_gps/hook/ament_prefix_path.dsv'
[4.912s] INFO:colcon.colcon_core.shell:Creating environment hook '/home/ros/rosspaces/newboarding/Software-Team-Entrance-Task/ros_ws/install/test_gps/share/test_gps/hook/ament_prefix_path.sh'
[4.915s] INFO:colcon.colcon_core.shell:Skip shell extension 'powershell' for command environment: Not usable outside of PowerShell
[4.915s] DEBUG:colcon.colcon_core.shell:Skip shell extension 'dsv' for command environment
[5.170s] INFO:colcon.colcon_core.task.python.build:Building Python package in '/home/ros/rosspaces/newboarding/Software-Team-Entrance-Task/ros_ws/src/Navigation/gps_distance'
[5.172s] INFO:colcon.colcon_core.shell:Skip shell extension 'powershell' for command environment: Not usable outside of PowerShell
[5.172s] DEBUG:colcon.colcon_core.shell:Skip shell extension 'dsv' for command environment
[5.526s] INFO:colcon.colcon_core.task.python.build:Building Python package in '/home/ros/rosspaces/newboarding/Software-Team-Entrance-Task/ros_ws/src/testing/test_gps'
[5.527s] INFO:colcon.colcon_core.shell:Skip shell extension 'powershell' for command environment: Not usable outside of PowerShell
[5.527s] DEBUG:colcon.colcon_core.shell:Skip shell extension 'dsv' for command environment
[5.865s] DEBUG:colcon.colcon_core.event_handler.log_command:Invoking command in '/home/ros/rosspaces/newboarding/Software-Team-Entrance-Task/ros_ws/src/Navigation/gps_distance': CMAKE_PREFIX_PATH=/home/ros/rosspaces/newboarding/Software-Team-Entrance-Task/ros_ws/install/interfaces:/home/ros/rosspaces/newboarding/Software-Team-Entrance-Task/ros_ws/install/launch_test:/home/ros/rosspaces/newboarding/Software-Team-Entrance-Task/ros_ws/install/launch_nav PYTHONPATH=/home/ros/rosspaces/newboarding/Software-Team-Entrance-Task/ros_ws/build/gps_distance/prefix_override:/home/ros/rosspaces/newboarding/Software-Team-Entrance-Task/ros_ws/install/gps_distance/lib/python3.10/site-packages:${PYTHONPATH} /usr/bin/python3 setup.py egg_info --egg-base ../../../build/gps_distance build --build-base /home/ros/rosspaces/newboarding/Software-Team-Entrance-Task/ros_ws/build/gps_distance/build install --record /home/ros/rosspaces/newboarding/Software-Team-Entrance-Task/ros_ws/build/gps_distance/install.log --single-version-externally-managed
[5.926s] DEBUG:colcon.colcon_core.event_handler.log_command:Invoking command in '/home/ros/rosspaces/newboarding/Software-Team-Entrance-Task/ros_ws/src/testing/test_gps': CMAKE_PREFIX_PATH=/home/ros/rosspaces/newboarding/Software-Team-Entrance-Task/ros_ws/install/interfaces:/home/ros/rosspaces/newboarding/Software-Team-Entrance-Task/ros_ws/install/launch_test:/home/ros/rosspaces/newboarding/Software-Team-Entrance-Task/ros_ws/install/launch_nav PYTHONPATH=/home/ros/rosspaces/newboarding/Software-Team-Entrance-Task/ros_ws/build/test_gps/prefix_override:/home/ros/rosspaces/newboarding/Software-Team-Entrance-Task/ros_ws/install/test_gps/lib/python3.10/site-packages:${PYTHONPATH} /usr/bin/python3 setup.py egg_info --egg-base ../../../build/test_gps build --build-base /home/ros/rosspaces/newboarding/Software-Team-Entrance-Task/ros_ws/build/test_gps/build install --record /home/ros/rosspaces/newboarding/Software-Team-Entrance-Task/ros_ws/build/test_gps/install.log --single-version-externally-managed
[6.268s] Level 1:colcon.colcon_core.environment:checking '/home/ros/rosspaces/newboarding/Software-Team-Entrance-Task/ros_ws/install/gps_distance' for CMake module files
[6.270s] DEBUG:colcon.colcon_core.event_handler.log_command:Invoked command in '/home/ros/rosspaces/newboarding/Software-Team-Entrance-Task/ros_ws/src/Navigation/gps_distance' returned '0': CMAKE_PREFIX_PATH=/home/ros/rosspaces/newboarding/Software-Team-Entrance-Task/ros_ws/install/interfaces:/home/ros/rosspaces/newboarding/Software-Team-Entrance-Task/ros_ws/install/launch_test:/home/ros/rosspaces/newboarding/Software-Team-Entrance-Task/ros_ws/install/launch_nav PYTHONPATH=/home/ros/rosspaces/newboarding/Software-Team-Entrance-Task/ros_ws/build/gps_distance/prefix_override:/home/ros/rosspaces/newboarding/Software-Team-Entrance-Task/ros_ws/install/gps_distance/lib/python3.10/site-packages:${PYTHONPATH} /usr/bin/python3 setup.py egg_info --egg-base ../../../build/gps_distance build --build-base /home/ros/rosspaces/newboarding/Software-Team-Entrance-Task/ros_ws/build/gps_distance/build install --record /home/ros/rosspaces/newboarding/Software-Team-Entrance-Task/ros_ws/build/gps_distance/install.log --single-version-externally-managed
[6.270s] Level 1:colcon.colcon_core.environment:checking '/home/ros/rosspaces/newboarding/Software-Team-Entrance-Task/ros_ws/install/gps_distance' for CMake config files
[6.272s] Level 1:colcon.colcon_core.environment:checking '/home/ros/rosspaces/newboarding/Software-Team-Entrance-Task/ros_ws/install/gps_distance/lib'
[6.272s] Level 1:colcon.colcon_core.environment:checking '/home/ros/rosspaces/newboarding/Software-Team-Entrance-Task/ros_ws/install/gps_distance/bin'
[6.272s] Level 1:colcon.colcon_core.environment:checking '/home/ros/rosspaces/newboarding/Software-Team-Entrance-Task/ros_ws/install/gps_distance/lib/pkgconfig/gps_distance.pc'
[6.273s] Level 1:colcon.colcon_core.environment:checking '/home/ros/rosspaces/newboarding/Software-Team-Entrance-Task/ros_ws/install/gps_distance/lib/python3.10/site-packages'
[6.273s] Level 1:colcon.colcon_core.shell:create_environment_hook('gps_distance', 'pythonpath')
[6.274s] INFO:colcon.colcon_core.shell:Creating environment hook '/home/ros/rosspaces/newboarding/Software-Team-Entrance-Task/ros_ws/install/gps_distance/share/gps_distance/hook/pythonpath.ps1'
[6.275s] INFO:colcon.colcon_core.shell:Creating environment descriptor '/home/ros/rosspaces/newboarding/Software-Team-Entrance-Task/ros_ws/install/gps_distance/share/gps_distance/hook/pythonpath.dsv'
[6.275s] INFO:colcon.colcon_core.shell:Creating environment hook '/home/ros/rosspaces/newboarding/Software-Team-Entrance-Task/ros_ws/install/gps_distance/share/gps_distance/hook/pythonpath.sh'
[6.276s] Level 1:colcon.colcon_core.environment:checking '/home/ros/rosspaces/newboarding/Software-Team-Entrance-Task/ros_ws/install/gps_distance/bin'
[6.276s] Level 1:colcon.colcon_core.environment:create_environment_scripts_only(gps_distance)
[6.277s] INFO:colcon.colcon_core.shell:Creating package script '/home/ros/rosspaces/newboarding/Software-Team-Entrance-Task/ros_ws/install/gps_distance/share/gps_distance/package.ps1'
[6.278s] INFO:colcon.colcon_core.shell:Creating package descriptor '/home/ros/rosspaces/newboarding/Software-Team-Entrance-Task/ros_ws/install/gps_distance/share/gps_distance/package.dsv'
[6.279s] INFO:colcon.colcon_core.shell:Creating package script '/home/ros/rosspaces/newboarding/Software-Team-Entrance-Task/ros_ws/install/gps_distance/share/gps_distance/package.sh'
[6.280s] INFO:colcon.colcon_core.shell:Creating package script '/home/ros/rosspaces/newboarding/Software-Team-Entrance-Task/ros_ws/install/gps_distance/share/gps_distance/package.bash'
[6.281s] INFO:colcon.colcon_core.shell:Creating package script '/home/ros/rosspaces/newboarding/Software-Team-Entrance-Task/ros_ws/install/gps_distance/share/gps_distance/package.zsh'
[6.282s] Level 1:colcon.colcon_core.environment:create_file_with_runtime_dependencies(/home/ros/rosspaces/newboarding/Software-Team-Entrance-Task/ros_ws/install/gps_distance/share/colcon-core/packages/gps_distance)
[6.282s] INFO:colcon.colcon_ros.task.ament_cmake.build:Building ROS package in '/home/ros/rosspaces/newboarding/Software-Team-Entrance-Task/ros_ws/src/Navigation/launch_nav' with build type 'ament_cmake'
[6.283s] INFO:colcon.colcon_cmake.task.cmake.build:Building CMake package in '/home/ros/rosspaces/newboarding/Software-Team-Entrance-Task/ros_ws/src/Navigation/launch_nav'
[6.284s] INFO:colcon.colcon_core.shell:Skip shell extension 'powershell' for command environment: Not usable outside of PowerShell
[6.284s] DEBUG:colcon.colcon_core.shell:Skip shell extension 'dsv' for command environment
[6.301s] Level 1:colcon.colcon_core.environment:checking '/home/ros/rosspaces/newboarding/Software-Team-Entrance-Task/ros_ws/install/test_gps' for CMake module files
[6.303s] Level 1:colcon.colcon_core.environment:checking '/home/ros/rosspaces/newboarding/Software-Team-Entrance-Task/ros_ws/install/test_gps' for CMake config files
[6.304s] DEBUG:colcon.colcon_core.event_handler.log_command:Invoked command in '/home/ros/rosspaces/newboarding/Software-Team-Entrance-Task/ros_ws/src/testing/test_gps' returned '0': CMAKE_PREFIX_PATH=/home/ros/rosspaces/newboarding/Software-Team-Entrance-Task/ros_ws/install/interfaces:/home/ros/rosspaces/newboarding/Software-Team-Entrance-Task/ros_ws/install/launch_test:/home/ros/rosspaces/newboarding/Software-Team-Entrance-Task/ros_ws/install/launch_nav PYTHONPATH=/home/ros/rosspaces/newboarding/Software-Team-Entrance-Task/ros_ws/build/test_gps/prefix_override:/home/ros/rosspaces/newboarding/Software-Team-Entrance-Task/ros_ws/install/test_gps/lib/python3.10/site-packages:${PYTHONPATH} /usr/bin/python3 setup.py egg_info --egg-base ../../../build/test_gps build --build-base /home/ros/rosspaces/newboarding/Software-Team-Entrance-Task/ros_ws/build/test_gps/build install --record /home/ros/rosspaces/newboarding/Software-Team-Entrance-Task/ros_ws/build/test_gps/install.log --single-version-externally-managed
[6.308s] Level 1:colcon.colcon_core.environment:checking '/home/ros/rosspaces/newboarding/Software-Team-Entrance-Task/ros_ws/install/test_gps/lib'
[6.308s] Level 1:colcon.colcon_core.environment:checking '/home/ros/rosspaces/newboarding/Software-Team-Entrance-Task/ros_ws/install/test_gps/bin'
[6.308s] Level 1:colcon.colcon_core.environment:checking '/home/ros/rosspaces/newboarding/Software-Team-Entrance-Task/ros_ws/install/test_gps/lib/pkgconfig/test_gps.pc'
[6.308s] Level 1:colcon.colcon_core.environment:checking '/home/ros/rosspaces/newboarding/Software-Team-Entrance-Task/ros_ws/install/test_gps/lib/python3.10/site-packages'
[6.308s] Level 1:colcon.colcon_core.shell:create_environment_hook('test_gps', 'pythonpath')
[6.309s] INFO:colcon.colcon_core.shell:Creating environment hook '/home/ros/rosspaces/newboarding/Software-Team-Entrance-Task/ros_ws/install/test_gps/share/test_gps/hook/pythonpath.ps1'
[6.310s] INFO:colcon.colcon_core.shell:Creating environment descriptor '/home/ros/rosspaces/newboarding/Software-Team-Entrance-Task/ros_ws/install/test_gps/share/test_gps/hook/pythonpath.dsv'
[6.311s] INFO:colcon.colcon_core.shell:Creating environment hook '/home/ros/rosspaces/newboarding/Software-Team-Entrance-Task/ros_ws/install/test_gps/share/test_gps/hook/pythonpath.sh'
[6.312s] Level 1:colcon.colcon_core.environment:checking '/home/ros/rosspaces/newboarding/Software-Team-Entrance-Task/ros_ws/install/test_gps/bin'
[6.312s] Level 1:colcon.colcon_core.environment:create_environment_scripts_only(test_gps)
[6.314s] INFO:colcon.colcon_core.shell:Creating package script '/home/ros/rosspaces/newboarding/Software-Team-Entrance-Task/ros_ws/install/test_gps/share/test_gps/package.ps1'
[6.315s] INFO:colcon.colcon_core.shell:Creating package descriptor '/home/ros/rosspaces/newboarding/Software-Team-Entrance-Task/ros_ws/install/test_gps/share/test_gps/package.dsv'
[6.318s] INFO:colcon.colcon_core.shell:Creating package script '/home/ros/rosspaces/newboarding/Software-Team-Entrance-Task/ros_ws/install/test_gps/share/test_gps/package.sh'
[6.323s] INFO:colcon.colcon_core.shell:Creating package script '/home/ros/rosspaces/newboarding/Software-Team-Entrance-Task/ros_ws/install/test_gps/share/test_gps/package.bash'
[6.333s] INFO:colcon.colcon_core.shell:Creating package script '/home/ros/rosspaces/newboarding/Software-Team-Entrance-Task/ros_ws/install/test_gps/share/test_gps/package.zsh'
[6.334s] Level 1:colcon.colcon_core.environment:create_file_with_runtime_dependencies(/home/ros/rosspaces/newboarding/Software-Team-Entrance-Task/ros_ws/install/test_gps/share/colcon-core/packages/test_gps)
[6.344s] INFO:colcon.colcon_ros.task.ament_cmake.build:Building ROS package in '/home/ros/rosspaces/newboarding/Software-Team-Entrance-Task/ros_ws/src/testing/launch_test' with build type 'ament_cmake'
[6.345s] INFO:colcon.colcon_cmake.task.cmake.build:Building CMake package in '/home/ros/rosspaces/newboarding/Software-Team-Entrance-Task/ros_ws/src/testing/launch_test'
[6.348s] INFO:colcon.colcon_core.shell:Skip shell extension 'powershell' for command environment: Not usable outside of PowerShell
[6.348s] DEBUG:colcon.colcon_core.shell:Skip shell extension 'dsv' for command environment
[6.359s] DEBUG:colcon.colcon_core.event_handler.log_command:Invoking command in '/home/ros/rosspaces/newboarding/Software-Team-Entrance-Task/ros_ws/build/launch_nav': AMENT_PREFIX_PATH=/home/ros/rosspaces/newboarding/Software-Team-Entrance-Task/ros_ws/install/gps_distance:/home/ros/rosspaces/newboarding/Software-Team-Entrance-Task/ros_ws/install/launch_test:/home/ros/rosspaces/newboarding/Software-Team-Entrance-Task/ros_ws/install/test_gps:/home/ros/rosspaces/newboarding/Software-Team-Entrance-Task/ros_ws/install/launch_nav:/home/ros/rosspaces/newboarding/Software-Team-Entrance-Task/ros_ws/install/interfaces:/opt/ros/humble CMAKE_PREFIX_PATH=/home/ros/rosspaces/newboarding/Software-Team-Entrance-Task/ros_ws/install/interfaces:/home/ros/rosspaces/newboarding/Software-Team-Entrance-Task/ros_ws/install/launch_test:/home/ros/rosspaces/newboarding/Software-Team-Entrance-Task/ros_ws/install/launch_nav:/home/ros/rosspaces/newboarding/Software-Team-Entrance-Task/ros_ws/install/test_gps:/home/ros/rosspaces/newboarding/Software-Team-Entrance-Task/ros_ws/install/gps_distance:/opt/ros/humble PYTHONPATH=/home/ros/rosspaces/newboarding/Software-Team-Entrance-Task/ros_ws/install/gps_distance/lib/python3.10/site-packages:/home/ros/rosspaces/newboarding/Software-Team-Entrance-Task/ros_ws/install/test_gps/lib/python3.10/site-packages:/home/ros/rosspaces/newboarding/Software-Team-Entrance-Task/ros_ws/install/interfaces/local/lib/python3.10/dist-packages:/opt/ros/humble/lib/python3.10/site-packages:/opt/ros/humble/local/lib/python3.10/dist-packages /usr/bin/cmake --build /home/ros/rosspaces/newboarding/Software-Team-Entrance-Task/ros_ws/build/launch_nav -- -j4 -l4
[6.386s] DEBUG:colcon.colcon_core.event_handler.log_command:Invoking command in '/home/ros/rosspaces/newboarding/Software-Team-Entrance-Task/ros_ws/build/launch_test': AMENT_PREFIX_PATH=/home/ros/rosspaces/newboarding/Software-Team-Entrance-Task/ros_ws/install/test_gps:/home/ros/rosspaces/newboarding/Software-Team-Entrance-Task/ros_ws/install/launch_test:/home/ros/rosspaces/newboarding/Software-Team-Entrance-Task/ros_ws/install/launch_nav:/home/ros/rosspaces/newboarding/Software-Team-Entrance-Task/ros_ws/install/gps_distance:/home/ros/rosspaces/newboarding/Software-Team-Entrance-Task/ros_ws/install/interfaces:/opt/ros/humble CMAKE_PREFIX_PATH=/home/ros/rosspaces/newboarding/Software-Team-Entrance-Task/ros_ws/install/interfaces:/home/ros/rosspaces/newboarding/Software-Team-Entrance-Task/ros_ws/install/launch_test:/home/ros/rosspaces/newboarding/Software-Team-Entrance-Task/ros_ws/install/launch_nav:/home/ros/rosspaces/newboarding/Software-Team-Entrance-Task/ros_ws/install/test_gps:/home/ros/rosspaces/newboarding/Software-Team-Entrance-Task/ros_ws/install/gps_distance:/opt/ros/humble /usr/bin/cmake --build /home/ros/rosspaces/newboarding/Software-Team-Entrance-Task/ros_ws/build/launch_test -- -j4 -l4
[6.483s] DEBUG:colcon.colcon_core.event_handler.log_command:Invoked command in '/home/ros/rosspaces/newboarding/Software-Team-Entrance-Task/ros_ws/build/launch_nav' returned '0': AMENT_PREFIX_PATH=/home/ros/rosspaces/newboarding/Software-Team-Entrance-Task/ros_ws/install/gps_distance:/home/ros/rosspaces/newboarding/Software-Team-Entrance-Task/ros_ws/install/launch_test:/home/ros/rosspaces/newboarding/Software-Team-Entrance-Task/ros_ws/install/test_gps:/home/ros/rosspaces/newboarding/Software-Team-Entrance-Task/ros_ws/install/launch_nav:/home/ros/rosspaces/newboarding/Software-Team-Entrance-Task/ros_ws/install/interfaces:/opt/ros/humble CMAKE_PREFIX_PATH=/home/ros/rosspaces/newboarding/Software-Team-Entrance-Task/ros_ws/install/interfaces:/home/ros/rosspaces/newboarding/Software-Team-Entrance-Task/ros_ws/install/launch_test:/home/ros/rosspaces/newboarding/Software-Team-Entrance-Task/ros_ws/install/launch_nav:/home/ros/rosspaces/newboarding/Software-Team-Entrance-Task/ros_ws/install/test_gps:/home/ros/rosspaces/newboarding/Software-Team-Entrance-Task/ros_ws/install/gps_distance:/opt/ros/humble PYTHONPATH=/home/ros/rosspaces/newboarding/Software-Team-Entrance-Task/ros_ws/install/gps_distance/lib/python3.10/site-packages:/home/ros/rosspaces/newboarding/Software-Team-Entrance-Task/ros_ws/install/test_gps/lib/python3.10/site-packages:/home/ros/rosspaces/newboarding/Software-Team-Entrance-Task/ros_ws/install/interfaces/local/lib/python3.10/dist-packages:/opt/ros/humble/lib/python3.10/site-packages:/opt/ros/humble/local/lib/python3.10/dist-packages /usr/bin/cmake --build /home/ros/rosspaces/newboarding/Software-Team-Entrance-Task/ros_ws/build/launch_nav -- -j4 -l4
[6.503s] DEBUG:colcon.colcon_core.event_handler.log_command:Invoked command in '/home/ros/rosspaces/newboarding/Software-Team-Entrance-Task/ros_ws/build/launch_test' returned '0': AMENT_PREFIX_PATH=/home/ros/rosspaces/newboarding/Software-Team-Entrance-Task/ros_ws/install/test_gps:/home/ros/rosspaces/newboarding/Software-Team-Entrance-Task/ros_ws/install/launch_test:/home/ros/rosspaces/newboarding/Software-Team-Entrance-Task/ros_ws/install/launch_nav:/home/ros/rosspaces/newboarding/Software-Team-Entrance-Task/ros_ws/install/gps_distance:/home/ros/rosspaces/newboarding/Software-Team-Entrance-Task/ros_ws/install/interfaces:/opt/ros/humble CMAKE_PREFIX_PATH=/home/ros/rosspaces/newboarding/Software-Team-Entrance-Task/ros_ws/install/interfaces:/home/ros/rosspaces/newboarding/Software-Team-Entrance-Task/ros_ws/install/launch_test:/home/ros/rosspaces/newboarding/Software-Team-Entrance-Task/ros_ws/install/launch_nav:/home/ros/rosspaces/newboarding/Software-Team-Entrance-Task/ros_ws/install/test_gps:/home/ros/rosspaces/newboarding/Software-Team-Entrance-Task/ros_ws/install/gps_distance:/opt/ros/humble /usr/bin/cmake --build /home/ros/rosspaces/newboarding/Software-Team-Entrance-Task/ros_ws/build/launch_test -- -j4 -l4
[6.567s] DEBUG:colcon.colcon_core.event_handler.log_command:Invoking command in '/home/ros/rosspaces/newboarding/Software-Team-Entrance-Task/ros_ws/build/launch_nav': AMENT_PREFIX_PATH=/home/ros/rosspaces/newboarding/Software-Team-Entrance-Task/ros_ws/install/gps_distance:/home/ros/rosspaces/newboarding/Software-Team-Entrance-Task/ros_ws/install/launch_test:/home/ros/rosspaces/newboarding/Software-Team-Entrance-Task/ros_ws/install/test_gps:/home/ros/rosspaces/newboarding/Software-Team-Entrance-Task/ros_ws/install/launch_nav:/home/ros/rosspaces/newboarding/Software-Team-Entrance-Task/ros_ws/install/interfaces:/opt/ros/humble CMAKE_PREFIX_PATH=/home/ros/rosspaces/newboarding/Software-Team-Entrance-Task/ros_ws/install/interfaces:/home/ros/rosspaces/newboarding/Software-Team-Entrance-Task/ros_ws/install/launch_test:/home/ros/rosspaces/newboarding/Software-Team-Entrance-Task/ros_ws/install/launch_nav:/home/ros/rosspaces/newboarding/Software-Team-Entrance-Task/ros_ws/install/test_gps:/home/ros/rosspaces/newboarding/Software-Team-Entrance-Task/ros_ws/install/gps_distance:/opt/ros/humble PYTHONPATH=/home/ros/rosspaces/newboarding/Software-Team-Entrance-Task/ros_ws/install/gps_distance/lib/python3.10/site-packages:/home/ros/rosspaces/newboarding/Software-Team-Entrance-Task/ros_ws/install/test_gps/lib/python3.10/site-packages:/home/ros/rosspaces/newboarding/Software-Team-Entrance-Task/ros_ws/install/interfaces/local/lib/python3.10/dist-packages:/opt/ros/humble/lib/python3.10/site-packages:/opt/ros/humble/local/lib/python3.10/dist-packages /usr/bin/cmake --install /home/ros/rosspaces/newboarding/Software-Team-Entrance-Task/ros_ws/build/launch_nav
[6.600s] Level 1:colcon.colcon_core.environment:create_environment_scripts_only(launch_nav)
[6.602s] Level 1:colcon.colcon_core.environment:checking '/home/ros/rosspaces/newboarding/Software-Team-Entrance-Task/ros_ws/install/launch_nav' for CMake module files
[6.604s] Level 1:colcon.colcon_core.environment:checking '/home/ros/rosspaces/newboarding/Software-Team-Entrance-Task/ros_ws/install/launch_nav' for CMake config files
[6.608s] DEBUG:colcon.colcon_core.event_handler.log_command:Invoked command in '/home/ros/rosspaces/newboarding/Software-Team-Entrance-Task/ros_ws/build/launch_nav' returned '0': AMENT_PREFIX_PATH=/home/ros/rosspaces/newboarding/Software-Team-Entrance-Task/ros_ws/install/gps_distance:/home/ros/rosspaces/newboarding/Software-Team-Entrance-Task/ros_ws/install/launch_test:/home/ros/rosspaces/newboarding/Software-Team-Entrance-Task/ros_ws/install/test_gps:/home/ros/rosspaces/newboarding/Software-Team-Entrance-Task/ros_ws/install/launch_nav:/home/ros/rosspaces/newboarding/Software-Team-Entrance-Task/ros_ws/install/interfaces:/opt/ros/humble CMAKE_PREFIX_PATH=/home/ros/rosspaces/newboarding/Software-Team-Entrance-Task/ros_ws/install/interfaces:/home/ros/rosspaces/newboarding/Software-Team-Entrance-Task/ros_ws/install/launch_test:/home/ros/rosspaces/newboarding/Software-Team-Entrance-Task/ros_ws/install/launch_nav:/home/ros/rosspaces/newboarding/Software-Team-Entrance-Task/ros_ws/install/test_gps:/home/ros/rosspaces/newboarding/Software-Team-Entrance-Task/ros_ws/install/gps_distance:/opt/ros/humble PYTHONPATH=/home/ros/rosspaces/newboarding/Software-Team-Entrance-Task/ros_ws/install/gps_distance/lib/python3.10/site-packages:/home/ros/rosspaces/newboarding/Software-Team-Entrance-Task/ros_ws/install/test_gps/lib/python3.10/site-packages:/home/ros/rosspaces/newboarding/Software-Team-Entrance-Task/ros_ws/install/interfaces/local/lib/python3.10/dist-packages:/opt/ros/humble/lib/python3.10/site-packages:/opt/ros/humble/local/lib/python3.10/dist-packages /usr/bin/cmake --install /home/ros/rosspaces/newboarding/Software-Team-Entrance-Task/ros_ws/build/launch_nav
[6.608s] Level 1:colcon.colcon_core.shell:create_environment_hook('launch_nav', 'cmake_prefix_path')
[6.609s] INFO:colcon.colcon_core.shell:Creating environment hook '/home/ros/rosspaces/newboarding/Software-Team-Entrance-Task/ros_ws/install/launch_nav/share/launch_nav/hook/cmake_prefix_path.ps1'
[6.610s] INFO:colcon.colcon_core.shell:Creating environment descriptor '/home/ros/rosspaces/newboarding/Software-Team-Entrance-Task/ros_ws/install/launch_nav/share/launch_nav/hook/cmake_prefix_path.dsv'
[6.610s] INFO:colcon.colcon_core.shell:Creating environment hook '/home/ros/rosspaces/newboarding/Software-Team-Entrance-Task/ros_ws/install/launch_nav/share/launch_nav/hook/cmake_prefix_path.sh'
[6.611s] Level 1:colcon.colcon_core.environment:checking '/home/ros/rosspaces/newboarding/Software-Team-Entrance-Task/ros_ws/install/launch_nav/bin'
[6.611s] Level 1:colcon.colcon_core.environment:checking '/home/ros/rosspaces/newboarding/Software-Team-Entrance-Task/ros_ws/install/launch_nav/lib/pkgconfig/launch_nav.pc'
[6.611s] Level 1:colcon.colcon_core.environment:checking '/home/ros/rosspaces/newboarding/Software-Team-Entrance-Task/ros_ws/install/launch_nav/lib/python3.10/site-packages'
[6.611s] Level 1:colcon.colcon_core.environment:checking '/home/ros/rosspaces/newboarding/Software-Team-Entrance-Task/ros_ws/install/launch_nav/bin'
[6.613s] INFO:colcon.colcon_core.shell:Creating package script '/home/ros/rosspaces/newboarding/Software-Team-Entrance-Task/ros_ws/install/launch_nav/share/launch_nav/package.ps1'
[6.613s] INFO:colcon.colcon_core.shell:Creating package descriptor '/home/ros/rosspaces/newboarding/Software-Team-Entrance-Task/ros_ws/install/launch_nav/share/launch_nav/package.dsv'
[6.614s] INFO:colcon.colcon_core.shell:Creating package script '/home/ros/rosspaces/newboarding/Software-Team-Entrance-Task/ros_ws/install/launch_nav/share/launch_nav/package.sh'
[6.615s] INFO:colcon.colcon_core.shell:Creating package script '/home/ros/rosspaces/newboarding/Software-Team-Entrance-Task/ros_ws/install/launch_nav/share/launch_nav/package.bash'
[6.616s] INFO:colcon.colcon_core.shell:Creating package script '/home/ros/rosspaces/newboarding/Software-Team-Entrance-Task/ros_ws/install/launch_nav/share/launch_nav/package.zsh'
[6.616s] Level 1:colcon.colcon_core.environment:create_file_with_runtime_dependencies(/home/ros/rosspaces/newboarding/Software-Team-Entrance-Task/ros_ws/install/launch_nav/share/colcon-core/packages/launch_nav)
[6.621s] DEBUG:colcon.colcon_core.event_handler.log_command:Invoking command in '/home/ros/rosspaces/newboarding/Software-Team-Entrance-Task/ros_ws/build/launch_test': AMENT_PREFIX_PATH=/home/ros/rosspaces/newboarding/Software-Team-Entrance-Task/ros_ws/install/test_gps:/home/ros/rosspaces/newboarding/Software-Team-Entrance-Task/ros_ws/install/launch_test:/home/ros/rosspaces/newboarding/Software-Team-Entrance-Task/ros_ws/install/launch_nav:/home/ros/rosspaces/newboarding/Software-Team-Entrance-Task/ros_ws/install/gps_distance:/home/ros/rosspaces/newboarding/Software-Team-Entrance-Task/ros_ws/install/interfaces:/opt/ros/humble CMAKE_PREFIX_PATH=/home/ros/rosspaces/newboarding/Software-Team-Entrance-Task/ros_ws/install/interfaces:/home/ros/rosspaces/newboarding/Software-Team-Entrance-Task/ros_ws/install/launch_test:/home/ros/rosspaces/newboarding/Software-Team-Entrance-Task/ros_ws/install/launch_nav:/home/ros/rosspaces/newboarding/Software-Team-Entrance-Task/ros_ws/install/test_gps:/home/ros/rosspaces/newboarding/Software-Team-Entrance-Task/ros_ws/install/gps_distance:/opt/ros/humble /usr/bin/cmake --install /home/ros/rosspaces/newboarding/Software-Team-Entrance-Task/ros_ws/build/launch_test
[6.676s] Level 1:colcon.colcon_core.environment:create_environment_scripts_only(launch_test)
[6.678s] Level 1:colcon.colcon_core.environment:checking '/home/ros/rosspaces/newboarding/Software-Team-Entrance-Task/ros_ws/install/launch_test' for CMake module files
[6.678s] Level 1:colcon.colcon_core.environment:checking '/home/ros/rosspaces/newboarding/Software-Team-Entrance-Task/ros_ws/install/launch_test' for CMake config files
[6.679s] DEBUG:colcon.colcon_core.event_handler.log_command:Invoked command in '/home/ros/rosspaces/newboarding/Software-Team-Entrance-Task/ros_ws/build/launch_test' returned '0': AMENT_PREFIX_PATH=/home/ros/rosspaces/newboarding/Software-Team-Entrance-Task/ros_ws/install/test_gps:/home/ros/rosspaces/newboarding/Software-Team-Entrance-Task/ros_ws/install/launch_test:/home/ros/rosspaces/newboarding/Software-Team-Entrance-Task/ros_ws/install/launch_nav:/home/ros/rosspaces/newboarding/Software-Team-Entrance-Task/ros_ws/install/gps_distance:/home/ros/rosspaces/newboarding/Software-Team-Entrance-Task/ros_ws/install/interfaces:/opt/ros/humble CMAKE_PREFIX_PATH=/home/ros/rosspaces/newboarding/Software-Team-Entrance-Task/ros_ws/install/interfaces:/home/ros/rosspaces/newboarding/Software-Team-Entrance-Task/ros_ws/install/launch_test:/home/ros/rosspaces/newboarding/Software-Team-Entrance-Task/ros_ws/install/launch_nav:/home/ros/rosspaces/newboarding/Software-Team-Entrance-Task/ros_ws/install/test_gps:/home/ros/rosspaces/newboarding/Software-Team-Entrance-Task/ros_ws/install/gps_distance:/opt/ros/humble /usr/bin/cmake --install /home/ros/rosspaces/newboarding/Software-Team-Entrance-Task/ros_ws/build/launch_test
[6.680s] Level 1:colcon.colcon_core.shell:create_environment_hook('launch_test', 'cmake_prefix_path')
[6.681s] INFO:colcon.colcon_core.shell:Creating environment hook '/home/ros/rosspaces/newboarding/Software-Team-Entrance-Task/ros_ws/install/launch_test/share/launch_test/hook/cmake_prefix_path.ps1'
[6.682s] INFO:colcon.colcon_core.shell:Creating environment descriptor '/home/ros/rosspaces/newboarding/Software-Team-Entrance-Task/ros_ws/install/launch_test/share/launch_test/hook/cmake_prefix_path.dsv'
[6.682s] INFO:colcon.colcon_core.shell:Creating environment hook '/home/ros/rosspaces/newboarding/Software-Team-Entrance-Task/ros_ws/install/launch_test/share/launch_test/hook/cmake_prefix_path.sh'
[6.689s] Level 1:colcon.colcon_core.environment:checking '/home/ros/rosspaces/newboarding/Software-Team-Entrance-Task/ros_ws/install/launch_test/bin'
[6.691s] Level 1:colcon.colcon_core.environment:checking '/home/ros/rosspaces/newboarding/Software-Team-Entrance-Task/ros_ws/install/launch_test/lib/pkgconfig/launch_test.pc'
[6.691s] Level 1:colcon.colcon_core.environment:checking '/home/ros/rosspaces/newboarding/Software-Team-Entrance-Task/ros_ws/install/launch_test/lib/python3.10/site-packages'
[6.692s] Level 1:colcon.colcon_core.environment:checking '/home/ros/rosspaces/newboarding/Software-Team-Entrance-Task/ros_ws/install/launch_test/bin'
[6.693s] INFO:colcon.colcon_core.shell:Creating package script '/home/ros/rosspaces/newboarding/Software-Team-Entrance-Task/ros_ws/install/launch_test/share/launch_test/package.ps1'
[6.694s] INFO:colcon.colcon_core.shell:Creating package descriptor '/home/ros/rosspaces/newboarding/Software-Team-Entrance-Task/ros_ws/install/launch_test/share/launch_test/package.dsv'
[6.696s] INFO:colcon.colcon_core.shell:Creating package script '/home/ros/rosspaces/newboarding/Software-Team-Entrance-Task/ros_ws/install/launch_test/share/launch_test/package.sh'
[6.697s] INFO:colcon.colcon_core.shell:Creating package script '/home/ros/rosspaces/newboarding/Software-Team-Entrance-Task/ros_ws/install/launch_test/share/launch_test/package.bash'
[6.698s] INFO:colcon.colcon_core.shell:Creating package script '/home/ros/rosspaces/newboarding/Software-Team-Entrance-Task/ros_ws/install/launch_test/share/launch_test/package.zsh'
[6.698s] Level 1:colcon.colcon_core.environment:create_file_with_runtime_dependencies(/home/ros/rosspaces/newboarding/Software-Team-Entrance-Task/ros_ws/install/launch_test/share/colcon-core/packages/launch_test)
[6.715s] Level 1:colcon.colcon_core.environment:create_environment_scripts_only(launch_nav)
[6.717s] Level 1:colcon.colcon_core.environment:checking '/home/ros/rosspaces/newboarding/Software-Team-Entrance-Task/ros_ws/install/launch_nav' for CMake module files
[6.718s] Level 1:colcon.colcon_core.environment:checking '/home/ros/rosspaces/newboarding/Software-Team-Entrance-Task/ros_ws/install/launch_nav' for CMake config files
[6.719s] Level 1:colcon.colcon_core.shell:create_environment_hook('launch_nav', 'cmake_prefix_path')
[6.721s] INFO:colcon.colcon_core.shell:Creating environment hook '/home/ros/rosspaces/newboarding/Software-Team-Entrance-Task/ros_ws/install/launch_nav/share/launch_nav/hook/cmake_prefix_path.ps1'
[6.721s] INFO:colcon.colcon_core.shell:Creating environment descriptor '/home/ros/rosspaces/newboarding/Software-Team-Entrance-Task/ros_ws/install/launch_nav/share/launch_nav/hook/cmake_prefix_path.dsv'
[6.722s] INFO:colcon.colcon_core.shell:Creating environment hook '/home/ros/rosspaces/newboarding/Software-Team-Entrance-Task/ros_ws/install/launch_nav/share/launch_nav/hook/cmake_prefix_path.sh'
[6.723s] Level 1:colcon.colcon_core.environment:checking '/home/ros/rosspaces/newboarding/Software-Team-Entrance-Task/ros_ws/install/launch_nav/bin'
[6.723s] Level 1:colcon.colcon_core.environment:checking '/home/ros/rosspaces/newboarding/Software-Team-Entrance-Task/ros_ws/install/launch_nav/lib/pkgconfig/launch_nav.pc'
[6.723s] Level 1:colcon.colcon_core.environment:checking '/home/ros/rosspaces/newboarding/Software-Team-Entrance-Task/ros_ws/install/launch_nav/lib/python3.10/site-packages'
[6.723s] Level 1:colcon.colcon_core.environment:checking '/home/ros/rosspaces/newboarding/Software-Team-Entrance-Task/ros_ws/install/launch_nav/bin'
[6.724s] INFO:colcon.colcon_core.shell:Creating package script '/home/ros/rosspaces/newboarding/Software-Team-Entrance-Task/ros_ws/install/launch_nav/share/launch_nav/package.ps1'
[6.725s] INFO:colcon.colcon_core.shell:Creating package descriptor '/home/ros/rosspaces/newboarding/Software-Team-Entrance-Task/ros_ws/install/launch_nav/share/launch_nav/package.dsv'
[6.726s] INFO:colcon.colcon_core.shell:Creating package script '/home/ros/rosspaces/newboarding/Software-Team-Entrance-Task/ros_ws/install/launch_nav/share/launch_nav/package.sh'
[6.727s] INFO:colcon.colcon_core.shell:Creating package script '/home/ros/rosspaces/newboarding/Software-Team-Entrance-Task/ros_ws/install/launch_nav/share/launch_nav/package.bash'
[6.727s] INFO:colcon.colcon_core.shell:Creating package script '/home/ros/rosspaces/newboarding/Software-Team-Entrance-Task/ros_ws/install/launch_nav/share/launch_nav/package.zsh'
[6.733s] Level 1:colcon.colcon_core.environment:create_file_with_runtime_dependencies(/home/ros/rosspaces/newboarding/Software-Team-Entrance-Task/ros_ws/install/launch_nav/share/colcon-core/packages/launch_nav)
[6.788s] Level 1:colcon.colcon_core.environment:create_environment_scripts_only(launch_test)
[6.791s] Level 1:colcon.colcon_core.environment:checking '/home/ros/rosspaces/newboarding/Software-Team-Entrance-Task/ros_ws/install/launch_test' for CMake module files
[6.798s] Level 1:colcon.colcon_core.environment:checking '/home/ros/rosspaces/newboarding/Software-Team-Entrance-Task/ros_ws/install/launch_test' for CMake config files
[6.798s] Level 1:colcon.colcon_core.shell:create_environment_hook('launch_test', 'cmake_prefix_path')
[6.801s] INFO:colcon.colcon_core.shell:Creating environment hook '/home/ros/rosspaces/newboarding/Software-Team-Entrance-Task/ros_ws/install/launch_test/share/launch_test/hook/cmake_prefix_path.ps1'
[6.802s] INFO:colcon.colcon_core.shell:Creating environment descriptor '/home/ros/rosspaces/newboarding/Software-Team-Entrance-Task/ros_ws/install/launch_test/share/launch_test/hook/cmake_prefix_path.dsv'
[6.805s] INFO:colcon.colcon_core.shell:Creating environment hook '/home/ros/rosspaces/newboarding/Software-Team-Entrance-Task/ros_ws/install/launch_test/share/launch_test/hook/cmake_prefix_path.sh'
[6.815s] Level 1:colcon.colcon_core.environment:checking '/home/ros/rosspaces/newboarding/Software-Team-Entrance-Task/ros_ws/install/launch_test/bin'
[6.815s] Level 1:colcon.colcon_core.environment:checking '/home/ros/rosspaces/newboarding/Software-Team-Entrance-Task/ros_ws/install/launch_test/lib/pkgconfig/launch_test.pc'
[6.815s] Level 1:colcon.colcon_core.environment:checking '/home/ros/rosspaces/newboarding/Software-Team-Entrance-Task/ros_ws/install/launch_test/lib/python3.10/site-packages'
[6.815s] Level 1:colcon.colcon_core.environment:checking '/home/ros/rosspaces/newboarding/Software-Team-Entrance-Task/ros_ws/install/launch_test/bin'
[6.820s] INFO:colcon.colcon_core.shell:Creating package script '/home/ros/rosspaces/newboarding/Software-Team-Entrance-Task/ros_ws/install/launch_test/share/launch_test/package.ps1'
[6.822s] INFO:colcon.colcon_core.shell:Creating package descriptor '/home/ros/rosspaces/newboarding/Software-Team-Entrance-Task/ros_ws/install/launch_test/share/launch_test/package.dsv'
[6.828s] INFO:colcon.colcon_core.shell:Creating package script '/home/ros/rosspaces/newboarding/Software-Team-Entrance-Task/ros_ws/install/launch_test/share/launch_test/package.sh'
[6.829s] INFO:colcon.colcon_core.shell:Creating package script '/home/ros/rosspaces/newboarding/Software-Team-Entrance-Task/ros_ws/install/launch_test/share/launch_test/package.bash'
[6.830s] INFO:colcon.colcon_core.shell:Creating package script '/home/ros/rosspaces/newboarding/Software-Team-Entrance-Task/ros_ws/install/launch_test/share/launch_test/package.zsh'
[6.838s] Level 1:colcon.colcon_core.environment:create_file_with_runtime_dependencies(/home/ros/rosspaces/newboarding/Software-Team-Entrance-Task/ros_ws/install/launch_test/share/colcon-core/packages/launch_test)
[6.846s] DEBUG:colcon.colcon_parallel_executor.executor.parallel:closing loop
[6.865s] DEBUG:colcon.colcon_parallel_executor.executor.parallel:loop closed
[6.865s] DEBUG:colcon.colcon_parallel_executor.executor.parallel:run_until_complete finished with '0'
[6.866s] DEBUG:colcon.colcon_core.event_reactor:joining thread
[6.872s] INFO:colcon.colcon_core.plugin_system:Skipping extension 'colcon_notification.desktop_notification.terminal_notifier': Not used on non-Darwin systems
[6.872s] INFO:colcon.colcon_core.plugin_system:Skipping extension 'colcon_notification.desktop_notification.win32': Not used on non-Windows systems
[6.872s] INFO:colcon.colcon_notification.desktop_notification:Sending desktop notification using 'notify2'
[6.920s] DEBUG:colcon.colcon_core.event_reactor:joined thread
[6.922s] INFO:colcon.colcon_core.shell:Creating prefix script '/home/ros/rosspaces/newboarding/Software-Team-Entrance-Task/ros_ws/install/local_setup.ps1'
[6.923s] INFO:colcon.colcon_core.shell:Creating prefix util module '/home/ros/rosspaces/newboarding/Software-Team-Entrance-Task/ros_ws/install/_local_setup_util_ps1.py'
[6.925s] INFO:colcon.colcon_core.shell:Creating prefix chain script '/home/ros/rosspaces/newboarding/Software-Team-Entrance-Task/ros_ws/install/setup.ps1'
[6.927s] INFO:colcon.colcon_core.shell:Creating prefix script '/home/ros/rosspaces/newboarding/Software-Team-Entrance-Task/ros_ws/install/local_setup.sh'
[6.928s] INFO:colcon.colcon_core.shell:Creating prefix util module '/home/ros/rosspaces/newboarding/Software-Team-Entrance-Task/ros_ws/install/_local_setup_util_sh.py'
[6.929s] INFO:colcon.colcon_core.shell:Creating prefix chain script '/home/ros/rosspaces/newboarding/Software-Team-Entrance-Task/ros_ws/install/setup.sh'
[6.930s] INFO:colcon.colcon_core.shell:Creating prefix script '/home/ros/rosspaces/newboarding/Software-Team-Entrance-Task/ros_ws/install/local_setup.bash'
[6.931s] INFO:colcon.colcon_core.shell:Creating prefix chain script '/home/ros/rosspaces/newboarding/Software-Team-Entrance-Task/ros_ws/install/setup.bash'
[6.933s] INFO:colcon.colcon_core.shell:Creating prefix script '/home/ros/rosspaces/newboarding/Software-Team-Entrance-Task/ros_ws/install/local_setup.zsh'
[6.935s] INFO:colcon.colcon_core.shell:Creating prefix chain script '/home/ros/rosspaces/newboarding/Software-Team-Entrance-Task/ros_ws/install/setup.zsh'
