[0.024s] Invoking command in '/home/ros/rosspaces/newboarding/Software-Team-Entrance-Task/ros_ws/build/interfaces': CMAKE_PREFIX_PATH=${CMAKE_PREFIX_PATH}:/home/ros/rosspaces/newboarding/Software-Team-Entrance-Task/ros_ws/install/test_gps:/home/ros/rosspaces/newboarding/Software-Team-Entrance-Task/ros_ws/install/gps_distance:/opt/ros/humble /usr/bin/cmake --build /home/ros/rosspaces/newboarding/Software-Team-Entrance-Task/ros_ws/build/interfaces -- -j4 -l4
[0.066s] -- Found ament_cmake: 1.3.5 (/opt/ros/humble/share/ament_cmake/cmake)
[0.213s] -- Found rosidl_default_generators: 1.2.0 (/opt/ros/humble/share/rosidl_default_generators/cmake)
[0.215s] -- Using all available rosidl_typesupport_c: rosidl_typesupport_fastrtps_c;rosidl_typesupport_introspection_c
[0.218s] -- Found rosidl_adapter: 3.1.5 (/opt/ros/humble/share/rosidl_adapter/cmake)
[0.244s] -- Using all available rosidl_typesupport_cpp: rosidl_typesupport_fastrtps_cpp;rosidl_typesupport_introspection_cpp
[0.535s] -- Found ament_cmake_ros: 0.10.0 (/opt/ros/humble/share/ament_cmake_ros/cmake)
[0.821s] -- Using all available rosidl_typesupport_c: rosidl_typesupport_fastrtps_c;rosidl_typesupport_introspection_c
[1.100s] -- Using all available rosidl_typesupport_cpp: rosidl_typesupport_fastrtps_cpp;rosidl_typesupport_introspection_cpp
[1.120s] -- Found python_cmake_module: 0.10.0 (/opt/ros/humble/share/python_cmake_module/cmake)
[1.140s] -- Using PYTHON_EXECUTABLE: /usr/bin/python3
[1.141s] -- Using PYTHON_INCLUDE_DIRS: /usr/include/python3.10
[1.141s] -- Using PYTHON_LIBRARIES: /usr/lib/x86_64-linux-gnu/libpython3.10.so
[1.193s] -- Configuring done
[1.254s] -- Generating done
[1.286s] -- Build files have been written to: /home/ros/rosspaces/newboarding/Software-Team-Entrance-Task/ros_ws/build/interfaces
[1.332s] [  3%] [34m[1mGenerating C code for ROS interfaces[0m
[1.347s] [  6%] [34m[1mGenerating C++ code for ROS interfaces[0m
[1.374s] [  6%] Built target ament_cmake_python_copy_interfaces
[1.633s] [  6%] Built target interfaces__cpp
[1.674s] [35m[1mConsolidate compiler generated dependencies of target interfaces__rosidl_generator_c[0m
[1.674s] [  9%] [34m[1mGenerating C++ type support dispatch for ROS interfaces[0m
[1.680s] running egg_info
[1.680s] writing interfaces.egg-info/PKG-INFO
[1.681s] writing dependency_links to interfaces.egg-info/dependency_links.txt
[1.682s] writing top-level names to interfaces.egg-info/top_level.txt
[1.685s] reading manifest file 'interfaces.egg-info/SOURCES.txt'
[1.695s] writing manifest file 'interfaces.egg-info/SOURCES.txt'
[1.697s] [ 12%] [34m[1mGenerating C++ type support for eProsima Fast-RTPS[0m
[1.716s] [ 16%] [32mBuilding C object CMakeFiles/interfaces__rosidl_generator_c.dir/rosidl_generator_c/interfaces/msg/detail/completed__functions.c.o[0m
[1.745s] [ 16%] Built target ament_cmake_python_build_interfaces_egg
[1.762s] [ 19%] [34m[1mGenerating C++ introspection for ROS interfaces[0m
[1.796s] [ 22%] [32m[1mLinking C shared library libinterfaces__rosidl_generator_c.so[0m
[1.871s] [ 22%] Built target interfaces__rosidl_generator_c
[1.887s] [ 25%] [34m[1mGenerating C type support for eProsima Fast-RTPS[0m
[1.924s] [35m[1mConsolidate compiler generated dependencies of target interfaces__rosidl_typesupport_cpp[0m
[1.943s] [35m[1mConsolidate compiler generated dependencies of target interfaces__rosidl_typesupport_fastrtps_cpp[0m
[1.955s] [ 29%] [32mBuilding CXX object CMakeFiles/interfaces__rosidl_typesupport_cpp.dir/rosidl_typesupport_cpp/interfaces/msg/completed__type_support.cpp.o[0m
[1.969s] [ 32%] [32mBuilding CXX object CMakeFiles/interfaces__rosidl_typesupport_fastrtps_cpp.dir/rosidl_typesupport_fastrtps_cpp/interfaces/msg/detail/dds_fastrtps/completed__type_support.cpp.o[0m
[2.062s] [35m[1mConsolidate compiler generated dependencies of target interfaces__rosidl_typesupport_introspection_cpp[0m
[2.091s] [ 35%] [32mBuilding CXX object CMakeFiles/interfaces__rosidl_typesupport_introspection_cpp.dir/rosidl_typesupport_introspection_cpp/interfaces/msg/detail/completed__type_support.cpp.o[0m
[2.149s] [35m[1mConsolidate compiler generated dependencies of target interfaces__rosidl_typesupport_fastrtps_c[0m
[2.215s] [ 38%] [32mBuilding CXX object CMakeFiles/interfaces__rosidl_typesupport_fastrtps_c.dir/rosidl_typesupport_fastrtps_c/interfaces/msg/detail/completed__type_support_c.cpp.o[0m
[2.223s] [ 41%] [32m[1mLinking CXX shared library libinterfaces__rosidl_typesupport_cpp.so[0m
[2.397s] [ 45%] [32m[1mLinking CXX shared library libinterfaces__rosidl_typesupport_fastrtps_cpp.so[0m
[2.444s] [ 45%] Built target interfaces__rosidl_typesupport_cpp
[2.484s] [ 48%] [34m[1mGenerating C introspection for ROS interfaces[0m
[2.533s] [ 51%] [32m[1mLinking CXX shared library libinterfaces__rosidl_typesupport_introspection_cpp.so[0m
[2.573s] [ 51%] Built target interfaces__rosidl_typesupport_fastrtps_cpp
[2.579s] [ 54%] [32m[1mLinking CXX shared library libinterfaces__rosidl_typesupport_fastrtps_c.so[0m
[2.587s] [ 58%] [34m[1mGenerating C type support dispatch for ROS interfaces[0m
[2.656s] [ 58%] Built target interfaces__rosidl_typesupport_introspection_cpp
[2.668s] [ 58%] Built target interfaces__rosidl_typesupport_fastrtps_c
[2.768s] [35m[1mConsolidate compiler generated dependencies of target interfaces__rosidl_typesupport_introspection_c[0m
[2.785s] [ 61%] [32mBuilding C object CMakeFiles/interfaces__rosidl_typesupport_introspection_c.dir/rosidl_typesupport_introspection_c/interfaces/msg/detail/completed__type_support.c.o[0m
[2.819s] [35m[1mConsolidate compiler generated dependencies of target interfaces__rosidl_typesupport_c[0m
[2.852s] [ 64%] [32m[1mLinking C shared library libinterfaces__rosidl_typesupport_introspection_c.so[0m
[2.862s] [ 67%] [32mBuilding CXX object CMakeFiles/interfaces__rosidl_typesupport_c.dir/rosidl_typesupport_c/interfaces/msg/completed__type_support.cpp.o[0m
[2.893s] [ 67%] Built target interfaces__rosidl_typesupport_introspection_c
[2.898s] [ 70%] [32m[1mLinking CXX shared library libinterfaces__rosidl_typesupport_c.so[0m
[2.959s] [ 70%] Built target interfaces__rosidl_typesupport_c
[2.989s] [ 70%] Built target interfaces
[3.035s] [ 74%] [34m[1mGenerating Python code for ROS interfaces[0m
[3.349s] [ 74%] Built target interfaces__py
[3.375s] [35m[1mConsolidate compiler generated dependencies of target interfaces__rosidl_generator_py[0m
[3.395s] [ 77%] [32mBuilding C object CMakeFiles/interfaces__rosidl_generator_py.dir/rosidl_generator_py/interfaces/msg/_completed_s.c.o[0m
[3.498s] [ 80%] [32m[1mLinking C shared library rosidl_generator_py/interfaces/libinterfaces__rosidl_generator_py.so[0m
[3.571s] [ 80%] Built target interfaces__rosidl_generator_py
[3.588s] [35m[1mConsolidate compiler generated dependencies of target interfaces__rosidl_typesupport_fastrtps_c__pyext[0m
[3.588s] [35m[1mConsolidate compiler generated dependencies of target interfaces__rosidl_typesupport_c__pyext[0m
[3.588s] [35m[1mConsolidate compiler generated dependencies of target interfaces__rosidl_typesupport_introspection_c__pyext[0m
[3.607s] [ 83%] [32mBuilding C object CMakeFiles/interfaces__rosidl_typesupport_fastrtps_c__pyext.dir/rosidl_generator_py/interfaces/_interfaces_s.ep.rosidl_typesupport_fastrtps_c.c.o[0m
[3.610s] [ 87%] [32mBuilding C object CMakeFiles/interfaces__rosidl_typesupport_introspection_c__pyext.dir/rosidl_generator_py/interfaces/_interfaces_s.ep.rosidl_typesupport_introspection_c.c.o[0m
[3.619s] [ 90%] [32mBuilding C object CMakeFiles/interfaces__rosidl_typesupport_c__pyext.dir/rosidl_generator_py/interfaces/_interfaces_s.ep.rosidl_typesupport_c.c.o[0m
[3.722s] [ 93%] [32m[1mLinking C shared library rosidl_generator_py/interfaces/interfaces_s__rosidl_typesupport_introspection_c.cpython-310-x86_64-linux-gnu.so[0m
[3.741s] [ 96%] [32m[1mLinking C shared library rosidl_generator_py/interfaces/interfaces_s__rosidl_typesupport_fastrtps_c.cpython-310-x86_64-linux-gnu.so[0m
[3.756s] [100%] [32m[1mLinking C shared library rosidl_generator_py/interfaces/interfaces_s__rosidl_typesupport_c.cpython-310-x86_64-linux-gnu.so[0m
[3.778s] [100%] Built target interfaces__rosidl_typesupport_introspection_c__pyext
[3.795s] [100%] Built target interfaces__rosidl_typesupport_fastrtps_c__pyext
[3.803s] [100%] Built target interfaces__rosidl_typesupport_c__pyext
[3.822s] Invoked command in '/home/ros/rosspaces/newboarding/Software-Team-Entrance-Task/ros_ws/build/interfaces' returned '0': CMAKE_PREFIX_PATH=${CMAKE_PREFIX_PATH}:/home/ros/rosspaces/newboarding/Software-Team-Entrance-Task/ros_ws/install/test_gps:/home/ros/rosspaces/newboarding/Software-Team-Entrance-Task/ros_ws/install/gps_distance:/opt/ros/humble /usr/bin/cmake --build /home/ros/rosspaces/newboarding/Software-Team-Entrance-Task/ros_ws/build/interfaces -- -j4 -l4
[4.094s] Invoking command in '/home/ros/rosspaces/newboarding/Software-Team-Entrance-Task/ros_ws/build/interfaces': CMAKE_PREFIX_PATH=${CMAKE_PREFIX_PATH}:/home/ros/rosspaces/newboarding/Software-Team-Entrance-Task/ros_ws/install/test_gps:/home/ros/rosspaces/newboarding/Software-Team-Entrance-Task/ros_ws/install/gps_distance:/opt/ros/humble /usr/bin/cmake --install /home/ros/rosspaces/newboarding/Software-Team-Entrance-Task/ros_ws/build/interfaces
[4.104s] -- Install configuration: ""
[4.104s] -- Up-to-date: /home/ros/rosspaces/newboarding/Software-Team-Entrance-Task/ros_ws/install/interfaces/share/ament_index/resource_index/rosidl_interfaces/interfaces
[4.104s] -- Up-to-date: /home/ros/rosspaces/newboarding/Software-Team-Entrance-Task/ros_ws/install/interfaces/include/interfaces/interfaces
[4.104s] -- Up-to-date: /home/ros/rosspaces/newboarding/Software-Team-Entrance-Task/ros_ws/install/interfaces/include/interfaces/interfaces/msg
[4.107s] -- Installing: /home/ros/rosspaces/newboarding/Software-Team-Entrance-Task/ros_ws/install/interfaces/include/interfaces/interfaces/msg/completed.h
[4.108s] -- Up-to-date: /home/ros/rosspaces/newboarding/Software-Team-Entrance-Task/ros_ws/install/interfaces/include/interfaces/interfaces/msg/rosidl_generator_c__visibility_control.h
[4.108s] -- Up-to-date: /home/ros/rosspaces/newboarding/Software-Team-Entrance-Task/ros_ws/install/interfaces/include/interfaces/interfaces/msg/detail
[4.108s] -- Installing: /home/ros/rosspaces/newboarding/Software-Team-Entrance-Task/ros_ws/install/interfaces/include/interfaces/interfaces/msg/detail/completed__struct.h
[4.108s] -- Installing: /home/ros/rosspaces/newboarding/Software-Team-Entrance-Task/ros_ws/install/interfaces/include/interfaces/interfaces/msg/detail/completed__functions.h
[4.108s] -- Installing: /home/ros/rosspaces/newboarding/Software-Team-Entrance-Task/ros_ws/install/interfaces/include/interfaces/interfaces/msg/detail/completed__functions.c
[4.108s] -- Installing: /home/ros/rosspaces/newboarding/Software-Team-Entrance-Task/ros_ws/install/interfaces/include/interfaces/interfaces/msg/detail/completed__type_support.h
[4.108s] -- Up-to-date: /home/ros/rosspaces/newboarding/Software-Team-Entrance-Task/ros_ws/install/interfaces/share/interfaces/environment/library_path.sh
[4.108s] -- Installing: /home/ros/rosspaces/newboarding/Software-Team-Entrance-Task/ros_ws/install/interfaces/share/interfaces/environment/library_path.dsv
[4.108s] -- Installing: /home/ros/rosspaces/newboarding/Software-Team-Entrance-Task/ros_ws/install/interfaces/lib/libinterfaces__rosidl_generator_c.so
[4.108s] -- Set runtime path of "/home/ros/rosspaces/newboarding/Software-Team-Entrance-Task/ros_ws/install/interfaces/lib/libinterfaces__rosidl_generator_c.so" to ""
[4.109s] -- Up-to-date: /home/ros/rosspaces/newboarding/Software-Team-Entrance-Task/ros_ws/install/interfaces/include/interfaces/interfaces
[4.109s] -- Up-to-date: /home/ros/rosspaces/newboarding/Software-Team-Entrance-Task/ros_ws/install/interfaces/include/interfaces/interfaces/msg
[4.109s] -- Up-to-date: /home/ros/rosspaces/newboarding/Software-Team-Entrance-Task/ros_ws/install/interfaces/include/interfaces/interfaces/msg/detail
[4.109s] -- Installing: /home/ros/rosspaces/newboarding/Software-Team-Entrance-Task/ros_ws/install/interfaces/include/interfaces/interfaces/msg/detail/completed__rosidl_typesupport_fastrtps_c.h
[4.109s] -- Up-to-date: /home/ros/rosspaces/newboarding/Software-Team-Entrance-Task/ros_ws/install/interfaces/include/interfaces/interfaces/msg/rosidl_typesupport_fastrtps_c__visibility_control.h
[4.109s] -- Installing: /home/ros/rosspaces/newboarding/Software-Team-Entrance-Task/ros_ws/install/interfaces/lib/libinterfaces__rosidl_typesupport_fastrtps_c.so
[4.109s] -- Set runtime path of "/home/ros/rosspaces/newboarding/Software-Team-Entrance-Task/ros_ws/install/interfaces/lib/libinterfaces__rosidl_typesupport_fastrtps_c.so" to ""
[4.110s] -- Up-to-date: /home/ros/rosspaces/newboarding/Software-Team-Entrance-Task/ros_ws/install/interfaces/include/interfaces/interfaces
[4.110s] -- Up-to-date: /home/ros/rosspaces/newboarding/Software-Team-Entrance-Task/ros_ws/install/interfaces/include/interfaces/interfaces/msg
[4.110s] -- Up-to-date: /home/ros/rosspaces/newboarding/Software-Team-Entrance-Task/ros_ws/install/interfaces/include/interfaces/interfaces/msg/rosidl_typesupport_introspection_c__visibility_control.h
[4.110s] -- Up-to-date: /home/ros/rosspaces/newboarding/Software-Team-Entrance-Task/ros_ws/install/interfaces/include/interfaces/interfaces/msg/detail
[4.110s] -- Installing: /home/ros/rosspaces/newboarding/Software-Team-Entrance-Task/ros_ws/install/interfaces/include/interfaces/interfaces/msg/detail/completed__type_support.c
[4.110s] -- Installing: /home/ros/rosspaces/newboarding/Software-Team-Entrance-Task/ros_ws/install/interfaces/include/interfaces/interfaces/msg/detail/completed__rosidl_typesupport_introspection_c.h
[4.110s] -- Installing: /home/ros/rosspaces/newboarding/Software-Team-Entrance-Task/ros_ws/install/interfaces/lib/libinterfaces__rosidl_typesupport_introspection_c.so
[4.110s] -- Set runtime path of "/home/ros/rosspaces/newboarding/Software-Team-Entrance-Task/ros_ws/install/interfaces/lib/libinterfaces__rosidl_typesupport_introspection_c.so" to ""
[4.110s] -- Installing: /home/ros/rosspaces/newboarding/Software-Team-Entrance-Task/ros_ws/install/interfaces/lib/libinterfaces__rosidl_typesupport_c.so
[4.110s] -- Set runtime path of "/home/ros/rosspaces/newboarding/Software-Team-Entrance-Task/ros_ws/install/interfaces/lib/libinterfaces__rosidl_typesupport_c.so" to ""
[4.110s] -- Up-to-date: /home/ros/rosspaces/newboarding/Software-Team-Entrance-Task/ros_ws/install/interfaces/include/interfaces/interfaces
[4.110s] -- Up-to-date: /home/ros/rosspaces/newboarding/Software-Team-Entrance-Task/ros_ws/install/interfaces/include/interfaces/interfaces/msg
[4.110s] -- Up-to-date: /home/ros/rosspaces/newboarding/Software-Team-Entrance-Task/ros_ws/install/interfaces/include/interfaces/interfaces/msg/detail
[4.110s] -- Installing: /home/ros/rosspaces/newboarding/Software-Team-Entrance-Task/ros_ws/install/interfaces/include/interfaces/interfaces/msg/detail/completed__struct.hpp
[4.110s] -- Installing: /home/ros/rosspaces/newboarding/Software-Team-Entrance-Task/ros_ws/install/interfaces/include/interfaces/interfaces/msg/detail/completed__builder.hpp
[4.111s] -- Installing: /home/ros/rosspaces/newboarding/Software-Team-Entrance-Task/ros_ws/install/interfaces/include/interfaces/interfaces/msg/detail/completed__traits.hpp
[4.111s] -- Installing: /home/ros/rosspaces/newboarding/Software-Team-Entrance-Task/ros_ws/install/interfaces/include/interfaces/interfaces/msg/completed.hpp
[4.111s] -- Up-to-date: /home/ros/rosspaces/newboarding/Software-Team-Entrance-Task/ros_ws/install/interfaces/include/interfaces/interfaces
[4.111s] -- Up-to-date: /home/ros/rosspaces/newboarding/Software-Team-Entrance-Task/ros_ws/install/interfaces/include/interfaces/interfaces/msg
[4.111s] -- Up-to-date: /home/ros/rosspaces/newboarding/Software-Team-Entrance-Task/ros_ws/install/interfaces/include/interfaces/interfaces/msg/rosidl_typesupport_fastrtps_cpp__visibility_control.h
[4.111s] -- Up-to-date: /home/ros/rosspaces/newboarding/Software-Team-Entrance-Task/ros_ws/install/interfaces/include/interfaces/interfaces/msg/detail
[4.111s] -- Installing: /home/ros/rosspaces/newboarding/Software-Team-Entrance-Task/ros_ws/install/interfaces/include/interfaces/interfaces/msg/detail/completed__rosidl_typesupport_fastrtps_cpp.hpp
[4.111s] -- Up-to-date: /home/ros/rosspaces/newboarding/Software-Team-Entrance-Task/ros_ws/install/interfaces/include/interfaces/interfaces/msg/detail/dds_fastrtps
[4.111s] -- Installing: /home/ros/rosspaces/newboarding/Software-Team-Entrance-Task/ros_ws/install/interfaces/lib/libinterfaces__rosidl_typesupport_fastrtps_cpp.so
[4.111s] -- Set runtime path of "/home/ros/rosspaces/newboarding/Software-Team-Entrance-Task/ros_ws/install/interfaces/lib/libinterfaces__rosidl_typesupport_fastrtps_cpp.so" to ""
[4.111s] -- Up-to-date: /home/ros/rosspaces/newboarding/Software-Team-Entrance-Task/ros_ws/install/interfaces/include/interfaces/interfaces
[4.111s] -- Up-to-date: /home/ros/rosspaces/newboarding/Software-Team-Entrance-Task/ros_ws/install/interfaces/include/interfaces/interfaces/msg
[4.112s] -- Up-to-date: /home/ros/rosspaces/newboarding/Software-Team-Entrance-Task/ros_ws/install/interfaces/include/interfaces/interfaces/msg/detail
[4.112s] -- Installing: /home/ros/rosspaces/newboarding/Software-Team-Entrance-Task/ros_ws/install/interfaces/include/interfaces/interfaces/msg/detail/completed__rosidl_typesupport_introspection_cpp.hpp
[4.112s] -- Installing: /home/ros/rosspaces/newboarding/Software-Team-Entrance-Task/ros_ws/install/interfaces/include/interfaces/interfaces/msg/detail/completed__type_support.cpp
[4.112s] -- Installing: /home/ros/rosspaces/newboarding/Software-Team-Entrance-Task/ros_ws/install/interfaces/lib/libinterfaces__rosidl_typesupport_introspection_cpp.so
[4.112s] -- Set runtime path of "/home/ros/rosspaces/newboarding/Software-Team-Entrance-Task/ros_ws/install/interfaces/lib/libinterfaces__rosidl_typesupport_introspection_cpp.so" to ""
[4.112s] -- Installing: /home/ros/rosspaces/newboarding/Software-Team-Entrance-Task/ros_ws/install/interfaces/lib/libinterfaces__rosidl_typesupport_cpp.so
[4.113s] -- Set runtime path of "/home/ros/rosspaces/newboarding/Software-Team-Entrance-Task/ros_ws/install/interfaces/lib/libinterfaces__rosidl_typesupport_cpp.so" to ""
[4.114s] -- Up-to-date: /home/ros/rosspaces/newboarding/Software-Team-Entrance-Task/ros_ws/install/interfaces/share/interfaces/environment/pythonpath.sh
[4.114s] -- Installing: /home/ros/rosspaces/newboarding/Software-Team-Entrance-Task/ros_ws/install/interfaces/share/interfaces/environment/pythonpath.dsv
[4.114s] -- Up-to-date: /home/ros/rosspaces/newboarding/Software-Team-Entrance-Task/ros_ws/install/interfaces/local/lib/python3.10/dist-packages/interfaces-0.0.0-py3.10.egg-info
[4.114s] -- Installing: /home/ros/rosspaces/newboarding/Software-Team-Entrance-Task/ros_ws/install/interfaces/local/lib/python3.10/dist-packages/interfaces-0.0.0-py3.10.egg-info/dependency_links.txt
[4.114s] -- Installing: /home/ros/rosspaces/newboarding/Software-Team-Entrance-Task/ros_ws/install/interfaces/local/lib/python3.10/dist-packages/interfaces-0.0.0-py3.10.egg-info/top_level.txt
[4.114s] -- Installing: /home/ros/rosspaces/newboarding/Software-Team-Entrance-Task/ros_ws/install/interfaces/local/lib/python3.10/dist-packages/interfaces-0.0.0-py3.10.egg-info/SOURCES.txt
[4.115s] -- Installing: /home/ros/rosspaces/newboarding/Software-Team-Entrance-Task/ros_ws/install/interfaces/local/lib/python3.10/dist-packages/interfaces-0.0.0-py3.10.egg-info/PKG-INFO
[4.115s] -- Up-to-date: /home/ros/rosspaces/newboarding/Software-Team-Entrance-Task/ros_ws/install/interfaces/local/lib/python3.10/dist-packages/interfaces
[4.115s] -- Installing: /home/ros/rosspaces/newboarding/Software-Team-Entrance-Task/ros_ws/install/interfaces/local/lib/python3.10/dist-packages/interfaces/libinterfaces__rosidl_generator_py.so
[4.115s] -- Installing: /home/ros/rosspaces/newboarding/Software-Team-Entrance-Task/ros_ws/install/interfaces/local/lib/python3.10/dist-packages/interfaces/_interfaces_s.ep.rosidl_typesupport_fastrtps_c.c
[4.115s] -- Installing: /home/ros/rosspaces/newboarding/Software-Team-Entrance-Task/ros_ws/install/interfaces/local/lib/python3.10/dist-packages/interfaces/_interfaces_s.ep.rosidl_typesupport_introspection_c.c
[4.115s] -- Installing: /home/ros/rosspaces/newboarding/Software-Team-Entrance-Task/ros_ws/install/interfaces/local/lib/python3.10/dist-packages/interfaces/interfaces_s__rosidl_typesupport_fastrtps_c.cpython-310-x86_64-linux-gnu.so
[4.115s] -- Installing: /home/ros/rosspaces/newboarding/Software-Team-Entrance-Task/ros_ws/install/interfaces/local/lib/python3.10/dist-packages/interfaces/interfaces_s__rosidl_typesupport_introspection_c.cpython-310-x86_64-linux-gnu.so
[4.116s] -- Installing: /home/ros/rosspaces/newboarding/Software-Team-Entrance-Task/ros_ws/install/interfaces/local/lib/python3.10/dist-packages/interfaces/__init__.py
[4.116s] -- Up-to-date: /home/ros/rosspaces/newboarding/Software-Team-Entrance-Task/ros_ws/install/interfaces/local/lib/python3.10/dist-packages/interfaces/msg
[4.116s] -- Installing: /home/ros/rosspaces/newboarding/Software-Team-Entrance-Task/ros_ws/install/interfaces/local/lib/python3.10/dist-packages/interfaces/msg/_completed.py
[4.116s] -- Installing: /home/ros/rosspaces/newboarding/Software-Team-Entrance-Task/ros_ws/install/interfaces/local/lib/python3.10/dist-packages/interfaces/msg/__init__.py
[4.116s] -- Installing: /home/ros/rosspaces/newboarding/Software-Team-Entrance-Task/ros_ws/install/interfaces/local/lib/python3.10/dist-packages/interfaces/msg/_completed_s.c
[4.116s] -- Installing: /home/ros/rosspaces/newboarding/Software-Team-Entrance-Task/ros_ws/install/interfaces/local/lib/python3.10/dist-packages/interfaces/_interfaces_s.ep.rosidl_typesupport_c.c
[4.116s] -- Installing: /home/ros/rosspaces/newboarding/Software-Team-Entrance-Task/ros_ws/install/interfaces/local/lib/python3.10/dist-packages/interfaces/interfaces_s__rosidl_typesupport_c.cpython-310-x86_64-linux-gnu.so
[4.170s] Listing '/home/ros/rosspaces/newboarding/Software-Team-Entrance-Task/ros_ws/install/interfaces/local/lib/python3.10/dist-packages/interfaces'...
[4.170s] Compiling '/home/ros/rosspaces/newboarding/Software-Team-Entrance-Task/ros_ws/install/interfaces/local/lib/python3.10/dist-packages/interfaces/__init__.py'...
[4.170s] Listing '/home/ros/rosspaces/newboarding/Software-Team-Entrance-Task/ros_ws/install/interfaces/local/lib/python3.10/dist-packages/interfaces/msg'...
[4.170s] Compiling '/home/ros/rosspaces/newboarding/Software-Team-Entrance-Task/ros_ws/install/interfaces/local/lib/python3.10/dist-packages/interfaces/msg/__init__.py'...
[4.170s] Compiling '/home/ros/rosspaces/newboarding/Software-Team-Entrance-Task/ros_ws/install/interfaces/local/lib/python3.10/dist-packages/interfaces/msg/_completed.py'...
[4.174s] -- Installing: /home/ros/rosspaces/newboarding/Software-Team-Entrance-Task/ros_ws/install/interfaces/local/lib/python3.10/dist-packages/interfaces/interfaces_s__rosidl_typesupport_fastrtps_c.cpython-310-x86_64-linux-gnu.so
[4.175s] -- Set runtime path of "/home/ros/rosspaces/newboarding/Software-Team-Entrance-Task/ros_ws/install/interfaces/local/lib/python3.10/dist-packages/interfaces/interfaces_s__rosidl_typesupport_fastrtps_c.cpython-310-x86_64-linux-gnu.so" to ""
[4.175s] -- Installing: /home/ros/rosspaces/newboarding/Software-Team-Entrance-Task/ros_ws/install/interfaces/local/lib/python3.10/dist-packages/interfaces/interfaces_s__rosidl_typesupport_introspection_c.cpython-310-x86_64-linux-gnu.so
[4.175s] -- Set runtime path of "/home/ros/rosspaces/newboarding/Software-Team-Entrance-Task/ros_ws/install/interfaces/local/lib/python3.10/dist-packages/interfaces/interfaces_s__rosidl_typesupport_introspection_c.cpython-310-x86_64-linux-gnu.so" to ""
[4.175s] -- Installing: /home/ros/rosspaces/newboarding/Software-Team-Entrance-Task/ros_ws/install/interfaces/local/lib/python3.10/dist-packages/interfaces/interfaces_s__rosidl_typesupport_c.cpython-310-x86_64-linux-gnu.so
[4.176s] -- Set runtime path of "/home/ros/rosspaces/newboarding/Software-Team-Entrance-Task/ros_ws/install/interfaces/local/lib/python3.10/dist-packages/interfaces/interfaces_s__rosidl_typesupport_c.cpython-310-x86_64-linux-gnu.so" to ""
[4.176s] -- Installing: /home/ros/rosspaces/newboarding/Software-Team-Entrance-Task/ros_ws/install/interfaces/lib/libinterfaces__rosidl_generator_py.so
[4.176s] -- Set runtime path of "/home/ros/rosspaces/newboarding/Software-Team-Entrance-Task/ros_ws/install/interfaces/lib/libinterfaces__rosidl_generator_py.so" to ""
[4.176s] -- Installing: /home/ros/rosspaces/newboarding/Software-Team-Entrance-Task/ros_ws/install/interfaces/share/interfaces/msg/Completed.idl
[4.176s] -- Installing: /home/ros/rosspaces/newboarding/Software-Team-Entrance-Task/ros_ws/install/interfaces/share/interfaces/msg/Completed.msg
[4.177s] -- Up-to-date: /home/ros/rosspaces/newboarding/Software-Team-Entrance-Task/ros_ws/install/interfaces/share/ament_index/resource_index/package_run_dependencies/interfaces
[4.177s] -- Up-to-date: /home/ros/rosspaces/newboarding/Software-Team-Entrance-Task/ros_ws/install/interfaces/share/ament_index/resource_index/parent_prefix_path/interfaces
[4.177s] -- Up-to-date: /home/ros/rosspaces/newboarding/Software-Team-Entrance-Task/ros_ws/install/interfaces/share/interfaces/environment/ament_prefix_path.sh
[4.177s] -- Installing: /home/ros/rosspaces/newboarding/Software-Team-Entrance-Task/ros_ws/install/interfaces/share/interfaces/environment/ament_prefix_path.dsv
[4.177s] -- Up-to-date: /home/ros/rosspaces/newboarding/Software-Team-Entrance-Task/ros_ws/install/interfaces/share/interfaces/environment/path.sh
[4.178s] -- Installing: /home/ros/rosspaces/newboarding/Software-Team-Entrance-Task/ros_ws/install/interfaces/share/interfaces/environment/path.dsv
[4.178s] -- Up-to-date: /home/ros/rosspaces/newboarding/Software-Team-Entrance-Task/ros_ws/install/interfaces/share/interfaces/local_setup.bash
[4.178s] -- Up-to-date: /home/ros/rosspaces/newboarding/Software-Team-Entrance-Task/ros_ws/install/interfaces/share/interfaces/local_setup.sh
[4.178s] -- Up-to-date: /home/ros/rosspaces/newboarding/Software-Team-Entrance-Task/ros_ws/install/interfaces/share/interfaces/local_setup.zsh
[4.178s] -- Installing: /home/ros/rosspaces/newboarding/Software-Team-Entrance-Task/ros_ws/install/interfaces/share/interfaces/local_setup.dsv
[4.178s] -- Installing: /home/ros/rosspaces/newboarding/Software-Team-Entrance-Task/ros_ws/install/interfaces/share/interfaces/package.dsv
[4.178s] -- Up-to-date: /home/ros/rosspaces/newboarding/Software-Team-Entrance-Task/ros_ws/install/interfaces/share/ament_index/resource_index/packages/interfaces
[4.178s] -- Up-to-date: /home/ros/rosspaces/newboarding/Software-Team-Entrance-Task/ros_ws/install/interfaces/share/interfaces/cmake/export_interfaces__rosidl_generator_cExport.cmake
[4.179s] -- Up-to-date: /home/ros/rosspaces/newboarding/Software-Team-Entrance-Task/ros_ws/install/interfaces/share/interfaces/cmake/export_interfaces__rosidl_generator_cExport-noconfig.cmake
[4.179s] -- Up-to-date: /home/ros/rosspaces/newboarding/Software-Team-Entrance-Task/ros_ws/install/interfaces/share/interfaces/cmake/export_interfaces__rosidl_typesupport_fastrtps_cExport.cmake
[4.179s] -- Up-to-date: /home/ros/rosspaces/newboarding/Software-Team-Entrance-Task/ros_ws/install/interfaces/share/interfaces/cmake/export_interfaces__rosidl_typesupport_fastrtps_cExport-noconfig.cmake
[4.179s] -- Up-to-date: /home/ros/rosspaces/newboarding/Software-Team-Entrance-Task/ros_ws/install/interfaces/share/interfaces/cmake/interfaces__rosidl_typesupport_introspection_cExport.cmake
[4.179s] -- Up-to-date: /home/ros/rosspaces/newboarding/Software-Team-Entrance-Task/ros_ws/install/interfaces/share/interfaces/cmake/interfaces__rosidl_typesupport_introspection_cExport-noconfig.cmake
[4.179s] -- Up-to-date: /home/ros/rosspaces/newboarding/Software-Team-Entrance-Task/ros_ws/install/interfaces/share/interfaces/cmake/interfaces__rosidl_typesupport_cExport.cmake
[4.180s] -- Up-to-date: /home/ros/rosspaces/newboarding/Software-Team-Entrance-Task/ros_ws/install/interfaces/share/interfaces/cmake/interfaces__rosidl_typesupport_cExport-noconfig.cmake
[4.180s] -- Up-to-date: /home/ros/rosspaces/newboarding/Software-Team-Entrance-Task/ros_ws/install/interfaces/share/interfaces/cmake/export_interfaces__rosidl_generator_cppExport.cmake
[4.181s] -- Up-to-date: /home/ros/rosspaces/newboarding/Software-Team-Entrance-Task/ros_ws/install/interfaces/share/interfaces/cmake/export_interfaces__rosidl_typesupport_fastrtps_cppExport.cmake
[4.181s] -- Up-to-date: /home/ros/rosspaces/newboarding/Software-Team-Entrance-Task/ros_ws/install/interfaces/share/interfaces/cmake/export_interfaces__rosidl_typesupport_fastrtps_cppExport-noconfig.cmake
[4.181s] -- Up-to-date: /home/ros/rosspaces/newboarding/Software-Team-Entrance-Task/ros_ws/install/interfaces/share/interfaces/cmake/interfaces__rosidl_typesupport_introspection_cppExport.cmake
[4.181s] -- Up-to-date: /home/ros/rosspaces/newboarding/Software-Team-Entrance-Task/ros_ws/install/interfaces/share/interfaces/cmake/interfaces__rosidl_typesupport_introspection_cppExport-noconfig.cmake
[4.181s] -- Up-to-date: /home/ros/rosspaces/newboarding/Software-Team-Entrance-Task/ros_ws/install/interfaces/share/interfaces/cmake/interfaces__rosidl_typesupport_cppExport.cmake
[4.181s] -- Up-to-date: /home/ros/rosspaces/newboarding/Software-Team-Entrance-Task/ros_ws/install/interfaces/share/interfaces/cmake/interfaces__rosidl_typesupport_cppExport-noconfig.cmake
[4.181s] -- Up-to-date: /home/ros/rosspaces/newboarding/Software-Team-Entrance-Task/ros_ws/install/interfaces/share/interfaces/cmake/export_interfaces__rosidl_generator_pyExport.cmake
[4.181s] -- Up-to-date: /home/ros/rosspaces/newboarding/Software-Team-Entrance-Task/ros_ws/install/interfaces/share/interfaces/cmake/export_interfaces__rosidl_generator_pyExport-noconfig.cmake
[4.182s] -- Up-to-date: /home/ros/rosspaces/newboarding/Software-Team-Entrance-Task/ros_ws/install/interfaces/share/interfaces/cmake/rosidl_cmake-extras.cmake
[4.182s] -- Up-to-date: /home/ros/rosspaces/newboarding/Software-Team-Entrance-Task/ros_ws/install/interfaces/share/interfaces/cmake/ament_cmake_export_include_directories-extras.cmake
[4.182s] -- Up-to-date: /home/ros/rosspaces/newboarding/Software-Team-Entrance-Task/ros_ws/install/interfaces/share/interfaces/cmake/ament_cmake_export_libraries-extras.cmake
[4.182s] -- Up-to-date: /home/ros/rosspaces/newboarding/Software-Team-Entrance-Task/ros_ws/install/interfaces/share/interfaces/cmake/ament_cmake_export_targets-extras.cmake
[4.182s] -- Up-to-date: /home/ros/rosspaces/newboarding/Software-Team-Entrance-Task/ros_ws/install/interfaces/share/interfaces/cmake/rosidl_cmake_export_typesupport_targets-extras.cmake
[4.182s] -- Up-to-date: /home/ros/rosspaces/newboarding/Software-Team-Entrance-Task/ros_ws/install/interfaces/share/interfaces/cmake/ament_cmake_export_dependencies-extras.cmake
[4.182s] -- Up-to-date: /home/ros/rosspaces/newboarding/Software-Team-Entrance-Task/ros_ws/install/interfaces/share/interfaces/cmake/rosidl_cmake_export_typesupport_libraries-extras.cmake
[4.182s] -- Up-to-date: /home/ros/rosspaces/newboarding/Software-Team-Entrance-Task/ros_ws/install/interfaces/share/interfaces/cmake/interfacesConfig.cmake
[4.182s] -- Up-to-date: /home/ros/rosspaces/newboarding/Software-Team-Entrance-Task/ros_ws/install/interfaces/share/interfaces/cmake/interfacesConfig-version.cmake
[4.182s] -- Up-to-date: /home/ros/rosspaces/newboarding/Software-Team-Entrance-Task/ros_ws/install/interfaces/share/interfaces/package.xml
[4.184s] Invoked command in '/home/ros/rosspaces/newboarding/Software-Team-Entrance-Task/ros_ws/build/interfaces' returned '0': CMAKE_PREFIX_PATH=${CMAKE_PREFIX_PATH}:/home/ros/rosspaces/newboarding/Software-Team-Entrance-Task/ros_ws/install/test_gps:/home/ros/rosspaces/newboarding/Software-Team-Entrance-Task/ros_ws/install/gps_distance:/opt/ros/humble /usr/bin/cmake --install /home/ros/rosspaces/newboarding/Software-Team-Entrance-Task/ros_ws/build/interfaces
