running egg_info
writing ../../../build/gps_distance/gps_distance.egg-info/PKG-INFO
writing dependency_links to ../../../build/gps_distance/gps_distance.egg-info/dependency_links.txt
writing entry points to ../../../build/gps_distance/gps_distance.egg-info/entry_points.txt
writing requirements to ../../../build/gps_distance/gps_distance.egg-info/requires.txt
writing top-level names to ../../../build/gps_distance/gps_distance.egg-info/top_level.txt
reading manifest file '../../../build/gps_distance/gps_distance.egg-info/SOURCES.txt'
writing manifest file '../../../build/gps_distance/gps_distance.egg-info/SOURCES.txt'
running build
running build_py
running install
/usr/lib/python3/dist-packages/setuptools/command/install.py:34: SetuptoolsDeprecationWarning: setup.py install is deprecated. Use build and pip and other standards-based tools.
  warnings.warn(
running install_lib
running install_data
running install_egg_info
removing '/home/ros/rosspaces/newboarding/Software-Team-Entrance-Task/ros_ws/install/gps_distance/lib/python3.10/site-packages/gps_distance-0.0.0-py3.10.egg-info' (and everything under it)
Copying ../../../build/gps_distance/gps_distance.egg-info to /home/ros/rosspaces/newboarding/Software-Team-Entrance-Task/ros_ws/install/gps_distance/lib/python3.10/site-packages/gps_distance-0.0.0-py3.10.egg-info
running install_scripts
Installing completeSoftwareOnboarding script to /home/ros/rosspaces/newboarding/Software-Team-Entrance-Task/ros_ws/install/gps_distance/lib/gps_distance
writing list of installed files to '/home/ros/rosspaces/newboarding/Software-Team-Entrance-Task/ros_ws/build/gps_distance/install.log'
