[0.278s] DEBUG:colcon:Command line arguments: ['/usr/bin/colcon', 'build']
[0.279s] DEBUG:colcon:Parsed command line arguments: Namespace(log_base=None, log_level=None, verb_name='build', build_base='build', install_base='install', merge_install=False, symlink_install=False, test_result_base=None, continue_on_error=False, executor='parallel', parallel_workers=4, event_handlers=None, ignore_user_meta=False, metas=['./colcon.meta'], base_paths=['.'], packages_ignore=None, packages_ignore_regex=None, paths=None, packages_up_to=None, packages_up_to_regex=None, packages_above=None, packages_above_and_dependencies=None, packages_above_depth=None, packages_select_by_dep=None, packages_skip_by_dep=None, packages_skip_up_to=None, packages_select_build_failed=False, packages_skip_build_finished=False, packages_select_test_failures=False, packages_skip_test_passed=False, packages_select=None, packages_skip=None, packages_select_regex=None, packages_skip_regex=None, packages_start=None, packages_end=None, allow_overriding=[], cmake_args=None, cmake_target=None, cmake_target_skip_unavailable=False, cmake_clean_cache=False, cmake_clean_first=False, cmake_force_configure=False, ament_cmake_args=None, catkin_cmake_args=None, catkin_skip_building_tests=False, verb_parser=<colcon_defaults.argument_parser.defaults.DefaultArgumentsDecorator object at 0x7f272b858bb0>, verb_extension=<colcon_core.verb.build.BuildVerb object at 0x7f272c04a740>, main=<bound method BuildVerb.main of <colcon_core.verb.build.BuildVerb object at 0x7f272c04a740>>)
[0.323s] Level 1:colcon.colcon_core.package_discovery:discover_packages(colcon_meta) check parameters
[0.323s] Level 1:colcon.colcon_core.package_discovery:discover_packages(recursive) check parameters
[0.324s] Level 1:colcon.colcon_core.package_discovery:discover_packages(ignore) check parameters
[0.324s] Level 1:colcon.colcon_core.package_discovery:discover_packages(path) check parameters
[0.324s] Level 1:colcon.colcon_core.package_discovery:discover_packages(colcon_meta) discover
[0.324s] Level 1:colcon.colcon_core.package_discovery:discover_packages(recursive) discover
[0.324s] INFO:colcon.colcon_core.package_discovery:Crawling recursively for packages in '/home/ros/rosspaces/newboarding/Software-Team-Entrance-Task/ros_ws'
[0.324s] Level 1:colcon.colcon_core.package_identification:_identify(.) by extensions ['ignore', 'ignore_ament_install']
[0.324s] Level 1:colcon.colcon_core.package_identification:_identify(.) by extension 'ignore'
[0.324s] Level 1:colcon.colcon_core.package_identification:_identify(.) by extension 'ignore_ament_install'
[0.324s] Level 1:colcon.colcon_core.package_identification:_identify(.) by extensions ['colcon_pkg']
[0.324s] Level 1:colcon.colcon_core.package_identification:_identify(.) by extension 'colcon_pkg'
[0.324s] Level 1:colcon.colcon_core.package_identification:_identify(.) by extensions ['colcon_meta']
[0.324s] Level 1:colcon.colcon_core.package_identification:_identify(.) by extension 'colcon_meta'
[0.324s] Level 1:colcon.colcon_core.package_identification:_identify(.) by extensions ['ros']
[0.325s] Level 1:colcon.colcon_core.package_identification:_identify(.) by extension 'ros'
[0.334s] Level 1:colcon.colcon_core.package_identification:_identify(.) by extensions ['cmake', 'python']
[0.334s] Level 1:colcon.colcon_core.package_identification:_identify(.) by extension 'cmake'
[0.334s] Level 1:colcon.colcon_core.package_identification:_identify(.) by extension 'python'
[0.334s] Level 1:colcon.colcon_core.package_identification:_identify(.) by extensions ['python_setup_py']
[0.334s] Level 1:colcon.colcon_core.package_identification:_identify(.) by extension 'python_setup_py'
[0.334s] Level 1:colcon.colcon_core.package_identification:_identify(build) by extensions ['ignore', 'ignore_ament_install']
[0.334s] Level 1:colcon.colcon_core.package_identification:_identify(build) by extension 'ignore'
[0.335s] Level 1:colcon.colcon_core.package_identification:_identify(build) ignored
[0.335s] Level 1:colcon.colcon_core.package_identification:_identify(install) by extensions ['ignore', 'ignore_ament_install']
[0.335s] Level 1:colcon.colcon_core.package_identification:_identify(install) by extension 'ignore'
[0.335s] Level 1:colcon.colcon_core.package_identification:_identify(install) ignored
[0.336s] Level 1:colcon.colcon_core.package_identification:_identify(log) by extensions ['ignore', 'ignore_ament_install']
[0.336s] Level 1:colcon.colcon_core.package_identification:_identify(log) by extension 'ignore'
[0.336s] Level 1:colcon.colcon_core.package_identification:_identify(log) ignored
[0.336s] Level 1:colcon.colcon_core.package_identification:_identify(src) by extensions ['ignore', 'ignore_ament_install']
[0.336s] Level 1:colcon.colcon_core.package_identification:_identify(src) by extension 'ignore'
[0.336s] Level 1:colcon.colcon_core.package_identification:_identify(src) by extension 'ignore_ament_install'
[0.336s] Level 1:colcon.colcon_core.package_identification:_identify(src) by extensions ['colcon_pkg']
[0.336s] Level 1:colcon.colcon_core.package_identification:_identify(src) by extension 'colcon_pkg'
[0.336s] Level 1:colcon.colcon_core.package_identification:_identify(src) by extensions ['colcon_meta']
[0.336s] Level 1:colcon.colcon_core.package_identification:_identify(src) by extension 'colcon_meta'
[0.336s] Level 1:colcon.colcon_core.package_identification:_identify(src) by extensions ['ros']
[0.336s] Level 1:colcon.colcon_core.package_identification:_identify(src) by extension 'ros'
[0.336s] Level 1:colcon.colcon_core.package_identification:_identify(src) by extensions ['cmake', 'python']
[0.336s] Level 1:colcon.colcon_core.package_identification:_identify(src) by extension 'cmake'
[0.336s] Level 1:colcon.colcon_core.package_identification:_identify(src) by extension 'python'
[0.336s] Level 1:colcon.colcon_core.package_identification:_identify(src) by extensions ['python_setup_py']
[0.336s] Level 1:colcon.colcon_core.package_identification:_identify(src) by extension 'python_setup_py'
[0.336s] Level 1:colcon.colcon_core.package_identification:_identify(src/Navigation) by extensions ['ignore', 'ignore_ament_install']
[0.337s] Level 1:colcon.colcon_core.package_identification:_identify(src/Navigation) by extension 'ignore'
[0.337s] Level 1:colcon.colcon_core.package_identification:_identify(src/Navigation) by extension 'ignore_ament_install'
[0.337s] Level 1:colcon.colcon_core.package_identification:_identify(src/Navigation) by extensions ['colcon_pkg']
[0.337s] Level 1:colcon.colcon_core.package_identification:_identify(src/Navigation) by extension 'colcon_pkg'
[0.337s] Level 1:colcon.colcon_core.package_identification:_identify(src/Navigation) by extensions ['colcon_meta']
[0.337s] Level 1:colcon.colcon_core.package_identification:_identify(src/Navigation) by extension 'colcon_meta'
[0.337s] Level 1:colcon.colcon_core.package_identification:_identify(src/Navigation) by extensions ['ros']
[0.337s] Level 1:colcon.colcon_core.package_identification:_identify(src/Navigation) by extension 'ros'
[0.337s] Level 1:colcon.colcon_core.package_identification:_identify(src/Navigation) by extensions ['cmake', 'python']
[0.337s] Level 1:colcon.colcon_core.package_identification:_identify(src/Navigation) by extension 'cmake'
[0.337s] Level 1:colcon.colcon_core.package_identification:_identify(src/Navigation) by extension 'python'
[0.337s] Level 1:colcon.colcon_core.package_identification:_identify(src/Navigation) by extensions ['python_setup_py']
[0.337s] Level 1:colcon.colcon_core.package_identification:_identify(src/Navigation) by extension 'python_setup_py'
[0.337s] Level 1:colcon.colcon_core.package_identification:_identify(src/Navigation/gps_distance) by extensions ['ignore', 'ignore_ament_install']
[0.337s] Level 1:colcon.colcon_core.package_identification:_identify(src/Navigation/gps_distance) by extension 'ignore'
[0.337s] Level 1:colcon.colcon_core.package_identification:_identify(src/Navigation/gps_distance) by extension 'ignore_ament_install'
[0.337s] Level 1:colcon.colcon_core.package_identification:_identify(src/Navigation/gps_distance) by extensions ['colcon_pkg']
[0.337s] Level 1:colcon.colcon_core.package_identification:_identify(src/Navigation/gps_distance) by extension 'colcon_pkg'
[0.338s] Level 1:colcon.colcon_core.package_identification:_identify(src/Navigation/gps_distance) by extensions ['colcon_meta']
[0.338s] Level 1:colcon.colcon_core.package_identification:_identify(src/Navigation/gps_distance) by extension 'colcon_meta'
[0.338s] Level 1:colcon.colcon_core.package_identification:_identify(src/Navigation/gps_distance) by extensions ['ros']
[0.338s] Level 1:colcon.colcon_core.package_identification:_identify(src/Navigation/gps_distance) by extension 'ros'
[0.340s] DEBUG:colcon.colcon_core.package_identification:Package 'src/Navigation/gps_distance' with type 'ros.ament_python' and name 'gps_distance'
[0.340s] Level 1:colcon.colcon_core.package_identification:_identify(src/Navigation/launch_nav) by extensions ['ignore', 'ignore_ament_install']
[0.340s] Level 1:colcon.colcon_core.package_identification:_identify(src/Navigation/launch_nav) by extension 'ignore'
[0.340s] Level 1:colcon.colcon_core.package_identification:_identify(src/Navigation/launch_nav) by extension 'ignore_ament_install'
[0.340s] Level 1:colcon.colcon_core.package_identification:_identify(src/Navigation/launch_nav) by extensions ['colcon_pkg']
[0.340s] Level 1:colcon.colcon_core.package_identification:_identify(src/Navigation/launch_nav) by extension 'colcon_pkg'
[0.340s] Level 1:colcon.colcon_core.package_identification:_identify(src/Navigation/launch_nav) by extensions ['colcon_meta']
[0.340s] Level 1:colcon.colcon_core.package_identification:_identify(src/Navigation/launch_nav) by extension 'colcon_meta'
[0.340s] Level 1:colcon.colcon_core.package_identification:_identify(src/Navigation/launch_nav) by extensions ['ros']
[0.340s] Level 1:colcon.colcon_core.package_identification:_identify(src/Navigation/launch_nav) by extension 'ros'
[0.341s] DEBUG:colcon.colcon_core.package_identification:Package 'src/Navigation/launch_nav' with type 'ros.ament_cmake' and name 'launch_nav'
[0.341s] Level 1:colcon.colcon_core.package_identification:_identify(src/interfaces) by extensions ['ignore', 'ignore_ament_install']
[0.341s] Level 1:colcon.colcon_core.package_identification:_identify(src/interfaces) by extension 'ignore'
[0.341s] Level 1:colcon.colcon_core.package_identification:_identify(src/interfaces) by extension 'ignore_ament_install'
[0.341s] Level 1:colcon.colcon_core.package_identification:_identify(src/interfaces) by extensions ['colcon_pkg']
[0.341s] Level 1:colcon.colcon_core.package_identification:_identify(src/interfaces) by extension 'colcon_pkg'
[0.341s] Level 1:colcon.colcon_core.package_identification:_identify(src/interfaces) by extensions ['colcon_meta']
[0.341s] Level 1:colcon.colcon_core.package_identification:_identify(src/interfaces) by extension 'colcon_meta'
[0.341s] Level 1:colcon.colcon_core.package_identification:_identify(src/interfaces) by extensions ['ros']
[0.341s] Level 1:colcon.colcon_core.package_identification:_identify(src/interfaces) by extension 'ros'
[0.342s] DEBUG:colcon.colcon_core.package_identification:Package 'src/interfaces' with type 'ros.ament_cmake' and name 'interfaces'
[0.342s] Level 1:colcon.colcon_core.package_identification:_identify(src/testing) by extensions ['ignore', 'ignore_ament_install']
[0.342s] Level 1:colcon.colcon_core.package_identification:_identify(src/testing) by extension 'ignore'
[0.342s] Level 1:colcon.colcon_core.package_identification:_identify(src/testing) by extension 'ignore_ament_install'
[0.342s] Level 1:colcon.colcon_core.package_identification:_identify(src/testing) by extensions ['colcon_pkg']
[0.342s] Level 1:colcon.colcon_core.package_identification:_identify(src/testing) by extension 'colcon_pkg'
[0.342s] Level 1:colcon.colcon_core.package_identification:_identify(src/testing) by extensions ['colcon_meta']
[0.342s] Level 1:colcon.colcon_core.package_identification:_identify(src/testing) by extension 'colcon_meta'
[0.342s] Level 1:colcon.colcon_core.package_identification:_identify(src/testing) by extensions ['ros']
[0.342s] Level 1:colcon.colcon_core.package_identification:_identify(src/testing) by extension 'ros'
[0.342s] Level 1:colcon.colcon_core.package_identification:_identify(src/testing) by extensions ['cmake', 'python']
[0.342s] Level 1:colcon.colcon_core.package_identification:_identify(src/testing) by extension 'cmake'
[0.343s] Level 1:colcon.colcon_core.package_identification:_identify(src/testing) by extension 'python'
[0.343s] Level 1:colcon.colcon_core.package_identification:_identify(src/testing) by extensions ['python_setup_py']
[0.343s] Level 1:colcon.colcon_core.package_identification:_identify(src/testing) by extension 'python_setup_py'
[0.343s] Level 1:colcon.colcon_core.package_identification:_identify(src/testing/launch_test) by extensions ['ignore', 'ignore_ament_install']
[0.343s] Level 1:colcon.colcon_core.package_identification:_identify(src/testing/launch_test) by extension 'ignore'
[0.343s] Level 1:colcon.colcon_core.package_identification:_identify(src/testing/launch_test) by extension 'ignore_ament_install'
[0.343s] Level 1:colcon.colcon_core.package_identification:_identify(src/testing/launch_test) by extensions ['colcon_pkg']
[0.343s] Level 1:colcon.colcon_core.package_identification:_identify(src/testing/launch_test) by extension 'colcon_pkg'
[0.343s] Level 1:colcon.colcon_core.package_identification:_identify(src/testing/launch_test) by extensions ['colcon_meta']
[0.343s] Level 1:colcon.colcon_core.package_identification:_identify(src/testing/launch_test) by extension 'colcon_meta'
[0.343s] Level 1:colcon.colcon_core.package_identification:_identify(src/testing/launch_test) by extensions ['ros']
[0.343s] Level 1:colcon.colcon_core.package_identification:_identify(src/testing/launch_test) by extension 'ros'
[0.344s] DEBUG:colcon.colcon_core.package_identification:Package 'src/testing/launch_test' with type 'ros.ament_cmake' and name 'launch_test'
[0.344s] Level 1:colcon.colcon_core.package_identification:_identify(src/testing/test_gps) by extensions ['ignore', 'ignore_ament_install']
[0.344s] Level 1:colcon.colcon_core.package_identification:_identify(src/testing/test_gps) by extension 'ignore'
[0.344s] Level 1:colcon.colcon_core.package_identification:_identify(src/testing/test_gps) by extension 'ignore_ament_install'
[0.344s] Level 1:colcon.colcon_core.package_identification:_identify(src/testing/test_gps) by extensions ['colcon_pkg']
[0.344s] Level 1:colcon.colcon_core.package_identification:_identify(src/testing/test_gps) by extension 'colcon_pkg'
[0.344s] Level 1:colcon.colcon_core.package_identification:_identify(src/testing/test_gps) by extensions ['colcon_meta']
[0.344s] Level 1:colcon.colcon_core.package_identification:_identify(src/testing/test_gps) by extension 'colcon_meta'
[0.344s] Level 1:colcon.colcon_core.package_identification:_identify(src/testing/test_gps) by extensions ['ros']
[0.344s] Level 1:colcon.colcon_core.package_identification:_identify(src/testing/test_gps) by extension 'ros'
[0.345s] DEBUG:colcon.colcon_core.package_identification:Package 'src/testing/test_gps' with type 'ros.ament_python' and name 'test_gps'
[0.345s] Level 1:colcon.colcon_core.package_discovery:discover_packages(recursive) using defaults
[0.345s] Level 1:colcon.colcon_core.package_discovery:discover_packages(ignore) discover
[0.345s] Level 1:colcon.colcon_core.package_discovery:discover_packages(ignore) using defaults
[0.345s] Level 1:colcon.colcon_core.package_discovery:discover_packages(path) discover
[0.345s] Level 1:colcon.colcon_core.package_discovery:discover_packages(path) using defaults
[0.365s] Level 1:colcon.colcon_core.package_discovery:discover_packages(prefix_path) check parameters
[0.365s] Level 1:colcon.colcon_core.package_discovery:discover_packages(prefix_path) discover
[0.369s] DEBUG:colcon.colcon_installed_package_information.package_discovery:Found 5 installed packages in /home/ros/rosspaces/newboarding/Software-Team-Entrance-Task/ros_ws/install
[0.370s] DEBUG:colcon.colcon_installed_package_information.package_discovery:Found 270 installed packages in /opt/ros/humble
[0.372s] Level 1:colcon.colcon_core.package_discovery:discover_packages(prefix_path) using defaults
[0.420s] Level 5:colcon.colcon_core.verb:set package 'interfaces' build argument 'cmake_args' from command line to 'None'
[0.421s] Level 5:colcon.colcon_core.verb:set package 'interfaces' build argument 'cmake_target' from command line to 'None'
[0.421s] Level 5:colcon.colcon_core.verb:set package 'interfaces' build argument 'cmake_target_skip_unavailable' from command line to 'False'
[0.421s] Level 5:colcon.colcon_core.verb:set package 'interfaces' build argument 'cmake_clean_cache' from command line to 'False'
[0.421s] Level 5:colcon.colcon_core.verb:set package 'interfaces' build argument 'cmake_clean_first' from command line to 'False'
[0.421s] Level 5:colcon.colcon_core.verb:set package 'interfaces' build argument 'cmake_force_configure' from command line to 'False'
[0.421s] Level 5:colcon.colcon_core.verb:set package 'interfaces' build argument 'ament_cmake_args' from command line to 'None'
[0.421s] Level 5:colcon.colcon_core.verb:set package 'interfaces' build argument 'catkin_cmake_args' from command line to 'None'
[0.421s] Level 5:colcon.colcon_core.verb:set package 'interfaces' build argument 'catkin_skip_building_tests' from command line to 'False'
[0.421s] DEBUG:colcon.colcon_core.verb:Building package 'interfaces' with the following arguments: {'ament_cmake_args': None, 'build_base': '/home/ros/rosspaces/newboarding/Software-Team-Entrance-Task/ros_ws/build/interfaces', 'catkin_cmake_args': None, 'catkin_skip_building_tests': False, 'cmake_args': None, 'cmake_clean_cache': False, 'cmake_clean_first': False, 'cmake_force_configure': False, 'cmake_target': None, 'cmake_target_skip_unavailable': False, 'install_base': '/home/ros/rosspaces/newboarding/Software-Team-Entrance-Task/ros_ws/install/interfaces', 'merge_install': False, 'path': '/home/ros/rosspaces/newboarding/Software-Team-Entrance-Task/ros_ws/src/interfaces', 'symlink_install': False, 'test_result_base': None}
[0.422s] Level 5:colcon.colcon_core.verb:set package 'gps_distance' build argument 'cmake_args' from command line to 'None'
[0.422s] Level 5:colcon.colcon_core.verb:set package 'gps_distance' build argument 'cmake_target' from command line to 'None'
[0.422s] Level 5:colcon.colcon_core.verb:set package 'gps_distance' build argument 'cmake_target_skip_unavailable' from command line to 'False'
[0.422s] Level 5:colcon.colcon_core.verb:set package 'gps_distance' build argument 'cmake_clean_cache' from command line to 'False'
[0.422s] Level 5:colcon.colcon_core.verb:set package 'gps_distance' build argument 'cmake_clean_first' from command line to 'False'
[0.422s] Level 5:colcon.colcon_core.verb:set package 'gps_distance' build argument 'cmake_force_configure' from command line to 'False'
[0.422s] Level 5:colcon.colcon_core.verb:set package 'gps_distance' build argument 'ament_cmake_args' from command line to 'None'
[0.422s] Level 5:colcon.colcon_core.verb:set package 'gps_distance' build argument 'catkin_cmake_args' from command line to 'None'
[0.422s] Level 5:colcon.colcon_core.verb:set package 'gps_distance' build argument 'catkin_skip_building_tests' from command line to 'False'
[0.422s] DEBUG:colcon.colcon_core.verb:Building package 'gps_distance' with the following arguments: {'ament_cmake_args': None, 'build_base': '/home/ros/rosspaces/newboarding/Software-Team-Entrance-Task/ros_ws/build/gps_distance', 'catkin_cmake_args': None, 'catkin_skip_building_tests': False, 'cmake_args': None, 'cmake_clean_cache': False, 'cmake_clean_first': False, 'cmake_force_configure': False, 'cmake_target': None, 'cmake_target_skip_unavailable': False, 'install_base': '/home/ros/rosspaces/newboarding/Software-Team-Entrance-Task/ros_ws/install/gps_distance', 'merge_install': False, 'path': '/home/ros/rosspaces/newboarding/Software-Team-Entrance-Task/ros_ws/src/Navigation/gps_distance', 'symlink_install': False, 'test_result_base': None}
[0.423s] Level 5:colcon.colcon_core.verb:set package 'test_gps' build argument 'cmake_args' from command line to 'None'
[0.423s] Level 5:colcon.colcon_core.verb:set package 'test_gps' build argument 'cmake_target' from command line to 'None'
[0.423s] Level 5:colcon.colcon_core.verb:set package 'test_gps' build argument 'cmake_target_skip_unavailable' from command line to 'False'
[0.423s] Level 5:colcon.colcon_core.verb:set package 'test_gps' build argument 'cmake_clean_cache' from command line to 'False'
[0.424s] Level 5:colcon.colcon_core.verb:set package 'test_gps' build argument 'cmake_clean_first' from command line to 'False'
[0.424s] Level 5:colcon.colcon_core.verb:set package 'test_gps' build argument 'cmake_force_configure' from command line to 'False'
[0.424s] Level 5:colcon.colcon_core.verb:set package 'test_gps' build argument 'ament_cmake_args' from command line to 'None'
[0.424s] Level 5:colcon.colcon_core.verb:set package 'test_gps' build argument 'catkin_cmake_args' from command line to 'None'
[0.424s] Level 5:colcon.colcon_core.verb:set package 'test_gps' build argument 'catkin_skip_building_tests' from command line to 'False'
[0.424s] DEBUG:colcon.colcon_core.verb:Building package 'test_gps' with the following arguments: {'ament_cmake_args': None, 'build_base': '/home/ros/rosspaces/newboarding/Software-Team-Entrance-Task/ros_ws/build/test_gps', 'catkin_cmake_args': None, 'catkin_skip_building_tests': False, 'cmake_args': None, 'cmake_clean_cache': False, 'cmake_clean_first': False, 'cmake_force_configure': False, 'cmake_target': None, 'cmake_target_skip_unavailable': False, 'install_base': '/home/ros/rosspaces/newboarding/Software-Team-Entrance-Task/ros_ws/install/test_gps', 'merge_install': False, 'path': '/home/ros/rosspaces/newboarding/Software-Team-Entrance-Task/ros_ws/src/testing/test_gps', 'symlink_install': False, 'test_result_base': None}
[0.424s] Level 5:colcon.colcon_core.verb:set package 'launch_nav' build argument 'cmake_args' from command line to 'None'
[0.425s] Level 5:colcon.colcon_core.verb:set package 'launch_nav' build argument 'cmake_target' from command line to 'None'
[0.425s] Level 5:colcon.colcon_core.verb:set package 'launch_nav' build argument 'cmake_target_skip_unavailable' from command line to 'False'
[0.425s] Level 5:colcon.colcon_core.verb:set package 'launch_nav' build argument 'cmake_clean_cache' from command line to 'False'
[0.427s] Level 5:colcon.colcon_core.verb:set package 'launch_nav' build argument 'cmake_clean_first' from command line to 'False'
[0.427s] Level 5:colcon.colcon_core.verb:set package 'launch_nav' build argument 'cmake_force_configure' from command line to 'False'
[0.427s] Level 5:colcon.colcon_core.verb:set package 'launch_nav' build argument 'ament_cmake_args' from command line to 'None'
[0.427s] Level 5:colcon.colcon_core.verb:set package 'launch_nav' build argument 'catkin_cmake_args' from command line to 'None'
[0.427s] Level 5:colcon.colcon_core.verb:set package 'launch_nav' build argument 'catkin_skip_building_tests' from command line to 'False'
[0.427s] DEBUG:colcon.colcon_core.verb:Building package 'launch_nav' with the following arguments: {'ament_cmake_args': None, 'build_base': '/home/ros/rosspaces/newboarding/Software-Team-Entrance-Task/ros_ws/build/launch_nav', 'catkin_cmake_args': None, 'catkin_skip_building_tests': False, 'cmake_args': None, 'cmake_clean_cache': False, 'cmake_clean_first': False, 'cmake_force_configure': False, 'cmake_target': None, 'cmake_target_skip_unavailable': False, 'install_base': '/home/ros/rosspaces/newboarding/Software-Team-Entrance-Task/ros_ws/install/launch_nav', 'merge_install': False, 'path': '/home/ros/rosspaces/newboarding/Software-Team-Entrance-Task/ros_ws/src/Navigation/launch_nav', 'symlink_install': False, 'test_result_base': None}
[0.428s] Level 5:colcon.colcon_core.verb:set package 'launch_test' build argument 'cmake_args' from command line to 'None'
[0.428s] Level 5:colcon.colcon_core.verb:set package 'launch_test' build argument 'cmake_target' from command line to 'None'
[0.428s] Level 5:colcon.colcon_core.verb:set package 'launch_test' build argument 'cmake_target_skip_unavailable' from command line to 'False'
[0.428s] Level 5:colcon.colcon_core.verb:set package 'launch_test' build argument 'cmake_clean_cache' from command line to 'False'
[0.428s] Level 5:colcon.colcon_core.verb:set package 'launch_test' build argument 'cmake_clean_first' from command line to 'False'
[0.428s] Level 5:colcon.colcon_core.verb:set package 'launch_test' build argument 'cmake_force_configure' from command line to 'False'
[0.428s] Level 5:colcon.colcon_core.verb:set package 'launch_test' build argument 'ament_cmake_args' from command line to 'None'
[0.428s] Level 5:colcon.colcon_core.verb:set package 'launch_test' build argument 'catkin_cmake_args' from command line to 'None'
[0.428s] Level 5:colcon.colcon_core.verb:set package 'launch_test' build argument 'catkin_skip_building_tests' from command line to 'False'
[0.428s] DEBUG:colcon.colcon_core.verb:Building package 'launch_test' with the following arguments: {'ament_cmake_args': None, 'build_base': '/home/ros/rosspaces/newboarding/Software-Team-Entrance-Task/ros_ws/build/launch_test', 'catkin_cmake_args': None, 'catkin_skip_building_tests': False, 'cmake_args': None, 'cmake_clean_cache': False, 'cmake_clean_first': False, 'cmake_force_configure': False, 'cmake_target': None, 'cmake_target_skip_unavailable': False, 'install_base': '/home/ros/rosspaces/newboarding/Software-Team-Entrance-Task/ros_ws/install/launch_test', 'merge_install': False, 'path': '/home/ros/rosspaces/newboarding/Software-Team-Entrance-Task/ros_ws/src/testing/launch_test', 'symlink_install': False, 'test_result_base': None}
[0.429s] INFO:colcon.colcon_core.executor:Executing jobs using 'parallel' executor
[0.432s] DEBUG:colcon.colcon_parallel_executor.executor.parallel:run_until_complete
[0.433s] INFO:colcon.colcon_ros.task.ament_cmake.build:Building ROS package in '/home/ros/rosspaces/newboarding/Software-Team-Entrance-Task/ros_ws/src/interfaces' with build type 'ament_cmake'
[0.433s] INFO:colcon.colcon_cmake.task.cmake.build:Building CMake package in '/home/ros/rosspaces/newboarding/Software-Team-Entrance-Task/ros_ws/src/interfaces'
[0.438s] INFO:colcon.colcon_core.plugin_system:Skipping extension 'colcon_core.shell.bat': Not used on non-Windows systems
[0.438s] INFO:colcon.colcon_core.shell:Skip shell extension 'powershell' for command environment: Not usable outside of PowerShell
[0.438s] DEBUG:colcon.colcon_core.shell:Skip shell extension 'dsv' for command environment
[0.454s] DEBUG:colcon.colcon_core.event_handler.log_command:Invoking command in '/home/ros/rosspaces/newboarding/Software-Team-Entrance-Task/ros_ws/build/interfaces': CMAKE_PREFIX_PATH=${CMAKE_PREFIX_PATH}:/home/ros/rosspaces/newboarding/Software-Team-Entrance-Task/ros_ws/install/test_gps:/home/ros/rosspaces/newboarding/Software-Team-Entrance-Task/ros_ws/install/gps_distance:/opt/ros/humble /usr/bin/cmake --build /home/ros/rosspaces/newboarding/Software-Team-Entrance-Task/ros_ws/build/interfaces -- -j4 -l4
[4.959s] DEBUG:colcon.colcon_core.event_handler.log_command:Invoked command in '/home/ros/rosspaces/newboarding/Software-Team-Entrance-Task/ros_ws/build/interfaces' returned '0': CMAKE_PREFIX_PATH=${CMAKE_PREFIX_PATH}:/home/ros/rosspaces/newboarding/Software-Team-Entrance-Task/ros_ws/install/test_gps:/home/ros/rosspaces/newboarding/Software-Team-Entrance-Task/ros_ws/install/gps_distance:/opt/ros/humble /usr/bin/cmake --build /home/ros/rosspaces/newboarding/Software-Team-Entrance-Task/ros_ws/build/interfaces -- -j4 -l4
[5.193s] DEBUG:colcon.colcon_core.event_handler.log_command:Invoking command in '/home/ros/rosspaces/newboarding/Software-Team-Entrance-Task/ros_ws/build/interfaces': CMAKE_PREFIX_PATH=${CMAKE_PREFIX_PATH}:/home/ros/rosspaces/newboarding/Software-Team-Entrance-Task/ros_ws/install/test_gps:/home/ros/rosspaces/newboarding/Software-Team-Entrance-Task/ros_ws/install/gps_distance:/opt/ros/humble /usr/bin/cmake --install /home/ros/rosspaces/newboarding/Software-Team-Entrance-Task/ros_ws/build/interfaces
[5.296s] Level 1:colcon.colcon_core.environment:create_environment_scripts_only(interfaces)
[5.301s] DEBUG:colcon.colcon_core.event_handler.log_command:Invoked command in '/home/ros/rosspaces/newboarding/Software-Team-Entrance-Task/ros_ws/build/interfaces' returned '0': CMAKE_PREFIX_PATH=${CMAKE_PREFIX_PATH}:/home/ros/rosspaces/newboarding/Software-Team-Entrance-Task/ros_ws/install/test_gps:/home/ros/rosspaces/newboarding/Software-Team-Entrance-Task/ros_ws/install/gps_distance:/opt/ros/humble /usr/bin/cmake --install /home/ros/rosspaces/newboarding/Software-Team-Entrance-Task/ros_ws/build/interfaces
[5.304s] Level 1:colcon.colcon_core.environment:checking '/home/ros/rosspaces/newboarding/Software-Team-Entrance-Task/ros_ws/install/interfaces' for CMake module files
[5.305s] Level 1:colcon.colcon_core.environment:checking '/home/ros/rosspaces/newboarding/Software-Team-Entrance-Task/ros_ws/install/interfaces' for CMake config files
[5.305s] Level 1:colcon.colcon_core.shell:create_environment_hook('interfaces', 'cmake_prefix_path')
[5.307s] INFO:colcon.colcon_core.shell:Creating environment hook '/home/ros/rosspaces/newboarding/Software-Team-Entrance-Task/ros_ws/install/interfaces/share/interfaces/hook/cmake_prefix_path.ps1'
[5.307s] INFO:colcon.colcon_core.shell:Creating environment descriptor '/home/ros/rosspaces/newboarding/Software-Team-Entrance-Task/ros_ws/install/interfaces/share/interfaces/hook/cmake_prefix_path.dsv'
[5.308s] INFO:colcon.colcon_core.shell:Creating environment hook '/home/ros/rosspaces/newboarding/Software-Team-Entrance-Task/ros_ws/install/interfaces/share/interfaces/hook/cmake_prefix_path.sh'
[5.309s] Level 1:colcon.colcon_core.environment:checking '/home/ros/rosspaces/newboarding/Software-Team-Entrance-Task/ros_ws/install/interfaces/lib'
[5.310s] Level 1:colcon.colcon_core.shell:create_environment_hook('interfaces', 'ld_library_path_lib')
[5.313s] INFO:colcon.colcon_core.shell:Creating environment hook '/home/ros/rosspaces/newboarding/Software-Team-Entrance-Task/ros_ws/install/interfaces/share/interfaces/hook/ld_library_path_lib.ps1'
[5.318s] INFO:colcon.colcon_core.shell:Creating environment descriptor '/home/ros/rosspaces/newboarding/Software-Team-Entrance-Task/ros_ws/install/interfaces/share/interfaces/hook/ld_library_path_lib.dsv'
[5.329s] INFO:colcon.colcon_core.shell:Creating environment hook '/home/ros/rosspaces/newboarding/Software-Team-Entrance-Task/ros_ws/install/interfaces/share/interfaces/hook/ld_library_path_lib.sh'
[5.334s] Level 1:colcon.colcon_core.environment:checking '/home/ros/rosspaces/newboarding/Software-Team-Entrance-Task/ros_ws/install/interfaces/bin'
[5.334s] Level 1:colcon.colcon_core.environment:checking '/home/ros/rosspaces/newboarding/Software-Team-Entrance-Task/ros_ws/install/interfaces/lib/pkgconfig/interfaces.pc'
[5.334s] Level 1:colcon.colcon_core.environment:checking '/home/ros/rosspaces/newboarding/Software-Team-Entrance-Task/ros_ws/install/interfaces/lib/python3.10/site-packages'
[5.334s] Level 1:colcon.colcon_core.environment:checking '/home/ros/rosspaces/newboarding/Software-Team-Entrance-Task/ros_ws/install/interfaces/bin'
[5.335s] INFO:colcon.colcon_core.shell:Creating package script '/home/ros/rosspaces/newboarding/Software-Team-Entrance-Task/ros_ws/install/interfaces/share/interfaces/package.ps1'
[5.345s] INFO:colcon.colcon_core.shell:Creating package descriptor '/home/ros/rosspaces/newboarding/Software-Team-Entrance-Task/ros_ws/install/interfaces/share/interfaces/package.dsv'
[5.356s] INFO:colcon.colcon_core.shell:Creating package script '/home/ros/rosspaces/newboarding/Software-Team-Entrance-Task/ros_ws/install/interfaces/share/interfaces/package.sh'
[5.357s] INFO:colcon.colcon_core.shell:Creating package script '/home/ros/rosspaces/newboarding/Software-Team-Entrance-Task/ros_ws/install/interfaces/share/interfaces/package.bash'
[5.358s] INFO:colcon.colcon_core.shell:Creating package script '/home/ros/rosspaces/newboarding/Software-Team-Entrance-Task/ros_ws/install/interfaces/share/interfaces/package.zsh'
[5.359s] Level 1:colcon.colcon_core.environment:create_file_with_runtime_dependencies(/home/ros/rosspaces/newboarding/Software-Team-Entrance-Task/ros_ws/install/interfaces/share/colcon-core/packages/interfaces)
[5.624s] Level 1:colcon.colcon_core.environment:create_environment_scripts_only(interfaces)
[5.626s] Level 1:colcon.colcon_core.environment:checking '/home/ros/rosspaces/newboarding/Software-Team-Entrance-Task/ros_ws/install/interfaces' for CMake module files
[5.627s] Level 1:colcon.colcon_core.environment:checking '/home/ros/rosspaces/newboarding/Software-Team-Entrance-Task/ros_ws/install/interfaces' for CMake config files
[5.627s] Level 1:colcon.colcon_core.shell:create_environment_hook('interfaces', 'cmake_prefix_path')
[5.629s] INFO:colcon.colcon_core.shell:Creating environment hook '/home/ros/rosspaces/newboarding/Software-Team-Entrance-Task/ros_ws/install/interfaces/share/interfaces/hook/cmake_prefix_path.ps1'
[5.629s] INFO:colcon.colcon_core.shell:Creating environment descriptor '/home/ros/rosspaces/newboarding/Software-Team-Entrance-Task/ros_ws/install/interfaces/share/interfaces/hook/cmake_prefix_path.dsv'
[5.631s] INFO:colcon.colcon_core.shell:Creating environment hook '/home/ros/rosspaces/newboarding/Software-Team-Entrance-Task/ros_ws/install/interfaces/share/interfaces/hook/cmake_prefix_path.sh'
[5.632s] Level 1:colcon.colcon_core.environment:checking '/home/ros/rosspaces/newboarding/Software-Team-Entrance-Task/ros_ws/install/interfaces/lib'
[5.640s] Level 1:colcon.colcon_core.shell:create_environment_hook('interfaces', 'ld_library_path_lib')
[5.645s] INFO:colcon.colcon_core.shell:Creating environment hook '/home/ros/rosspaces/newboarding/Software-Team-Entrance-Task/ros_ws/install/interfaces/share/interfaces/hook/ld_library_path_lib.ps1'
[5.646s] INFO:colcon.colcon_core.shell:Creating environment descriptor '/home/ros/rosspaces/newboarding/Software-Team-Entrance-Task/ros_ws/install/interfaces/share/interfaces/hook/ld_library_path_lib.dsv'
[5.661s] INFO:colcon.colcon_core.shell:Creating environment hook '/home/ros/rosspaces/newboarding/Software-Team-Entrance-Task/ros_ws/install/interfaces/share/interfaces/hook/ld_library_path_lib.sh'
[5.662s] Level 1:colcon.colcon_core.environment:checking '/home/ros/rosspaces/newboarding/Software-Team-Entrance-Task/ros_ws/install/interfaces/bin'
[5.668s] Level 1:colcon.colcon_core.environment:checking '/home/ros/rosspaces/newboarding/Software-Team-Entrance-Task/ros_ws/install/interfaces/lib/pkgconfig/interfaces.pc'
[5.668s] Level 1:colcon.colcon_core.environment:checking '/home/ros/rosspaces/newboarding/Software-Team-Entrance-Task/ros_ws/install/interfaces/lib/python3.10/site-packages'
[5.668s] Level 1:colcon.colcon_core.environment:checking '/home/ros/rosspaces/newboarding/Software-Team-Entrance-Task/ros_ws/install/interfaces/bin'
[5.670s] INFO:colcon.colcon_core.shell:Creating package script '/home/ros/rosspaces/newboarding/Software-Team-Entrance-Task/ros_ws/install/interfaces/share/interfaces/package.ps1'
[5.671s] INFO:colcon.colcon_core.shell:Creating package descriptor '/home/ros/rosspaces/newboarding/Software-Team-Entrance-Task/ros_ws/install/interfaces/share/interfaces/package.dsv'
[5.672s] INFO:colcon.colcon_core.shell:Creating package script '/home/ros/rosspaces/newboarding/Software-Team-Entrance-Task/ros_ws/install/interfaces/share/interfaces/package.sh'
[5.673s] INFO:colcon.colcon_core.shell:Creating package script '/home/ros/rosspaces/newboarding/Software-Team-Entrance-Task/ros_ws/install/interfaces/share/interfaces/package.bash'
[5.673s] INFO:colcon.colcon_core.shell:Creating package script '/home/ros/rosspaces/newboarding/Software-Team-Entrance-Task/ros_ws/install/interfaces/share/interfaces/package.zsh'
[5.674s] Level 1:colcon.colcon_core.environment:create_file_with_runtime_dependencies(/home/ros/rosspaces/newboarding/Software-Team-Entrance-Task/ros_ws/install/interfaces/share/colcon-core/packages/interfaces)
[5.676s] INFO:colcon.colcon_ros.task.ament_python.build:Building ROS package in '/home/ros/rosspaces/newboarding/Software-Team-Entrance-Task/ros_ws/src/Navigation/gps_distance' with build type 'ament_python'
[5.676s] Level 1:colcon.colcon_core.shell:create_environment_hook('gps_distance', 'ament_prefix_path')
[5.678s] INFO:colcon.colcon_core.shell:Creating environment hook '/home/ros/rosspaces/newboarding/Software-Team-Entrance-Task/ros_ws/install/gps_distance/share/gps_distance/hook/ament_prefix_path.ps1'
[5.679s] INFO:colcon.colcon_core.shell:Creating environment descriptor '/home/ros/rosspaces/newboarding/Software-Team-Entrance-Task/ros_ws/install/gps_distance/share/gps_distance/hook/ament_prefix_path.dsv'
[5.679s] INFO:colcon.colcon_core.shell:Creating environment hook '/home/ros/rosspaces/newboarding/Software-Team-Entrance-Task/ros_ws/install/gps_distance/share/gps_distance/hook/ament_prefix_path.sh'
[5.681s] INFO:colcon.colcon_core.shell:Skip shell extension 'powershell' for command environment: Not usable outside of PowerShell
[5.682s] DEBUG:colcon.colcon_core.shell:Skip shell extension 'dsv' for command environment
[5.687s] INFO:colcon.colcon_ros.task.ament_python.build:Building ROS package in '/home/ros/rosspaces/newboarding/Software-Team-Entrance-Task/ros_ws/src/testing/test_gps' with build type 'ament_python'
[5.688s] Level 1:colcon.colcon_core.shell:create_environment_hook('test_gps', 'ament_prefix_path')
[5.689s] INFO:colcon.colcon_core.shell:Creating environment hook '/home/ros/rosspaces/newboarding/Software-Team-Entrance-Task/ros_ws/install/test_gps/share/test_gps/hook/ament_prefix_path.ps1'
[5.690s] INFO:colcon.colcon_core.shell:Creating environment descriptor '/home/ros/rosspaces/newboarding/Software-Team-Entrance-Task/ros_ws/install/test_gps/share/test_gps/hook/ament_prefix_path.dsv'
[5.690s] INFO:colcon.colcon_core.shell:Creating environment hook '/home/ros/rosspaces/newboarding/Software-Team-Entrance-Task/ros_ws/install/test_gps/share/test_gps/hook/ament_prefix_path.sh'
[5.692s] INFO:colcon.colcon_core.shell:Skip shell extension 'powershell' for command environment: Not usable outside of PowerShell
[5.692s] DEBUG:colcon.colcon_core.shell:Skip shell extension 'dsv' for command environment
[6.014s] INFO:colcon.colcon_core.task.python.build:Building Python package in '/home/ros/rosspaces/newboarding/Software-Team-Entrance-Task/ros_ws/src/Navigation/gps_distance'
[6.015s] INFO:colcon.colcon_core.shell:Skip shell extension 'powershell' for command environment: Not usable outside of PowerShell
[6.015s] DEBUG:colcon.colcon_core.shell:Skip shell extension 'dsv' for command environment
[6.313s] INFO:colcon.colcon_core.task.python.build:Building Python package in '/home/ros/rosspaces/newboarding/Software-Team-Entrance-Task/ros_ws/src/testing/test_gps'
[6.314s] INFO:colcon.colcon_core.shell:Skip shell extension 'powershell' for command environment: Not usable outside of PowerShell
[6.314s] DEBUG:colcon.colcon_core.shell:Skip shell extension 'dsv' for command environment
[6.680s] DEBUG:colcon.colcon_core.event_handler.log_command:Invoking command in '/home/ros/rosspaces/newboarding/Software-Team-Entrance-Task/ros_ws/src/Navigation/gps_distance': CMAKE_PREFIX_PATH=/home/ros/rosspaces/newboarding/Software-Team-Entrance-Task/ros_ws/install/interfaces:/home/ros/rosspaces/newboarding/Software-Team-Entrance-Task/ros_ws/install/launch_test:/home/ros/rosspaces/newboarding/Software-Team-Entrance-Task/ros_ws/install/launch_nav PYTHONPATH=/home/ros/rosspaces/newboarding/Software-Team-Entrance-Task/ros_ws/build/gps_distance/prefix_override:/home/ros/rosspaces/newboarding/Software-Team-Entrance-Task/ros_ws/install/gps_distance/lib/python3.10/site-packages:${PYTHONPATH} /usr/bin/python3 setup.py egg_info --egg-base ../../../build/gps_distance build --build-base /home/ros/rosspaces/newboarding/Software-Team-Entrance-Task/ros_ws/build/gps_distance/build install --record /home/ros/rosspaces/newboarding/Software-Team-Entrance-Task/ros_ws/build/gps_distance/install.log --single-version-externally-managed
[6.698s] DEBUG:colcon.colcon_core.event_handler.log_command:Invoking command in '/home/ros/rosspaces/newboarding/Software-Team-Entrance-Task/ros_ws/src/testing/test_gps': CMAKE_PREFIX_PATH=/home/ros/rosspaces/newboarding/Software-Team-Entrance-Task/ros_ws/install/interfaces:/home/ros/rosspaces/newboarding/Software-Team-Entrance-Task/ros_ws/install/launch_test:/home/ros/rosspaces/newboarding/Software-Team-Entrance-Task/ros_ws/install/launch_nav PYTHONPATH=/home/ros/rosspaces/newboarding/Software-Team-Entrance-Task/ros_ws/build/test_gps/prefix_override:/home/ros/rosspaces/newboarding/Software-Team-Entrance-Task/ros_ws/install/test_gps/lib/python3.10/site-packages:${PYTHONPATH} /usr/bin/python3 setup.py egg_info --egg-base ../../../build/test_gps build --build-base /home/ros/rosspaces/newboarding/Software-Team-Entrance-Task/ros_ws/build/test_gps/build install --record /home/ros/rosspaces/newboarding/Software-Team-Entrance-Task/ros_ws/build/test_gps/install.log --single-version-externally-managed
[7.013s] Level 1:colcon.colcon_core.environment:checking '/home/ros/rosspaces/newboarding/Software-Team-Entrance-Task/ros_ws/install/test_gps' for CMake module files
[7.013s] DEBUG:colcon.colcon_core.event_handler.log_command:Invoked command in '/home/ros/rosspaces/newboarding/Software-Team-Entrance-Task/ros_ws/src/testing/test_gps' returned '0': CMAKE_PREFIX_PATH=/home/ros/rosspaces/newboarding/Software-Team-Entrance-Task/ros_ws/install/interfaces:/home/ros/rosspaces/newboarding/Software-Team-Entrance-Task/ros_ws/install/launch_test:/home/ros/rosspaces/newboarding/Software-Team-Entrance-Task/ros_ws/install/launch_nav PYTHONPATH=/home/ros/rosspaces/newboarding/Software-Team-Entrance-Task/ros_ws/build/test_gps/prefix_override:/home/ros/rosspaces/newboarding/Software-Team-Entrance-Task/ros_ws/install/test_gps/lib/python3.10/site-packages:${PYTHONPATH} /usr/bin/python3 setup.py egg_info --egg-base ../../../build/test_gps build --build-base /home/ros/rosspaces/newboarding/Software-Team-Entrance-Task/ros_ws/build/test_gps/build install --record /home/ros/rosspaces/newboarding/Software-Team-Entrance-Task/ros_ws/build/test_gps/install.log --single-version-externally-managed
[7.020s] Level 1:colcon.colcon_core.environment:checking '/home/ros/rosspaces/newboarding/Software-Team-Entrance-Task/ros_ws/install/test_gps' for CMake config files
[7.020s] Level 1:colcon.colcon_core.environment:checking '/home/ros/rosspaces/newboarding/Software-Team-Entrance-Task/ros_ws/install/test_gps/lib'
[7.020s] Level 1:colcon.colcon_core.environment:checking '/home/ros/rosspaces/newboarding/Software-Team-Entrance-Task/ros_ws/install/test_gps/bin'
[7.020s] Level 1:colcon.colcon_core.environment:checking '/home/ros/rosspaces/newboarding/Software-Team-Entrance-Task/ros_ws/install/test_gps/lib/pkgconfig/test_gps.pc'
[7.020s] Level 1:colcon.colcon_core.environment:checking '/home/ros/rosspaces/newboarding/Software-Team-Entrance-Task/ros_ws/install/test_gps/lib/python3.10/site-packages'
[7.024s] Level 1:colcon.colcon_core.shell:create_environment_hook('test_gps', 'pythonpath')
[7.027s] INFO:colcon.colcon_core.shell:Creating environment hook '/home/ros/rosspaces/newboarding/Software-Team-Entrance-Task/ros_ws/install/test_gps/share/test_gps/hook/pythonpath.ps1'
[7.030s] INFO:colcon.colcon_core.shell:Creating environment descriptor '/home/ros/rosspaces/newboarding/Software-Team-Entrance-Task/ros_ws/install/test_gps/share/test_gps/hook/pythonpath.dsv'
[7.036s] INFO:colcon.colcon_core.shell:Creating environment hook '/home/ros/rosspaces/newboarding/Software-Team-Entrance-Task/ros_ws/install/test_gps/share/test_gps/hook/pythonpath.sh'
[7.037s] Level 1:colcon.colcon_core.environment:checking '/home/ros/rosspaces/newboarding/Software-Team-Entrance-Task/ros_ws/install/test_gps/bin'
[7.037s] Level 1:colcon.colcon_core.environment:create_environment_scripts_only(test_gps)
[7.038s] INFO:colcon.colcon_core.shell:Creating package script '/home/ros/rosspaces/newboarding/Software-Team-Entrance-Task/ros_ws/install/test_gps/share/test_gps/package.ps1'
[7.039s] INFO:colcon.colcon_core.shell:Creating package descriptor '/home/ros/rosspaces/newboarding/Software-Team-Entrance-Task/ros_ws/install/test_gps/share/test_gps/package.dsv'
[7.039s] INFO:colcon.colcon_core.shell:Creating package script '/home/ros/rosspaces/newboarding/Software-Team-Entrance-Task/ros_ws/install/test_gps/share/test_gps/package.sh'
[7.040s] INFO:colcon.colcon_core.shell:Creating package script '/home/ros/rosspaces/newboarding/Software-Team-Entrance-Task/ros_ws/install/test_gps/share/test_gps/package.bash'
[7.041s] INFO:colcon.colcon_core.shell:Creating package script '/home/ros/rosspaces/newboarding/Software-Team-Entrance-Task/ros_ws/install/test_gps/share/test_gps/package.zsh'
[7.041s] Level 1:colcon.colcon_core.environment:create_file_with_runtime_dependencies(/home/ros/rosspaces/newboarding/Software-Team-Entrance-Task/ros_ws/install/test_gps/share/colcon-core/packages/test_gps)
[7.042s] INFO:colcon.colcon_ros.task.ament_cmake.build:Building ROS package in '/home/ros/rosspaces/newboarding/Software-Team-Entrance-Task/ros_ws/src/testing/launch_test' with build type 'ament_cmake'
[7.042s] INFO:colcon.colcon_cmake.task.cmake.build:Building CMake package in '/home/ros/rosspaces/newboarding/Software-Team-Entrance-Task/ros_ws/src/testing/launch_test'
[7.043s] INFO:colcon.colcon_core.shell:Skip shell extension 'powershell' for command environment: Not usable outside of PowerShell
[7.043s] DEBUG:colcon.colcon_core.shell:Skip shell extension 'dsv' for command environment
[7.069s] Level 1:colcon.colcon_core.environment:checking '/home/ros/rosspaces/newboarding/Software-Team-Entrance-Task/ros_ws/install/gps_distance' for CMake module files
[7.077s] Level 1:colcon.colcon_core.environment:checking '/home/ros/rosspaces/newboarding/Software-Team-Entrance-Task/ros_ws/install/gps_distance' for CMake config files
[7.084s] DEBUG:colcon.colcon_core.event_handler.log_command:Invoked command in '/home/ros/rosspaces/newboarding/Software-Team-Entrance-Task/ros_ws/src/Navigation/gps_distance' returned '0': CMAKE_PREFIX_PATH=/home/ros/rosspaces/newboarding/Software-Team-Entrance-Task/ros_ws/install/interfaces:/home/ros/rosspaces/newboarding/Software-Team-Entrance-Task/ros_ws/install/launch_test:/home/ros/rosspaces/newboarding/Software-Team-Entrance-Task/ros_ws/install/launch_nav PYTHONPATH=/home/ros/rosspaces/newboarding/Software-Team-Entrance-Task/ros_ws/build/gps_distance/prefix_override:/home/ros/rosspaces/newboarding/Software-Team-Entrance-Task/ros_ws/install/gps_distance/lib/python3.10/site-packages:${PYTHONPATH} /usr/bin/python3 setup.py egg_info --egg-base ../../../build/gps_distance build --build-base /home/ros/rosspaces/newboarding/Software-Team-Entrance-Task/ros_ws/build/gps_distance/build install --record /home/ros/rosspaces/newboarding/Software-Team-Entrance-Task/ros_ws/build/gps_distance/install.log --single-version-externally-managed
[7.085s] Level 1:colcon.colcon_core.environment:checking '/home/ros/rosspaces/newboarding/Software-Team-Entrance-Task/ros_ws/install/gps_distance/lib'
[7.102s] Level 1:colcon.colcon_core.environment:checking '/home/ros/rosspaces/newboarding/Software-Team-Entrance-Task/ros_ws/install/gps_distance/bin'
[7.102s] Level 1:colcon.colcon_core.environment:checking '/home/ros/rosspaces/newboarding/Software-Team-Entrance-Task/ros_ws/install/gps_distance/lib/pkgconfig/gps_distance.pc'
[7.102s] Level 1:colcon.colcon_core.environment:checking '/home/ros/rosspaces/newboarding/Software-Team-Entrance-Task/ros_ws/install/gps_distance/lib/python3.10/site-packages'
[7.105s] Level 1:colcon.colcon_core.shell:create_environment_hook('gps_distance', 'pythonpath')
[7.106s] INFO:colcon.colcon_core.shell:Creating environment hook '/home/ros/rosspaces/newboarding/Software-Team-Entrance-Task/ros_ws/install/gps_distance/share/gps_distance/hook/pythonpath.ps1'
[7.110s] INFO:colcon.colcon_core.shell:Creating environment descriptor '/home/ros/rosspaces/newboarding/Software-Team-Entrance-Task/ros_ws/install/gps_distance/share/gps_distance/hook/pythonpath.dsv'
[7.113s] INFO:colcon.colcon_core.shell:Creating environment hook '/home/ros/rosspaces/newboarding/Software-Team-Entrance-Task/ros_ws/install/gps_distance/share/gps_distance/hook/pythonpath.sh'
[7.115s] Level 1:colcon.colcon_core.environment:checking '/home/ros/rosspaces/newboarding/Software-Team-Entrance-Task/ros_ws/install/gps_distance/bin'
[7.115s] Level 1:colcon.colcon_core.environment:create_environment_scripts_only(gps_distance)
[7.117s] INFO:colcon.colcon_core.shell:Creating package script '/home/ros/rosspaces/newboarding/Software-Team-Entrance-Task/ros_ws/install/gps_distance/share/gps_distance/package.ps1'
[7.117s] INFO:colcon.colcon_core.shell:Creating package descriptor '/home/ros/rosspaces/newboarding/Software-Team-Entrance-Task/ros_ws/install/gps_distance/share/gps_distance/package.dsv'
[7.118s] INFO:colcon.colcon_core.shell:Creating package script '/home/ros/rosspaces/newboarding/Software-Team-Entrance-Task/ros_ws/install/gps_distance/share/gps_distance/package.sh'
[7.119s] INFO:colcon.colcon_core.shell:Creating package script '/home/ros/rosspaces/newboarding/Software-Team-Entrance-Task/ros_ws/install/gps_distance/share/gps_distance/package.bash'
[7.120s] INFO:colcon.colcon_core.shell:Creating package script '/home/ros/rosspaces/newboarding/Software-Team-Entrance-Task/ros_ws/install/gps_distance/share/gps_distance/package.zsh'
[7.120s] Level 1:colcon.colcon_core.environment:create_file_with_runtime_dependencies(/home/ros/rosspaces/newboarding/Software-Team-Entrance-Task/ros_ws/install/gps_distance/share/colcon-core/packages/gps_distance)
[7.121s] INFO:colcon.colcon_ros.task.ament_cmake.build:Building ROS package in '/home/ros/rosspaces/newboarding/Software-Team-Entrance-Task/ros_ws/src/Navigation/launch_nav' with build type 'ament_cmake'
[7.121s] INFO:colcon.colcon_cmake.task.cmake.build:Building CMake package in '/home/ros/rosspaces/newboarding/Software-Team-Entrance-Task/ros_ws/src/Navigation/launch_nav'
[7.125s] INFO:colcon.colcon_core.shell:Skip shell extension 'powershell' for command environment: Not usable outside of PowerShell
[7.126s] DEBUG:colcon.colcon_core.shell:Skip shell extension 'dsv' for command environment
[7.182s] DEBUG:colcon.colcon_core.event_handler.log_command:Invoking command in '/home/ros/rosspaces/newboarding/Software-Team-Entrance-Task/ros_ws/build/launch_test': AMENT_PREFIX_PATH=/home/ros/rosspaces/newboarding/Software-Team-Entrance-Task/ros_ws/install/test_gps:/home/ros/rosspaces/newboarding/Software-Team-Entrance-Task/ros_ws/install/launch_test:/home/ros/rosspaces/newboarding/Software-Team-Entrance-Task/ros_ws/install/launch_nav:/home/ros/rosspaces/newboarding/Software-Team-Entrance-Task/ros_ws/install/gps_distance:/home/ros/rosspaces/newboarding/Software-Team-Entrance-Task/ros_ws/install/interfaces:/opt/ros/humble CMAKE_PREFIX_PATH=/home/ros/rosspaces/newboarding/Software-Team-Entrance-Task/ros_ws/install/interfaces:/home/ros/rosspaces/newboarding/Software-Team-Entrance-Task/ros_ws/install/launch_test:/home/ros/rosspaces/newboarding/Software-Team-Entrance-Task/ros_ws/install/launch_nav:/home/ros/rosspaces/newboarding/Software-Team-Entrance-Task/ros_ws/install/test_gps:/home/ros/rosspaces/newboarding/Software-Team-Entrance-Task/ros_ws/install/gps_distance:/opt/ros/humble /usr/bin/cmake --build /home/ros/rosspaces/newboarding/Software-Team-Entrance-Task/ros_ws/build/launch_test -- -j4 -l4
[7.231s] DEBUG:colcon.colcon_core.event_handler.log_command:Invoking command in '/home/ros/rosspaces/newboarding/Software-Team-Entrance-Task/ros_ws/build/launch_nav': AMENT_PREFIX_PATH=/home/ros/rosspaces/newboarding/Software-Team-Entrance-Task/ros_ws/install/gps_distance:/home/ros/rosspaces/newboarding/Software-Team-Entrance-Task/ros_ws/install/launch_test:/home/ros/rosspaces/newboarding/Software-Team-Entrance-Task/ros_ws/install/test_gps:/home/ros/rosspaces/newboarding/Software-Team-Entrance-Task/ros_ws/install/launch_nav:/home/ros/rosspaces/newboarding/Software-Team-Entrance-Task/ros_ws/install/interfaces:/opt/ros/humble CMAKE_PREFIX_PATH=/home/ros/rosspaces/newboarding/Software-Team-Entrance-Task/ros_ws/install/interfaces:/home/ros/rosspaces/newboarding/Software-Team-Entrance-Task/ros_ws/install/launch_test:/home/ros/rosspaces/newboarding/Software-Team-Entrance-Task/ros_ws/install/launch_nav:/home/ros/rosspaces/newboarding/Software-Team-Entrance-Task/ros_ws/install/test_gps:/home/ros/rosspaces/newboarding/Software-Team-Entrance-Task/ros_ws/install/gps_distance:/opt/ros/humble PYTHONPATH=/home/ros/rosspaces/newboarding/Software-Team-Entrance-Task/ros_ws/install/gps_distance/lib/python3.10/site-packages:/home/ros/rosspaces/newboarding/Software-Team-Entrance-Task/ros_ws/install/test_gps/lib/python3.10/site-packages:/home/ros/rosspaces/newboarding/Software-Team-Entrance-Task/ros_ws/install/interfaces/local/lib/python3.10/dist-packages:/opt/ros/humble/lib/python3.10/site-packages:/opt/ros/humble/local/lib/python3.10/dist-packages /usr/bin/cmake --build /home/ros/rosspaces/newboarding/Software-Team-Entrance-Task/ros_ws/build/launch_nav -- -j4 -l4
[7.352s] DEBUG:colcon.colcon_core.event_handler.log_command:Invoked command in '/home/ros/rosspaces/newboarding/Software-Team-Entrance-Task/ros_ws/build/launch_test' returned '0': AMENT_PREFIX_PATH=/home/ros/rosspaces/newboarding/Software-Team-Entrance-Task/ros_ws/install/test_gps:/home/ros/rosspaces/newboarding/Software-Team-Entrance-Task/ros_ws/install/launch_test:/home/ros/rosspaces/newboarding/Software-Team-Entrance-Task/ros_ws/install/launch_nav:/home/ros/rosspaces/newboarding/Software-Team-Entrance-Task/ros_ws/install/gps_distance:/home/ros/rosspaces/newboarding/Software-Team-Entrance-Task/ros_ws/install/interfaces:/opt/ros/humble CMAKE_PREFIX_PATH=/home/ros/rosspaces/newboarding/Software-Team-Entrance-Task/ros_ws/install/interfaces:/home/ros/rosspaces/newboarding/Software-Team-Entrance-Task/ros_ws/install/launch_test:/home/ros/rosspaces/newboarding/Software-Team-Entrance-Task/ros_ws/install/launch_nav:/home/ros/rosspaces/newboarding/Software-Team-Entrance-Task/ros_ws/install/test_gps:/home/ros/rosspaces/newboarding/Software-Team-Entrance-Task/ros_ws/install/gps_distance:/opt/ros/humble /usr/bin/cmake --build /home/ros/rosspaces/newboarding/Software-Team-Entrance-Task/ros_ws/build/launch_test -- -j4 -l4
[7.411s] DEBUG:colcon.colcon_core.event_handler.log_command:Invoked command in '/home/ros/rosspaces/newboarding/Software-Team-Entrance-Task/ros_ws/build/launch_nav' returned '0': AMENT_PREFIX_PATH=/home/ros/rosspaces/newboarding/Software-Team-Entrance-Task/ros_ws/install/gps_distance:/home/ros/rosspaces/newboarding/Software-Team-Entrance-Task/ros_ws/install/launch_test:/home/ros/rosspaces/newboarding/Software-Team-Entrance-Task/ros_ws/install/test_gps:/home/ros/rosspaces/newboarding/Software-Team-Entrance-Task/ros_ws/install/launch_nav:/home/ros/rosspaces/newboarding/Software-Team-Entrance-Task/ros_ws/install/interfaces:/opt/ros/humble CMAKE_PREFIX_PATH=/home/ros/rosspaces/newboarding/Software-Team-Entrance-Task/ros_ws/install/interfaces:/home/ros/rosspaces/newboarding/Software-Team-Entrance-Task/ros_ws/install/launch_test:/home/ros/rosspaces/newboarding/Software-Team-Entrance-Task/ros_ws/install/launch_nav:/home/ros/rosspaces/newboarding/Software-Team-Entrance-Task/ros_ws/install/test_gps:/home/ros/rosspaces/newboarding/Software-Team-Entrance-Task/ros_ws/install/gps_distance:/opt/ros/humble PYTHONPATH=/home/ros/rosspaces/newboarding/Software-Team-Entrance-Task/ros_ws/install/gps_distance/lib/python3.10/site-packages:/home/ros/rosspaces/newboarding/Software-Team-Entrance-Task/ros_ws/install/test_gps/lib/python3.10/site-packages:/home/ros/rosspaces/newboarding/Software-Team-Entrance-Task/ros_ws/install/interfaces/local/lib/python3.10/dist-packages:/opt/ros/humble/lib/python3.10/site-packages:/opt/ros/humble/local/lib/python3.10/dist-packages /usr/bin/cmake --build /home/ros/rosspaces/newboarding/Software-Team-Entrance-Task/ros_ws/build/launch_nav -- -j4 -l4
[7.450s] DEBUG:colcon.colcon_core.event_handler.log_command:Invoking command in '/home/ros/rosspaces/newboarding/Software-Team-Entrance-Task/ros_ws/build/launch_test': AMENT_PREFIX_PATH=/home/ros/rosspaces/newboarding/Software-Team-Entrance-Task/ros_ws/install/test_gps:/home/ros/rosspaces/newboarding/Software-Team-Entrance-Task/ros_ws/install/launch_test:/home/ros/rosspaces/newboarding/Software-Team-Entrance-Task/ros_ws/install/launch_nav:/home/ros/rosspaces/newboarding/Software-Team-Entrance-Task/ros_ws/install/gps_distance:/home/ros/rosspaces/newboarding/Software-Team-Entrance-Task/ros_ws/install/interfaces:/opt/ros/humble CMAKE_PREFIX_PATH=/home/ros/rosspaces/newboarding/Software-Team-Entrance-Task/ros_ws/install/interfaces:/home/ros/rosspaces/newboarding/Software-Team-Entrance-Task/ros_ws/install/launch_test:/home/ros/rosspaces/newboarding/Software-Team-Entrance-Task/ros_ws/install/launch_nav:/home/ros/rosspaces/newboarding/Software-Team-Entrance-Task/ros_ws/install/test_gps:/home/ros/rosspaces/newboarding/Software-Team-Entrance-Task/ros_ws/install/gps_distance:/opt/ros/humble /usr/bin/cmake --install /home/ros/rosspaces/newboarding/Software-Team-Entrance-Task/ros_ws/build/launch_test
[7.481s] Level 1:colcon.colcon_core.environment:create_environment_scripts_only(launch_test)
[7.483s] Level 1:colcon.colcon_core.environment:checking '/home/ros/rosspaces/newboarding/Software-Team-Entrance-Task/ros_ws/install/launch_test' for CMake module files
[7.485s] DEBUG:colcon.colcon_core.event_handler.log_command:Invoked command in '/home/ros/rosspaces/newboarding/Software-Team-Entrance-Task/ros_ws/build/launch_test' returned '0': AMENT_PREFIX_PATH=/home/ros/rosspaces/newboarding/Software-Team-Entrance-Task/ros_ws/install/test_gps:/home/ros/rosspaces/newboarding/Software-Team-Entrance-Task/ros_ws/install/launch_test:/home/ros/rosspaces/newboarding/Software-Team-Entrance-Task/ros_ws/install/launch_nav:/home/ros/rosspaces/newboarding/Software-Team-Entrance-Task/ros_ws/install/gps_distance:/home/ros/rosspaces/newboarding/Software-Team-Entrance-Task/ros_ws/install/interfaces:/opt/ros/humble CMAKE_PREFIX_PATH=/home/ros/rosspaces/newboarding/Software-Team-Entrance-Task/ros_ws/install/interfaces:/home/ros/rosspaces/newboarding/Software-Team-Entrance-Task/ros_ws/install/launch_test:/home/ros/rosspaces/newboarding/Software-Team-Entrance-Task/ros_ws/install/launch_nav:/home/ros/rosspaces/newboarding/Software-Team-Entrance-Task/ros_ws/install/test_gps:/home/ros/rosspaces/newboarding/Software-Team-Entrance-Task/ros_ws/install/gps_distance:/opt/ros/humble /usr/bin/cmake --install /home/ros/rosspaces/newboarding/Software-Team-Entrance-Task/ros_ws/build/launch_test
[7.487s] Level 1:colcon.colcon_core.environment:checking '/home/ros/rosspaces/newboarding/Software-Team-Entrance-Task/ros_ws/install/launch_test' for CMake config files
[7.487s] Level 1:colcon.colcon_core.shell:create_environment_hook('launch_test', 'cmake_prefix_path')
[7.488s] INFO:colcon.colcon_core.shell:Creating environment hook '/home/ros/rosspaces/newboarding/Software-Team-Entrance-Task/ros_ws/install/launch_test/share/launch_test/hook/cmake_prefix_path.ps1'
[7.489s] INFO:colcon.colcon_core.shell:Creating environment descriptor '/home/ros/rosspaces/newboarding/Software-Team-Entrance-Task/ros_ws/install/launch_test/share/launch_test/hook/cmake_prefix_path.dsv'
[7.490s] INFO:colcon.colcon_core.shell:Creating environment hook '/home/ros/rosspaces/newboarding/Software-Team-Entrance-Task/ros_ws/install/launch_test/share/launch_test/hook/cmake_prefix_path.sh'
[7.490s] Level 1:colcon.colcon_core.environment:checking '/home/ros/rosspaces/newboarding/Software-Team-Entrance-Task/ros_ws/install/launch_test/bin'
[7.491s] Level 1:colcon.colcon_core.environment:checking '/home/ros/rosspaces/newboarding/Software-Team-Entrance-Task/ros_ws/install/launch_test/lib/pkgconfig/launch_test.pc'
[7.491s] Level 1:colcon.colcon_core.environment:checking '/home/ros/rosspaces/newboarding/Software-Team-Entrance-Task/ros_ws/install/launch_test/lib/python3.10/site-packages'
[7.491s] Level 1:colcon.colcon_core.environment:checking '/home/ros/rosspaces/newboarding/Software-Team-Entrance-Task/ros_ws/install/launch_test/bin'
[7.493s] INFO:colcon.colcon_core.shell:Creating package script '/home/ros/rosspaces/newboarding/Software-Team-Entrance-Task/ros_ws/install/launch_test/share/launch_test/package.ps1'
[7.493s] INFO:colcon.colcon_core.shell:Creating package descriptor '/home/ros/rosspaces/newboarding/Software-Team-Entrance-Task/ros_ws/install/launch_test/share/launch_test/package.dsv'
[7.494s] INFO:colcon.colcon_core.shell:Creating package script '/home/ros/rosspaces/newboarding/Software-Team-Entrance-Task/ros_ws/install/launch_test/share/launch_test/package.sh'
[7.495s] INFO:colcon.colcon_core.shell:Creating package script '/home/ros/rosspaces/newboarding/Software-Team-Entrance-Task/ros_ws/install/launch_test/share/launch_test/package.bash'
[7.496s] INFO:colcon.colcon_core.shell:Creating package script '/home/ros/rosspaces/newboarding/Software-Team-Entrance-Task/ros_ws/install/launch_test/share/launch_test/package.zsh'
[7.496s] Level 1:colcon.colcon_core.environment:create_file_with_runtime_dependencies(/home/ros/rosspaces/newboarding/Software-Team-Entrance-Task/ros_ws/install/launch_test/share/colcon-core/packages/launch_test)
[7.500s] DEBUG:colcon.colcon_core.event_handler.log_command:Invoking command in '/home/ros/rosspaces/newboarding/Software-Team-Entrance-Task/ros_ws/build/launch_nav': AMENT_PREFIX_PATH=/home/ros/rosspaces/newboarding/Software-Team-Entrance-Task/ros_ws/install/gps_distance:/home/ros/rosspaces/newboarding/Software-Team-Entrance-Task/ros_ws/install/launch_test:/home/ros/rosspaces/newboarding/Software-Team-Entrance-Task/ros_ws/install/test_gps:/home/ros/rosspaces/newboarding/Software-Team-Entrance-Task/ros_ws/install/launch_nav:/home/ros/rosspaces/newboarding/Software-Team-Entrance-Task/ros_ws/install/interfaces:/opt/ros/humble CMAKE_PREFIX_PATH=/home/ros/rosspaces/newboarding/Software-Team-Entrance-Task/ros_ws/install/interfaces:/home/ros/rosspaces/newboarding/Software-Team-Entrance-Task/ros_ws/install/launch_test:/home/ros/rosspaces/newboarding/Software-Team-Entrance-Task/ros_ws/install/launch_nav:/home/ros/rosspaces/newboarding/Software-Team-Entrance-Task/ros_ws/install/test_gps:/home/ros/rosspaces/newboarding/Software-Team-Entrance-Task/ros_ws/install/gps_distance:/opt/ros/humble PYTHONPATH=/home/ros/rosspaces/newboarding/Software-Team-Entrance-Task/ros_ws/install/gps_distance/lib/python3.10/site-packages:/home/ros/rosspaces/newboarding/Software-Team-Entrance-Task/ros_ws/install/test_gps/lib/python3.10/site-packages:/home/ros/rosspaces/newboarding/Software-Team-Entrance-Task/ros_ws/install/interfaces/local/lib/python3.10/dist-packages:/opt/ros/humble/lib/python3.10/site-packages:/opt/ros/humble/local/lib/python3.10/dist-packages /usr/bin/cmake --install /home/ros/rosspaces/newboarding/Software-Team-Entrance-Task/ros_ws/build/launch_nav
[7.515s] Level 1:colcon.colcon_core.environment:create_environment_scripts_only(launch_nav)
[7.517s] Level 1:colcon.colcon_core.environment:checking '/home/ros/rosspaces/newboarding/Software-Team-Entrance-Task/ros_ws/install/launch_nav' for CMake module files
[7.518s] DEBUG:colcon.colcon_core.event_handler.log_command:Invoked command in '/home/ros/rosspaces/newboarding/Software-Team-Entrance-Task/ros_ws/build/launch_nav' returned '0': AMENT_PREFIX_PATH=/home/ros/rosspaces/newboarding/Software-Team-Entrance-Task/ros_ws/install/gps_distance:/home/ros/rosspaces/newboarding/Software-Team-Entrance-Task/ros_ws/install/launch_test:/home/ros/rosspaces/newboarding/Software-Team-Entrance-Task/ros_ws/install/test_gps:/home/ros/rosspaces/newboarding/Software-Team-Entrance-Task/ros_ws/install/launch_nav:/home/ros/rosspaces/newboarding/Software-Team-Entrance-Task/ros_ws/install/interfaces:/opt/ros/humble CMAKE_PREFIX_PATH=/home/ros/rosspaces/newboarding/Software-Team-Entrance-Task/ros_ws/install/interfaces:/home/ros/rosspaces/newboarding/Software-Team-Entrance-Task/ros_ws/install/launch_test:/home/ros/rosspaces/newboarding/Software-Team-Entrance-Task/ros_ws/install/launch_nav:/home/ros/rosspaces/newboarding/Software-Team-Entrance-Task/ros_ws/install/test_gps:/home/ros/rosspaces/newboarding/Software-Team-Entrance-Task/ros_ws/install/gps_distance:/opt/ros/humble PYTHONPATH=/home/ros/rosspaces/newboarding/Software-Team-Entrance-Task/ros_ws/install/gps_distance/lib/python3.10/site-packages:/home/ros/rosspaces/newboarding/Software-Team-Entrance-Task/ros_ws/install/test_gps/lib/python3.10/site-packages:/home/ros/rosspaces/newboarding/Software-Team-Entrance-Task/ros_ws/install/interfaces/local/lib/python3.10/dist-packages:/opt/ros/humble/lib/python3.10/site-packages:/opt/ros/humble/local/lib/python3.10/dist-packages /usr/bin/cmake --install /home/ros/rosspaces/newboarding/Software-Team-Entrance-Task/ros_ws/build/launch_nav
[7.519s] Level 1:colcon.colcon_core.environment:checking '/home/ros/rosspaces/newboarding/Software-Team-Entrance-Task/ros_ws/install/launch_nav' for CMake config files
[7.521s] Level 1:colcon.colcon_core.shell:create_environment_hook('launch_nav', 'cmake_prefix_path')
[7.523s] INFO:colcon.colcon_core.shell:Creating environment hook '/home/ros/rosspaces/newboarding/Software-Team-Entrance-Task/ros_ws/install/launch_nav/share/launch_nav/hook/cmake_prefix_path.ps1'
[7.525s] INFO:colcon.colcon_core.shell:Creating environment descriptor '/home/ros/rosspaces/newboarding/Software-Team-Entrance-Task/ros_ws/install/launch_nav/share/launch_nav/hook/cmake_prefix_path.dsv'
[7.525s] INFO:colcon.colcon_core.shell:Creating environment hook '/home/ros/rosspaces/newboarding/Software-Team-Entrance-Task/ros_ws/install/launch_nav/share/launch_nav/hook/cmake_prefix_path.sh'
[7.526s] Level 1:colcon.colcon_core.environment:checking '/home/ros/rosspaces/newboarding/Software-Team-Entrance-Task/ros_ws/install/launch_nav/bin'
[7.526s] Level 1:colcon.colcon_core.environment:checking '/home/ros/rosspaces/newboarding/Software-Team-Entrance-Task/ros_ws/install/launch_nav/lib/pkgconfig/launch_nav.pc'
[7.526s] Level 1:colcon.colcon_core.environment:checking '/home/ros/rosspaces/newboarding/Software-Team-Entrance-Task/ros_ws/install/launch_nav/lib/python3.10/site-packages'
[7.527s] Level 1:colcon.colcon_core.environment:checking '/home/ros/rosspaces/newboarding/Software-Team-Entrance-Task/ros_ws/install/launch_nav/bin'
[7.528s] INFO:colcon.colcon_core.shell:Creating package script '/home/ros/rosspaces/newboarding/Software-Team-Entrance-Task/ros_ws/install/launch_nav/share/launch_nav/package.ps1'
[7.529s] INFO:colcon.colcon_core.shell:Creating package descriptor '/home/ros/rosspaces/newboarding/Software-Team-Entrance-Task/ros_ws/install/launch_nav/share/launch_nav/package.dsv'
[7.535s] INFO:colcon.colcon_core.shell:Creating package script '/home/ros/rosspaces/newboarding/Software-Team-Entrance-Task/ros_ws/install/launch_nav/share/launch_nav/package.sh'
[7.537s] INFO:colcon.colcon_core.shell:Creating package script '/home/ros/rosspaces/newboarding/Software-Team-Entrance-Task/ros_ws/install/launch_nav/share/launch_nav/package.bash'
[7.538s] INFO:colcon.colcon_core.shell:Creating package script '/home/ros/rosspaces/newboarding/Software-Team-Entrance-Task/ros_ws/install/launch_nav/share/launch_nav/package.zsh'
[7.547s] Level 1:colcon.colcon_core.environment:create_file_with_runtime_dependencies(/home/ros/rosspaces/newboarding/Software-Team-Entrance-Task/ros_ws/install/launch_nav/share/colcon-core/packages/launch_nav)
[7.582s] Level 1:colcon.colcon_core.environment:create_environment_scripts_only(launch_test)
[7.583s] Level 1:colcon.colcon_core.environment:checking '/home/ros/rosspaces/newboarding/Software-Team-Entrance-Task/ros_ws/install/launch_test' for CMake module files
[7.584s] Level 1:colcon.colcon_core.environment:checking '/home/ros/rosspaces/newboarding/Software-Team-Entrance-Task/ros_ws/install/launch_test' for CMake config files
[7.584s] Level 1:colcon.colcon_core.shell:create_environment_hook('launch_test', 'cmake_prefix_path')
[7.585s] INFO:colcon.colcon_core.shell:Creating environment hook '/home/ros/rosspaces/newboarding/Software-Team-Entrance-Task/ros_ws/install/launch_test/share/launch_test/hook/cmake_prefix_path.ps1'
[7.586s] INFO:colcon.colcon_core.shell:Creating environment descriptor '/home/ros/rosspaces/newboarding/Software-Team-Entrance-Task/ros_ws/install/launch_test/share/launch_test/hook/cmake_prefix_path.dsv'
[7.587s] INFO:colcon.colcon_core.shell:Creating environment hook '/home/ros/rosspaces/newboarding/Software-Team-Entrance-Task/ros_ws/install/launch_test/share/launch_test/hook/cmake_prefix_path.sh'
[7.588s] Level 1:colcon.colcon_core.environment:checking '/home/ros/rosspaces/newboarding/Software-Team-Entrance-Task/ros_ws/install/launch_test/bin'
[7.588s] Level 1:colcon.colcon_core.environment:checking '/home/ros/rosspaces/newboarding/Software-Team-Entrance-Task/ros_ws/install/launch_test/lib/pkgconfig/launch_test.pc'
[7.588s] Level 1:colcon.colcon_core.environment:checking '/home/ros/rosspaces/newboarding/Software-Team-Entrance-Task/ros_ws/install/launch_test/lib/python3.10/site-packages'
[7.589s] Level 1:colcon.colcon_core.environment:checking '/home/ros/rosspaces/newboarding/Software-Team-Entrance-Task/ros_ws/install/launch_test/bin'
[7.590s] INFO:colcon.colcon_core.shell:Creating package script '/home/ros/rosspaces/newboarding/Software-Team-Entrance-Task/ros_ws/install/launch_test/share/launch_test/package.ps1'
[7.591s] INFO:colcon.colcon_core.shell:Creating package descriptor '/home/ros/rosspaces/newboarding/Software-Team-Entrance-Task/ros_ws/install/launch_test/share/launch_test/package.dsv'
[7.592s] INFO:colcon.colcon_core.shell:Creating package script '/home/ros/rosspaces/newboarding/Software-Team-Entrance-Task/ros_ws/install/launch_test/share/launch_test/package.sh'
[7.592s] INFO:colcon.colcon_core.shell:Creating package script '/home/ros/rosspaces/newboarding/Software-Team-Entrance-Task/ros_ws/install/launch_test/share/launch_test/package.bash'
[7.593s] INFO:colcon.colcon_core.shell:Creating package script '/home/ros/rosspaces/newboarding/Software-Team-Entrance-Task/ros_ws/install/launch_test/share/launch_test/package.zsh'
[7.594s] Level 1:colcon.colcon_core.environment:create_file_with_runtime_dependencies(/home/ros/rosspaces/newboarding/Software-Team-Entrance-Task/ros_ws/install/launch_test/share/colcon-core/packages/launch_test)
[7.625s] Level 1:colcon.colcon_core.environment:create_environment_scripts_only(launch_nav)
[7.631s] Level 1:colcon.colcon_core.environment:checking '/home/ros/rosspaces/newboarding/Software-Team-Entrance-Task/ros_ws/install/launch_nav' for CMake module files
[7.633s] Level 1:colcon.colcon_core.environment:checking '/home/ros/rosspaces/newboarding/Software-Team-Entrance-Task/ros_ws/install/launch_nav' for CMake config files
[7.634s] Level 1:colcon.colcon_core.shell:create_environment_hook('launch_nav', 'cmake_prefix_path')
[7.635s] INFO:colcon.colcon_core.shell:Creating environment hook '/home/ros/rosspaces/newboarding/Software-Team-Entrance-Task/ros_ws/install/launch_nav/share/launch_nav/hook/cmake_prefix_path.ps1'
[7.636s] INFO:colcon.colcon_core.shell:Creating environment descriptor '/home/ros/rosspaces/newboarding/Software-Team-Entrance-Task/ros_ws/install/launch_nav/share/launch_nav/hook/cmake_prefix_path.dsv'
[7.638s] INFO:colcon.colcon_core.shell:Creating environment hook '/home/ros/rosspaces/newboarding/Software-Team-Entrance-Task/ros_ws/install/launch_nav/share/launch_nav/hook/cmake_prefix_path.sh'
[7.640s] Level 1:colcon.colcon_core.environment:checking '/home/ros/rosspaces/newboarding/Software-Team-Entrance-Task/ros_ws/install/launch_nav/bin'
[7.640s] Level 1:colcon.colcon_core.environment:checking '/home/ros/rosspaces/newboarding/Software-Team-Entrance-Task/ros_ws/install/launch_nav/lib/pkgconfig/launch_nav.pc'
[7.641s] Level 1:colcon.colcon_core.environment:checking '/home/ros/rosspaces/newboarding/Software-Team-Entrance-Task/ros_ws/install/launch_nav/lib/python3.10/site-packages'
[7.641s] Level 1:colcon.colcon_core.environment:checking '/home/ros/rosspaces/newboarding/Software-Team-Entrance-Task/ros_ws/install/launch_nav/bin'
[7.642s] INFO:colcon.colcon_core.shell:Creating package script '/home/ros/rosspaces/newboarding/Software-Team-Entrance-Task/ros_ws/install/launch_nav/share/launch_nav/package.ps1'
[7.643s] INFO:colcon.colcon_core.shell:Creating package descriptor '/home/ros/rosspaces/newboarding/Software-Team-Entrance-Task/ros_ws/install/launch_nav/share/launch_nav/package.dsv'
[7.647s] INFO:colcon.colcon_core.shell:Creating package script '/home/ros/rosspaces/newboarding/Software-Team-Entrance-Task/ros_ws/install/launch_nav/share/launch_nav/package.sh'
[7.650s] INFO:colcon.colcon_core.shell:Creating package script '/home/ros/rosspaces/newboarding/Software-Team-Entrance-Task/ros_ws/install/launch_nav/share/launch_nav/package.bash'
[7.658s] INFO:colcon.colcon_core.shell:Creating package script '/home/ros/rosspaces/newboarding/Software-Team-Entrance-Task/ros_ws/install/launch_nav/share/launch_nav/package.zsh'
[7.663s] Level 1:colcon.colcon_core.environment:create_file_with_runtime_dependencies(/home/ros/rosspaces/newboarding/Software-Team-Entrance-Task/ros_ws/install/launch_nav/share/colcon-core/packages/launch_nav)
[7.677s] DEBUG:colcon.colcon_parallel_executor.executor.parallel:closing loop
[7.677s] DEBUG:colcon.colcon_parallel_executor.executor.parallel:loop closed
[7.677s] DEBUG:colcon.colcon_parallel_executor.executor.parallel:run_until_complete finished with '0'
[7.677s] DEBUG:colcon.colcon_core.event_reactor:joining thread
[7.698s] INFO:colcon.colcon_core.plugin_system:Skipping extension 'colcon_notification.desktop_notification.terminal_notifier': Not used on non-Darwin systems
[7.698s] INFO:colcon.colcon_core.plugin_system:Skipping extension 'colcon_notification.desktop_notification.win32': Not used on non-Windows systems
[7.698s] INFO:colcon.colcon_notification.desktop_notification:Sending desktop notification using 'notify2'
[7.758s] DEBUG:colcon.colcon_core.event_reactor:joined thread
[7.759s] INFO:colcon.colcon_core.shell:Creating prefix script '/home/ros/rosspaces/newboarding/Software-Team-Entrance-Task/ros_ws/install/local_setup.ps1'
[7.760s] INFO:colcon.colcon_core.shell:Creating prefix util module '/home/ros/rosspaces/newboarding/Software-Team-Entrance-Task/ros_ws/install/_local_setup_util_ps1.py'
[7.761s] INFO:colcon.colcon_core.shell:Creating prefix chain script '/home/ros/rosspaces/newboarding/Software-Team-Entrance-Task/ros_ws/install/setup.ps1'
[7.763s] INFO:colcon.colcon_core.shell:Creating prefix script '/home/ros/rosspaces/newboarding/Software-Team-Entrance-Task/ros_ws/install/local_setup.sh'
[7.764s] INFO:colcon.colcon_core.shell:Creating prefix util module '/home/ros/rosspaces/newboarding/Software-Team-Entrance-Task/ros_ws/install/_local_setup_util_sh.py'
[7.765s] INFO:colcon.colcon_core.shell:Creating prefix chain script '/home/ros/rosspaces/newboarding/Software-Team-Entrance-Task/ros_ws/install/setup.sh'
[7.766s] INFO:colcon.colcon_core.shell:Creating prefix script '/home/ros/rosspaces/newboarding/Software-Team-Entrance-Task/ros_ws/install/local_setup.bash'
[7.767s] INFO:colcon.colcon_core.shell:Creating prefix chain script '/home/ros/rosspaces/newboarding/Software-Team-Entrance-Task/ros_ws/install/setup.bash'
[7.768s] INFO:colcon.colcon_core.shell:Creating prefix script '/home/ros/rosspaces/newboarding/Software-Team-Entrance-Task/ros_ws/install/local_setup.zsh'
[7.769s] INFO:colcon.colcon_core.shell:Creating prefix chain script '/home/ros/rosspaces/newboarding/Software-Team-Entrance-Task/ros_ws/install/setup.zsh'
