[0.020s] Invoking command in '/home/ros/rosspaces/newboarding/Software-Team-Entrance-Task/ros_ws/build/interfaces': CMAKE_PREFIX_PATH=${CMAKE_PREFIX_PATH}:/home/ros/rosspaces/newboarding/Software-Team-Entrance-Task/ros_ws/install/test_gps:/home/ros/rosspaces/newboarding/Software-Team-Entrance-Task/ros_ws/install/gps_distance:/opt/ros/humble /usr/bin/cmake --build /home/ros/rosspaces/newboarding/Software-Team-Entrance-Task/ros_ws/build/interfaces -- -j4 -l4
[0.063s] -- Found ament_cmake: 1.3.5 (/opt/ros/humble/share/ament_cmake/cmake)
[0.210s] -- Found rosidl_default_generators: 1.2.0 (/opt/ros/humble/share/rosidl_default_generators/cmake)
[0.212s] -- Using all available rosidl_typesupport_c: rosidl_typesupport_fastrtps_c;rosidl_typesupport_introspection_c
[0.215s] -- Found rosidl_adapter: 3.1.5 (/opt/ros/humble/share/rosidl_adapter/cmake)
[0.322s] -- Using all available rosidl_typesupport_cpp: rosidl_typesupport_fastrtps_cpp;rosidl_typesupport_introspection_cpp
[0.759s] -- Found ament_cmake_ros: 0.10.0 (/opt/ros/humble/share/ament_cmake_ros/cmake)
[1.198s] -- Using all available rosidl_typesupport_c: rosidl_typesupport_fastrtps_c;rosidl_typesupport_introspection_c
[1.561s] -- Using all available rosidl_typesupport_cpp: rosidl_typesupport_fastrtps_cpp;rosidl_typesupport_introspection_cpp
[1.599s] -- Found python_cmake_module: 0.10.0 (/opt/ros/humble/share/python_cmake_module/cmake)
[1.623s] -- Using PYTHON_EXECUTABLE: /usr/bin/python3
[1.623s] -- Using PYTHON_INCLUDE_DIRS: /usr/include/python3.10
[1.623s] -- Using PYTHON_LIBRARIES: /usr/lib/x86_64-linux-gnu/libpython3.10.so
[1.672s] -- Configuring done
[1.897s] -- Generating done
[1.904s] -- Build files have been written to: /home/ros/rosspaces/newboarding/Software-Team-Entrance-Task/ros_ws/build/interfaces
[1.968s] [  3%] [34m[1mGenerating C code for ROS interfaces[0m
[2.008s] [  6%] [34m[1mGenerating C++ code for ROS interfaces[0m
[2.080s] [  6%] Built target ament_cmake_python_copy_interfaces
[2.319s] [  6%] Built target interfaces__cpp
[2.353s] [  9%] [34m[1mGenerating C++ type support for eProsima Fast-RTPS[0m
[2.353s] [35m[1mConsolidate compiler generated dependencies of target interfaces__rosidl_generator_c[0m
[2.370s] [ 12%] [34m[1mGenerating C++ introspection for ROS interfaces[0m
[2.376s] [ 16%] [32mBuilding C object CMakeFiles/interfaces__rosidl_generator_c.dir/rosidl_generator_c/interfaces/msg/detail/completed__functions.c.o[0m
[2.393s] running egg_info
[2.393s] writing interfaces.egg-info/PKG-INFO
[2.395s] writing dependency_links to interfaces.egg-info/dependency_links.txt
[2.395s] writing top-level names to interfaces.egg-info/top_level.txt
[2.396s] reading manifest file 'interfaces.egg-info/SOURCES.txt'
[2.397s] writing manifest file 'interfaces.egg-info/SOURCES.txt'
[2.429s] [ 16%] Built target ament_cmake_python_build_interfaces_egg
[2.445s] [ 19%] [32m[1mLinking C shared library libinterfaces__rosidl_generator_c.so[0m
[2.453s] [ 22%] [34m[1mGenerating C++ type support dispatch for ROS interfaces[0m
[2.510s] [ 22%] Built target interfaces__rosidl_generator_c
[2.544s] [ 25%] [34m[1mGenerating C type support for eProsima Fast-RTPS[0m
[2.639s] [35m[1mConsolidate compiler generated dependencies of target interfaces__rosidl_typesupport_fastrtps_cpp[0m
[2.649s] [35m[1mConsolidate compiler generated dependencies of target interfaces__rosidl_typesupport_introspection_cpp[0m
[2.666s] [35m[1mConsolidate compiler generated dependencies of target interfaces__rosidl_typesupport_cpp[0m
[2.694s] [ 29%] [32mBuilding CXX object CMakeFiles/interfaces__rosidl_typesupport_fastrtps_cpp.dir/rosidl_typesupport_fastrtps_cpp/interfaces/msg/detail/dds_fastrtps/completed__type_support.cpp.o[0m
[2.712s] [ 32%] [32mBuilding CXX object CMakeFiles/interfaces__rosidl_typesupport_introspection_cpp.dir/rosidl_typesupport_introspection_cpp/interfaces/msg/detail/completed__type_support.cpp.o[0m
[2.726s] [ 35%] [32mBuilding CXX object CMakeFiles/interfaces__rosidl_typesupport_cpp.dir/rosidl_typesupport_cpp/interfaces/msg/completed__type_support.cpp.o[0m
[2.821s] [35m[1mConsolidate compiler generated dependencies of target interfaces__rosidl_typesupport_fastrtps_c[0m
[2.840s] [ 38%] [32mBuilding CXX object CMakeFiles/interfaces__rosidl_typesupport_fastrtps_c.dir/rosidl_typesupport_fastrtps_c/interfaces/msg/detail/completed__type_support_c.cpp.o[0m
[3.005s] [ 41%] [32m[1mLinking CXX shared library libinterfaces__rosidl_typesupport_cpp.so[0m
[3.083s] [ 41%] Built target interfaces__rosidl_typesupport_cpp
[3.097s] [ 45%] [34m[1mGenerating C introspection for ROS interfaces[0m
[3.098s] [ 48%] [32m[1mLinking CXX shared library libinterfaces__rosidl_typesupport_fastrtps_cpp.so[0m
[3.110s] [ 51%] [32m[1mLinking CXX shared library libinterfaces__rosidl_typesupport_introspection_cpp.so[0m
[3.158s] [ 51%] Built target interfaces__rosidl_typesupport_introspection_cpp
[3.216s] [ 54%] [34m[1mGenerating C type support dispatch for ROS interfaces[0m
[3.243s] [ 58%] [32m[1mLinking CXX shared library libinterfaces__rosidl_typesupport_fastrtps_c.so[0m
[3.295s] [ 58%] Built target interfaces__rosidl_typesupport_fastrtps_cpp
[3.367s] [35m[1mConsolidate compiler generated dependencies of target interfaces__rosidl_typesupport_introspection_c[0m
[3.373s] [ 58%] Built target interfaces__rosidl_typesupport_fastrtps_c
[3.390s] [ 61%] [32mBuilding C object CMakeFiles/interfaces__rosidl_typesupport_introspection_c.dir/rosidl_typesupport_introspection_c/interfaces/msg/detail/completed__type_support.c.o[0m
[3.455s] [ 64%] [32m[1mLinking C shared library libinterfaces__rosidl_typesupport_introspection_c.so[0m
[3.477s] [35m[1mConsolidate compiler generated dependencies of target interfaces__rosidl_typesupport_c[0m
[3.496s] [ 64%] Built target interfaces__rosidl_typesupport_introspection_c
[3.499s] [ 67%] [32mBuilding CXX object CMakeFiles/interfaces__rosidl_typesupport_c.dir/rosidl_typesupport_c/interfaces/msg/completed__type_support.cpp.o[0m
[3.536s] [ 70%] [32m[1mLinking CXX shared library libinterfaces__rosidl_typesupport_c.so[0m
[3.584s] [ 70%] Built target interfaces__rosidl_typesupport_c
[3.640s] [ 70%] Built target interfaces
[3.684s] [ 74%] [34m[1mGenerating Python code for ROS interfaces[0m
[3.996s] [ 74%] Built target interfaces__py
[4.033s] [35m[1mConsolidate compiler generated dependencies of target interfaces__rosidl_generator_py[0m
[4.069s] [ 77%] [32mBuilding C object CMakeFiles/interfaces__rosidl_generator_py.dir/rosidl_generator_py/interfaces/msg/_completed_s.c.o[0m
[4.173s] [ 80%] [32m[1mLinking C shared library rosidl_generator_py/interfaces/libinterfaces__rosidl_generator_py.so[0m
[4.224s] [ 80%] Built target interfaces__rosidl_generator_py
[4.240s] [35m[1mConsolidate compiler generated dependencies of target interfaces__rosidl_typesupport_fastrtps_c__pyext[0m
[4.240s] [35m[1mConsolidate compiler generated dependencies of target interfaces__rosidl_typesupport_introspection_c__pyext[0m
[4.241s] [35m[1mConsolidate compiler generated dependencies of target interfaces__rosidl_typesupport_c__pyext[0m
[4.263s] [ 83%] [32mBuilding C object CMakeFiles/interfaces__rosidl_typesupport_fastrtps_c__pyext.dir/rosidl_generator_py/interfaces/_interfaces_s.ep.rosidl_typesupport_fastrtps_c.c.o[0m
[4.294s] [ 87%] [32mBuilding C object CMakeFiles/interfaces__rosidl_typesupport_introspection_c__pyext.dir/rosidl_generator_py/interfaces/_interfaces_s.ep.rosidl_typesupport_introspection_c.c.o[0m
[4.307s] [ 90%] [32mBuilding C object CMakeFiles/interfaces__rosidl_typesupport_c__pyext.dir/rosidl_generator_py/interfaces/_interfaces_s.ep.rosidl_typesupport_c.c.o[0m
[4.416s] [ 93%] [32m[1mLinking C shared library rosidl_generator_py/interfaces/interfaces_s__rosidl_typesupport_c.cpython-310-x86_64-linux-gnu.so[0m
[4.432s] [100%] [32m[1mLinking C shared library rosidl_generator_py/interfaces/interfaces_s__rosidl_typesupport_fastrtps_c.cpython-310-x86_64-linux-gnu.so[0m
[4.433s] [100%] [32m[1mLinking C shared library rosidl_generator_py/interfaces/interfaces_s__rosidl_typesupport_introspection_c.cpython-310-x86_64-linux-gnu.so[0m
[4.461s] [100%] Built target interfaces__rosidl_typesupport_c__pyext
[4.502s] [100%] Built target interfaces__rosidl_typesupport_fastrtps_c__pyext
[4.512s] [100%] Built target interfaces__rosidl_typesupport_introspection_c__pyext
[4.526s] Invoked command in '/home/ros/rosspaces/newboarding/Software-Team-Entrance-Task/ros_ws/build/interfaces' returned '0': CMAKE_PREFIX_PATH=${CMAKE_PREFIX_PATH}:/home/ros/rosspaces/newboarding/Software-Team-Entrance-Task/ros_ws/install/test_gps:/home/ros/rosspaces/newboarding/Software-Team-Entrance-Task/ros_ws/install/gps_distance:/opt/ros/humble /usr/bin/cmake --build /home/ros/rosspaces/newboarding/Software-Team-Entrance-Task/ros_ws/build/interfaces -- -j4 -l4
[4.760s] Invoking command in '/home/ros/rosspaces/newboarding/Software-Team-Entrance-Task/ros_ws/build/interfaces': CMAKE_PREFIX_PATH=${CMAKE_PREFIX_PATH}:/home/ros/rosspaces/newboarding/Software-Team-Entrance-Task/ros_ws/install/test_gps:/home/ros/rosspaces/newboarding/Software-Team-Entrance-Task/ros_ws/install/gps_distance:/opt/ros/humble /usr/bin/cmake --install /home/ros/rosspaces/newboarding/Software-Team-Entrance-Task/ros_ws/build/interfaces
[4.781s] -- Install configuration: ""
[4.781s] -- Up-to-date: /home/ros/rosspaces/newboarding/Software-Team-Entrance-Task/ros_ws/install/interfaces/share/ament_index/resource_index/rosidl_interfaces/interfaces
[4.781s] -- Up-to-date: /home/ros/rosspaces/newboarding/Software-Team-Entrance-Task/ros_ws/install/interfaces/include/interfaces/interfaces
[4.781s] -- Up-to-date: /home/ros/rosspaces/newboarding/Software-Team-Entrance-Task/ros_ws/install/interfaces/include/interfaces/interfaces/msg
[4.781s] -- Installing: /home/ros/rosspaces/newboarding/Software-Team-Entrance-Task/ros_ws/install/interfaces/include/interfaces/interfaces/msg/completed.h
[4.781s] -- Up-to-date: /home/ros/rosspaces/newboarding/Software-Team-Entrance-Task/ros_ws/install/interfaces/include/interfaces/interfaces/msg/rosidl_generator_c__visibility_control.h
[4.781s] -- Up-to-date: /home/ros/rosspaces/newboarding/Software-Team-Entrance-Task/ros_ws/install/interfaces/include/interfaces/interfaces/msg/detail
[4.781s] -- Installing: /home/ros/rosspaces/newboarding/Software-Team-Entrance-Task/ros_ws/install/interfaces/include/interfaces/interfaces/msg/detail/completed__struct.h
[4.781s] -- Installing: /home/ros/rosspaces/newboarding/Software-Team-Entrance-Task/ros_ws/install/interfaces/include/interfaces/interfaces/msg/detail/completed__functions.h
[4.781s] -- Installing: /home/ros/rosspaces/newboarding/Software-Team-Entrance-Task/ros_ws/install/interfaces/include/interfaces/interfaces/msg/detail/completed__functions.c
[4.781s] -- Installing: /home/ros/rosspaces/newboarding/Software-Team-Entrance-Task/ros_ws/install/interfaces/include/interfaces/interfaces/msg/detail/completed__type_support.h
[4.781s] -- Up-to-date: /home/ros/rosspaces/newboarding/Software-Team-Entrance-Task/ros_ws/install/interfaces/share/interfaces/environment/library_path.sh
[4.781s] -- Installing: /home/ros/rosspaces/newboarding/Software-Team-Entrance-Task/ros_ws/install/interfaces/share/interfaces/environment/library_path.dsv
[4.782s] -- Installing: /home/ros/rosspaces/newboarding/Software-Team-Entrance-Task/ros_ws/install/interfaces/lib/libinterfaces__rosidl_generator_c.so
[4.787s] -- Set runtime path of "/home/ros/rosspaces/newboarding/Software-Team-Entrance-Task/ros_ws/install/interfaces/lib/libinterfaces__rosidl_generator_c.so" to ""
[4.787s] -- Up-to-date: /home/ros/rosspaces/newboarding/Software-Team-Entrance-Task/ros_ws/install/interfaces/include/interfaces/interfaces
[4.787s] -- Up-to-date: /home/ros/rosspaces/newboarding/Software-Team-Entrance-Task/ros_ws/install/interfaces/include/interfaces/interfaces/msg
[4.787s] -- Up-to-date: /home/ros/rosspaces/newboarding/Software-Team-Entrance-Task/ros_ws/install/interfaces/include/interfaces/interfaces/msg/detail
[4.787s] -- Installing: /home/ros/rosspaces/newboarding/Software-Team-Entrance-Task/ros_ws/install/interfaces/include/interfaces/interfaces/msg/detail/completed__rosidl_typesupport_fastrtps_c.h
[4.787s] -- Up-to-date: /home/ros/rosspaces/newboarding/Software-Team-Entrance-Task/ros_ws/install/interfaces/include/interfaces/interfaces/msg/rosidl_typesupport_fastrtps_c__visibility_control.h
[4.788s] -- Installing: /home/ros/rosspaces/newboarding/Software-Team-Entrance-Task/ros_ws/install/interfaces/lib/libinterfaces__rosidl_typesupport_fastrtps_c.so
[4.788s] -- Set runtime path of "/home/ros/rosspaces/newboarding/Software-Team-Entrance-Task/ros_ws/install/interfaces/lib/libinterfaces__rosidl_typesupport_fastrtps_c.so" to ""
[4.788s] -- Up-to-date: /home/ros/rosspaces/newboarding/Software-Team-Entrance-Task/ros_ws/install/interfaces/include/interfaces/interfaces
[4.788s] -- Up-to-date: /home/ros/rosspaces/newboarding/Software-Team-Entrance-Task/ros_ws/install/interfaces/include/interfaces/interfaces/msg
[4.788s] -- Up-to-date: /home/ros/rosspaces/newboarding/Software-Team-Entrance-Task/ros_ws/install/interfaces/include/interfaces/interfaces/msg/rosidl_typesupport_introspection_c__visibility_control.h
[4.788s] -- Up-to-date: /home/ros/rosspaces/newboarding/Software-Team-Entrance-Task/ros_ws/install/interfaces/include/interfaces/interfaces/msg/detail
[4.788s] -- Installing: /home/ros/rosspaces/newboarding/Software-Team-Entrance-Task/ros_ws/install/interfaces/include/interfaces/interfaces/msg/detail/completed__type_support.c
[4.788s] -- Installing: /home/ros/rosspaces/newboarding/Software-Team-Entrance-Task/ros_ws/install/interfaces/include/interfaces/interfaces/msg/detail/completed__rosidl_typesupport_introspection_c.h
[4.792s] -- Installing: /home/ros/rosspaces/newboarding/Software-Team-Entrance-Task/ros_ws/install/interfaces/lib/libinterfaces__rosidl_typesupport_introspection_c.so
[4.792s] -- Set runtime path of "/home/ros/rosspaces/newboarding/Software-Team-Entrance-Task/ros_ws/install/interfaces/lib/libinterfaces__rosidl_typesupport_introspection_c.so" to ""
[4.792s] -- Installing: /home/ros/rosspaces/newboarding/Software-Team-Entrance-Task/ros_ws/install/interfaces/lib/libinterfaces__rosidl_typesupport_c.so
[4.800s] -- Set runtime path of "/home/ros/rosspaces/newboarding/Software-Team-Entrance-Task/ros_ws/install/interfaces/lib/libinterfaces__rosidl_typesupport_c.so" to ""
[4.800s] -- Up-to-date: /home/ros/rosspaces/newboarding/Software-Team-Entrance-Task/ros_ws/install/interfaces/include/interfaces/interfaces
[4.800s] -- Up-to-date: /home/ros/rosspaces/newboarding/Software-Team-Entrance-Task/ros_ws/install/interfaces/include/interfaces/interfaces/msg
[4.801s] -- Up-to-date: /home/ros/rosspaces/newboarding/Software-Team-Entrance-Task/ros_ws/install/interfaces/include/interfaces/interfaces/msg/detail
[4.801s] -- Installing: /home/ros/rosspaces/newboarding/Software-Team-Entrance-Task/ros_ws/install/interfaces/include/interfaces/interfaces/msg/detail/completed__struct.hpp
[4.801s] -- Installing: /home/ros/rosspaces/newboarding/Software-Team-Entrance-Task/ros_ws/install/interfaces/include/interfaces/interfaces/msg/detail/completed__builder.hpp
[4.801s] -- Installing: /home/ros/rosspaces/newboarding/Software-Team-Entrance-Task/ros_ws/install/interfaces/include/interfaces/interfaces/msg/detail/completed__traits.hpp
[4.801s] -- Installing: /home/ros/rosspaces/newboarding/Software-Team-Entrance-Task/ros_ws/install/interfaces/include/interfaces/interfaces/msg/completed.hpp
[4.801s] -- Up-to-date: /home/ros/rosspaces/newboarding/Software-Team-Entrance-Task/ros_ws/install/interfaces/include/interfaces/interfaces
[4.801s] -- Up-to-date: /home/ros/rosspaces/newboarding/Software-Team-Entrance-Task/ros_ws/install/interfaces/include/interfaces/interfaces/msg
[4.801s] -- Up-to-date: /home/ros/rosspaces/newboarding/Software-Team-Entrance-Task/ros_ws/install/interfaces/include/interfaces/interfaces/msg/rosidl_typesupport_fastrtps_cpp__visibility_control.h
[4.801s] -- Up-to-date: /home/ros/rosspaces/newboarding/Software-Team-Entrance-Task/ros_ws/install/interfaces/include/interfaces/interfaces/msg/detail
[4.801s] -- Installing: /home/ros/rosspaces/newboarding/Software-Team-Entrance-Task/ros_ws/install/interfaces/include/interfaces/interfaces/msg/detail/completed__rosidl_typesupport_fastrtps_cpp.hpp
[4.801s] -- Up-to-date: /home/ros/rosspaces/newboarding/Software-Team-Entrance-Task/ros_ws/install/interfaces/include/interfaces/interfaces/msg/detail/dds_fastrtps
[4.801s] -- Installing: /home/ros/rosspaces/newboarding/Software-Team-Entrance-Task/ros_ws/install/interfaces/lib/libinterfaces__rosidl_typesupport_fastrtps_cpp.so
[4.801s] -- Set runtime path of "/home/ros/rosspaces/newboarding/Software-Team-Entrance-Task/ros_ws/install/interfaces/lib/libinterfaces__rosidl_typesupport_fastrtps_cpp.so" to ""
[4.801s] -- Up-to-date: /home/ros/rosspaces/newboarding/Software-Team-Entrance-Task/ros_ws/install/interfaces/include/interfaces/interfaces
[4.801s] -- Up-to-date: /home/ros/rosspaces/newboarding/Software-Team-Entrance-Task/ros_ws/install/interfaces/include/interfaces/interfaces/msg
[4.805s] -- Up-to-date: /home/ros/rosspaces/newboarding/Software-Team-Entrance-Task/ros_ws/install/interfaces/include/interfaces/interfaces/msg/detail
[4.805s] -- Installing: /home/ros/rosspaces/newboarding/Software-Team-Entrance-Task/ros_ws/install/interfaces/include/interfaces/interfaces/msg/detail/completed__rosidl_typesupport_introspection_cpp.hpp
[4.805s] -- Installing: /home/ros/rosspaces/newboarding/Software-Team-Entrance-Task/ros_ws/install/interfaces/include/interfaces/interfaces/msg/detail/completed__type_support.cpp
[4.805s] -- Installing: /home/ros/rosspaces/newboarding/Software-Team-Entrance-Task/ros_ws/install/interfaces/lib/libinterfaces__rosidl_typesupport_introspection_cpp.so
[4.805s] -- Set runtime path of "/home/ros/rosspaces/newboarding/Software-Team-Entrance-Task/ros_ws/install/interfaces/lib/libinterfaces__rosidl_typesupport_introspection_cpp.so" to ""
[4.805s] -- Installing: /home/ros/rosspaces/newboarding/Software-Team-Entrance-Task/ros_ws/install/interfaces/lib/libinterfaces__rosidl_typesupport_cpp.so
[4.805s] -- Set runtime path of "/home/ros/rosspaces/newboarding/Software-Team-Entrance-Task/ros_ws/install/interfaces/lib/libinterfaces__rosidl_typesupport_cpp.so" to ""
[4.805s] -- Up-to-date: /home/ros/rosspaces/newboarding/Software-Team-Entrance-Task/ros_ws/install/interfaces/share/interfaces/environment/pythonpath.sh
[4.806s] -- Installing: /home/ros/rosspaces/newboarding/Software-Team-Entrance-Task/ros_ws/install/interfaces/share/interfaces/environment/pythonpath.dsv
[4.806s] -- Up-to-date: /home/ros/rosspaces/newboarding/Software-Team-Entrance-Task/ros_ws/install/interfaces/local/lib/python3.10/dist-packages/interfaces-0.0.0-py3.10.egg-info
[4.806s] -- Installing: /home/ros/rosspaces/newboarding/Software-Team-Entrance-Task/ros_ws/install/interfaces/local/lib/python3.10/dist-packages/interfaces-0.0.0-py3.10.egg-info/dependency_links.txt
[4.806s] -- Installing: /home/ros/rosspaces/newboarding/Software-Team-Entrance-Task/ros_ws/install/interfaces/local/lib/python3.10/dist-packages/interfaces-0.0.0-py3.10.egg-info/top_level.txt
[4.806s] -- Installing: /home/ros/rosspaces/newboarding/Software-Team-Entrance-Task/ros_ws/install/interfaces/local/lib/python3.10/dist-packages/interfaces-0.0.0-py3.10.egg-info/SOURCES.txt
[4.806s] -- Installing: /home/ros/rosspaces/newboarding/Software-Team-Entrance-Task/ros_ws/install/interfaces/local/lib/python3.10/dist-packages/interfaces-0.0.0-py3.10.egg-info/PKG-INFO
[4.806s] -- Up-to-date: /home/ros/rosspaces/newboarding/Software-Team-Entrance-Task/ros_ws/install/interfaces/local/lib/python3.10/dist-packages/interfaces
[4.806s] -- Installing: /home/ros/rosspaces/newboarding/Software-Team-Entrance-Task/ros_ws/install/interfaces/local/lib/python3.10/dist-packages/interfaces/libinterfaces__rosidl_generator_py.so
[4.806s] -- Installing: /home/ros/rosspaces/newboarding/Software-Team-Entrance-Task/ros_ws/install/interfaces/local/lib/python3.10/dist-packages/interfaces/_interfaces_s.ep.rosidl_typesupport_fastrtps_c.c
[4.806s] -- Installing: /home/ros/rosspaces/newboarding/Software-Team-Entrance-Task/ros_ws/install/interfaces/local/lib/python3.10/dist-packages/interfaces/_interfaces_s.ep.rosidl_typesupport_introspection_c.c
[4.806s] -- Installing: /home/ros/rosspaces/newboarding/Software-Team-Entrance-Task/ros_ws/install/interfaces/local/lib/python3.10/dist-packages/interfaces/interfaces_s__rosidl_typesupport_fastrtps_c.cpython-310-x86_64-linux-gnu.so
[4.806s] -- Installing: /home/ros/rosspaces/newboarding/Software-Team-Entrance-Task/ros_ws/install/interfaces/local/lib/python3.10/dist-packages/interfaces/interfaces_s__rosidl_typesupport_introspection_c.cpython-310-x86_64-linux-gnu.so
[4.806s] -- Installing: /home/ros/rosspaces/newboarding/Software-Team-Entrance-Task/ros_ws/install/interfaces/local/lib/python3.10/dist-packages/interfaces/__init__.py
[4.806s] -- Up-to-date: /home/ros/rosspaces/newboarding/Software-Team-Entrance-Task/ros_ws/install/interfaces/local/lib/python3.10/dist-packages/interfaces/msg
[4.807s] -- Installing: /home/ros/rosspaces/newboarding/Software-Team-Entrance-Task/ros_ws/install/interfaces/local/lib/python3.10/dist-packages/interfaces/msg/_completed.py
[4.807s] -- Installing: /home/ros/rosspaces/newboarding/Software-Team-Entrance-Task/ros_ws/install/interfaces/local/lib/python3.10/dist-packages/interfaces/msg/__init__.py
[4.807s] -- Installing: /home/ros/rosspaces/newboarding/Software-Team-Entrance-Task/ros_ws/install/interfaces/local/lib/python3.10/dist-packages/interfaces/msg/_completed_s.c
[4.807s] -- Installing: /home/ros/rosspaces/newboarding/Software-Team-Entrance-Task/ros_ws/install/interfaces/local/lib/python3.10/dist-packages/interfaces/_interfaces_s.ep.rosidl_typesupport_c.c
[4.807s] -- Installing: /home/ros/rosspaces/newboarding/Software-Team-Entrance-Task/ros_ws/install/interfaces/local/lib/python3.10/dist-packages/interfaces/interfaces_s__rosidl_typesupport_c.cpython-310-x86_64-linux-gnu.so
[4.844s] Listing '/home/ros/rosspaces/newboarding/Software-Team-Entrance-Task/ros_ws/install/interfaces/local/lib/python3.10/dist-packages/interfaces'...
[4.844s] Compiling '/home/ros/rosspaces/newboarding/Software-Team-Entrance-Task/ros_ws/install/interfaces/local/lib/python3.10/dist-packages/interfaces/__init__.py'...
[4.844s] Listing '/home/ros/rosspaces/newboarding/Software-Team-Entrance-Task/ros_ws/install/interfaces/local/lib/python3.10/dist-packages/interfaces/msg'...
[4.844s] Compiling '/home/ros/rosspaces/newboarding/Software-Team-Entrance-Task/ros_ws/install/interfaces/local/lib/python3.10/dist-packages/interfaces/msg/__init__.py'...
[4.844s] Compiling '/home/ros/rosspaces/newboarding/Software-Team-Entrance-Task/ros_ws/install/interfaces/local/lib/python3.10/dist-packages/interfaces/msg/_completed.py'...
[4.849s] -- Installing: /home/ros/rosspaces/newboarding/Software-Team-Entrance-Task/ros_ws/install/interfaces/local/lib/python3.10/dist-packages/interfaces/interfaces_s__rosidl_typesupport_fastrtps_c.cpython-310-x86_64-linux-gnu.so
[4.850s] -- Set runtime path of "/home/ros/rosspaces/newboarding/Software-Team-Entrance-Task/ros_ws/install/interfaces/local/lib/python3.10/dist-packages/interfaces/interfaces_s__rosidl_typesupport_fastrtps_c.cpython-310-x86_64-linux-gnu.so" to ""
[4.850s] -- Installing: /home/ros/rosspaces/newboarding/Software-Team-Entrance-Task/ros_ws/install/interfaces/local/lib/python3.10/dist-packages/interfaces/interfaces_s__rosidl_typesupport_introspection_c.cpython-310-x86_64-linux-gnu.so
[4.850s] -- Set runtime path of "/home/ros/rosspaces/newboarding/Software-Team-Entrance-Task/ros_ws/install/interfaces/local/lib/python3.10/dist-packages/interfaces/interfaces_s__rosidl_typesupport_introspection_c.cpython-310-x86_64-linux-gnu.so" to ""
[4.850s] -- Installing: /home/ros/rosspaces/newboarding/Software-Team-Entrance-Task/ros_ws/install/interfaces/local/lib/python3.10/dist-packages/interfaces/interfaces_s__rosidl_typesupport_c.cpython-310-x86_64-linux-gnu.so
[4.852s] -- Set runtime path of "/home/ros/rosspaces/newboarding/Software-Team-Entrance-Task/ros_ws/install/interfaces/local/lib/python3.10/dist-packages/interfaces/interfaces_s__rosidl_typesupport_c.cpython-310-x86_64-linux-gnu.so" to ""
[4.852s] -- Installing: /home/ros/rosspaces/newboarding/Software-Team-Entrance-Task/ros_ws/install/interfaces/lib/libinterfaces__rosidl_generator_py.so
[4.853s] -- Set runtime path of "/home/ros/rosspaces/newboarding/Software-Team-Entrance-Task/ros_ws/install/interfaces/lib/libinterfaces__rosidl_generator_py.so" to ""
[4.853s] -- Installing: /home/ros/rosspaces/newboarding/Software-Team-Entrance-Task/ros_ws/install/interfaces/share/interfaces/msg/Completed.idl
[4.854s] -- Installing: /home/ros/rosspaces/newboarding/Software-Team-Entrance-Task/ros_ws/install/interfaces/share/interfaces/msg/Completed.msg
[4.854s] -- Up-to-date: /home/ros/rosspaces/newboarding/Software-Team-Entrance-Task/ros_ws/install/interfaces/share/ament_index/resource_index/package_run_dependencies/interfaces
[4.854s] -- Up-to-date: /home/ros/rosspaces/newboarding/Software-Team-Entrance-Task/ros_ws/install/interfaces/share/ament_index/resource_index/parent_prefix_path/interfaces
[4.854s] -- Up-to-date: /home/ros/rosspaces/newboarding/Software-Team-Entrance-Task/ros_ws/install/interfaces/share/interfaces/environment/ament_prefix_path.sh
[4.854s] -- Installing: /home/ros/rosspaces/newboarding/Software-Team-Entrance-Task/ros_ws/install/interfaces/share/interfaces/environment/ament_prefix_path.dsv
[4.855s] -- Up-to-date: /home/ros/rosspaces/newboarding/Software-Team-Entrance-Task/ros_ws/install/interfaces/share/interfaces/environment/path.sh
[4.855s] -- Installing: /home/ros/rosspaces/newboarding/Software-Team-Entrance-Task/ros_ws/install/interfaces/share/interfaces/environment/path.dsv
[4.855s] -- Up-to-date: /home/ros/rosspaces/newboarding/Software-Team-Entrance-Task/ros_ws/install/interfaces/share/interfaces/local_setup.bash
[4.855s] -- Up-to-date: /home/ros/rosspaces/newboarding/Software-Team-Entrance-Task/ros_ws/install/interfaces/share/interfaces/local_setup.sh
[4.855s] -- Up-to-date: /home/ros/rosspaces/newboarding/Software-Team-Entrance-Task/ros_ws/install/interfaces/share/interfaces/local_setup.zsh
[4.855s] -- Installing: /home/ros/rosspaces/newboarding/Software-Team-Entrance-Task/ros_ws/install/interfaces/share/interfaces/local_setup.dsv
[4.856s] -- Installing: /home/ros/rosspaces/newboarding/Software-Team-Entrance-Task/ros_ws/install/interfaces/share/interfaces/package.dsv
[4.856s] -- Up-to-date: /home/ros/rosspaces/newboarding/Software-Team-Entrance-Task/ros_ws/install/interfaces/share/ament_index/resource_index/packages/interfaces
[4.856s] -- Up-to-date: /home/ros/rosspaces/newboarding/Software-Team-Entrance-Task/ros_ws/install/interfaces/share/interfaces/cmake/export_interfaces__rosidl_generator_cExport.cmake
[4.856s] -- Up-to-date: /home/ros/rosspaces/newboarding/Software-Team-Entrance-Task/ros_ws/install/interfaces/share/interfaces/cmake/export_interfaces__rosidl_generator_cExport-noconfig.cmake
[4.856s] -- Up-to-date: /home/ros/rosspaces/newboarding/Software-Team-Entrance-Task/ros_ws/install/interfaces/share/interfaces/cmake/export_interfaces__rosidl_typesupport_fastrtps_cExport.cmake
[4.856s] -- Up-to-date: /home/ros/rosspaces/newboarding/Software-Team-Entrance-Task/ros_ws/install/interfaces/share/interfaces/cmake/export_interfaces__rosidl_typesupport_fastrtps_cExport-noconfig.cmake
[4.857s] -- Up-to-date: /home/ros/rosspaces/newboarding/Software-Team-Entrance-Task/ros_ws/install/interfaces/share/interfaces/cmake/interfaces__rosidl_typesupport_introspection_cExport.cmake
[4.857s] -- Up-to-date: /home/ros/rosspaces/newboarding/Software-Team-Entrance-Task/ros_ws/install/interfaces/share/interfaces/cmake/interfaces__rosidl_typesupport_introspection_cExport-noconfig.cmake
[4.857s] -- Up-to-date: /home/ros/rosspaces/newboarding/Software-Team-Entrance-Task/ros_ws/install/interfaces/share/interfaces/cmake/interfaces__rosidl_typesupport_cExport.cmake
[4.857s] -- Up-to-date: /home/ros/rosspaces/newboarding/Software-Team-Entrance-Task/ros_ws/install/interfaces/share/interfaces/cmake/interfaces__rosidl_typesupport_cExport-noconfig.cmake
[4.858s] -- Up-to-date: /home/ros/rosspaces/newboarding/Software-Team-Entrance-Task/ros_ws/install/interfaces/share/interfaces/cmake/export_interfaces__rosidl_generator_cppExport.cmake
[4.858s] -- Up-to-date: /home/ros/rosspaces/newboarding/Software-Team-Entrance-Task/ros_ws/install/interfaces/share/interfaces/cmake/export_interfaces__rosidl_typesupport_fastrtps_cppExport.cmake
[4.858s] -- Up-to-date: /home/ros/rosspaces/newboarding/Software-Team-Entrance-Task/ros_ws/install/interfaces/share/interfaces/cmake/export_interfaces__rosidl_typesupport_fastrtps_cppExport-noconfig.cmake
[4.859s] -- Up-to-date: /home/ros/rosspaces/newboarding/Software-Team-Entrance-Task/ros_ws/install/interfaces/share/interfaces/cmake/interfaces__rosidl_typesupport_introspection_cppExport.cmake
[4.859s] -- Up-to-date: /home/ros/rosspaces/newboarding/Software-Team-Entrance-Task/ros_ws/install/interfaces/share/interfaces/cmake/interfaces__rosidl_typesupport_introspection_cppExport-noconfig.cmake
[4.859s] -- Up-to-date: /home/ros/rosspaces/newboarding/Software-Team-Entrance-Task/ros_ws/install/interfaces/share/interfaces/cmake/interfaces__rosidl_typesupport_cppExport.cmake
[4.859s] -- Up-to-date: /home/ros/rosspaces/newboarding/Software-Team-Entrance-Task/ros_ws/install/interfaces/share/interfaces/cmake/interfaces__rosidl_typesupport_cppExport-noconfig.cmake
[4.859s] -- Up-to-date: /home/ros/rosspaces/newboarding/Software-Team-Entrance-Task/ros_ws/install/interfaces/share/interfaces/cmake/export_interfaces__rosidl_generator_pyExport.cmake
[4.859s] -- Up-to-date: /home/ros/rosspaces/newboarding/Software-Team-Entrance-Task/ros_ws/install/interfaces/share/interfaces/cmake/export_interfaces__rosidl_generator_pyExport-noconfig.cmake
[4.859s] -- Up-to-date: /home/ros/rosspaces/newboarding/Software-Team-Entrance-Task/ros_ws/install/interfaces/share/interfaces/cmake/rosidl_cmake-extras.cmake
[4.859s] -- Up-to-date: /home/ros/rosspaces/newboarding/Software-Team-Entrance-Task/ros_ws/install/interfaces/share/interfaces/cmake/ament_cmake_export_include_directories-extras.cmake
[4.860s] -- Up-to-date: /home/ros/rosspaces/newboarding/Software-Team-Entrance-Task/ros_ws/install/interfaces/share/interfaces/cmake/ament_cmake_export_libraries-extras.cmake
[4.860s] -- Up-to-date: /home/ros/rosspaces/newboarding/Software-Team-Entrance-Task/ros_ws/install/interfaces/share/interfaces/cmake/ament_cmake_export_targets-extras.cmake
[4.860s] -- Up-to-date: /home/ros/rosspaces/newboarding/Software-Team-Entrance-Task/ros_ws/install/interfaces/share/interfaces/cmake/rosidl_cmake_export_typesupport_targets-extras.cmake
[4.860s] -- Up-to-date: /home/ros/rosspaces/newboarding/Software-Team-Entrance-Task/ros_ws/install/interfaces/share/interfaces/cmake/ament_cmake_export_dependencies-extras.cmake
[4.860s] -- Up-to-date: /home/ros/rosspaces/newboarding/Software-Team-Entrance-Task/ros_ws/install/interfaces/share/interfaces/cmake/rosidl_cmake_export_typesupport_libraries-extras.cmake
[4.861s] -- Up-to-date: /home/ros/rosspaces/newboarding/Software-Team-Entrance-Task/ros_ws/install/interfaces/share/interfaces/cmake/interfacesConfig.cmake
[4.861s] -- Up-to-date: /home/ros/rosspaces/newboarding/Software-Team-Entrance-Task/ros_ws/install/interfaces/share/interfaces/cmake/interfacesConfig-version.cmake
[4.861s] -- Up-to-date: /home/ros/rosspaces/newboarding/Software-Team-Entrance-Task/ros_ws/install/interfaces/share/interfaces/package.xml
[4.868s] Invoked command in '/home/ros/rosspaces/newboarding/Software-Team-Entrance-Task/ros_ws/build/interfaces' returned '0': CMAKE_PREFIX_PATH=${CMAKE_PREFIX_PATH}:/home/ros/rosspaces/newboarding/Software-Team-Entrance-Task/ros_ws/install/test_gps:/home/ros/rosspaces/newboarding/Software-Team-Entrance-Task/ros_ws/install/gps_distance:/opt/ros/humble /usr/bin/cmake --install /home/ros/rosspaces/newboarding/Software-Team-Entrance-Task/ros_ws/build/interfaces
