[0.315s] DEBUG:colcon:Command line arguments: ['/usr/bin/colcon', 'build']
[0.315s] DEBUG:colcon:Parsed command line arguments: Namespace(log_base=None, log_level=None, verb_name='build', build_base='build', install_base='install', merge_install=False, symlink_install=False, test_result_base=None, continue_on_error=False, executor='parallel', parallel_workers=4, event_handlers=None, ignore_user_meta=False, metas=['./colcon.meta'], base_paths=['.'], packages_ignore=None, packages_ignore_regex=None, paths=None, packages_up_to=None, packages_up_to_regex=None, packages_above=None, packages_above_and_dependencies=None, packages_above_depth=None, packages_select_by_dep=None, packages_skip_by_dep=None, packages_skip_up_to=None, packages_select_build_failed=False, packages_skip_build_finished=False, packages_select_test_failures=False, packages_skip_test_passed=False, packages_select=None, packages_skip=None, packages_select_regex=None, packages_skip_regex=None, packages_start=None, packages_end=None, allow_overriding=[], cmake_args=None, cmake_target=None, cmake_target_skip_unavailable=False, cmake_clean_cache=False, cmake_clean_first=False, cmake_force_configure=False, ament_cmake_args=None, catkin_cmake_args=None, catkin_skip_building_tests=False, verb_parser=<colcon_defaults.argument_parser.defaults.DefaultArgumentsDecorator object at 0x7fd4721bc970>, verb_extension=<colcon_core.verb.build.BuildVerb object at 0x7fd4729d6ef0>, main=<bound method BuildVerb.main of <colcon_core.verb.build.BuildVerb object at 0x7fd4729d6ef0>>)
[0.343s] Level 1:colcon.colcon_core.package_discovery:discover_packages(colcon_meta) check parameters
[0.343s] Level 1:colcon.colcon_core.package_discovery:discover_packages(recursive) check parameters
[0.343s] Level 1:colcon.colcon_core.package_discovery:discover_packages(ignore) check parameters
[0.343s] Level 1:colcon.colcon_core.package_discovery:discover_packages(path) check parameters
[0.343s] Level 1:colcon.colcon_core.package_discovery:discover_packages(colcon_meta) discover
[0.343s] Level 1:colcon.colcon_core.package_discovery:discover_packages(recursive) discover
[0.343s] INFO:colcon.colcon_core.package_discovery:Crawling recursively for packages in '/home/ros/rosspaces/newboarding/Software-Team-Entrance-Task/ros_ws'
[0.343s] Level 1:colcon.colcon_core.package_identification:_identify(.) by extensions ['ignore', 'ignore_ament_install']
[0.344s] Level 1:colcon.colcon_core.package_identification:_identify(.) by extension 'ignore'
[0.344s] Level 1:colcon.colcon_core.package_identification:_identify(.) by extension 'ignore_ament_install'
[0.344s] Level 1:colcon.colcon_core.package_identification:_identify(.) by extensions ['colcon_pkg']
[0.344s] Level 1:colcon.colcon_core.package_identification:_identify(.) by extension 'colcon_pkg'
[0.344s] Level 1:colcon.colcon_core.package_identification:_identify(.) by extensions ['colcon_meta']
[0.344s] Level 1:colcon.colcon_core.package_identification:_identify(.) by extension 'colcon_meta'
[0.344s] Level 1:colcon.colcon_core.package_identification:_identify(.) by extensions ['ros']
[0.344s] Level 1:colcon.colcon_core.package_identification:_identify(.) by extension 'ros'
[0.354s] Level 1:colcon.colcon_core.package_identification:_identify(.) by extensions ['cmake', 'python']
[0.354s] Level 1:colcon.colcon_core.package_identification:_identify(.) by extension 'cmake'
[0.354s] Level 1:colcon.colcon_core.package_identification:_identify(.) by extension 'python'
[0.354s] Level 1:colcon.colcon_core.package_identification:_identify(.) by extensions ['python_setup_py']
[0.354s] Level 1:colcon.colcon_core.package_identification:_identify(.) by extension 'python_setup_py'
[0.355s] Level 1:colcon.colcon_core.package_identification:_identify(build) by extensions ['ignore', 'ignore_ament_install']
[0.355s] Level 1:colcon.colcon_core.package_identification:_identify(build) by extension 'ignore'
[0.355s] Level 1:colcon.colcon_core.package_identification:_identify(build) ignored
[0.355s] Level 1:colcon.colcon_core.package_identification:_identify(install) by extensions ['ignore', 'ignore_ament_install']
[0.355s] Level 1:colcon.colcon_core.package_identification:_identify(install) by extension 'ignore'
[0.355s] Level 1:colcon.colcon_core.package_identification:_identify(install) ignored
[0.355s] Level 1:colcon.colcon_core.package_identification:_identify(log) by extensions ['ignore', 'ignore_ament_install']
[0.355s] Level 1:colcon.colcon_core.package_identification:_identify(log) by extension 'ignore'
[0.356s] Level 1:colcon.colcon_core.package_identification:_identify(log) ignored
[0.356s] Level 1:colcon.colcon_core.package_identification:_identify(src) by extensions ['ignore', 'ignore_ament_install']
[0.356s] Level 1:colcon.colcon_core.package_identification:_identify(src) by extension 'ignore'
[0.356s] Level 1:colcon.colcon_core.package_identification:_identify(src) by extension 'ignore_ament_install'
[0.356s] Level 1:colcon.colcon_core.package_identification:_identify(src) by extensions ['colcon_pkg']
[0.356s] Level 1:colcon.colcon_core.package_identification:_identify(src) by extension 'colcon_pkg'
[0.356s] Level 1:colcon.colcon_core.package_identification:_identify(src) by extensions ['colcon_meta']
[0.356s] Level 1:colcon.colcon_core.package_identification:_identify(src) by extension 'colcon_meta'
[0.356s] Level 1:colcon.colcon_core.package_identification:_identify(src) by extensions ['ros']
[0.356s] Level 1:colcon.colcon_core.package_identification:_identify(src) by extension 'ros'
[0.356s] Level 1:colcon.colcon_core.package_identification:_identify(src) by extensions ['cmake', 'python']
[0.356s] Level 1:colcon.colcon_core.package_identification:_identify(src) by extension 'cmake'
[0.357s] Level 1:colcon.colcon_core.package_identification:_identify(src) by extension 'python'
[0.357s] Level 1:colcon.colcon_core.package_identification:_identify(src) by extensions ['python_setup_py']
[0.357s] Level 1:colcon.colcon_core.package_identification:_identify(src) by extension 'python_setup_py'
[0.357s] Level 1:colcon.colcon_core.package_identification:_identify(src/Navigation) by extensions ['ignore', 'ignore_ament_install']
[0.357s] Level 1:colcon.colcon_core.package_identification:_identify(src/Navigation) by extension 'ignore'
[0.357s] Level 1:colcon.colcon_core.package_identification:_identify(src/Navigation) by extension 'ignore_ament_install'
[0.357s] Level 1:colcon.colcon_core.package_identification:_identify(src/Navigation) by extensions ['colcon_pkg']
[0.357s] Level 1:colcon.colcon_core.package_identification:_identify(src/Navigation) by extension 'colcon_pkg'
[0.357s] Level 1:colcon.colcon_core.package_identification:_identify(src/Navigation) by extensions ['colcon_meta']
[0.357s] Level 1:colcon.colcon_core.package_identification:_identify(src/Navigation) by extension 'colcon_meta'
[0.357s] Level 1:colcon.colcon_core.package_identification:_identify(src/Navigation) by extensions ['ros']
[0.357s] Level 1:colcon.colcon_core.package_identification:_identify(src/Navigation) by extension 'ros'
[0.357s] Level 1:colcon.colcon_core.package_identification:_identify(src/Navigation) by extensions ['cmake', 'python']
[0.357s] Level 1:colcon.colcon_core.package_identification:_identify(src/Navigation) by extension 'cmake'
[0.358s] Level 1:colcon.colcon_core.package_identification:_identify(src/Navigation) by extension 'python'
[0.358s] Level 1:colcon.colcon_core.package_identification:_identify(src/Navigation) by extensions ['python_setup_py']
[0.358s] Level 1:colcon.colcon_core.package_identification:_identify(src/Navigation) by extension 'python_setup_py'
[0.358s] Level 1:colcon.colcon_core.package_identification:_identify(src/Navigation/gps_distance) by extensions ['ignore', 'ignore_ament_install']
[0.358s] Level 1:colcon.colcon_core.package_identification:_identify(src/Navigation/gps_distance) by extension 'ignore'
[0.358s] Level 1:colcon.colcon_core.package_identification:_identify(src/Navigation/gps_distance) by extension 'ignore_ament_install'
[0.358s] Level 1:colcon.colcon_core.package_identification:_identify(src/Navigation/gps_distance) by extensions ['colcon_pkg']
[0.358s] Level 1:colcon.colcon_core.package_identification:_identify(src/Navigation/gps_distance) by extension 'colcon_pkg'
[0.358s] Level 1:colcon.colcon_core.package_identification:_identify(src/Navigation/gps_distance) by extensions ['colcon_meta']
[0.358s] Level 1:colcon.colcon_core.package_identification:_identify(src/Navigation/gps_distance) by extension 'colcon_meta'
[0.358s] Level 1:colcon.colcon_core.package_identification:_identify(src/Navigation/gps_distance) by extensions ['ros']
[0.358s] Level 1:colcon.colcon_core.package_identification:_identify(src/Navigation/gps_distance) by extension 'ros'
[0.361s] DEBUG:colcon.colcon_core.package_identification:Package 'src/Navigation/gps_distance' with type 'ros.ament_python' and name 'gps_distance'
[0.361s] Level 1:colcon.colcon_core.package_identification:_identify(src/Navigation/launch_nav) by extensions ['ignore', 'ignore_ament_install']
[0.361s] Level 1:colcon.colcon_core.package_identification:_identify(src/Navigation/launch_nav) by extension 'ignore'
[0.361s] Level 1:colcon.colcon_core.package_identification:_identify(src/Navigation/launch_nav) by extension 'ignore_ament_install'
[0.361s] Level 1:colcon.colcon_core.package_identification:_identify(src/Navigation/launch_nav) by extensions ['colcon_pkg']
[0.361s] Level 1:colcon.colcon_core.package_identification:_identify(src/Navigation/launch_nav) by extension 'colcon_pkg'
[0.361s] Level 1:colcon.colcon_core.package_identification:_identify(src/Navigation/launch_nav) by extensions ['colcon_meta']
[0.361s] Level 1:colcon.colcon_core.package_identification:_identify(src/Navigation/launch_nav) by extension 'colcon_meta'
[0.361s] Level 1:colcon.colcon_core.package_identification:_identify(src/Navigation/launch_nav) by extensions ['ros']
[0.361s] Level 1:colcon.colcon_core.package_identification:_identify(src/Navigation/launch_nav) by extension 'ros'
[0.362s] DEBUG:colcon.colcon_core.package_identification:Package 'src/Navigation/launch_nav' with type 'ros.ament_cmake' and name 'launch_nav'
[0.362s] Level 1:colcon.colcon_core.package_identification:_identify(src/interfaces) by extensions ['ignore', 'ignore_ament_install']
[0.362s] Level 1:colcon.colcon_core.package_identification:_identify(src/interfaces) by extension 'ignore'
[0.362s] Level 1:colcon.colcon_core.package_identification:_identify(src/interfaces) by extension 'ignore_ament_install'
[0.362s] Level 1:colcon.colcon_core.package_identification:_identify(src/interfaces) by extensions ['colcon_pkg']
[0.362s] Level 1:colcon.colcon_core.package_identification:_identify(src/interfaces) by extension 'colcon_pkg'
[0.362s] Level 1:colcon.colcon_core.package_identification:_identify(src/interfaces) by extensions ['colcon_meta']
[0.363s] Level 1:colcon.colcon_core.package_identification:_identify(src/interfaces) by extension 'colcon_meta'
[0.363s] Level 1:colcon.colcon_core.package_identification:_identify(src/interfaces) by extensions ['ros']
[0.363s] Level 1:colcon.colcon_core.package_identification:_identify(src/interfaces) by extension 'ros'
[0.363s] DEBUG:colcon.colcon_core.package_identification:Package 'src/interfaces' with type 'ros.ament_cmake' and name 'interfaces'
[0.363s] Level 1:colcon.colcon_core.package_identification:_identify(src/testing) by extensions ['ignore', 'ignore_ament_install']
[0.363s] Level 1:colcon.colcon_core.package_identification:_identify(src/testing) by extension 'ignore'
[0.363s] Level 1:colcon.colcon_core.package_identification:_identify(src/testing) by extension 'ignore_ament_install'
[0.364s] Level 1:colcon.colcon_core.package_identification:_identify(src/testing) by extensions ['colcon_pkg']
[0.364s] Level 1:colcon.colcon_core.package_identification:_identify(src/testing) by extension 'colcon_pkg'
[0.364s] Level 1:colcon.colcon_core.package_identification:_identify(src/testing) by extensions ['colcon_meta']
[0.364s] Level 1:colcon.colcon_core.package_identification:_identify(src/testing) by extension 'colcon_meta'
[0.364s] Level 1:colcon.colcon_core.package_identification:_identify(src/testing) by extensions ['ros']
[0.364s] Level 1:colcon.colcon_core.package_identification:_identify(src/testing) by extension 'ros'
[0.364s] Level 1:colcon.colcon_core.package_identification:_identify(src/testing) by extensions ['cmake', 'python']
[0.364s] Level 1:colcon.colcon_core.package_identification:_identify(src/testing) by extension 'cmake'
[0.364s] Level 1:colcon.colcon_core.package_identification:_identify(src/testing) by extension 'python'
[0.364s] Level 1:colcon.colcon_core.package_identification:_identify(src/testing) by extensions ['python_setup_py']
[0.364s] Level 1:colcon.colcon_core.package_identification:_identify(src/testing) by extension 'python_setup_py'
[0.364s] Level 1:colcon.colcon_core.package_identification:_identify(src/testing/launch_test) by extensions ['ignore', 'ignore_ament_install']
[0.364s] Level 1:colcon.colcon_core.package_identification:_identify(src/testing/launch_test) by extension 'ignore'
[0.364s] Level 1:colcon.colcon_core.package_identification:_identify(src/testing/launch_test) by extension 'ignore_ament_install'
[0.365s] Level 1:colcon.colcon_core.package_identification:_identify(src/testing/launch_test) by extensions ['colcon_pkg']
[0.365s] Level 1:colcon.colcon_core.package_identification:_identify(src/testing/launch_test) by extension 'colcon_pkg'
[0.365s] Level 1:colcon.colcon_core.package_identification:_identify(src/testing/launch_test) by extensions ['colcon_meta']
[0.365s] Level 1:colcon.colcon_core.package_identification:_identify(src/testing/launch_test) by extension 'colcon_meta'
[0.365s] Level 1:colcon.colcon_core.package_identification:_identify(src/testing/launch_test) by extensions ['ros']
[0.365s] Level 1:colcon.colcon_core.package_identification:_identify(src/testing/launch_test) by extension 'ros'
[0.365s] DEBUG:colcon.colcon_core.package_identification:Package 'src/testing/launch_test' with type 'ros.ament_cmake' and name 'launch_test'
[0.365s] Level 1:colcon.colcon_core.package_identification:_identify(src/testing/test_gps) by extensions ['ignore', 'ignore_ament_install']
[0.366s] Level 1:colcon.colcon_core.package_identification:_identify(src/testing/test_gps) by extension 'ignore'
[0.366s] Level 1:colcon.colcon_core.package_identification:_identify(src/testing/test_gps) by extension 'ignore_ament_install'
[0.366s] Level 1:colcon.colcon_core.package_identification:_identify(src/testing/test_gps) by extensions ['colcon_pkg']
[0.366s] Level 1:colcon.colcon_core.package_identification:_identify(src/testing/test_gps) by extension 'colcon_pkg'
[0.366s] Level 1:colcon.colcon_core.package_identification:_identify(src/testing/test_gps) by extensions ['colcon_meta']
[0.366s] Level 1:colcon.colcon_core.package_identification:_identify(src/testing/test_gps) by extension 'colcon_meta'
[0.366s] Level 1:colcon.colcon_core.package_identification:_identify(src/testing/test_gps) by extensions ['ros']
[0.366s] Level 1:colcon.colcon_core.package_identification:_identify(src/testing/test_gps) by extension 'ros'
[0.367s] DEBUG:colcon.colcon_core.package_identification:Package 'src/testing/test_gps' with type 'ros.ament_python' and name 'test_gps'
[0.367s] Level 1:colcon.colcon_core.package_discovery:discover_packages(recursive) using defaults
[0.367s] Level 1:colcon.colcon_core.package_discovery:discover_packages(ignore) discover
[0.367s] Level 1:colcon.colcon_core.package_discovery:discover_packages(ignore) using defaults
[0.367s] Level 1:colcon.colcon_core.package_discovery:discover_packages(path) discover
[0.367s] Level 1:colcon.colcon_core.package_discovery:discover_packages(path) using defaults
[0.393s] Level 1:colcon.colcon_core.package_discovery:discover_packages(prefix_path) check parameters
[0.393s] Level 1:colcon.colcon_core.package_discovery:discover_packages(prefix_path) discover
[0.397s] DEBUG:colcon.colcon_installed_package_information.package_discovery:Found 5 installed packages in /home/ros/rosspaces/newboarding/Software-Team-Entrance-Task/ros_ws/install
[0.399s] DEBUG:colcon.colcon_installed_package_information.package_discovery:Found 270 installed packages in /opt/ros/humble
[0.400s] Level 1:colcon.colcon_core.package_discovery:discover_packages(prefix_path) using defaults
[0.482s] Level 5:colcon.colcon_core.verb:set package 'interfaces' build argument 'cmake_args' from command line to 'None'
[0.487s] Level 5:colcon.colcon_core.verb:set package 'interfaces' build argument 'cmake_target' from command line to 'None'
[0.494s] Level 5:colcon.colcon_core.verb:set package 'interfaces' build argument 'cmake_target_skip_unavailable' from command line to 'False'
[0.497s] Level 5:colcon.colcon_core.verb:set package 'interfaces' build argument 'cmake_clean_cache' from command line to 'False'
[0.501s] Level 5:colcon.colcon_core.verb:set package 'interfaces' build argument 'cmake_clean_first' from command line to 'False'
[0.501s] Level 5:colcon.colcon_core.verb:set package 'interfaces' build argument 'cmake_force_configure' from command line to 'False'
[0.501s] Level 5:colcon.colcon_core.verb:set package 'interfaces' build argument 'ament_cmake_args' from command line to 'None'
[0.501s] Level 5:colcon.colcon_core.verb:set package 'interfaces' build argument 'catkin_cmake_args' from command line to 'None'
[0.501s] Level 5:colcon.colcon_core.verb:set package 'interfaces' build argument 'catkin_skip_building_tests' from command line to 'False'
[0.501s] DEBUG:colcon.colcon_core.verb:Building package 'interfaces' with the following arguments: {'ament_cmake_args': None, 'build_base': '/home/ros/rosspaces/newboarding/Software-Team-Entrance-Task/ros_ws/build/interfaces', 'catkin_cmake_args': None, 'catkin_skip_building_tests': False, 'cmake_args': None, 'cmake_clean_cache': False, 'cmake_clean_first': False, 'cmake_force_configure': False, 'cmake_target': None, 'cmake_target_skip_unavailable': False, 'install_base': '/home/ros/rosspaces/newboarding/Software-Team-Entrance-Task/ros_ws/install/interfaces', 'merge_install': False, 'path': '/home/ros/rosspaces/newboarding/Software-Team-Entrance-Task/ros_ws/src/interfaces', 'symlink_install': False, 'test_result_base': None}
[0.502s] Level 5:colcon.colcon_core.verb:set package 'gps_distance' build argument 'cmake_args' from command line to 'None'
[0.502s] Level 5:colcon.colcon_core.verb:set package 'gps_distance' build argument 'cmake_target' from command line to 'None'
[0.502s] Level 5:colcon.colcon_core.verb:set package 'gps_distance' build argument 'cmake_target_skip_unavailable' from command line to 'False'
[0.502s] Level 5:colcon.colcon_core.verb:set package 'gps_distance' build argument 'cmake_clean_cache' from command line to 'False'
[0.502s] Level 5:colcon.colcon_core.verb:set package 'gps_distance' build argument 'cmake_clean_first' from command line to 'False'
[0.502s] Level 5:colcon.colcon_core.verb:set package 'gps_distance' build argument 'cmake_force_configure' from command line to 'False'
[0.502s] Level 5:colcon.colcon_core.verb:set package 'gps_distance' build argument 'ament_cmake_args' from command line to 'None'
[0.502s] Level 5:colcon.colcon_core.verb:set package 'gps_distance' build argument 'catkin_cmake_args' from command line to 'None'
[0.502s] Level 5:colcon.colcon_core.verb:set package 'gps_distance' build argument 'catkin_skip_building_tests' from command line to 'False'
[0.502s] DEBUG:colcon.colcon_core.verb:Building package 'gps_distance' with the following arguments: {'ament_cmake_args': None, 'build_base': '/home/ros/rosspaces/newboarding/Software-Team-Entrance-Task/ros_ws/build/gps_distance', 'catkin_cmake_args': None, 'catkin_skip_building_tests': False, 'cmake_args': None, 'cmake_clean_cache': False, 'cmake_clean_first': False, 'cmake_force_configure': False, 'cmake_target': None, 'cmake_target_skip_unavailable': False, 'install_base': '/home/ros/rosspaces/newboarding/Software-Team-Entrance-Task/ros_ws/install/gps_distance', 'merge_install': False, 'path': '/home/ros/rosspaces/newboarding/Software-Team-Entrance-Task/ros_ws/src/Navigation/gps_distance', 'symlink_install': False, 'test_result_base': None}
[0.505s] Level 5:colcon.colcon_core.verb:set package 'test_gps' build argument 'cmake_args' from command line to 'None'
[0.506s] Level 5:colcon.colcon_core.verb:set package 'test_gps' build argument 'cmake_target' from command line to 'None'
[0.506s] Level 5:colcon.colcon_core.verb:set package 'test_gps' build argument 'cmake_target_skip_unavailable' from command line to 'False'
[0.506s] Level 5:colcon.colcon_core.verb:set package 'test_gps' build argument 'cmake_clean_cache' from command line to 'False'
[0.506s] Level 5:colcon.colcon_core.verb:set package 'test_gps' build argument 'cmake_clean_first' from command line to 'False'
[0.506s] Level 5:colcon.colcon_core.verb:set package 'test_gps' build argument 'cmake_force_configure' from command line to 'False'
[0.506s] Level 5:colcon.colcon_core.verb:set package 'test_gps' build argument 'ament_cmake_args' from command line to 'None'
[0.506s] Level 5:colcon.colcon_core.verb:set package 'test_gps' build argument 'catkin_cmake_args' from command line to 'None'
[0.506s] Level 5:colcon.colcon_core.verb:set package 'test_gps' build argument 'catkin_skip_building_tests' from command line to 'False'
[0.506s] DEBUG:colcon.colcon_core.verb:Building package 'test_gps' with the following arguments: {'ament_cmake_args': None, 'build_base': '/home/ros/rosspaces/newboarding/Software-Team-Entrance-Task/ros_ws/build/test_gps', 'catkin_cmake_args': None, 'catkin_skip_building_tests': False, 'cmake_args': None, 'cmake_clean_cache': False, 'cmake_clean_first': False, 'cmake_force_configure': False, 'cmake_target': None, 'cmake_target_skip_unavailable': False, 'install_base': '/home/ros/rosspaces/newboarding/Software-Team-Entrance-Task/ros_ws/install/test_gps', 'merge_install': False, 'path': '/home/ros/rosspaces/newboarding/Software-Team-Entrance-Task/ros_ws/src/testing/test_gps', 'symlink_install': False, 'test_result_base': None}
[0.507s] Level 5:colcon.colcon_core.verb:set package 'launch_nav' build argument 'cmake_args' from command line to 'None'
[0.507s] Level 5:colcon.colcon_core.verb:set package 'launch_nav' build argument 'cmake_target' from command line to 'None'
[0.507s] Level 5:colcon.colcon_core.verb:set package 'launch_nav' build argument 'cmake_target_skip_unavailable' from command line to 'False'
[0.507s] Level 5:colcon.colcon_core.verb:set package 'launch_nav' build argument 'cmake_clean_cache' from command line to 'False'
[0.507s] Level 5:colcon.colcon_core.verb:set package 'launch_nav' build argument 'cmake_clean_first' from command line to 'False'
[0.507s] Level 5:colcon.colcon_core.verb:set package 'launch_nav' build argument 'cmake_force_configure' from command line to 'False'
[0.507s] Level 5:colcon.colcon_core.verb:set package 'launch_nav' build argument 'ament_cmake_args' from command line to 'None'
[0.507s] Level 5:colcon.colcon_core.verb:set package 'launch_nav' build argument 'catkin_cmake_args' from command line to 'None'
[0.507s] Level 5:colcon.colcon_core.verb:set package 'launch_nav' build argument 'catkin_skip_building_tests' from command line to 'False'
[0.507s] DEBUG:colcon.colcon_core.verb:Building package 'launch_nav' with the following arguments: {'ament_cmake_args': None, 'build_base': '/home/ros/rosspaces/newboarding/Software-Team-Entrance-Task/ros_ws/build/launch_nav', 'catkin_cmake_args': None, 'catkin_skip_building_tests': False, 'cmake_args': None, 'cmake_clean_cache': False, 'cmake_clean_first': False, 'cmake_force_configure': False, 'cmake_target': None, 'cmake_target_skip_unavailable': False, 'install_base': '/home/ros/rosspaces/newboarding/Software-Team-Entrance-Task/ros_ws/install/launch_nav', 'merge_install': False, 'path': '/home/ros/rosspaces/newboarding/Software-Team-Entrance-Task/ros_ws/src/Navigation/launch_nav', 'symlink_install': False, 'test_result_base': None}
[0.508s] Level 5:colcon.colcon_core.verb:set package 'launch_test' build argument 'cmake_args' from command line to 'None'
[0.509s] Level 5:colcon.colcon_core.verb:set package 'launch_test' build argument 'cmake_target' from command line to 'None'
[0.509s] Level 5:colcon.colcon_core.verb:set package 'launch_test' build argument 'cmake_target_skip_unavailable' from command line to 'False'
[0.509s] Level 5:colcon.colcon_core.verb:set package 'launch_test' build argument 'cmake_clean_cache' from command line to 'False'
[0.509s] Level 5:colcon.colcon_core.verb:set package 'launch_test' build argument 'cmake_clean_first' from command line to 'False'
[0.509s] Level 5:colcon.colcon_core.verb:set package 'launch_test' build argument 'cmake_force_configure' from command line to 'False'
[0.509s] Level 5:colcon.colcon_core.verb:set package 'launch_test' build argument 'ament_cmake_args' from command line to 'None'
[0.509s] Level 5:colcon.colcon_core.verb:set package 'launch_test' build argument 'catkin_cmake_args' from command line to 'None'
[0.509s] Level 5:colcon.colcon_core.verb:set package 'launch_test' build argument 'catkin_skip_building_tests' from command line to 'False'
[0.509s] DEBUG:colcon.colcon_core.verb:Building package 'launch_test' with the following arguments: {'ament_cmake_args': None, 'build_base': '/home/ros/rosspaces/newboarding/Software-Team-Entrance-Task/ros_ws/build/launch_test', 'catkin_cmake_args': None, 'catkin_skip_building_tests': False, 'cmake_args': None, 'cmake_clean_cache': False, 'cmake_clean_first': False, 'cmake_force_configure': False, 'cmake_target': None, 'cmake_target_skip_unavailable': False, 'install_base': '/home/ros/rosspaces/newboarding/Software-Team-Entrance-Task/ros_ws/install/launch_test', 'merge_install': False, 'path': '/home/ros/rosspaces/newboarding/Software-Team-Entrance-Task/ros_ws/src/testing/launch_test', 'symlink_install': False, 'test_result_base': None}
[0.509s] INFO:colcon.colcon_core.executor:Executing jobs using 'parallel' executor
[0.513s] DEBUG:colcon.colcon_parallel_executor.executor.parallel:run_until_complete
[0.514s] INFO:colcon.colcon_ros.task.ament_cmake.build:Building ROS package in '/home/ros/rosspaces/newboarding/Software-Team-Entrance-Task/ros_ws/src/interfaces' with build type 'ament_cmake'
[0.515s] INFO:colcon.colcon_cmake.task.cmake.build:Building CMake package in '/home/ros/rosspaces/newboarding/Software-Team-Entrance-Task/ros_ws/src/interfaces'
[0.520s] INFO:colcon.colcon_core.plugin_system:Skipping extension 'colcon_core.shell.bat': Not used on non-Windows systems
[0.525s] INFO:colcon.colcon_core.shell:Skip shell extension 'powershell' for command environment: Not usable outside of PowerShell
[0.525s] DEBUG:colcon.colcon_core.shell:Skip shell extension 'dsv' for command environment
[0.594s] DEBUG:colcon.colcon_core.event_handler.log_command:Invoking command in '/home/ros/rosspaces/newboarding/Software-Team-Entrance-Task/ros_ws/build/interfaces': CMAKE_PREFIX_PATH=${CMAKE_PREFIX_PATH}:/home/ros/rosspaces/newboarding/Software-Team-Entrance-Task/ros_ws/install/test_gps:/home/ros/rosspaces/newboarding/Software-Team-Entrance-Task/ros_ws/install/gps_distance:/opt/ros/humble /usr/bin/cmake --build /home/ros/rosspaces/newboarding/Software-Team-Entrance-Task/ros_ws/build/interfaces -- -j4 -l4
[1.673s] DEBUG:colcon.colcon_core.event_handler.log_command:Invoked command in '/home/ros/rosspaces/newboarding/Software-Team-Entrance-Task/ros_ws/build/interfaces' returned '0': CMAKE_PREFIX_PATH=${CMAKE_PREFIX_PATH}:/home/ros/rosspaces/newboarding/Software-Team-Entrance-Task/ros_ws/install/test_gps:/home/ros/rosspaces/newboarding/Software-Team-Entrance-Task/ros_ws/install/gps_distance:/opt/ros/humble /usr/bin/cmake --build /home/ros/rosspaces/newboarding/Software-Team-Entrance-Task/ros_ws/build/interfaces -- -j4 -l4
[2.077s] DEBUG:colcon.colcon_core.event_handler.log_command:Invoking command in '/home/ros/rosspaces/newboarding/Software-Team-Entrance-Task/ros_ws/build/interfaces': CMAKE_PREFIX_PATH=${CMAKE_PREFIX_PATH}:/home/ros/rosspaces/newboarding/Software-Team-Entrance-Task/ros_ws/install/test_gps:/home/ros/rosspaces/newboarding/Software-Team-Entrance-Task/ros_ws/install/gps_distance:/opt/ros/humble /usr/bin/cmake --install /home/ros/rosspaces/newboarding/Software-Team-Entrance-Task/ros_ws/build/interfaces
[2.163s] Level 1:colcon.colcon_core.environment:create_environment_scripts_only(interfaces)
[2.164s] DEBUG:colcon.colcon_core.event_handler.log_command:Invoked command in '/home/ros/rosspaces/newboarding/Software-Team-Entrance-Task/ros_ws/build/interfaces' returned '0': CMAKE_PREFIX_PATH=${CMAKE_PREFIX_PATH}:/home/ros/rosspaces/newboarding/Software-Team-Entrance-Task/ros_ws/install/test_gps:/home/ros/rosspaces/newboarding/Software-Team-Entrance-Task/ros_ws/install/gps_distance:/opt/ros/humble /usr/bin/cmake --install /home/ros/rosspaces/newboarding/Software-Team-Entrance-Task/ros_ws/build/interfaces
[2.168s] Level 1:colcon.colcon_core.environment:checking '/home/ros/rosspaces/newboarding/Software-Team-Entrance-Task/ros_ws/install/interfaces' for CMake module files
[2.169s] Level 1:colcon.colcon_core.environment:checking '/home/ros/rosspaces/newboarding/Software-Team-Entrance-Task/ros_ws/install/interfaces' for CMake config files
[2.170s] Level 1:colcon.colcon_core.shell:create_environment_hook('interfaces', 'cmake_prefix_path')
[2.171s] INFO:colcon.colcon_core.shell:Creating environment hook '/home/ros/rosspaces/newboarding/Software-Team-Entrance-Task/ros_ws/install/interfaces/share/interfaces/hook/cmake_prefix_path.ps1'
[2.171s] INFO:colcon.colcon_core.shell:Creating environment descriptor '/home/ros/rosspaces/newboarding/Software-Team-Entrance-Task/ros_ws/install/interfaces/share/interfaces/hook/cmake_prefix_path.dsv'
[2.172s] INFO:colcon.colcon_core.shell:Creating environment hook '/home/ros/rosspaces/newboarding/Software-Team-Entrance-Task/ros_ws/install/interfaces/share/interfaces/hook/cmake_prefix_path.sh'
[2.173s] Level 1:colcon.colcon_core.environment:checking '/home/ros/rosspaces/newboarding/Software-Team-Entrance-Task/ros_ws/install/interfaces/lib'
[2.173s] Level 1:colcon.colcon_core.shell:create_environment_hook('interfaces', 'ld_library_path_lib')
[2.175s] INFO:colcon.colcon_core.shell:Creating environment hook '/home/ros/rosspaces/newboarding/Software-Team-Entrance-Task/ros_ws/install/interfaces/share/interfaces/hook/ld_library_path_lib.ps1'
[2.175s] INFO:colcon.colcon_core.shell:Creating environment descriptor '/home/ros/rosspaces/newboarding/Software-Team-Entrance-Task/ros_ws/install/interfaces/share/interfaces/hook/ld_library_path_lib.dsv'
[2.176s] INFO:colcon.colcon_core.shell:Creating environment hook '/home/ros/rosspaces/newboarding/Software-Team-Entrance-Task/ros_ws/install/interfaces/share/interfaces/hook/ld_library_path_lib.sh'
[2.176s] Level 1:colcon.colcon_core.environment:checking '/home/ros/rosspaces/newboarding/Software-Team-Entrance-Task/ros_ws/install/interfaces/bin'
[2.176s] Level 1:colcon.colcon_core.environment:checking '/home/ros/rosspaces/newboarding/Software-Team-Entrance-Task/ros_ws/install/interfaces/lib/pkgconfig/interfaces.pc'
[2.177s] Level 1:colcon.colcon_core.environment:checking '/home/ros/rosspaces/newboarding/Software-Team-Entrance-Task/ros_ws/install/interfaces/lib/python3.10/site-packages'
[2.177s] Level 1:colcon.colcon_core.environment:checking '/home/ros/rosspaces/newboarding/Software-Team-Entrance-Task/ros_ws/install/interfaces/bin'
[2.179s] INFO:colcon.colcon_core.shell:Creating package script '/home/ros/rosspaces/newboarding/Software-Team-Entrance-Task/ros_ws/install/interfaces/share/interfaces/package.ps1'
[2.179s] INFO:colcon.colcon_core.shell:Creating package descriptor '/home/ros/rosspaces/newboarding/Software-Team-Entrance-Task/ros_ws/install/interfaces/share/interfaces/package.dsv'
[2.180s] INFO:colcon.colcon_core.shell:Creating package script '/home/ros/rosspaces/newboarding/Software-Team-Entrance-Task/ros_ws/install/interfaces/share/interfaces/package.sh'
[2.181s] INFO:colcon.colcon_core.shell:Creating package script '/home/ros/rosspaces/newboarding/Software-Team-Entrance-Task/ros_ws/install/interfaces/share/interfaces/package.bash'
[2.182s] INFO:colcon.colcon_core.shell:Creating package script '/home/ros/rosspaces/newboarding/Software-Team-Entrance-Task/ros_ws/install/interfaces/share/interfaces/package.zsh'
[2.183s] Level 1:colcon.colcon_core.environment:create_file_with_runtime_dependencies(/home/ros/rosspaces/newboarding/Software-Team-Entrance-Task/ros_ws/install/interfaces/share/colcon-core/packages/interfaces)
[2.422s] Level 1:colcon.colcon_core.environment:create_environment_scripts_only(interfaces)
[2.425s] Level 1:colcon.colcon_core.environment:checking '/home/ros/rosspaces/newboarding/Software-Team-Entrance-Task/ros_ws/install/interfaces' for CMake module files
[2.431s] Level 1:colcon.colcon_core.environment:checking '/home/ros/rosspaces/newboarding/Software-Team-Entrance-Task/ros_ws/install/interfaces' for CMake config files
[2.433s] Level 1:colcon.colcon_core.shell:create_environment_hook('interfaces', 'cmake_prefix_path')
[2.435s] INFO:colcon.colcon_core.shell:Creating environment hook '/home/ros/rosspaces/newboarding/Software-Team-Entrance-Task/ros_ws/install/interfaces/share/interfaces/hook/cmake_prefix_path.ps1'
[2.436s] INFO:colcon.colcon_core.shell:Creating environment descriptor '/home/ros/rosspaces/newboarding/Software-Team-Entrance-Task/ros_ws/install/interfaces/share/interfaces/hook/cmake_prefix_path.dsv'
[2.439s] INFO:colcon.colcon_core.shell:Creating environment hook '/home/ros/rosspaces/newboarding/Software-Team-Entrance-Task/ros_ws/install/interfaces/share/interfaces/hook/cmake_prefix_path.sh'
[2.440s] Level 1:colcon.colcon_core.environment:checking '/home/ros/rosspaces/newboarding/Software-Team-Entrance-Task/ros_ws/install/interfaces/lib'
[2.440s] Level 1:colcon.colcon_core.shell:create_environment_hook('interfaces', 'ld_library_path_lib')
[2.441s] INFO:colcon.colcon_core.shell:Creating environment hook '/home/ros/rosspaces/newboarding/Software-Team-Entrance-Task/ros_ws/install/interfaces/share/interfaces/hook/ld_library_path_lib.ps1'
[2.442s] INFO:colcon.colcon_core.shell:Creating environment descriptor '/home/ros/rosspaces/newboarding/Software-Team-Entrance-Task/ros_ws/install/interfaces/share/interfaces/hook/ld_library_path_lib.dsv'
[2.443s] INFO:colcon.colcon_core.shell:Creating environment hook '/home/ros/rosspaces/newboarding/Software-Team-Entrance-Task/ros_ws/install/interfaces/share/interfaces/hook/ld_library_path_lib.sh'
[2.444s] Level 1:colcon.colcon_core.environment:checking '/home/ros/rosspaces/newboarding/Software-Team-Entrance-Task/ros_ws/install/interfaces/bin'
[2.444s] Level 1:colcon.colcon_core.environment:checking '/home/ros/rosspaces/newboarding/Software-Team-Entrance-Task/ros_ws/install/interfaces/lib/pkgconfig/interfaces.pc'
[2.444s] Level 1:colcon.colcon_core.environment:checking '/home/ros/rosspaces/newboarding/Software-Team-Entrance-Task/ros_ws/install/interfaces/lib/python3.10/site-packages'
[2.444s] Level 1:colcon.colcon_core.environment:checking '/home/ros/rosspaces/newboarding/Software-Team-Entrance-Task/ros_ws/install/interfaces/bin'
[2.446s] INFO:colcon.colcon_core.shell:Creating package script '/home/ros/rosspaces/newboarding/Software-Team-Entrance-Task/ros_ws/install/interfaces/share/interfaces/package.ps1'
[2.446s] INFO:colcon.colcon_core.shell:Creating package descriptor '/home/ros/rosspaces/newboarding/Software-Team-Entrance-Task/ros_ws/install/interfaces/share/interfaces/package.dsv'
[2.447s] INFO:colcon.colcon_core.shell:Creating package script '/home/ros/rosspaces/newboarding/Software-Team-Entrance-Task/ros_ws/install/interfaces/share/interfaces/package.sh'
[2.449s] INFO:colcon.colcon_core.shell:Creating package script '/home/ros/rosspaces/newboarding/Software-Team-Entrance-Task/ros_ws/install/interfaces/share/interfaces/package.bash'
[2.459s] INFO:colcon.colcon_core.shell:Creating package script '/home/ros/rosspaces/newboarding/Software-Team-Entrance-Task/ros_ws/install/interfaces/share/interfaces/package.zsh'
[2.460s] Level 1:colcon.colcon_core.environment:create_file_with_runtime_dependencies(/home/ros/rosspaces/newboarding/Software-Team-Entrance-Task/ros_ws/install/interfaces/share/colcon-core/packages/interfaces)
[2.460s] INFO:colcon.colcon_ros.task.ament_python.build:Building ROS package in '/home/ros/rosspaces/newboarding/Software-Team-Entrance-Task/ros_ws/src/Navigation/gps_distance' with build type 'ament_python'
[2.461s] Level 1:colcon.colcon_core.shell:create_environment_hook('gps_distance', 'ament_prefix_path')
[2.462s] INFO:colcon.colcon_core.shell:Creating environment hook '/home/ros/rosspaces/newboarding/Software-Team-Entrance-Task/ros_ws/install/gps_distance/share/gps_distance/hook/ament_prefix_path.ps1'
[2.464s] INFO:colcon.colcon_core.shell:Creating environment descriptor '/home/ros/rosspaces/newboarding/Software-Team-Entrance-Task/ros_ws/install/gps_distance/share/gps_distance/hook/ament_prefix_path.dsv'
[2.465s] INFO:colcon.colcon_core.shell:Creating environment hook '/home/ros/rosspaces/newboarding/Software-Team-Entrance-Task/ros_ws/install/gps_distance/share/gps_distance/hook/ament_prefix_path.sh'
[2.467s] INFO:colcon.colcon_core.shell:Skip shell extension 'powershell' for command environment: Not usable outside of PowerShell
[2.467s] DEBUG:colcon.colcon_core.shell:Skip shell extension 'dsv' for command environment
[2.473s] INFO:colcon.colcon_ros.task.ament_python.build:Building ROS package in '/home/ros/rosspaces/newboarding/Software-Team-Entrance-Task/ros_ws/src/testing/test_gps' with build type 'ament_python'
[2.474s] Level 1:colcon.colcon_core.shell:create_environment_hook('test_gps', 'ament_prefix_path')
[2.475s] INFO:colcon.colcon_core.shell:Creating environment hook '/home/ros/rosspaces/newboarding/Software-Team-Entrance-Task/ros_ws/install/test_gps/share/test_gps/hook/ament_prefix_path.ps1'
[2.476s] INFO:colcon.colcon_core.shell:Creating environment descriptor '/home/ros/rosspaces/newboarding/Software-Team-Entrance-Task/ros_ws/install/test_gps/share/test_gps/hook/ament_prefix_path.dsv'
[2.477s] INFO:colcon.colcon_core.shell:Creating environment hook '/home/ros/rosspaces/newboarding/Software-Team-Entrance-Task/ros_ws/install/test_gps/share/test_gps/hook/ament_prefix_path.sh'
[2.479s] INFO:colcon.colcon_core.shell:Skip shell extension 'powershell' for command environment: Not usable outside of PowerShell
[2.479s] DEBUG:colcon.colcon_core.shell:Skip shell extension 'dsv' for command environment
[2.743s] INFO:colcon.colcon_core.task.python.build:Building Python package in '/home/ros/rosspaces/newboarding/Software-Team-Entrance-Task/ros_ws/src/Navigation/gps_distance'
[2.744s] INFO:colcon.colcon_core.shell:Skip shell extension 'powershell' for command environment: Not usable outside of PowerShell
[2.745s] DEBUG:colcon.colcon_core.shell:Skip shell extension 'dsv' for command environment
[3.113s] INFO:colcon.colcon_core.task.python.build:Building Python package in '/home/ros/rosspaces/newboarding/Software-Team-Entrance-Task/ros_ws/src/testing/test_gps'
[3.114s] INFO:colcon.colcon_core.shell:Skip shell extension 'powershell' for command environment: Not usable outside of PowerShell
[3.114s] DEBUG:colcon.colcon_core.shell:Skip shell extension 'dsv' for command environment
[3.514s] DEBUG:colcon.colcon_core.event_handler.log_command:Invoking command in '/home/ros/rosspaces/newboarding/Software-Team-Entrance-Task/ros_ws/src/testing/test_gps': CMAKE_PREFIX_PATH=/home/ros/rosspaces/newboarding/Software-Team-Entrance-Task/ros_ws/install/interfaces:/home/ros/rosspaces/newboarding/Software-Team-Entrance-Task/ros_ws/install/launch_test:/home/ros/rosspaces/newboarding/Software-Team-Entrance-Task/ros_ws/install/launch_nav PYTHONPATH=/home/ros/rosspaces/newboarding/Software-Team-Entrance-Task/ros_ws/build/test_gps/prefix_override:/home/ros/rosspaces/newboarding/Software-Team-Entrance-Task/ros_ws/install/test_gps/lib/python3.10/site-packages:${PYTHONPATH} /usr/bin/python3 setup.py egg_info --egg-base ../../../build/test_gps build --build-base /home/ros/rosspaces/newboarding/Software-Team-Entrance-Task/ros_ws/build/test_gps/build install --record /home/ros/rosspaces/newboarding/Software-Team-Entrance-Task/ros_ws/build/test_gps/install.log --single-version-externally-managed
[3.537s] DEBUG:colcon.colcon_core.event_handler.log_command:Invoking command in '/home/ros/rosspaces/newboarding/Software-Team-Entrance-Task/ros_ws/src/Navigation/gps_distance': CMAKE_PREFIX_PATH=/home/ros/rosspaces/newboarding/Software-Team-Entrance-Task/ros_ws/install/interfaces:/home/ros/rosspaces/newboarding/Software-Team-Entrance-Task/ros_ws/install/launch_test:/home/ros/rosspaces/newboarding/Software-Team-Entrance-Task/ros_ws/install/launch_nav PYTHONPATH=/home/ros/rosspaces/newboarding/Software-Team-Entrance-Task/ros_ws/build/gps_distance/prefix_override:/home/ros/rosspaces/newboarding/Software-Team-Entrance-Task/ros_ws/install/gps_distance/lib/python3.10/site-packages:${PYTHONPATH} /usr/bin/python3 setup.py egg_info --egg-base ../../../build/gps_distance build --build-base /home/ros/rosspaces/newboarding/Software-Team-Entrance-Task/ros_ws/build/gps_distance/build install --record /home/ros/rosspaces/newboarding/Software-Team-Entrance-Task/ros_ws/build/gps_distance/install.log --single-version-externally-managed
[3.908s] Level 1:colcon.colcon_core.environment:checking '/home/ros/rosspaces/newboarding/Software-Team-Entrance-Task/ros_ws/install/test_gps' for CMake module files
[3.908s] DEBUG:colcon.colcon_core.event_handler.log_command:Invoked command in '/home/ros/rosspaces/newboarding/Software-Team-Entrance-Task/ros_ws/src/testing/test_gps' returned '0': CMAKE_PREFIX_PATH=/home/ros/rosspaces/newboarding/Software-Team-Entrance-Task/ros_ws/install/interfaces:/home/ros/rosspaces/newboarding/Software-Team-Entrance-Task/ros_ws/install/launch_test:/home/ros/rosspaces/newboarding/Software-Team-Entrance-Task/ros_ws/install/launch_nav PYTHONPATH=/home/ros/rosspaces/newboarding/Software-Team-Entrance-Task/ros_ws/build/test_gps/prefix_override:/home/ros/rosspaces/newboarding/Software-Team-Entrance-Task/ros_ws/install/test_gps/lib/python3.10/site-packages:${PYTHONPATH} /usr/bin/python3 setup.py egg_info --egg-base ../../../build/test_gps build --build-base /home/ros/rosspaces/newboarding/Software-Team-Entrance-Task/ros_ws/build/test_gps/build install --record /home/ros/rosspaces/newboarding/Software-Team-Entrance-Task/ros_ws/build/test_gps/install.log --single-version-externally-managed
[3.909s] Level 1:colcon.colcon_core.environment:checking '/home/ros/rosspaces/newboarding/Software-Team-Entrance-Task/ros_ws/install/test_gps' for CMake config files
[3.909s] Level 1:colcon.colcon_core.environment:checking '/home/ros/rosspaces/newboarding/Software-Team-Entrance-Task/ros_ws/install/test_gps/lib'
[3.910s] Level 1:colcon.colcon_core.environment:checking '/home/ros/rosspaces/newboarding/Software-Team-Entrance-Task/ros_ws/install/test_gps/bin'
[3.910s] Level 1:colcon.colcon_core.environment:checking '/home/ros/rosspaces/newboarding/Software-Team-Entrance-Task/ros_ws/install/test_gps/lib/pkgconfig/test_gps.pc'
[3.910s] Level 1:colcon.colcon_core.environment:checking '/home/ros/rosspaces/newboarding/Software-Team-Entrance-Task/ros_ws/install/test_gps/lib/python3.10/site-packages'
[3.910s] Level 1:colcon.colcon_core.shell:create_environment_hook('test_gps', 'pythonpath')
[3.911s] INFO:colcon.colcon_core.shell:Creating environment hook '/home/ros/rosspaces/newboarding/Software-Team-Entrance-Task/ros_ws/install/test_gps/share/test_gps/hook/pythonpath.ps1'
[3.912s] INFO:colcon.colcon_core.shell:Creating environment descriptor '/home/ros/rosspaces/newboarding/Software-Team-Entrance-Task/ros_ws/install/test_gps/share/test_gps/hook/pythonpath.dsv'
[3.912s] INFO:colcon.colcon_core.shell:Creating environment hook '/home/ros/rosspaces/newboarding/Software-Team-Entrance-Task/ros_ws/install/test_gps/share/test_gps/hook/pythonpath.sh'
[3.913s] Level 1:colcon.colcon_core.environment:checking '/home/ros/rosspaces/newboarding/Software-Team-Entrance-Task/ros_ws/install/test_gps/bin'
[3.913s] Level 1:colcon.colcon_core.environment:create_environment_scripts_only(test_gps)
[3.915s] INFO:colcon.colcon_core.shell:Creating package script '/home/ros/rosspaces/newboarding/Software-Team-Entrance-Task/ros_ws/install/test_gps/share/test_gps/package.ps1'
[3.915s] INFO:colcon.colcon_core.shell:Creating package descriptor '/home/ros/rosspaces/newboarding/Software-Team-Entrance-Task/ros_ws/install/test_gps/share/test_gps/package.dsv'
[3.916s] INFO:colcon.colcon_core.shell:Creating package script '/home/ros/rosspaces/newboarding/Software-Team-Entrance-Task/ros_ws/install/test_gps/share/test_gps/package.sh'
[3.917s] INFO:colcon.colcon_core.shell:Creating package script '/home/ros/rosspaces/newboarding/Software-Team-Entrance-Task/ros_ws/install/test_gps/share/test_gps/package.bash'
[3.922s] INFO:colcon.colcon_core.shell:Creating package script '/home/ros/rosspaces/newboarding/Software-Team-Entrance-Task/ros_ws/install/test_gps/share/test_gps/package.zsh'
[3.937s] Level 1:colcon.colcon_core.environment:create_file_with_runtime_dependencies(/home/ros/rosspaces/newboarding/Software-Team-Entrance-Task/ros_ws/install/test_gps/share/colcon-core/packages/test_gps)
[3.942s] INFO:colcon.colcon_ros.task.ament_cmake.build:Building ROS package in '/home/ros/rosspaces/newboarding/Software-Team-Entrance-Task/ros_ws/src/testing/launch_test' with build type 'ament_cmake'
[3.942s] INFO:colcon.colcon_cmake.task.cmake.build:Building CMake package in '/home/ros/rosspaces/newboarding/Software-Team-Entrance-Task/ros_ws/src/testing/launch_test'
[3.949s] INFO:colcon.colcon_core.shell:Skip shell extension 'powershell' for command environment: Not usable outside of PowerShell
[3.949s] DEBUG:colcon.colcon_core.shell:Skip shell extension 'dsv' for command environment
[3.986s] Level 1:colcon.colcon_core.environment:checking '/home/ros/rosspaces/newboarding/Software-Team-Entrance-Task/ros_ws/install/gps_distance' for CMake module files
[3.989s] Level 1:colcon.colcon_core.environment:checking '/home/ros/rosspaces/newboarding/Software-Team-Entrance-Task/ros_ws/install/gps_distance' for CMake config files
[3.990s] Level 1:colcon.colcon_core.environment:checking '/home/ros/rosspaces/newboarding/Software-Team-Entrance-Task/ros_ws/install/gps_distance/lib'
[3.990s] Level 1:colcon.colcon_core.environment:checking '/home/ros/rosspaces/newboarding/Software-Team-Entrance-Task/ros_ws/install/gps_distance/bin'
[3.990s] Level 1:colcon.colcon_core.environment:checking '/home/ros/rosspaces/newboarding/Software-Team-Entrance-Task/ros_ws/install/gps_distance/lib/pkgconfig/gps_distance.pc'
[3.990s] Level 1:colcon.colcon_core.environment:checking '/home/ros/rosspaces/newboarding/Software-Team-Entrance-Task/ros_ws/install/gps_distance/lib/python3.10/site-packages'
[3.990s] Level 1:colcon.colcon_core.shell:create_environment_hook('gps_distance', 'pythonpath')
[3.991s] INFO:colcon.colcon_core.shell:Creating environment hook '/home/ros/rosspaces/newboarding/Software-Team-Entrance-Task/ros_ws/install/gps_distance/share/gps_distance/hook/pythonpath.ps1'
[3.987s] DEBUG:colcon.colcon_core.event_handler.log_command:Invoked command in '/home/ros/rosspaces/newboarding/Software-Team-Entrance-Task/ros_ws/src/Navigation/gps_distance' returned '0': CMAKE_PREFIX_PATH=/home/ros/rosspaces/newboarding/Software-Team-Entrance-Task/ros_ws/install/interfaces:/home/ros/rosspaces/newboarding/Software-Team-Entrance-Task/ros_ws/install/launch_test:/home/ros/rosspaces/newboarding/Software-Team-Entrance-Task/ros_ws/install/launch_nav PYTHONPATH=/home/ros/rosspaces/newboarding/Software-Team-Entrance-Task/ros_ws/build/gps_distance/prefix_override:/home/ros/rosspaces/newboarding/Software-Team-Entrance-Task/ros_ws/install/gps_distance/lib/python3.10/site-packages:${PYTHONPATH} /usr/bin/python3 setup.py egg_info --egg-base ../../../build/gps_distance build --build-base /home/ros/rosspaces/newboarding/Software-Team-Entrance-Task/ros_ws/build/gps_distance/build install --record /home/ros/rosspaces/newboarding/Software-Team-Entrance-Task/ros_ws/build/gps_distance/install.log --single-version-externally-managed
[3.997s] INFO:colcon.colcon_core.shell:Creating environment descriptor '/home/ros/rosspaces/newboarding/Software-Team-Entrance-Task/ros_ws/install/gps_distance/share/gps_distance/hook/pythonpath.dsv'
[4.000s] INFO:colcon.colcon_core.shell:Creating environment hook '/home/ros/rosspaces/newboarding/Software-Team-Entrance-Task/ros_ws/install/gps_distance/share/gps_distance/hook/pythonpath.sh'
[4.008s] Level 1:colcon.colcon_core.environment:checking '/home/ros/rosspaces/newboarding/Software-Team-Entrance-Task/ros_ws/install/gps_distance/bin'
[4.008s] Level 1:colcon.colcon_core.environment:create_environment_scripts_only(gps_distance)
[4.009s] INFO:colcon.colcon_core.shell:Creating package script '/home/ros/rosspaces/newboarding/Software-Team-Entrance-Task/ros_ws/install/gps_distance/share/gps_distance/package.ps1'
[4.013s] INFO:colcon.colcon_core.shell:Creating package descriptor '/home/ros/rosspaces/newboarding/Software-Team-Entrance-Task/ros_ws/install/gps_distance/share/gps_distance/package.dsv'
[4.014s] INFO:colcon.colcon_core.shell:Creating package script '/home/ros/rosspaces/newboarding/Software-Team-Entrance-Task/ros_ws/install/gps_distance/share/gps_distance/package.sh'
[4.019s] INFO:colcon.colcon_core.shell:Creating package script '/home/ros/rosspaces/newboarding/Software-Team-Entrance-Task/ros_ws/install/gps_distance/share/gps_distance/package.bash'
[4.020s] INFO:colcon.colcon_core.shell:Creating package script '/home/ros/rosspaces/newboarding/Software-Team-Entrance-Task/ros_ws/install/gps_distance/share/gps_distance/package.zsh'
[4.021s] Level 1:colcon.colcon_core.environment:create_file_with_runtime_dependencies(/home/ros/rosspaces/newboarding/Software-Team-Entrance-Task/ros_ws/install/gps_distance/share/colcon-core/packages/gps_distance)
[4.021s] INFO:colcon.colcon_ros.task.ament_cmake.build:Building ROS package in '/home/ros/rosspaces/newboarding/Software-Team-Entrance-Task/ros_ws/src/Navigation/launch_nav' with build type 'ament_cmake'
[4.022s] INFO:colcon.colcon_cmake.task.cmake.build:Building CMake package in '/home/ros/rosspaces/newboarding/Software-Team-Entrance-Task/ros_ws/src/Navigation/launch_nav'
[4.023s] INFO:colcon.colcon_core.shell:Skip shell extension 'powershell' for command environment: Not usable outside of PowerShell
[4.023s] DEBUG:colcon.colcon_core.shell:Skip shell extension 'dsv' for command environment
[4.069s] DEBUG:colcon.colcon_core.event_handler.log_command:Invoking command in '/home/ros/rosspaces/newboarding/Software-Team-Entrance-Task/ros_ws/build/launch_test': AMENT_PREFIX_PATH=/home/ros/rosspaces/newboarding/Software-Team-Entrance-Task/ros_ws/install/test_gps:/home/ros/rosspaces/newboarding/Software-Team-Entrance-Task/ros_ws/install/launch_test:/home/ros/rosspaces/newboarding/Software-Team-Entrance-Task/ros_ws/install/launch_nav:/home/ros/rosspaces/newboarding/Software-Team-Entrance-Task/ros_ws/install/gps_distance:/home/ros/rosspaces/newboarding/Software-Team-Entrance-Task/ros_ws/install/interfaces:/opt/ros/humble CMAKE_PREFIX_PATH=/home/ros/rosspaces/newboarding/Software-Team-Entrance-Task/ros_ws/install/interfaces:/home/ros/rosspaces/newboarding/Software-Team-Entrance-Task/ros_ws/install/launch_test:/home/ros/rosspaces/newboarding/Software-Team-Entrance-Task/ros_ws/install/launch_nav:/home/ros/rosspaces/newboarding/Software-Team-Entrance-Task/ros_ws/install/test_gps:/home/ros/rosspaces/newboarding/Software-Team-Entrance-Task/ros_ws/install/gps_distance:/opt/ros/humble /usr/bin/cmake --build /home/ros/rosspaces/newboarding/Software-Team-Entrance-Task/ros_ws/build/launch_test -- -j4 -l4
[4.079s] DEBUG:colcon.colcon_core.event_handler.log_command:Invoking command in '/home/ros/rosspaces/newboarding/Software-Team-Entrance-Task/ros_ws/build/launch_nav': AMENT_PREFIX_PATH=/home/ros/rosspaces/newboarding/Software-Team-Entrance-Task/ros_ws/install/gps_distance:/home/ros/rosspaces/newboarding/Software-Team-Entrance-Task/ros_ws/install/launch_test:/home/ros/rosspaces/newboarding/Software-Team-Entrance-Task/ros_ws/install/test_gps:/home/ros/rosspaces/newboarding/Software-Team-Entrance-Task/ros_ws/install/launch_nav:/home/ros/rosspaces/newboarding/Software-Team-Entrance-Task/ros_ws/install/interfaces:/opt/ros/humble CMAKE_PREFIX_PATH=/home/ros/rosspaces/newboarding/Software-Team-Entrance-Task/ros_ws/install/interfaces:/home/ros/rosspaces/newboarding/Software-Team-Entrance-Task/ros_ws/install/launch_test:/home/ros/rosspaces/newboarding/Software-Team-Entrance-Task/ros_ws/install/launch_nav:/home/ros/rosspaces/newboarding/Software-Team-Entrance-Task/ros_ws/install/test_gps:/home/ros/rosspaces/newboarding/Software-Team-Entrance-Task/ros_ws/install/gps_distance:/opt/ros/humble PYTHONPATH=/home/ros/rosspaces/newboarding/Software-Team-Entrance-Task/ros_ws/install/gps_distance/lib/python3.10/site-packages:/home/ros/rosspaces/newboarding/Software-Team-Entrance-Task/ros_ws/install/test_gps/lib/python3.10/site-packages:/home/ros/rosspaces/newboarding/Software-Team-Entrance-Task/ros_ws/install/interfaces/local/lib/python3.10/dist-packages:/opt/ros/humble/lib/python3.10/site-packages:/opt/ros/humble/local/lib/python3.10/dist-packages /usr/bin/cmake --build /home/ros/rosspaces/newboarding/Software-Team-Entrance-Task/ros_ws/build/launch_nav -- -j4 -l4
[4.221s] DEBUG:colcon.colcon_core.event_handler.log_command:Invoked command in '/home/ros/rosspaces/newboarding/Software-Team-Entrance-Task/ros_ws/build/launch_nav' returned '0': AMENT_PREFIX_PATH=/home/ros/rosspaces/newboarding/Software-Team-Entrance-Task/ros_ws/install/gps_distance:/home/ros/rosspaces/newboarding/Software-Team-Entrance-Task/ros_ws/install/launch_test:/home/ros/rosspaces/newboarding/Software-Team-Entrance-Task/ros_ws/install/test_gps:/home/ros/rosspaces/newboarding/Software-Team-Entrance-Task/ros_ws/install/launch_nav:/home/ros/rosspaces/newboarding/Software-Team-Entrance-Task/ros_ws/install/interfaces:/opt/ros/humble CMAKE_PREFIX_PATH=/home/ros/rosspaces/newboarding/Software-Team-Entrance-Task/ros_ws/install/interfaces:/home/ros/rosspaces/newboarding/Software-Team-Entrance-Task/ros_ws/install/launch_test:/home/ros/rosspaces/newboarding/Software-Team-Entrance-Task/ros_ws/install/launch_nav:/home/ros/rosspaces/newboarding/Software-Team-Entrance-Task/ros_ws/install/test_gps:/home/ros/rosspaces/newboarding/Software-Team-Entrance-Task/ros_ws/install/gps_distance:/opt/ros/humble PYTHONPATH=/home/ros/rosspaces/newboarding/Software-Team-Entrance-Task/ros_ws/install/gps_distance/lib/python3.10/site-packages:/home/ros/rosspaces/newboarding/Software-Team-Entrance-Task/ros_ws/install/test_gps/lib/python3.10/site-packages:/home/ros/rosspaces/newboarding/Software-Team-Entrance-Task/ros_ws/install/interfaces/local/lib/python3.10/dist-packages:/opt/ros/humble/lib/python3.10/site-packages:/opt/ros/humble/local/lib/python3.10/dist-packages /usr/bin/cmake --build /home/ros/rosspaces/newboarding/Software-Team-Entrance-Task/ros_ws/build/launch_nav -- -j4 -l4
[4.223s] DEBUG:colcon.colcon_core.event_handler.log_command:Invoked command in '/home/ros/rosspaces/newboarding/Software-Team-Entrance-Task/ros_ws/build/launch_test' returned '0': AMENT_PREFIX_PATH=/home/ros/rosspaces/newboarding/Software-Team-Entrance-Task/ros_ws/install/test_gps:/home/ros/rosspaces/newboarding/Software-Team-Entrance-Task/ros_ws/install/launch_test:/home/ros/rosspaces/newboarding/Software-Team-Entrance-Task/ros_ws/install/launch_nav:/home/ros/rosspaces/newboarding/Software-Team-Entrance-Task/ros_ws/install/gps_distance:/home/ros/rosspaces/newboarding/Software-Team-Entrance-Task/ros_ws/install/interfaces:/opt/ros/humble CMAKE_PREFIX_PATH=/home/ros/rosspaces/newboarding/Software-Team-Entrance-Task/ros_ws/install/interfaces:/home/ros/rosspaces/newboarding/Software-Team-Entrance-Task/ros_ws/install/launch_test:/home/ros/rosspaces/newboarding/Software-Team-Entrance-Task/ros_ws/install/launch_nav:/home/ros/rosspaces/newboarding/Software-Team-Entrance-Task/ros_ws/install/test_gps:/home/ros/rosspaces/newboarding/Software-Team-Entrance-Task/ros_ws/install/gps_distance:/opt/ros/humble /usr/bin/cmake --build /home/ros/rosspaces/newboarding/Software-Team-Entrance-Task/ros_ws/build/launch_test -- -j4 -l4
[4.365s] DEBUG:colcon.colcon_core.event_handler.log_command:Invoking command in '/home/ros/rosspaces/newboarding/Software-Team-Entrance-Task/ros_ws/build/launch_nav': AMENT_PREFIX_PATH=/home/ros/rosspaces/newboarding/Software-Team-Entrance-Task/ros_ws/install/gps_distance:/home/ros/rosspaces/newboarding/Software-Team-Entrance-Task/ros_ws/install/launch_test:/home/ros/rosspaces/newboarding/Software-Team-Entrance-Task/ros_ws/install/test_gps:/home/ros/rosspaces/newboarding/Software-Team-Entrance-Task/ros_ws/install/launch_nav:/home/ros/rosspaces/newboarding/Software-Team-Entrance-Task/ros_ws/install/interfaces:/opt/ros/humble CMAKE_PREFIX_PATH=/home/ros/rosspaces/newboarding/Software-Team-Entrance-Task/ros_ws/install/interfaces:/home/ros/rosspaces/newboarding/Software-Team-Entrance-Task/ros_ws/install/launch_test:/home/ros/rosspaces/newboarding/Software-Team-Entrance-Task/ros_ws/install/launch_nav:/home/ros/rosspaces/newboarding/Software-Team-Entrance-Task/ros_ws/install/test_gps:/home/ros/rosspaces/newboarding/Software-Team-Entrance-Task/ros_ws/install/gps_distance:/opt/ros/humble PYTHONPATH=/home/ros/rosspaces/newboarding/Software-Team-Entrance-Task/ros_ws/install/gps_distance/lib/python3.10/site-packages:/home/ros/rosspaces/newboarding/Software-Team-Entrance-Task/ros_ws/install/test_gps/lib/python3.10/site-packages:/home/ros/rosspaces/newboarding/Software-Team-Entrance-Task/ros_ws/install/interfaces/local/lib/python3.10/dist-packages:/opt/ros/humble/lib/python3.10/site-packages:/opt/ros/humble/local/lib/python3.10/dist-packages /usr/bin/cmake --install /home/ros/rosspaces/newboarding/Software-Team-Entrance-Task/ros_ws/build/launch_nav
[4.432s] Level 1:colcon.colcon_core.environment:create_environment_scripts_only(launch_nav)
[4.436s] Level 1:colcon.colcon_core.environment:checking '/home/ros/rosspaces/newboarding/Software-Team-Entrance-Task/ros_ws/install/launch_nav' for CMake module files
[4.439s] Level 1:colcon.colcon_core.environment:checking '/home/ros/rosspaces/newboarding/Software-Team-Entrance-Task/ros_ws/install/launch_nav' for CMake config files
[4.440s] DEBUG:colcon.colcon_core.event_handler.log_command:Invoked command in '/home/ros/rosspaces/newboarding/Software-Team-Entrance-Task/ros_ws/build/launch_nav' returned '0': AMENT_PREFIX_PATH=/home/ros/rosspaces/newboarding/Software-Team-Entrance-Task/ros_ws/install/gps_distance:/home/ros/rosspaces/newboarding/Software-Team-Entrance-Task/ros_ws/install/launch_test:/home/ros/rosspaces/newboarding/Software-Team-Entrance-Task/ros_ws/install/test_gps:/home/ros/rosspaces/newboarding/Software-Team-Entrance-Task/ros_ws/install/launch_nav:/home/ros/rosspaces/newboarding/Software-Team-Entrance-Task/ros_ws/install/interfaces:/opt/ros/humble CMAKE_PREFIX_PATH=/home/ros/rosspaces/newboarding/Software-Team-Entrance-Task/ros_ws/install/interfaces:/home/ros/rosspaces/newboarding/Software-Team-Entrance-Task/ros_ws/install/launch_test:/home/ros/rosspaces/newboarding/Software-Team-Entrance-Task/ros_ws/install/launch_nav:/home/ros/rosspaces/newboarding/Software-Team-Entrance-Task/ros_ws/install/test_gps:/home/ros/rosspaces/newboarding/Software-Team-Entrance-Task/ros_ws/install/gps_distance:/opt/ros/humble PYTHONPATH=/home/ros/rosspaces/newboarding/Software-Team-Entrance-Task/ros_ws/install/gps_distance/lib/python3.10/site-packages:/home/ros/rosspaces/newboarding/Software-Team-Entrance-Task/ros_ws/install/test_gps/lib/python3.10/site-packages:/home/ros/rosspaces/newboarding/Software-Team-Entrance-Task/ros_ws/install/interfaces/local/lib/python3.10/dist-packages:/opt/ros/humble/lib/python3.10/site-packages:/opt/ros/humble/local/lib/python3.10/dist-packages /usr/bin/cmake --install /home/ros/rosspaces/newboarding/Software-Team-Entrance-Task/ros_ws/build/launch_nav
[4.445s] Level 1:colcon.colcon_core.shell:create_environment_hook('launch_nav', 'cmake_prefix_path')
[4.446s] INFO:colcon.colcon_core.shell:Creating environment hook '/home/ros/rosspaces/newboarding/Software-Team-Entrance-Task/ros_ws/install/launch_nav/share/launch_nav/hook/cmake_prefix_path.ps1'
[4.450s] INFO:colcon.colcon_core.shell:Creating environment descriptor '/home/ros/rosspaces/newboarding/Software-Team-Entrance-Task/ros_ws/install/launch_nav/share/launch_nav/hook/cmake_prefix_path.dsv'
[4.459s] INFO:colcon.colcon_core.shell:Creating environment hook '/home/ros/rosspaces/newboarding/Software-Team-Entrance-Task/ros_ws/install/launch_nav/share/launch_nav/hook/cmake_prefix_path.sh'
[4.472s] Level 1:colcon.colcon_core.environment:checking '/home/ros/rosspaces/newboarding/Software-Team-Entrance-Task/ros_ws/install/launch_nav/bin'
[4.472s] Level 1:colcon.colcon_core.environment:checking '/home/ros/rosspaces/newboarding/Software-Team-Entrance-Task/ros_ws/install/launch_nav/lib/pkgconfig/launch_nav.pc'
[4.473s] Level 1:colcon.colcon_core.environment:checking '/home/ros/rosspaces/newboarding/Software-Team-Entrance-Task/ros_ws/install/launch_nav/lib/python3.10/site-packages'
[4.473s] Level 1:colcon.colcon_core.environment:checking '/home/ros/rosspaces/newboarding/Software-Team-Entrance-Task/ros_ws/install/launch_nav/bin'
[4.474s] INFO:colcon.colcon_core.shell:Creating package script '/home/ros/rosspaces/newboarding/Software-Team-Entrance-Task/ros_ws/install/launch_nav/share/launch_nav/package.ps1'
[4.475s] INFO:colcon.colcon_core.shell:Creating package descriptor '/home/ros/rosspaces/newboarding/Software-Team-Entrance-Task/ros_ws/install/launch_nav/share/launch_nav/package.dsv'
[4.481s] INFO:colcon.colcon_core.shell:Creating package script '/home/ros/rosspaces/newboarding/Software-Team-Entrance-Task/ros_ws/install/launch_nav/share/launch_nav/package.sh'
[4.486s] INFO:colcon.colcon_core.shell:Creating package script '/home/ros/rosspaces/newboarding/Software-Team-Entrance-Task/ros_ws/install/launch_nav/share/launch_nav/package.bash'
[4.489s] INFO:colcon.colcon_core.shell:Creating package script '/home/ros/rosspaces/newboarding/Software-Team-Entrance-Task/ros_ws/install/launch_nav/share/launch_nav/package.zsh'
[4.490s] Level 1:colcon.colcon_core.environment:create_file_with_runtime_dependencies(/home/ros/rosspaces/newboarding/Software-Team-Entrance-Task/ros_ws/install/launch_nav/share/colcon-core/packages/launch_nav)
[4.509s] DEBUG:colcon.colcon_core.event_handler.log_command:Invoking command in '/home/ros/rosspaces/newboarding/Software-Team-Entrance-Task/ros_ws/build/launch_test': AMENT_PREFIX_PATH=/home/ros/rosspaces/newboarding/Software-Team-Entrance-Task/ros_ws/install/test_gps:/home/ros/rosspaces/newboarding/Software-Team-Entrance-Task/ros_ws/install/launch_test:/home/ros/rosspaces/newboarding/Software-Team-Entrance-Task/ros_ws/install/launch_nav:/home/ros/rosspaces/newboarding/Software-Team-Entrance-Task/ros_ws/install/gps_distance:/home/ros/rosspaces/newboarding/Software-Team-Entrance-Task/ros_ws/install/interfaces:/opt/ros/humble CMAKE_PREFIX_PATH=/home/ros/rosspaces/newboarding/Software-Team-Entrance-Task/ros_ws/install/interfaces:/home/ros/rosspaces/newboarding/Software-Team-Entrance-Task/ros_ws/install/launch_test:/home/ros/rosspaces/newboarding/Software-Team-Entrance-Task/ros_ws/install/launch_nav:/home/ros/rosspaces/newboarding/Software-Team-Entrance-Task/ros_ws/install/test_gps:/home/ros/rosspaces/newboarding/Software-Team-Entrance-Task/ros_ws/install/gps_distance:/opt/ros/humble /usr/bin/cmake --install /home/ros/rosspaces/newboarding/Software-Team-Entrance-Task/ros_ws/build/launch_test
[4.543s] Level 1:colcon.colcon_core.environment:create_environment_scripts_only(launch_test)
[4.545s] Level 1:colcon.colcon_core.environment:checking '/home/ros/rosspaces/newboarding/Software-Team-Entrance-Task/ros_ws/install/launch_test' for CMake module files
[4.546s] Level 1:colcon.colcon_core.environment:checking '/home/ros/rosspaces/newboarding/Software-Team-Entrance-Task/ros_ws/install/launch_test' for CMake config files
[4.553s] Level 1:colcon.colcon_core.shell:create_environment_hook('launch_test', 'cmake_prefix_path')
[4.557s] INFO:colcon.colcon_core.shell:Creating environment hook '/home/ros/rosspaces/newboarding/Software-Team-Entrance-Task/ros_ws/install/launch_test/share/launch_test/hook/cmake_prefix_path.ps1'
[4.583s] INFO:colcon.colcon_core.shell:Creating environment descriptor '/home/ros/rosspaces/newboarding/Software-Team-Entrance-Task/ros_ws/install/launch_test/share/launch_test/hook/cmake_prefix_path.dsv'
[4.583s] INFO:colcon.colcon_core.shell:Creating environment hook '/home/ros/rosspaces/newboarding/Software-Team-Entrance-Task/ros_ws/install/launch_test/share/launch_test/hook/cmake_prefix_path.sh'
[4.584s] Level 1:colcon.colcon_core.environment:checking '/home/ros/rosspaces/newboarding/Software-Team-Entrance-Task/ros_ws/install/launch_test/bin'
[4.584s] Level 1:colcon.colcon_core.environment:checking '/home/ros/rosspaces/newboarding/Software-Team-Entrance-Task/ros_ws/install/launch_test/lib/pkgconfig/launch_test.pc'
[4.584s] Level 1:colcon.colcon_core.environment:checking '/home/ros/rosspaces/newboarding/Software-Team-Entrance-Task/ros_ws/install/launch_test/lib/python3.10/site-packages'
[4.585s] Level 1:colcon.colcon_core.environment:checking '/home/ros/rosspaces/newboarding/Software-Team-Entrance-Task/ros_ws/install/launch_test/bin'
[4.586s] INFO:colcon.colcon_core.shell:Creating package script '/home/ros/rosspaces/newboarding/Software-Team-Entrance-Task/ros_ws/install/launch_test/share/launch_test/package.ps1'
[4.592s] INFO:colcon.colcon_core.shell:Creating package descriptor '/home/ros/rosspaces/newboarding/Software-Team-Entrance-Task/ros_ws/install/launch_test/share/launch_test/package.dsv'
[4.593s] INFO:colcon.colcon_core.shell:Creating package script '/home/ros/rosspaces/newboarding/Software-Team-Entrance-Task/ros_ws/install/launch_test/share/launch_test/package.sh'
[4.593s] INFO:colcon.colcon_core.shell:Creating package script '/home/ros/rosspaces/newboarding/Software-Team-Entrance-Task/ros_ws/install/launch_test/share/launch_test/package.bash'
[4.594s] DEBUG:colcon.colcon_core.event_handler.log_command:Invoked command in '/home/ros/rosspaces/newboarding/Software-Team-Entrance-Task/ros_ws/build/launch_test' returned '0': AMENT_PREFIX_PATH=/home/ros/rosspaces/newboarding/Software-Team-Entrance-Task/ros_ws/install/test_gps:/home/ros/rosspaces/newboarding/Software-Team-Entrance-Task/ros_ws/install/launch_test:/home/ros/rosspaces/newboarding/Software-Team-Entrance-Task/ros_ws/install/launch_nav:/home/ros/rosspaces/newboarding/Software-Team-Entrance-Task/ros_ws/install/gps_distance:/home/ros/rosspaces/newboarding/Software-Team-Entrance-Task/ros_ws/install/interfaces:/opt/ros/humble CMAKE_PREFIX_PATH=/home/ros/rosspaces/newboarding/Software-Team-Entrance-Task/ros_ws/install/interfaces:/home/ros/rosspaces/newboarding/Software-Team-Entrance-Task/ros_ws/install/launch_test:/home/ros/rosspaces/newboarding/Software-Team-Entrance-Task/ros_ws/install/launch_nav:/home/ros/rosspaces/newboarding/Software-Team-Entrance-Task/ros_ws/install/test_gps:/home/ros/rosspaces/newboarding/Software-Team-Entrance-Task/ros_ws/install/gps_distance:/opt/ros/humble /usr/bin/cmake --install /home/ros/rosspaces/newboarding/Software-Team-Entrance-Task/ros_ws/build/launch_test
[4.600s] INFO:colcon.colcon_core.shell:Creating package script '/home/ros/rosspaces/newboarding/Software-Team-Entrance-Task/ros_ws/install/launch_test/share/launch_test/package.zsh'
[4.600s] Level 1:colcon.colcon_core.environment:create_file_with_runtime_dependencies(/home/ros/rosspaces/newboarding/Software-Team-Entrance-Task/ros_ws/install/launch_test/share/colcon-core/packages/launch_test)
[4.662s] Level 1:colcon.colcon_core.environment:create_environment_scripts_only(launch_nav)
[4.663s] Level 1:colcon.colcon_core.environment:checking '/home/ros/rosspaces/newboarding/Software-Team-Entrance-Task/ros_ws/install/launch_nav' for CMake module files
[4.664s] Level 1:colcon.colcon_core.environment:checking '/home/ros/rosspaces/newboarding/Software-Team-Entrance-Task/ros_ws/install/launch_nav' for CMake config files
[4.665s] Level 1:colcon.colcon_core.shell:create_environment_hook('launch_nav', 'cmake_prefix_path')
[4.666s] INFO:colcon.colcon_core.shell:Creating environment hook '/home/ros/rosspaces/newboarding/Software-Team-Entrance-Task/ros_ws/install/launch_nav/share/launch_nav/hook/cmake_prefix_path.ps1'
[4.666s] INFO:colcon.colcon_core.shell:Creating environment descriptor '/home/ros/rosspaces/newboarding/Software-Team-Entrance-Task/ros_ws/install/launch_nav/share/launch_nav/hook/cmake_prefix_path.dsv'
[4.667s] INFO:colcon.colcon_core.shell:Creating environment hook '/home/ros/rosspaces/newboarding/Software-Team-Entrance-Task/ros_ws/install/launch_nav/share/launch_nav/hook/cmake_prefix_path.sh'
[4.668s] Level 1:colcon.colcon_core.environment:checking '/home/ros/rosspaces/newboarding/Software-Team-Entrance-Task/ros_ws/install/launch_nav/bin'
[4.668s] Level 1:colcon.colcon_core.environment:checking '/home/ros/rosspaces/newboarding/Software-Team-Entrance-Task/ros_ws/install/launch_nav/lib/pkgconfig/launch_nav.pc'
[4.668s] Level 1:colcon.colcon_core.environment:checking '/home/ros/rosspaces/newboarding/Software-Team-Entrance-Task/ros_ws/install/launch_nav/lib/python3.10/site-packages'
[4.668s] Level 1:colcon.colcon_core.environment:checking '/home/ros/rosspaces/newboarding/Software-Team-Entrance-Task/ros_ws/install/launch_nav/bin'
[4.670s] INFO:colcon.colcon_core.shell:Creating package script '/home/ros/rosspaces/newboarding/Software-Team-Entrance-Task/ros_ws/install/launch_nav/share/launch_nav/package.ps1'
[4.673s] INFO:colcon.colcon_core.shell:Creating package descriptor '/home/ros/rosspaces/newboarding/Software-Team-Entrance-Task/ros_ws/install/launch_nav/share/launch_nav/package.dsv'
[4.674s] INFO:colcon.colcon_core.shell:Creating package script '/home/ros/rosspaces/newboarding/Software-Team-Entrance-Task/ros_ws/install/launch_nav/share/launch_nav/package.sh'
[4.675s] INFO:colcon.colcon_core.shell:Creating package script '/home/ros/rosspaces/newboarding/Software-Team-Entrance-Task/ros_ws/install/launch_nav/share/launch_nav/package.bash'
[4.688s] INFO:colcon.colcon_core.shell:Creating package script '/home/ros/rosspaces/newboarding/Software-Team-Entrance-Task/ros_ws/install/launch_nav/share/launch_nav/package.zsh'
[4.689s] Level 1:colcon.colcon_core.environment:create_file_with_runtime_dependencies(/home/ros/rosspaces/newboarding/Software-Team-Entrance-Task/ros_ws/install/launch_nav/share/colcon-core/packages/launch_nav)
[4.742s] Level 1:colcon.colcon_core.environment:create_environment_scripts_only(launch_test)
[4.746s] Level 1:colcon.colcon_core.environment:checking '/home/ros/rosspaces/newboarding/Software-Team-Entrance-Task/ros_ws/install/launch_test' for CMake module files
[4.746s] Level 1:colcon.colcon_core.environment:checking '/home/ros/rosspaces/newboarding/Software-Team-Entrance-Task/ros_ws/install/launch_test' for CMake config files
[4.746s] Level 1:colcon.colcon_core.shell:create_environment_hook('launch_test', 'cmake_prefix_path')
[4.756s] INFO:colcon.colcon_core.shell:Creating environment hook '/home/ros/rosspaces/newboarding/Software-Team-Entrance-Task/ros_ws/install/launch_test/share/launch_test/hook/cmake_prefix_path.ps1'
[4.761s] INFO:colcon.colcon_core.shell:Creating environment descriptor '/home/ros/rosspaces/newboarding/Software-Team-Entrance-Task/ros_ws/install/launch_test/share/launch_test/hook/cmake_prefix_path.dsv'
[4.762s] INFO:colcon.colcon_core.shell:Creating environment hook '/home/ros/rosspaces/newboarding/Software-Team-Entrance-Task/ros_ws/install/launch_test/share/launch_test/hook/cmake_prefix_path.sh'
[4.764s] Level 1:colcon.colcon_core.environment:checking '/home/ros/rosspaces/newboarding/Software-Team-Entrance-Task/ros_ws/install/launch_test/bin'
[4.768s] Level 1:colcon.colcon_core.environment:checking '/home/ros/rosspaces/newboarding/Software-Team-Entrance-Task/ros_ws/install/launch_test/lib/pkgconfig/launch_test.pc'
[4.770s] Level 1:colcon.colcon_core.environment:checking '/home/ros/rosspaces/newboarding/Software-Team-Entrance-Task/ros_ws/install/launch_test/lib/python3.10/site-packages'
[4.771s] Level 1:colcon.colcon_core.environment:checking '/home/ros/rosspaces/newboarding/Software-Team-Entrance-Task/ros_ws/install/launch_test/bin'
[4.772s] INFO:colcon.colcon_core.shell:Creating package script '/home/ros/rosspaces/newboarding/Software-Team-Entrance-Task/ros_ws/install/launch_test/share/launch_test/package.ps1'
[4.773s] INFO:colcon.colcon_core.shell:Creating package descriptor '/home/ros/rosspaces/newboarding/Software-Team-Entrance-Task/ros_ws/install/launch_test/share/launch_test/package.dsv'
[4.774s] INFO:colcon.colcon_core.shell:Creating package script '/home/ros/rosspaces/newboarding/Software-Team-Entrance-Task/ros_ws/install/launch_test/share/launch_test/package.sh'
[4.775s] INFO:colcon.colcon_core.shell:Creating package script '/home/ros/rosspaces/newboarding/Software-Team-Entrance-Task/ros_ws/install/launch_test/share/launch_test/package.bash'
[4.776s] INFO:colcon.colcon_core.shell:Creating package script '/home/ros/rosspaces/newboarding/Software-Team-Entrance-Task/ros_ws/install/launch_test/share/launch_test/package.zsh'
[4.777s] Level 1:colcon.colcon_core.environment:create_file_with_runtime_dependencies(/home/ros/rosspaces/newboarding/Software-Team-Entrance-Task/ros_ws/install/launch_test/share/colcon-core/packages/launch_test)
[4.779s] DEBUG:colcon.colcon_parallel_executor.executor.parallel:closing loop
[4.780s] DEBUG:colcon.colcon_parallel_executor.executor.parallel:loop closed
[4.780s] DEBUG:colcon.colcon_parallel_executor.executor.parallel:run_until_complete finished with '0'
[4.780s] DEBUG:colcon.colcon_core.event_reactor:joining thread
[4.786s] INFO:colcon.colcon_core.plugin_system:Skipping extension 'colcon_notification.desktop_notification.terminal_notifier': Not used on non-Darwin systems
[4.789s] INFO:colcon.colcon_core.plugin_system:Skipping extension 'colcon_notification.desktop_notification.win32': Not used on non-Windows systems
[4.789s] INFO:colcon.colcon_notification.desktop_notification:Sending desktop notification using 'notify2'
[4.886s] DEBUG:colcon.colcon_core.event_reactor:joined thread
[4.887s] INFO:colcon.colcon_core.shell:Creating prefix script '/home/ros/rosspaces/newboarding/Software-Team-Entrance-Task/ros_ws/install/local_setup.ps1'
[4.891s] INFO:colcon.colcon_core.shell:Creating prefix util module '/home/ros/rosspaces/newboarding/Software-Team-Entrance-Task/ros_ws/install/_local_setup_util_ps1.py'
[4.898s] INFO:colcon.colcon_core.shell:Creating prefix chain script '/home/ros/rosspaces/newboarding/Software-Team-Entrance-Task/ros_ws/install/setup.ps1'
[4.904s] INFO:colcon.colcon_core.shell:Creating prefix script '/home/ros/rosspaces/newboarding/Software-Team-Entrance-Task/ros_ws/install/local_setup.sh'
[4.907s] INFO:colcon.colcon_core.shell:Creating prefix util module '/home/ros/rosspaces/newboarding/Software-Team-Entrance-Task/ros_ws/install/_local_setup_util_sh.py'
[4.908s] INFO:colcon.colcon_core.shell:Creating prefix chain script '/home/ros/rosspaces/newboarding/Software-Team-Entrance-Task/ros_ws/install/setup.sh'
[4.910s] INFO:colcon.colcon_core.shell:Creating prefix script '/home/ros/rosspaces/newboarding/Software-Team-Entrance-Task/ros_ws/install/local_setup.bash'
[4.910s] INFO:colcon.colcon_core.shell:Creating prefix chain script '/home/ros/rosspaces/newboarding/Software-Team-Entrance-Task/ros_ws/install/setup.bash'
[4.912s] INFO:colcon.colcon_core.shell:Creating prefix script '/home/ros/rosspaces/newboarding/Software-Team-Entrance-Task/ros_ws/install/local_setup.zsh'
[4.913s] INFO:colcon.colcon_core.shell:Creating prefix chain script '/home/ros/rosspaces/newboarding/Software-Team-Entrance-Task/ros_ws/install/setup.zsh'
