[0.016s] Invoking command in '/home/ros/rosspaces/newboarding/Software-Team-Entrance-Task/ros_ws/build/interfaces': CMAKE_PREFIX_PATH=${CMAKE_PREFIX_PATH}:/home/ros/rosspaces/newboarding/Software-Team-Entrance-Task/ros_ws/install/test_gps:/home/ros/rosspaces/newboarding/Software-Team-Entrance-Task/ros_ws/install/gps_distance:/opt/ros/humble /usr/bin/cmake /home/ros/rosspaces/newboarding/Software-Team-Entrance-Task/ros_ws/src/interfaces -DCMAKE_INSTALL_PREFIX=/home/ros/rosspaces/newboarding/Software-Team-Entrance-Task/ros_ws/install/interfaces
[0.130s] -- The C compiler identification is GNU 11.4.0
[0.216s] -- The CXX compiler identification is GNU 11.4.0
[0.224s] -- Detecting C compiler ABI info
[0.386s] -- Detecting C compiler ABI info - done
[0.391s] -- Check for working C compiler: /usr/bin/cc - skipped
[0.391s] -- Detecting C compile features
[0.392s] -- Detecting C compile features - done
[0.395s] -- Detecting CXX compiler ABI info
[0.582s] -- Detecting CXX compiler ABI info - done
[0.583s] -- Check for working CXX compiler: /usr/bin/c++ - skipped
[0.584s] -- Detecting CXX compile features
[0.584s] -- Detecting CXX compile features - done
[0.588s] -- Found ament_cmake: 1.3.5 (/opt/ros/humble/share/ament_cmake/cmake)
[1.001s] -- Found Python3: /usr/bin/python3.10 (found version "3.10.12") found components: Interpreter 
[1.109s] -- Found rosidl_default_generators: 1.2.0 (/opt/ros/humble/share/rosidl_default_generators/cmake)
[1.121s] -- Using all available rosidl_typesupport_c: rosidl_typesupport_fastrtps_c;rosidl_typesupport_introspection_c
[1.124s] -- Found rosidl_adapter: 3.1.5 (/opt/ros/humble/share/rosidl_adapter/cmake)
[1.176s] -- Using all available rosidl_typesupport_cpp: rosidl_typesupport_fastrtps_cpp;rosidl_typesupport_introspection_cpp
[1.641s] -- Found ament_cmake_ros: 0.10.0 (/opt/ros/humble/share/ament_cmake_ros/cmake)
[1.920s] -- Using all available rosidl_typesupport_c: rosidl_typesupport_fastrtps_c;rosidl_typesupport_introspection_c
[2.255s] -- Using all available rosidl_typesupport_cpp: rosidl_typesupport_fastrtps_cpp;rosidl_typesupport_introspection_cpp
[2.277s] -- Found PythonInterp: /usr/bin/python3 (found suitable version "3.10.12", minimum required is "3.6") 
[2.278s] -- Found python_cmake_module: 0.10.0 (/opt/ros/humble/share/python_cmake_module/cmake)
[2.317s] -- Found PythonLibs: /usr/lib/x86_64-linux-gnu/libpython3.10.so (found suitable version "3.10.12", minimum required is "3.5") 
[2.317s] -- Using PYTHON_EXECUTABLE: /usr/bin/python3
[2.317s] -- Using PYTHON_INCLUDE_DIRS: /usr/include/python3.10
[2.317s] -- Using PYTHON_LIBRARIES: /usr/lib/x86_64-linux-gnu/libpython3.10.so
[2.362s] -- Found PythonExtra: .so  
[2.416s] -- Configuring done
[2.463s] -- Generating done
[2.466s] -- Build files have been written to: /home/ros/rosspaces/newboarding/Software-Team-Entrance-Task/ros_ws/build/interfaces
[2.472s] Invoked command in '/home/ros/rosspaces/newboarding/Software-Team-Entrance-Task/ros_ws/build/interfaces' returned '0': CMAKE_PREFIX_PATH=${CMAKE_PREFIX_PATH}:/home/ros/rosspaces/newboarding/Software-Team-Entrance-Task/ros_ws/install/test_gps:/home/ros/rosspaces/newboarding/Software-Team-Entrance-Task/ros_ws/install/gps_distance:/opt/ros/humble /usr/bin/cmake /home/ros/rosspaces/newboarding/Software-Team-Entrance-Task/ros_ws/src/interfaces -DCMAKE_INSTALL_PREFIX=/home/ros/rosspaces/newboarding/Software-Team-Entrance-Task/ros_ws/install/interfaces
[2.478s] Invoking command in '/home/ros/rosspaces/newboarding/Software-Team-Entrance-Task/ros_ws/build/interfaces': CMAKE_PREFIX_PATH=${CMAKE_PREFIX_PATH}:/home/ros/rosspaces/newboarding/Software-Team-Entrance-Task/ros_ws/install/test_gps:/home/ros/rosspaces/newboarding/Software-Team-Entrance-Task/ros_ws/install/gps_distance:/opt/ros/humble /usr/bin/cmake --build /home/ros/rosspaces/newboarding/Software-Team-Entrance-Task/ros_ws/build/interfaces -- -j4 -l4
[2.585s] [  3%] [34m[1mGenerating C code for ROS interfaces[0m
[2.628s] [  6%] [34m[1mGenerating C++ code for ROS interfaces[0m
[2.690s] [  6%] Built target ament_cmake_python_copy_interfaces
[3.115s] [  6%] Built target interfaces__cpp
[3.173s] [  9%] [34m[1mGenerating C++ type support dispatch for ROS interfaces[0m
[3.184s] [ 12%] [34m[1mGenerating C++ introspection for ROS interfaces[0m
[3.196s] running egg_info
[3.197s] creating interfaces.egg-info
[3.197s] writing interfaces.egg-info/PKG-INFO
[3.197s] writing dependency_links to interfaces.egg-info/dependency_links.txt
[3.197s] writing top-level names to interfaces.egg-info/top_level.txt
[3.197s] writing manifest file 'interfaces.egg-info/SOURCES.txt'
[3.199s] reading manifest file 'interfaces.egg-info/SOURCES.txt'
[3.200s] writing manifest file 'interfaces.egg-info/SOURCES.txt'
[3.213s] [ 16%] [32mBuilding C object CMakeFiles/interfaces__rosidl_generator_c.dir/rosidl_generator_c/interfaces/msg/detail/completed__functions.c.o[0m
[3.284s] [ 16%] Built target ament_cmake_python_build_interfaces_egg
[3.303s] [ 19%] [34m[1mGenerating C++ type support for eProsima Fast-RTPS[0m
[3.319s] [ 22%] [32m[1mLinking C shared library libinterfaces__rosidl_generator_c.so[0m
[3.444s] [ 22%] Built target interfaces__rosidl_generator_c
[3.464s] [ 25%] [32mBuilding CXX object CMakeFiles/interfaces__rosidl_typesupport_cpp.dir/rosidl_typesupport_cpp/interfaces/msg/completed__type_support.cpp.o[0m
[3.465s] [ 29%] [34m[1mGenerating C type support for eProsima Fast-RTPS[0m
[3.570s] [ 32%] [32mBuilding CXX object CMakeFiles/interfaces__rosidl_typesupport_introspection_cpp.dir/rosidl_typesupport_introspection_cpp/interfaces/msg/detail/completed__type_support.cpp.o[0m
[3.664s] [ 35%] [32mBuilding CXX object CMakeFiles/interfaces__rosidl_typesupport_fastrtps_cpp.dir/rosidl_typesupport_fastrtps_cpp/interfaces/msg/detail/dds_fastrtps/completed__type_support.cpp.o[0m
[3.922s] [ 38%] [32mBuilding CXX object CMakeFiles/interfaces__rosidl_typesupport_fastrtps_c.dir/rosidl_typesupport_fastrtps_c/interfaces/msg/detail/completed__type_support_c.cpp.o[0m
[4.030s] [ 41%] [32m[1mLinking CXX shared library libinterfaces__rosidl_typesupport_cpp.so[0m
[4.065s] [ 45%] [32m[1mLinking CXX shared library libinterfaces__rosidl_typesupport_introspection_cpp.so[0m
[4.095s] [ 45%] Built target interfaces__rosidl_typesupport_cpp
[4.135s] [ 48%] [34m[1mGenerating C introspection for ROS interfaces[0m
[4.165s] [ 48%] Built target interfaces__rosidl_typesupport_introspection_cpp
[4.268s] [ 54%] [34m[1mGenerating C type support dispatch for ROS interfaces[0m
[4.268s] [ 54%] [32m[1mLinking CXX shared library libinterfaces__rosidl_typesupport_fastrtps_cpp.so[0m
[4.580s] [ 54%] Built target interfaces__rosidl_typesupport_fastrtps_cpp
[4.602s] [ 58%] [32m[1mLinking CXX shared library libinterfaces__rosidl_typesupport_fastrtps_c.so[0m
[4.716s] [ 61%] [32mBuilding C object CMakeFiles/interfaces__rosidl_typesupport_introspection_c.dir/rosidl_typesupport_introspection_c/interfaces/msg/detail/completed__type_support.c.o[0m
[4.815s] [ 64%] [32m[1mLinking C shared library libinterfaces__rosidl_typesupport_introspection_c.so[0m
[4.824s] [ 64%] Built target interfaces__rosidl_typesupport_fastrtps_c
[4.899s] [ 67%] [32mBuilding CXX object CMakeFiles/interfaces__rosidl_typesupport_c.dir/rosidl_typesupport_c/interfaces/msg/completed__type_support.cpp.o[0m
[4.908s] [ 67%] Built target interfaces__rosidl_typesupport_introspection_c
[4.974s] [ 70%] [32m[1mLinking CXX shared library libinterfaces__rosidl_typesupport_c.so[0m
[5.056s] [ 70%] Built target interfaces__rosidl_typesupport_c
[5.127s] [ 70%] Built target interfaces
[5.159s] [ 74%] [34m[1mGenerating Python code for ROS interfaces[0m
[5.526s] [ 74%] Built target interfaces__py
[5.605s] [ 77%] [32mBuilding C object CMakeFiles/interfaces__rosidl_generator_py.dir/rosidl_generator_py/interfaces/msg/_completed_s.c.o[0m
[5.819s] [ 80%] [32m[1mLinking C shared library rosidl_generator_py/interfaces/libinterfaces__rosidl_generator_py.so[0m
[5.933s] [ 80%] Built target interfaces__rosidl_generator_py
[6.020s] [ 83%] [32mBuilding C object CMakeFiles/interfaces__rosidl_typesupport_fastrtps_c__pyext.dir/rosidl_generator_py/interfaces/_interfaces_s.ep.rosidl_typesupport_fastrtps_c.c.o[0m
[6.046s] [ 87%] [32mBuilding C object CMakeFiles/interfaces__rosidl_typesupport_c__pyext.dir/rosidl_generator_py/interfaces/_interfaces_s.ep.rosidl_typesupport_c.c.o[0m
[6.046s] [ 90%] [32mBuilding C object CMakeFiles/interfaces__rosidl_typesupport_introspection_c__pyext.dir/rosidl_generator_py/interfaces/_interfaces_s.ep.rosidl_typesupport_introspection_c.c.o[0m
[6.291s] [ 93%] [32m[1mLinking C shared library rosidl_generator_py/interfaces/interfaces_s__rosidl_typesupport_c.cpython-310-x86_64-linux-gnu.so[0m
[6.291s] [ 96%] [32m[1mLinking C shared library rosidl_generator_py/interfaces/interfaces_s__rosidl_typesupport_fastrtps_c.cpython-310-x86_64-linux-gnu.so[0m
[6.292s] [100%] [32m[1mLinking C shared library rosidl_generator_py/interfaces/interfaces_s__rosidl_typesupport_introspection_c.cpython-310-x86_64-linux-gnu.so[0m
[6.386s] [100%] Built target interfaces__rosidl_typesupport_c__pyext
[6.426s] [100%] Built target interfaces__rosidl_typesupport_introspection_c__pyext
[6.431s] [100%] Built target interfaces__rosidl_typesupport_fastrtps_c__pyext
[6.468s] Invoked command in '/home/ros/rosspaces/newboarding/Software-Team-Entrance-Task/ros_ws/build/interfaces' returned '0': CMAKE_PREFIX_PATH=${CMAKE_PREFIX_PATH}:/home/ros/rosspaces/newboarding/Software-Team-Entrance-Task/ros_ws/install/test_gps:/home/ros/rosspaces/newboarding/Software-Team-Entrance-Task/ros_ws/install/gps_distance:/opt/ros/humble /usr/bin/cmake --build /home/ros/rosspaces/newboarding/Software-Team-Entrance-Task/ros_ws/build/interfaces -- -j4 -l4
[6.765s] Invoking command in '/home/ros/rosspaces/newboarding/Software-Team-Entrance-Task/ros_ws/build/interfaces': CMAKE_PREFIX_PATH=${CMAKE_PREFIX_PATH}:/home/ros/rosspaces/newboarding/Software-Team-Entrance-Task/ros_ws/install/test_gps:/home/ros/rosspaces/newboarding/Software-Team-Entrance-Task/ros_ws/install/gps_distance:/opt/ros/humble /usr/bin/cmake --install /home/ros/rosspaces/newboarding/Software-Team-Entrance-Task/ros_ws/build/interfaces
[6.774s] -- Install configuration: ""
[6.774s] -- Installing: /home/ros/rosspaces/newboarding/Software-Team-Entrance-Task/ros_ws/install/interfaces/share/ament_index/resource_index/rosidl_interfaces/interfaces
[6.774s] -- Installing: /home/ros/rosspaces/newboarding/Software-Team-Entrance-Task/ros_ws/install/interfaces/include/interfaces/interfaces
[6.774s] -- Installing: /home/ros/rosspaces/newboarding/Software-Team-Entrance-Task/ros_ws/install/interfaces/include/interfaces/interfaces/msg
[6.774s] -- Installing: /home/ros/rosspaces/newboarding/Software-Team-Entrance-Task/ros_ws/install/interfaces/include/interfaces/interfaces/msg/completed.h
[6.775s] -- Installing: /home/ros/rosspaces/newboarding/Software-Team-Entrance-Task/ros_ws/install/interfaces/include/interfaces/interfaces/msg/rosidl_generator_c__visibility_control.h
[6.775s] -- Installing: /home/ros/rosspaces/newboarding/Software-Team-Entrance-Task/ros_ws/install/interfaces/include/interfaces/interfaces/msg/detail
[6.775s] -- Installing: /home/ros/rosspaces/newboarding/Software-Team-Entrance-Task/ros_ws/install/interfaces/include/interfaces/interfaces/msg/detail/completed__struct.h
[6.775s] -- Installing: /home/ros/rosspaces/newboarding/Software-Team-Entrance-Task/ros_ws/install/interfaces/include/interfaces/interfaces/msg/detail/completed__functions.h
[6.775s] -- Installing: /home/ros/rosspaces/newboarding/Software-Team-Entrance-Task/ros_ws/install/interfaces/include/interfaces/interfaces/msg/detail/completed__functions.c
[6.775s] -- Installing: /home/ros/rosspaces/newboarding/Software-Team-Entrance-Task/ros_ws/install/interfaces/include/interfaces/interfaces/msg/detail/completed__type_support.h
[6.775s] -- Installing: /home/ros/rosspaces/newboarding/Software-Team-Entrance-Task/ros_ws/install/interfaces/share/interfaces/environment/library_path.sh
[6.775s] -- Installing: /home/ros/rosspaces/newboarding/Software-Team-Entrance-Task/ros_ws/install/interfaces/share/interfaces/environment/library_path.dsv
[6.776s] -- Installing: /home/ros/rosspaces/newboarding/Software-Team-Entrance-Task/ros_ws/install/interfaces/lib/libinterfaces__rosidl_generator_c.so
[6.777s] -- Set runtime path of "/home/ros/rosspaces/newboarding/Software-Team-Entrance-Task/ros_ws/install/interfaces/lib/libinterfaces__rosidl_generator_c.so" to ""
[6.777s] -- Up-to-date: /home/ros/rosspaces/newboarding/Software-Team-Entrance-Task/ros_ws/install/interfaces/include/interfaces/interfaces
[6.777s] -- Up-to-date: /home/ros/rosspaces/newboarding/Software-Team-Entrance-Task/ros_ws/install/interfaces/include/interfaces/interfaces/msg
[6.777s] -- Up-to-date: /home/ros/rosspaces/newboarding/Software-Team-Entrance-Task/ros_ws/install/interfaces/include/interfaces/interfaces/msg/detail
[6.777s] -- Installing: /home/ros/rosspaces/newboarding/Software-Team-Entrance-Task/ros_ws/install/interfaces/include/interfaces/interfaces/msg/detail/completed__rosidl_typesupport_fastrtps_c.h
[6.777s] -- Installing: /home/ros/rosspaces/newboarding/Software-Team-Entrance-Task/ros_ws/install/interfaces/include/interfaces/interfaces/msg/rosidl_typesupport_fastrtps_c__visibility_control.h
[6.778s] -- Installing: /home/ros/rosspaces/newboarding/Software-Team-Entrance-Task/ros_ws/install/interfaces/lib/libinterfaces__rosidl_typesupport_fastrtps_c.so
[6.778s] -- Set runtime path of "/home/ros/rosspaces/newboarding/Software-Team-Entrance-Task/ros_ws/install/interfaces/lib/libinterfaces__rosidl_typesupport_fastrtps_c.so" to ""
[6.778s] -- Up-to-date: /home/ros/rosspaces/newboarding/Software-Team-Entrance-Task/ros_ws/install/interfaces/include/interfaces/interfaces
[6.778s] -- Up-to-date: /home/ros/rosspaces/newboarding/Software-Team-Entrance-Task/ros_ws/install/interfaces/include/interfaces/interfaces/msg
[6.779s] -- Installing: /home/ros/rosspaces/newboarding/Software-Team-Entrance-Task/ros_ws/install/interfaces/include/interfaces/interfaces/msg/rosidl_typesupport_introspection_c__visibility_control.h
[6.779s] -- Up-to-date: /home/ros/rosspaces/newboarding/Software-Team-Entrance-Task/ros_ws/install/interfaces/include/interfaces/interfaces/msg/detail
[6.781s] -- Installing: /home/ros/rosspaces/newboarding/Software-Team-Entrance-Task/ros_ws/install/interfaces/include/interfaces/interfaces/msg/detail/completed__type_support.c
[6.782s] -- Installing: /home/ros/rosspaces/newboarding/Software-Team-Entrance-Task/ros_ws/install/interfaces/include/interfaces/interfaces/msg/detail/completed__rosidl_typesupport_introspection_c.h
[6.782s] -- Installing: /home/ros/rosspaces/newboarding/Software-Team-Entrance-Task/ros_ws/install/interfaces/lib/libinterfaces__rosidl_typesupport_introspection_c.so
[6.782s] -- Set runtime path of "/home/ros/rosspaces/newboarding/Software-Team-Entrance-Task/ros_ws/install/interfaces/lib/libinterfaces__rosidl_typesupport_introspection_c.so" to ""
[6.783s] -- Installing: /home/ros/rosspaces/newboarding/Software-Team-Entrance-Task/ros_ws/install/interfaces/lib/libinterfaces__rosidl_typesupport_c.so
[6.783s] -- Set runtime path of "/home/ros/rosspaces/newboarding/Software-Team-Entrance-Task/ros_ws/install/interfaces/lib/libinterfaces__rosidl_typesupport_c.so" to ""
[6.783s] -- Up-to-date: /home/ros/rosspaces/newboarding/Software-Team-Entrance-Task/ros_ws/install/interfaces/include/interfaces/interfaces
[6.783s] -- Up-to-date: /home/ros/rosspaces/newboarding/Software-Team-Entrance-Task/ros_ws/install/interfaces/include/interfaces/interfaces/msg
[6.783s] -- Up-to-date: /home/ros/rosspaces/newboarding/Software-Team-Entrance-Task/ros_ws/install/interfaces/include/interfaces/interfaces/msg/detail
[6.783s] -- Installing: /home/ros/rosspaces/newboarding/Software-Team-Entrance-Task/ros_ws/install/interfaces/include/interfaces/interfaces/msg/detail/completed__struct.hpp
[6.783s] -- Installing: /home/ros/rosspaces/newboarding/Software-Team-Entrance-Task/ros_ws/install/interfaces/include/interfaces/interfaces/msg/detail/completed__builder.hpp
[6.783s] -- Installing: /home/ros/rosspaces/newboarding/Software-Team-Entrance-Task/ros_ws/install/interfaces/include/interfaces/interfaces/msg/detail/completed__traits.hpp
[6.783s] -- Installing: /home/ros/rosspaces/newboarding/Software-Team-Entrance-Task/ros_ws/install/interfaces/include/interfaces/interfaces/msg/completed.hpp
[6.783s] -- Up-to-date: /home/ros/rosspaces/newboarding/Software-Team-Entrance-Task/ros_ws/install/interfaces/include/interfaces/interfaces
[6.783s] -- Up-to-date: /home/ros/rosspaces/newboarding/Software-Team-Entrance-Task/ros_ws/install/interfaces/include/interfaces/interfaces/msg
[6.783s] -- Installing: /home/ros/rosspaces/newboarding/Software-Team-Entrance-Task/ros_ws/install/interfaces/include/interfaces/interfaces/msg/rosidl_typesupport_fastrtps_cpp__visibility_control.h
[6.783s] -- Up-to-date: /home/ros/rosspaces/newboarding/Software-Team-Entrance-Task/ros_ws/install/interfaces/include/interfaces/interfaces/msg/detail
[6.783s] -- Installing: /home/ros/rosspaces/newboarding/Software-Team-Entrance-Task/ros_ws/install/interfaces/include/interfaces/interfaces/msg/detail/completed__rosidl_typesupport_fastrtps_cpp.hpp
[6.784s] -- Installing: /home/ros/rosspaces/newboarding/Software-Team-Entrance-Task/ros_ws/install/interfaces/include/interfaces/interfaces/msg/detail/dds_fastrtps
[6.784s] -- Installing: /home/ros/rosspaces/newboarding/Software-Team-Entrance-Task/ros_ws/install/interfaces/lib/libinterfaces__rosidl_typesupport_fastrtps_cpp.so
[6.784s] -- Set runtime path of "/home/ros/rosspaces/newboarding/Software-Team-Entrance-Task/ros_ws/install/interfaces/lib/libinterfaces__rosidl_typesupport_fastrtps_cpp.so" to ""
[6.784s] -- Up-to-date: /home/ros/rosspaces/newboarding/Software-Team-Entrance-Task/ros_ws/install/interfaces/include/interfaces/interfaces
[6.784s] -- Up-to-date: /home/ros/rosspaces/newboarding/Software-Team-Entrance-Task/ros_ws/install/interfaces/include/interfaces/interfaces/msg
[6.784s] -- Up-to-date: /home/ros/rosspaces/newboarding/Software-Team-Entrance-Task/ros_ws/install/interfaces/include/interfaces/interfaces/msg/detail
[6.784s] -- Installing: /home/ros/rosspaces/newboarding/Software-Team-Entrance-Task/ros_ws/install/interfaces/include/interfaces/interfaces/msg/detail/completed__rosidl_typesupport_introspection_cpp.hpp
[6.784s] -- Installing: /home/ros/rosspaces/newboarding/Software-Team-Entrance-Task/ros_ws/install/interfaces/include/interfaces/interfaces/msg/detail/completed__type_support.cpp
[6.784s] -- Installing: /home/ros/rosspaces/newboarding/Software-Team-Entrance-Task/ros_ws/install/interfaces/lib/libinterfaces__rosidl_typesupport_introspection_cpp.so
[6.785s] -- Set runtime path of "/home/ros/rosspaces/newboarding/Software-Team-Entrance-Task/ros_ws/install/interfaces/lib/libinterfaces__rosidl_typesupport_introspection_cpp.so" to ""
[6.785s] -- Installing: /home/ros/rosspaces/newboarding/Software-Team-Entrance-Task/ros_ws/install/interfaces/lib/libinterfaces__rosidl_typesupport_cpp.so
[6.785s] -- Set runtime path of "/home/ros/rosspaces/newboarding/Software-Team-Entrance-Task/ros_ws/install/interfaces/lib/libinterfaces__rosidl_typesupport_cpp.so" to ""
[6.785s] -- Installing: /home/ros/rosspaces/newboarding/Software-Team-Entrance-Task/ros_ws/install/interfaces/share/interfaces/environment/pythonpath.sh
[6.786s] -- Installing: /home/ros/rosspaces/newboarding/Software-Team-Entrance-Task/ros_ws/install/interfaces/share/interfaces/environment/pythonpath.dsv
[6.786s] -- Installing: /home/ros/rosspaces/newboarding/Software-Team-Entrance-Task/ros_ws/install/interfaces/local/lib/python3.10/dist-packages/interfaces-0.0.0-py3.10.egg-info
[6.786s] -- Installing: /home/ros/rosspaces/newboarding/Software-Team-Entrance-Task/ros_ws/install/interfaces/local/lib/python3.10/dist-packages/interfaces-0.0.0-py3.10.egg-info/dependency_links.txt
[6.786s] -- Installing: /home/ros/rosspaces/newboarding/Software-Team-Entrance-Task/ros_ws/install/interfaces/local/lib/python3.10/dist-packages/interfaces-0.0.0-py3.10.egg-info/top_level.txt
[6.787s] -- Installing: /home/ros/rosspaces/newboarding/Software-Team-Entrance-Task/ros_ws/install/interfaces/local/lib/python3.10/dist-packages/interfaces-0.0.0-py3.10.egg-info/SOURCES.txt
[6.787s] -- Installing: /home/ros/rosspaces/newboarding/Software-Team-Entrance-Task/ros_ws/install/interfaces/local/lib/python3.10/dist-packages/interfaces-0.0.0-py3.10.egg-info/PKG-INFO
[6.787s] -- Installing: /home/ros/rosspaces/newboarding/Software-Team-Entrance-Task/ros_ws/install/interfaces/local/lib/python3.10/dist-packages/interfaces
[6.787s] -- Installing: /home/ros/rosspaces/newboarding/Software-Team-Entrance-Task/ros_ws/install/interfaces/local/lib/python3.10/dist-packages/interfaces/libinterfaces__rosidl_generator_py.so
[6.788s] -- Installing: /home/ros/rosspaces/newboarding/Software-Team-Entrance-Task/ros_ws/install/interfaces/local/lib/python3.10/dist-packages/interfaces/_interfaces_s.ep.rosidl_typesupport_fastrtps_c.c
[6.788s] -- Installing: /home/ros/rosspaces/newboarding/Software-Team-Entrance-Task/ros_ws/install/interfaces/local/lib/python3.10/dist-packages/interfaces/_interfaces_s.ep.rosidl_typesupport_introspection_c.c
[6.788s] -- Installing: /home/ros/rosspaces/newboarding/Software-Team-Entrance-Task/ros_ws/install/interfaces/local/lib/python3.10/dist-packages/interfaces/interfaces_s__rosidl_typesupport_fastrtps_c.cpython-310-x86_64-linux-gnu.so
[6.788s] -- Installing: /home/ros/rosspaces/newboarding/Software-Team-Entrance-Task/ros_ws/install/interfaces/local/lib/python3.10/dist-packages/interfaces/interfaces_s__rosidl_typesupport_introspection_c.cpython-310-x86_64-linux-gnu.so
[6.788s] -- Installing: /home/ros/rosspaces/newboarding/Software-Team-Entrance-Task/ros_ws/install/interfaces/local/lib/python3.10/dist-packages/interfaces/__init__.py
[6.788s] -- Installing: /home/ros/rosspaces/newboarding/Software-Team-Entrance-Task/ros_ws/install/interfaces/local/lib/python3.10/dist-packages/interfaces/msg
[6.788s] -- Installing: /home/ros/rosspaces/newboarding/Software-Team-Entrance-Task/ros_ws/install/interfaces/local/lib/python3.10/dist-packages/interfaces/msg/_completed.py
[6.788s] -- Installing: /home/ros/rosspaces/newboarding/Software-Team-Entrance-Task/ros_ws/install/interfaces/local/lib/python3.10/dist-packages/interfaces/msg/__init__.py
[6.788s] -- Installing: /home/ros/rosspaces/newboarding/Software-Team-Entrance-Task/ros_ws/install/interfaces/local/lib/python3.10/dist-packages/interfaces/msg/_completed_s.c
[6.788s] -- Installing: /home/ros/rosspaces/newboarding/Software-Team-Entrance-Task/ros_ws/install/interfaces/local/lib/python3.10/dist-packages/interfaces/_interfaces_s.ep.rosidl_typesupport_c.c
[6.788s] -- Installing: /home/ros/rosspaces/newboarding/Software-Team-Entrance-Task/ros_ws/install/interfaces/local/lib/python3.10/dist-packages/interfaces/interfaces_s__rosidl_typesupport_c.cpython-310-x86_64-linux-gnu.so
[6.835s] Listing '/home/ros/rosspaces/newboarding/Software-Team-Entrance-Task/ros_ws/install/interfaces/local/lib/python3.10/dist-packages/interfaces'...
[6.835s] Compiling '/home/ros/rosspaces/newboarding/Software-Team-Entrance-Task/ros_ws/install/interfaces/local/lib/python3.10/dist-packages/interfaces/__init__.py'...
[6.835s] Listing '/home/ros/rosspaces/newboarding/Software-Team-Entrance-Task/ros_ws/install/interfaces/local/lib/python3.10/dist-packages/interfaces/msg'...
[6.835s] Compiling '/home/ros/rosspaces/newboarding/Software-Team-Entrance-Task/ros_ws/install/interfaces/local/lib/python3.10/dist-packages/interfaces/msg/__init__.py'...
[6.835s] Compiling '/home/ros/rosspaces/newboarding/Software-Team-Entrance-Task/ros_ws/install/interfaces/local/lib/python3.10/dist-packages/interfaces/msg/_completed.py'...
[6.840s] -- Installing: /home/ros/rosspaces/newboarding/Software-Team-Entrance-Task/ros_ws/install/interfaces/local/lib/python3.10/dist-packages/interfaces/interfaces_s__rosidl_typesupport_fastrtps_c.cpython-310-x86_64-linux-gnu.so
[6.840s] -- Set runtime path of "/home/ros/rosspaces/newboarding/Software-Team-Entrance-Task/ros_ws/install/interfaces/local/lib/python3.10/dist-packages/interfaces/interfaces_s__rosidl_typesupport_fastrtps_c.cpython-310-x86_64-linux-gnu.so" to ""
[6.840s] -- Installing: /home/ros/rosspaces/newboarding/Software-Team-Entrance-Task/ros_ws/install/interfaces/local/lib/python3.10/dist-packages/interfaces/interfaces_s__rosidl_typesupport_introspection_c.cpython-310-x86_64-linux-gnu.so
[6.840s] -- Set runtime path of "/home/ros/rosspaces/newboarding/Software-Team-Entrance-Task/ros_ws/install/interfaces/local/lib/python3.10/dist-packages/interfaces/interfaces_s__rosidl_typesupport_introspection_c.cpython-310-x86_64-linux-gnu.so" to ""
[6.840s] -- Installing: /home/ros/rosspaces/newboarding/Software-Team-Entrance-Task/ros_ws/install/interfaces/local/lib/python3.10/dist-packages/interfaces/interfaces_s__rosidl_typesupport_c.cpython-310-x86_64-linux-gnu.so
[6.840s] -- Set runtime path of "/home/ros/rosspaces/newboarding/Software-Team-Entrance-Task/ros_ws/install/interfaces/local/lib/python3.10/dist-packages/interfaces/interfaces_s__rosidl_typesupport_c.cpython-310-x86_64-linux-gnu.so" to ""
[6.840s] -- Installing: /home/ros/rosspaces/newboarding/Software-Team-Entrance-Task/ros_ws/install/interfaces/lib/libinterfaces__rosidl_generator_py.so
[6.841s] -- Set runtime path of "/home/ros/rosspaces/newboarding/Software-Team-Entrance-Task/ros_ws/install/interfaces/lib/libinterfaces__rosidl_generator_py.so" to ""
[6.841s] -- Installing: /home/ros/rosspaces/newboarding/Software-Team-Entrance-Task/ros_ws/install/interfaces/share/interfaces/msg/Completed.idl
[6.841s] -- Installing: /home/ros/rosspaces/newboarding/Software-Team-Entrance-Task/ros_ws/install/interfaces/share/interfaces/msg/Completed.msg
[6.841s] -- Installing: /home/ros/rosspaces/newboarding/Software-Team-Entrance-Task/ros_ws/install/interfaces/share/ament_index/resource_index/package_run_dependencies/interfaces
[6.842s] -- Installing: /home/ros/rosspaces/newboarding/Software-Team-Entrance-Task/ros_ws/install/interfaces/share/ament_index/resource_index/parent_prefix_path/interfaces
[6.842s] -- Installing: /home/ros/rosspaces/newboarding/Software-Team-Entrance-Task/ros_ws/install/interfaces/share/interfaces/environment/ament_prefix_path.sh
[6.842s] -- Installing: /home/ros/rosspaces/newboarding/Software-Team-Entrance-Task/ros_ws/install/interfaces/share/interfaces/environment/ament_prefix_path.dsv
[6.842s] -- Installing: /home/ros/rosspaces/newboarding/Software-Team-Entrance-Task/ros_ws/install/interfaces/share/interfaces/environment/path.sh
[6.843s] -- Installing: /home/ros/rosspaces/newboarding/Software-Team-Entrance-Task/ros_ws/install/interfaces/share/interfaces/environment/path.dsv
[6.843s] -- Installing: /home/ros/rosspaces/newboarding/Software-Team-Entrance-Task/ros_ws/install/interfaces/share/interfaces/local_setup.bash
[6.843s] -- Installing: /home/ros/rosspaces/newboarding/Software-Team-Entrance-Task/ros_ws/install/interfaces/share/interfaces/local_setup.sh
[6.843s] -- Installing: /home/ros/rosspaces/newboarding/Software-Team-Entrance-Task/ros_ws/install/interfaces/share/interfaces/local_setup.zsh
[6.843s] -- Installing: /home/ros/rosspaces/newboarding/Software-Team-Entrance-Task/ros_ws/install/interfaces/share/interfaces/local_setup.dsv
[6.843s] -- Installing: /home/ros/rosspaces/newboarding/Software-Team-Entrance-Task/ros_ws/install/interfaces/share/interfaces/package.dsv
[6.844s] -- Installing: /home/ros/rosspaces/newboarding/Software-Team-Entrance-Task/ros_ws/install/interfaces/share/ament_index/resource_index/packages/interfaces
[6.844s] -- Installing: /home/ros/rosspaces/newboarding/Software-Team-Entrance-Task/ros_ws/install/interfaces/share/interfaces/cmake/export_interfaces__rosidl_generator_cExport.cmake
[6.844s] -- Installing: /home/ros/rosspaces/newboarding/Software-Team-Entrance-Task/ros_ws/install/interfaces/share/interfaces/cmake/export_interfaces__rosidl_generator_cExport-noconfig.cmake
[6.844s] -- Installing: /home/ros/rosspaces/newboarding/Software-Team-Entrance-Task/ros_ws/install/interfaces/share/interfaces/cmake/export_interfaces__rosidl_typesupport_fastrtps_cExport.cmake
[6.844s] -- Installing: /home/ros/rosspaces/newboarding/Software-Team-Entrance-Task/ros_ws/install/interfaces/share/interfaces/cmake/export_interfaces__rosidl_typesupport_fastrtps_cExport-noconfig.cmake
[6.845s] -- Installing: /home/ros/rosspaces/newboarding/Software-Team-Entrance-Task/ros_ws/install/interfaces/share/interfaces/cmake/interfaces__rosidl_typesupport_introspection_cExport.cmake
[6.845s] -- Installing: /home/ros/rosspaces/newboarding/Software-Team-Entrance-Task/ros_ws/install/interfaces/share/interfaces/cmake/interfaces__rosidl_typesupport_introspection_cExport-noconfig.cmake
[6.845s] -- Installing: /home/ros/rosspaces/newboarding/Software-Team-Entrance-Task/ros_ws/install/interfaces/share/interfaces/cmake/interfaces__rosidl_typesupport_cExport.cmake
[6.845s] -- Installing: /home/ros/rosspaces/newboarding/Software-Team-Entrance-Task/ros_ws/install/interfaces/share/interfaces/cmake/interfaces__rosidl_typesupport_cExport-noconfig.cmake
[6.845s] -- Installing: /home/ros/rosspaces/newboarding/Software-Team-Entrance-Task/ros_ws/install/interfaces/share/interfaces/cmake/export_interfaces__rosidl_generator_cppExport.cmake
[6.846s] -- Installing: /home/ros/rosspaces/newboarding/Software-Team-Entrance-Task/ros_ws/install/interfaces/share/interfaces/cmake/export_interfaces__rosidl_typesupport_fastrtps_cppExport.cmake
[6.846s] -- Installing: /home/ros/rosspaces/newboarding/Software-Team-Entrance-Task/ros_ws/install/interfaces/share/interfaces/cmake/export_interfaces__rosidl_typesupport_fastrtps_cppExport-noconfig.cmake
[6.846s] -- Installing: /home/ros/rosspaces/newboarding/Software-Team-Entrance-Task/ros_ws/install/interfaces/share/interfaces/cmake/interfaces__rosidl_typesupport_introspection_cppExport.cmake
[6.846s] -- Installing: /home/ros/rosspaces/newboarding/Software-Team-Entrance-Task/ros_ws/install/interfaces/share/interfaces/cmake/interfaces__rosidl_typesupport_introspection_cppExport-noconfig.cmake
[6.847s] -- Installing: /home/ros/rosspaces/newboarding/Software-Team-Entrance-Task/ros_ws/install/interfaces/share/interfaces/cmake/interfaces__rosidl_typesupport_cppExport.cmake
[6.847s] -- Installing: /home/ros/rosspaces/newboarding/Software-Team-Entrance-Task/ros_ws/install/interfaces/share/interfaces/cmake/interfaces__rosidl_typesupport_cppExport-noconfig.cmake
[6.847s] -- Installing: /home/ros/rosspaces/newboarding/Software-Team-Entrance-Task/ros_ws/install/interfaces/share/interfaces/cmake/export_interfaces__rosidl_generator_pyExport.cmake
[6.847s] -- Installing: /home/ros/rosspaces/newboarding/Software-Team-Entrance-Task/ros_ws/install/interfaces/share/interfaces/cmake/export_interfaces__rosidl_generator_pyExport-noconfig.cmake
[6.847s] -- Installing: /home/ros/rosspaces/newboarding/Software-Team-Entrance-Task/ros_ws/install/interfaces/share/interfaces/cmake/rosidl_cmake-extras.cmake
[6.848s] -- Installing: /home/ros/rosspaces/newboarding/Software-Team-Entrance-Task/ros_ws/install/interfaces/share/interfaces/cmake/ament_cmake_export_include_directories-extras.cmake
[6.848s] -- Installing: /home/ros/rosspaces/newboarding/Software-Team-Entrance-Task/ros_ws/install/interfaces/share/interfaces/cmake/ament_cmake_export_libraries-extras.cmake
[6.848s] -- Installing: /home/ros/rosspaces/newboarding/Software-Team-Entrance-Task/ros_ws/install/interfaces/share/interfaces/cmake/ament_cmake_export_targets-extras.cmake
[6.848s] -- Installing: /home/ros/rosspaces/newboarding/Software-Team-Entrance-Task/ros_ws/install/interfaces/share/interfaces/cmake/rosidl_cmake_export_typesupport_targets-extras.cmake
[6.848s] -- Installing: /home/ros/rosspaces/newboarding/Software-Team-Entrance-Task/ros_ws/install/interfaces/share/interfaces/cmake/ament_cmake_export_dependencies-extras.cmake
[6.849s] -- Installing: /home/ros/rosspaces/newboarding/Software-Team-Entrance-Task/ros_ws/install/interfaces/share/interfaces/cmake/rosidl_cmake_export_typesupport_libraries-extras.cmake
[6.849s] -- Installing: /home/ros/rosspaces/newboarding/Software-Team-Entrance-Task/ros_ws/install/interfaces/share/interfaces/cmake/interfacesConfig.cmake
[6.849s] -- Installing: /home/ros/rosspaces/newboarding/Software-Team-Entrance-Task/ros_ws/install/interfaces/share/interfaces/cmake/interfacesConfig-version.cmake
[6.849s] -- Installing: /home/ros/rosspaces/newboarding/Software-Team-Entrance-Task/ros_ws/install/interfaces/share/interfaces/package.xml
[6.855s] Invoked command in '/home/ros/rosspaces/newboarding/Software-Team-Entrance-Task/ros_ws/build/interfaces' returned '0': CMAKE_PREFIX_PATH=${CMAKE_PREFIX_PATH}:/home/ros/rosspaces/newboarding/Software-Team-Entrance-Task/ros_ws/install/test_gps:/home/ros/rosspaces/newboarding/Software-Team-Entrance-Task/ros_ws/install/gps_distance:/opt/ros/humble /usr/bin/cmake --install /home/ros/rosspaces/newboarding/Software-Team-Entrance-Task/ros_ws/build/interfaces
