[0.317s] DEBUG:colcon:Command line arguments: ['/usr/bin/colcon', 'build']
[0.317s] DEBUG:colcon:Parsed command line arguments: Namespace(log_base=None, log_level=None, verb_name='build', build_base='build', install_base='install', merge_install=False, symlink_install=False, test_result_base=None, continue_on_error=False, executor='parallel', parallel_workers=4, event_handlers=None, ignore_user_meta=False, metas=['./colcon.meta'], base_paths=['.'], packages_ignore=None, packages_ignore_regex=None, paths=None, packages_up_to=None, packages_up_to_regex=None, packages_above=None, packages_above_and_dependencies=None, packages_above_depth=None, packages_select_by_dep=None, packages_skip_by_dep=None, packages_skip_up_to=None, packages_select_build_failed=False, packages_skip_build_finished=False, packages_select_test_failures=False, packages_skip_test_passed=False, packages_select=None, packages_skip=None, packages_select_regex=None, packages_skip_regex=None, packages_start=None, packages_end=None, allow_overriding=[], cmake_args=None, cmake_target=None, cmake_target_skip_unavailable=False, cmake_clean_cache=False, cmake_clean_first=False, cmake_force_configure=False, ament_cmake_args=None, catkin_cmake_args=None, catkin_skip_building_tests=False, verb_parser=<colcon_defaults.argument_parser.defaults.DefaultArgumentsDecorator object at 0x7f8390df4d60>, verb_extension=<colcon_core.verb.build.BuildVerb object at 0x7f83915fed10>, main=<bound method BuildVerb.main of <colcon_core.verb.build.BuildVerb object at 0x7f83915fed10>>)
[0.345s] Level 1:colcon.colcon_core.package_discovery:discover_packages(colcon_meta) check parameters
[0.345s] Level 1:colcon.colcon_core.package_discovery:discover_packages(recursive) check parameters
[0.345s] Level 1:colcon.colcon_core.package_discovery:discover_packages(ignore) check parameters
[0.345s] Level 1:colcon.colcon_core.package_discovery:discover_packages(path) check parameters
[0.345s] Level 1:colcon.colcon_core.package_discovery:discover_packages(colcon_meta) discover
[0.345s] Level 1:colcon.colcon_core.package_discovery:discover_packages(recursive) discover
[0.345s] INFO:colcon.colcon_core.package_discovery:Crawling recursively for packages in '/home/ros/rosspaces/newboarding/Software-Team-Entrance-Task/ros_ws'
[0.345s] Level 1:colcon.colcon_core.package_identification:_identify(.) by extensions ['ignore', 'ignore_ament_install']
[0.345s] Level 1:colcon.colcon_core.package_identification:_identify(.) by extension 'ignore'
[0.345s] Level 1:colcon.colcon_core.package_identification:_identify(.) by extension 'ignore_ament_install'
[0.345s] Level 1:colcon.colcon_core.package_identification:_identify(.) by extensions ['colcon_pkg']
[0.345s] Level 1:colcon.colcon_core.package_identification:_identify(.) by extension 'colcon_pkg'
[0.345s] Level 1:colcon.colcon_core.package_identification:_identify(.) by extensions ['colcon_meta']
[0.345s] Level 1:colcon.colcon_core.package_identification:_identify(.) by extension 'colcon_meta'
[0.345s] Level 1:colcon.colcon_core.package_identification:_identify(.) by extensions ['ros']
[0.345s] Level 1:colcon.colcon_core.package_identification:_identify(.) by extension 'ros'
[0.355s] Level 1:colcon.colcon_core.package_identification:_identify(.) by extensions ['cmake', 'python']
[0.355s] Level 1:colcon.colcon_core.package_identification:_identify(.) by extension 'cmake'
[0.355s] Level 1:colcon.colcon_core.package_identification:_identify(.) by extension 'python'
[0.355s] Level 1:colcon.colcon_core.package_identification:_identify(.) by extensions ['python_setup_py']
[0.355s] Level 1:colcon.colcon_core.package_identification:_identify(.) by extension 'python_setup_py'
[0.355s] Level 1:colcon.colcon_core.package_identification:_identify(build) by extensions ['ignore', 'ignore_ament_install']
[0.355s] Level 1:colcon.colcon_core.package_identification:_identify(build) by extension 'ignore'
[0.355s] Level 1:colcon.colcon_core.package_identification:_identify(build) ignored
[0.356s] Level 1:colcon.colcon_core.package_identification:_identify(install) by extensions ['ignore', 'ignore_ament_install']
[0.356s] Level 1:colcon.colcon_core.package_identification:_identify(install) by extension 'ignore'
[0.356s] Level 1:colcon.colcon_core.package_identification:_identify(install) ignored
[0.356s] Level 1:colcon.colcon_core.package_identification:_identify(log) by extensions ['ignore', 'ignore_ament_install']
[0.356s] Level 1:colcon.colcon_core.package_identification:_identify(log) by extension 'ignore'
[0.356s] Level 1:colcon.colcon_core.package_identification:_identify(log) ignored
[0.356s] Level 1:colcon.colcon_core.package_identification:_identify(src) by extensions ['ignore', 'ignore_ament_install']
[0.356s] Level 1:colcon.colcon_core.package_identification:_identify(src) by extension 'ignore'
[0.356s] Level 1:colcon.colcon_core.package_identification:_identify(src) by extension 'ignore_ament_install'
[0.356s] Level 1:colcon.colcon_core.package_identification:_identify(src) by extensions ['colcon_pkg']
[0.356s] Level 1:colcon.colcon_core.package_identification:_identify(src) by extension 'colcon_pkg'
[0.356s] Level 1:colcon.colcon_core.package_identification:_identify(src) by extensions ['colcon_meta']
[0.356s] Level 1:colcon.colcon_core.package_identification:_identify(src) by extension 'colcon_meta'
[0.356s] Level 1:colcon.colcon_core.package_identification:_identify(src) by extensions ['ros']
[0.356s] Level 1:colcon.colcon_core.package_identification:_identify(src) by extension 'ros'
[0.356s] Level 1:colcon.colcon_core.package_identification:_identify(src) by extensions ['cmake', 'python']
[0.356s] Level 1:colcon.colcon_core.package_identification:_identify(src) by extension 'cmake'
[0.356s] Level 1:colcon.colcon_core.package_identification:_identify(src) by extension 'python'
[0.356s] Level 1:colcon.colcon_core.package_identification:_identify(src) by extensions ['python_setup_py']
[0.356s] Level 1:colcon.colcon_core.package_identification:_identify(src) by extension 'python_setup_py'
[0.357s] Level 1:colcon.colcon_core.package_identification:_identify(src/Navigation) by extensions ['ignore', 'ignore_ament_install']
[0.357s] Level 1:colcon.colcon_core.package_identification:_identify(src/Navigation) by extension 'ignore'
[0.357s] Level 1:colcon.colcon_core.package_identification:_identify(src/Navigation) by extension 'ignore_ament_install'
[0.357s] Level 1:colcon.colcon_core.package_identification:_identify(src/Navigation) by extensions ['colcon_pkg']
[0.357s] Level 1:colcon.colcon_core.package_identification:_identify(src/Navigation) by extension 'colcon_pkg'
[0.357s] Level 1:colcon.colcon_core.package_identification:_identify(src/Navigation) by extensions ['colcon_meta']
[0.357s] Level 1:colcon.colcon_core.package_identification:_identify(src/Navigation) by extension 'colcon_meta'
[0.357s] Level 1:colcon.colcon_core.package_identification:_identify(src/Navigation) by extensions ['ros']
[0.357s] Level 1:colcon.colcon_core.package_identification:_identify(src/Navigation) by extension 'ros'
[0.357s] Level 1:colcon.colcon_core.package_identification:_identify(src/Navigation) by extensions ['cmake', 'python']
[0.357s] Level 1:colcon.colcon_core.package_identification:_identify(src/Navigation) by extension 'cmake'
[0.357s] Level 1:colcon.colcon_core.package_identification:_identify(src/Navigation) by extension 'python'
[0.357s] Level 1:colcon.colcon_core.package_identification:_identify(src/Navigation) by extensions ['python_setup_py']
[0.357s] Level 1:colcon.colcon_core.package_identification:_identify(src/Navigation) by extension 'python_setup_py'
[0.357s] Level 1:colcon.colcon_core.package_identification:_identify(src/Navigation/gps_distance) by extensions ['ignore', 'ignore_ament_install']
[0.357s] Level 1:colcon.colcon_core.package_identification:_identify(src/Navigation/gps_distance) by extension 'ignore'
[0.357s] Level 1:colcon.colcon_core.package_identification:_identify(src/Navigation/gps_distance) by extension 'ignore_ament_install'
[0.357s] Level 1:colcon.colcon_core.package_identification:_identify(src/Navigation/gps_distance) by extensions ['colcon_pkg']
[0.357s] Level 1:colcon.colcon_core.package_identification:_identify(src/Navigation/gps_distance) by extension 'colcon_pkg'
[0.358s] Level 1:colcon.colcon_core.package_identification:_identify(src/Navigation/gps_distance) by extensions ['colcon_meta']
[0.358s] Level 1:colcon.colcon_core.package_identification:_identify(src/Navigation/gps_distance) by extension 'colcon_meta'
[0.358s] Level 1:colcon.colcon_core.package_identification:_identify(src/Navigation/gps_distance) by extensions ['ros']
[0.358s] Level 1:colcon.colcon_core.package_identification:_identify(src/Navigation/gps_distance) by extension 'ros'
[0.359s] DEBUG:colcon.colcon_core.package_identification:Package 'src/Navigation/gps_distance' with type 'ros.ament_python' and name 'gps_distance'
[0.360s] Level 1:colcon.colcon_core.package_identification:_identify(src/Navigation/launch_nav) by extensions ['ignore', 'ignore_ament_install']
[0.360s] Level 1:colcon.colcon_core.package_identification:_identify(src/Navigation/launch_nav) by extension 'ignore'
[0.360s] Level 1:colcon.colcon_core.package_identification:_identify(src/Navigation/launch_nav) by extension 'ignore_ament_install'
[0.360s] Level 1:colcon.colcon_core.package_identification:_identify(src/Navigation/launch_nav) by extensions ['colcon_pkg']
[0.360s] Level 1:colcon.colcon_core.package_identification:_identify(src/Navigation/launch_nav) by extension 'colcon_pkg'
[0.360s] Level 1:colcon.colcon_core.package_identification:_identify(src/Navigation/launch_nav) by extensions ['colcon_meta']
[0.360s] Level 1:colcon.colcon_core.package_identification:_identify(src/Navigation/launch_nav) by extension 'colcon_meta'
[0.360s] Level 1:colcon.colcon_core.package_identification:_identify(src/Navigation/launch_nav) by extensions ['ros']
[0.360s] Level 1:colcon.colcon_core.package_identification:_identify(src/Navigation/launch_nav) by extension 'ros'
[0.360s] DEBUG:colcon.colcon_core.package_identification:Package 'src/Navigation/launch_nav' with type 'ros.ament_cmake' and name 'launch_nav'
[0.361s] Level 1:colcon.colcon_core.package_identification:_identify(src/interfaces) by extensions ['ignore', 'ignore_ament_install']
[0.361s] Level 1:colcon.colcon_core.package_identification:_identify(src/interfaces) by extension 'ignore'
[0.361s] Level 1:colcon.colcon_core.package_identification:_identify(src/interfaces) by extension 'ignore_ament_install'
[0.361s] Level 1:colcon.colcon_core.package_identification:_identify(src/interfaces) by extensions ['colcon_pkg']
[0.361s] Level 1:colcon.colcon_core.package_identification:_identify(src/interfaces) by extension 'colcon_pkg'
[0.361s] Level 1:colcon.colcon_core.package_identification:_identify(src/interfaces) by extensions ['colcon_meta']
[0.361s] Level 1:colcon.colcon_core.package_identification:_identify(src/interfaces) by extension 'colcon_meta'
[0.361s] Level 1:colcon.colcon_core.package_identification:_identify(src/interfaces) by extensions ['ros']
[0.361s] Level 1:colcon.colcon_core.package_identification:_identify(src/interfaces) by extension 'ros'
[0.361s] DEBUG:colcon.colcon_core.package_identification:Package 'src/interfaces' with type 'ros.ament_cmake' and name 'interfaces'
[0.362s] Level 1:colcon.colcon_core.package_identification:_identify(src/testing) by extensions ['ignore', 'ignore_ament_install']
[0.362s] Level 1:colcon.colcon_core.package_identification:_identify(src/testing) by extension 'ignore'
[0.362s] Level 1:colcon.colcon_core.package_identification:_identify(src/testing) by extension 'ignore_ament_install'
[0.362s] Level 1:colcon.colcon_core.package_identification:_identify(src/testing) by extensions ['colcon_pkg']
[0.362s] Level 1:colcon.colcon_core.package_identification:_identify(src/testing) by extension 'colcon_pkg'
[0.362s] Level 1:colcon.colcon_core.package_identification:_identify(src/testing) by extensions ['colcon_meta']
[0.362s] Level 1:colcon.colcon_core.package_identification:_identify(src/testing) by extension 'colcon_meta'
[0.362s] Level 1:colcon.colcon_core.package_identification:_identify(src/testing) by extensions ['ros']
[0.362s] Level 1:colcon.colcon_core.package_identification:_identify(src/testing) by extension 'ros'
[0.362s] Level 1:colcon.colcon_core.package_identification:_identify(src/testing) by extensions ['cmake', 'python']
[0.362s] Level 1:colcon.colcon_core.package_identification:_identify(src/testing) by extension 'cmake'
[0.362s] Level 1:colcon.colcon_core.package_identification:_identify(src/testing) by extension 'python'
[0.362s] Level 1:colcon.colcon_core.package_identification:_identify(src/testing) by extensions ['python_setup_py']
[0.362s] Level 1:colcon.colcon_core.package_identification:_identify(src/testing) by extension 'python_setup_py'
[0.362s] Level 1:colcon.colcon_core.package_identification:_identify(src/testing/launch_test) by extensions ['ignore', 'ignore_ament_install']
[0.362s] Level 1:colcon.colcon_core.package_identification:_identify(src/testing/launch_test) by extension 'ignore'
[0.362s] Level 1:colcon.colcon_core.package_identification:_identify(src/testing/launch_test) by extension 'ignore_ament_install'
[0.363s] Level 1:colcon.colcon_core.package_identification:_identify(src/testing/launch_test) by extensions ['colcon_pkg']
[0.363s] Level 1:colcon.colcon_core.package_identification:_identify(src/testing/launch_test) by extension 'colcon_pkg'
[0.363s] Level 1:colcon.colcon_core.package_identification:_identify(src/testing/launch_test) by extensions ['colcon_meta']
[0.363s] Level 1:colcon.colcon_core.package_identification:_identify(src/testing/launch_test) by extension 'colcon_meta'
[0.363s] Level 1:colcon.colcon_core.package_identification:_identify(src/testing/launch_test) by extensions ['ros']
[0.363s] Level 1:colcon.colcon_core.package_identification:_identify(src/testing/launch_test) by extension 'ros'
[0.363s] DEBUG:colcon.colcon_core.package_identification:Package 'src/testing/launch_test' with type 'ros.ament_cmake' and name 'launch_test'
[0.363s] Level 1:colcon.colcon_core.package_identification:_identify(src/testing/test_gps) by extensions ['ignore', 'ignore_ament_install']
[0.363s] Level 1:colcon.colcon_core.package_identification:_identify(src/testing/test_gps) by extension 'ignore'
[0.363s] Level 1:colcon.colcon_core.package_identification:_identify(src/testing/test_gps) by extension 'ignore_ament_install'
[0.363s] Level 1:colcon.colcon_core.package_identification:_identify(src/testing/test_gps) by extensions ['colcon_pkg']
[0.363s] Level 1:colcon.colcon_core.package_identification:_identify(src/testing/test_gps) by extension 'colcon_pkg'
[0.363s] Level 1:colcon.colcon_core.package_identification:_identify(src/testing/test_gps) by extensions ['colcon_meta']
[0.363s] Level 1:colcon.colcon_core.package_identification:_identify(src/testing/test_gps) by extension 'colcon_meta'
[0.363s] Level 1:colcon.colcon_core.package_identification:_identify(src/testing/test_gps) by extensions ['ros']
[0.363s] Level 1:colcon.colcon_core.package_identification:_identify(src/testing/test_gps) by extension 'ros'
[0.364s] DEBUG:colcon.colcon_core.package_identification:Package 'src/testing/test_gps' with type 'ros.ament_python' and name 'test_gps'
[0.364s] Level 1:colcon.colcon_core.package_discovery:discover_packages(recursive) using defaults
[0.364s] Level 1:colcon.colcon_core.package_discovery:discover_packages(ignore) discover
[0.364s] Level 1:colcon.colcon_core.package_discovery:discover_packages(ignore) using defaults
[0.364s] Level 1:colcon.colcon_core.package_discovery:discover_packages(path) discover
[0.364s] Level 1:colcon.colcon_core.package_discovery:discover_packages(path) using defaults
[0.384s] Level 1:colcon.colcon_core.package_discovery:discover_packages(prefix_path) check parameters
[0.384s] Level 1:colcon.colcon_core.package_discovery:discover_packages(prefix_path) discover
[0.385s] WARNING:colcon.colcon_ros.prefix_path.ament:The path '/home/ros/rosspaces/newboarding/Software-Team-Entrance-Task/ros_ws/install/launch_test' in the environment variable AMENT_PREFIX_PATH doesn't exist
[0.386s] WARNING:colcon.colcon_ros.prefix_path.ament:The path '/home/ros/rosspaces/newboarding/Software-Team-Entrance-Task/ros_ws/install/test_gps' in the environment variable AMENT_PREFIX_PATH doesn't exist
[0.386s] WARNING:colcon.colcon_ros.prefix_path.ament:The path '/home/ros/rosspaces/newboarding/Software-Team-Entrance-Task/ros_ws/install/launch_nav' in the environment variable AMENT_PREFIX_PATH doesn't exist
[0.386s] WARNING:colcon.colcon_ros.prefix_path.ament:The path '/home/ros/rosspaces/newboarding/Software-Team-Entrance-Task/ros_ws/install/gps_distance' in the environment variable AMENT_PREFIX_PATH doesn't exist
[0.387s] WARNING:colcon.colcon_ros.prefix_path.ament:The path '/home/ros/rosspaces/newboarding/Software-Team-Entrance-Task/ros_ws/install/interfaces' in the environment variable AMENT_PREFIX_PATH doesn't exist
[0.387s] WARNING:colcon.colcon_ros.prefix_path.catkin:The path '/home/ros/rosspaces/newboarding/Software-Team-Entrance-Task/ros_ws/install/launch_test' in the environment variable CMAKE_PREFIX_PATH doesn't exist
[0.387s] WARNING:colcon.colcon_ros.prefix_path.catkin:The path '/home/ros/rosspaces/newboarding/Software-Team-Entrance-Task/ros_ws/install/launch_nav' in the environment variable CMAKE_PREFIX_PATH doesn't exist
[0.387s] WARNING:colcon.colcon_ros.prefix_path.catkin:The path '/home/ros/rosspaces/newboarding/Software-Team-Entrance-Task/ros_ws/install/interfaces' in the environment variable CMAKE_PREFIX_PATH doesn't exist
[0.389s] DEBUG:colcon.colcon_installed_package_information.package_discovery:Found 0 installed packages in /home/ros/rosspaces/newboarding/Software-Team-Entrance-Task/ros_ws/install
[0.391s] DEBUG:colcon.colcon_installed_package_information.package_discovery:Found 270 installed packages in /opt/ros/humble
[0.392s] Level 1:colcon.colcon_core.package_discovery:discover_packages(prefix_path) using defaults
[0.471s] Level 5:colcon.colcon_core.verb:set package 'interfaces' build argument 'cmake_args' from command line to 'None'
[0.471s] Level 5:colcon.colcon_core.verb:set package 'interfaces' build argument 'cmake_target' from command line to 'None'
[0.471s] Level 5:colcon.colcon_core.verb:set package 'interfaces' build argument 'cmake_target_skip_unavailable' from command line to 'False'
[0.471s] Level 5:colcon.colcon_core.verb:set package 'interfaces' build argument 'cmake_clean_cache' from command line to 'False'
[0.471s] Level 5:colcon.colcon_core.verb:set package 'interfaces' build argument 'cmake_clean_first' from command line to 'False'
[0.471s] Level 5:colcon.colcon_core.verb:set package 'interfaces' build argument 'cmake_force_configure' from command line to 'False'
[0.471s] Level 5:colcon.colcon_core.verb:set package 'interfaces' build argument 'ament_cmake_args' from command line to 'None'
[0.471s] Level 5:colcon.colcon_core.verb:set package 'interfaces' build argument 'catkin_cmake_args' from command line to 'None'
[0.471s] Level 5:colcon.colcon_core.verb:set package 'interfaces' build argument 'catkin_skip_building_tests' from command line to 'False'
[0.471s] DEBUG:colcon.colcon_core.verb:Building package 'interfaces' with the following arguments: {'ament_cmake_args': None, 'build_base': '/home/ros/rosspaces/newboarding/Software-Team-Entrance-Task/ros_ws/build/interfaces', 'catkin_cmake_args': None, 'catkin_skip_building_tests': False, 'cmake_args': None, 'cmake_clean_cache': False, 'cmake_clean_first': False, 'cmake_force_configure': False, 'cmake_target': None, 'cmake_target_skip_unavailable': False, 'install_base': '/home/ros/rosspaces/newboarding/Software-Team-Entrance-Task/ros_ws/install/interfaces', 'merge_install': False, 'path': '/home/ros/rosspaces/newboarding/Software-Team-Entrance-Task/ros_ws/src/interfaces', 'symlink_install': False, 'test_result_base': None}
[0.472s] Level 5:colcon.colcon_core.verb:set package 'gps_distance' build argument 'cmake_args' from command line to 'None'
[0.472s] Level 5:colcon.colcon_core.verb:set package 'gps_distance' build argument 'cmake_target' from command line to 'None'
[0.472s] Level 5:colcon.colcon_core.verb:set package 'gps_distance' build argument 'cmake_target_skip_unavailable' from command line to 'False'
[0.472s] Level 5:colcon.colcon_core.verb:set package 'gps_distance' build argument 'cmake_clean_cache' from command line to 'False'
[0.472s] Level 5:colcon.colcon_core.verb:set package 'gps_distance' build argument 'cmake_clean_first' from command line to 'False'
[0.472s] Level 5:colcon.colcon_core.verb:set package 'gps_distance' build argument 'cmake_force_configure' from command line to 'False'
[0.472s] Level 5:colcon.colcon_core.verb:set package 'gps_distance' build argument 'ament_cmake_args' from command line to 'None'
[0.472s] Level 5:colcon.colcon_core.verb:set package 'gps_distance' build argument 'catkin_cmake_args' from command line to 'None'
[0.472s] Level 5:colcon.colcon_core.verb:set package 'gps_distance' build argument 'catkin_skip_building_tests' from command line to 'False'
[0.472s] DEBUG:colcon.colcon_core.verb:Building package 'gps_distance' with the following arguments: {'ament_cmake_args': None, 'build_base': '/home/ros/rosspaces/newboarding/Software-Team-Entrance-Task/ros_ws/build/gps_distance', 'catkin_cmake_args': None, 'catkin_skip_building_tests': False, 'cmake_args': None, 'cmake_clean_cache': False, 'cmake_clean_first': False, 'cmake_force_configure': False, 'cmake_target': None, 'cmake_target_skip_unavailable': False, 'install_base': '/home/ros/rosspaces/newboarding/Software-Team-Entrance-Task/ros_ws/install/gps_distance', 'merge_install': False, 'path': '/home/ros/rosspaces/newboarding/Software-Team-Entrance-Task/ros_ws/src/Navigation/gps_distance', 'symlink_install': False, 'test_result_base': None}
[0.473s] Level 5:colcon.colcon_core.verb:set package 'test_gps' build argument 'cmake_args' from command line to 'None'
[0.473s] Level 5:colcon.colcon_core.verb:set package 'test_gps' build argument 'cmake_target' from command line to 'None'
[0.473s] Level 5:colcon.colcon_core.verb:set package 'test_gps' build argument 'cmake_target_skip_unavailable' from command line to 'False'
[0.473s] Level 5:colcon.colcon_core.verb:set package 'test_gps' build argument 'cmake_clean_cache' from command line to 'False'
[0.473s] Level 5:colcon.colcon_core.verb:set package 'test_gps' build argument 'cmake_clean_first' from command line to 'False'
[0.473s] Level 5:colcon.colcon_core.verb:set package 'test_gps' build argument 'cmake_force_configure' from command line to 'False'
[0.473s] Level 5:colcon.colcon_core.verb:set package 'test_gps' build argument 'ament_cmake_args' from command line to 'None'
[0.473s] Level 5:colcon.colcon_core.verb:set package 'test_gps' build argument 'catkin_cmake_args' from command line to 'None'
[0.473s] Level 5:colcon.colcon_core.verb:set package 'test_gps' build argument 'catkin_skip_building_tests' from command line to 'False'
[0.473s] DEBUG:colcon.colcon_core.verb:Building package 'test_gps' with the following arguments: {'ament_cmake_args': None, 'build_base': '/home/ros/rosspaces/newboarding/Software-Team-Entrance-Task/ros_ws/build/test_gps', 'catkin_cmake_args': None, 'catkin_skip_building_tests': False, 'cmake_args': None, 'cmake_clean_cache': False, 'cmake_clean_first': False, 'cmake_force_configure': False, 'cmake_target': None, 'cmake_target_skip_unavailable': False, 'install_base': '/home/ros/rosspaces/newboarding/Software-Team-Entrance-Task/ros_ws/install/test_gps', 'merge_install': False, 'path': '/home/ros/rosspaces/newboarding/Software-Team-Entrance-Task/ros_ws/src/testing/test_gps', 'symlink_install': False, 'test_result_base': None}
[0.474s] Level 5:colcon.colcon_core.verb:set package 'launch_nav' build argument 'cmake_args' from command line to 'None'
[0.474s] Level 5:colcon.colcon_core.verb:set package 'launch_nav' build argument 'cmake_target' from command line to 'None'
[0.474s] Level 5:colcon.colcon_core.verb:set package 'launch_nav' build argument 'cmake_target_skip_unavailable' from command line to 'False'
[0.474s] Level 5:colcon.colcon_core.verb:set package 'launch_nav' build argument 'cmake_clean_cache' from command line to 'False'
[0.474s] Level 5:colcon.colcon_core.verb:set package 'launch_nav' build argument 'cmake_clean_first' from command line to 'False'
[0.474s] Level 5:colcon.colcon_core.verb:set package 'launch_nav' build argument 'cmake_force_configure' from command line to 'False'
[0.474s] Level 5:colcon.colcon_core.verb:set package 'launch_nav' build argument 'ament_cmake_args' from command line to 'None'
[0.474s] Level 5:colcon.colcon_core.verb:set package 'launch_nav' build argument 'catkin_cmake_args' from command line to 'None'
[0.474s] Level 5:colcon.colcon_core.verb:set package 'launch_nav' build argument 'catkin_skip_building_tests' from command line to 'False'
[0.474s] DEBUG:colcon.colcon_core.verb:Building package 'launch_nav' with the following arguments: {'ament_cmake_args': None, 'build_base': '/home/ros/rosspaces/newboarding/Software-Team-Entrance-Task/ros_ws/build/launch_nav', 'catkin_cmake_args': None, 'catkin_skip_building_tests': False, 'cmake_args': None, 'cmake_clean_cache': False, 'cmake_clean_first': False, 'cmake_force_configure': False, 'cmake_target': None, 'cmake_target_skip_unavailable': False, 'install_base': '/home/ros/rosspaces/newboarding/Software-Team-Entrance-Task/ros_ws/install/launch_nav', 'merge_install': False, 'path': '/home/ros/rosspaces/newboarding/Software-Team-Entrance-Task/ros_ws/src/Navigation/launch_nav', 'symlink_install': False, 'test_result_base': None}
[0.475s] Level 5:colcon.colcon_core.verb:set package 'launch_test' build argument 'cmake_args' from command line to 'None'
[0.475s] Level 5:colcon.colcon_core.verb:set package 'launch_test' build argument 'cmake_target' from command line to 'None'
[0.475s] Level 5:colcon.colcon_core.verb:set package 'launch_test' build argument 'cmake_target_skip_unavailable' from command line to 'False'
[0.475s] Level 5:colcon.colcon_core.verb:set package 'launch_test' build argument 'cmake_clean_cache' from command line to 'False'
[0.475s] Level 5:colcon.colcon_core.verb:set package 'launch_test' build argument 'cmake_clean_first' from command line to 'False'
[0.475s] Level 5:colcon.colcon_core.verb:set package 'launch_test' build argument 'cmake_force_configure' from command line to 'False'
[0.475s] Level 5:colcon.colcon_core.verb:set package 'launch_test' build argument 'ament_cmake_args' from command line to 'None'
[0.475s] Level 5:colcon.colcon_core.verb:set package 'launch_test' build argument 'catkin_cmake_args' from command line to 'None'
[0.476s] Level 5:colcon.colcon_core.verb:set package 'launch_test' build argument 'catkin_skip_building_tests' from command line to 'False'
[0.476s] DEBUG:colcon.colcon_core.verb:Building package 'launch_test' with the following arguments: {'ament_cmake_args': None, 'build_base': '/home/ros/rosspaces/newboarding/Software-Team-Entrance-Task/ros_ws/build/launch_test', 'catkin_cmake_args': None, 'catkin_skip_building_tests': False, 'cmake_args': None, 'cmake_clean_cache': False, 'cmake_clean_first': False, 'cmake_force_configure': False, 'cmake_target': None, 'cmake_target_skip_unavailable': False, 'install_base': '/home/ros/rosspaces/newboarding/Software-Team-Entrance-Task/ros_ws/install/launch_test', 'merge_install': False, 'path': '/home/ros/rosspaces/newboarding/Software-Team-Entrance-Task/ros_ws/src/testing/launch_test', 'symlink_install': False, 'test_result_base': None}
[0.476s] INFO:colcon.colcon_core.executor:Executing jobs using 'parallel' executor
[0.480s] DEBUG:colcon.colcon_parallel_executor.executor.parallel:run_until_complete
[0.481s] INFO:colcon.colcon_ros.task.ament_cmake.build:Building ROS package in '/home/ros/rosspaces/newboarding/Software-Team-Entrance-Task/ros_ws/src/interfaces' with build type 'ament_cmake'
[0.481s] INFO:colcon.colcon_cmake.task.cmake.build:Building CMake package in '/home/ros/rosspaces/newboarding/Software-Team-Entrance-Task/ros_ws/src/interfaces'
[0.485s] INFO:colcon.colcon_core.plugin_system:Skipping extension 'colcon_core.shell.bat': Not used on non-Windows systems
[0.485s] INFO:colcon.colcon_core.shell:Skip shell extension 'powershell' for command environment: Not usable outside of PowerShell
[0.485s] DEBUG:colcon.colcon_core.shell:Skip shell extension 'dsv' for command environment
[0.497s] DEBUG:colcon.colcon_core.event_handler.log_command:Invoking command in '/home/ros/rosspaces/newboarding/Software-Team-Entrance-Task/ros_ws/build/interfaces': CMAKE_PREFIX_PATH=${CMAKE_PREFIX_PATH}:/home/ros/rosspaces/newboarding/Software-Team-Entrance-Task/ros_ws/install/test_gps:/home/ros/rosspaces/newboarding/Software-Team-Entrance-Task/ros_ws/install/gps_distance:/opt/ros/humble /usr/bin/cmake /home/ros/rosspaces/newboarding/Software-Team-Entrance-Task/ros_ws/src/interfaces -DCMAKE_INSTALL_PREFIX=/home/ros/rosspaces/newboarding/Software-Team-Entrance-Task/ros_ws/install/interfaces
[2.953s] DEBUG:colcon.colcon_core.event_handler.log_command:Invoked command in '/home/ros/rosspaces/newboarding/Software-Team-Entrance-Task/ros_ws/build/interfaces' returned '0': CMAKE_PREFIX_PATH=${CMAKE_PREFIX_PATH}:/home/ros/rosspaces/newboarding/Software-Team-Entrance-Task/ros_ws/install/test_gps:/home/ros/rosspaces/newboarding/Software-Team-Entrance-Task/ros_ws/install/gps_distance:/opt/ros/humble /usr/bin/cmake /home/ros/rosspaces/newboarding/Software-Team-Entrance-Task/ros_ws/src/interfaces -DCMAKE_INSTALL_PREFIX=/home/ros/rosspaces/newboarding/Software-Team-Entrance-Task/ros_ws/install/interfaces
[2.959s] DEBUG:colcon.colcon_core.event_handler.log_command:Invoking command in '/home/ros/rosspaces/newboarding/Software-Team-Entrance-Task/ros_ws/build/interfaces': CMAKE_PREFIX_PATH=${CMAKE_PREFIX_PATH}:/home/ros/rosspaces/newboarding/Software-Team-Entrance-Task/ros_ws/install/test_gps:/home/ros/rosspaces/newboarding/Software-Team-Entrance-Task/ros_ws/install/gps_distance:/opt/ros/humble /usr/bin/cmake --build /home/ros/rosspaces/newboarding/Software-Team-Entrance-Task/ros_ws/build/interfaces -- -j4 -l4
[6.949s] DEBUG:colcon.colcon_core.event_handler.log_command:Invoked command in '/home/ros/rosspaces/newboarding/Software-Team-Entrance-Task/ros_ws/build/interfaces' returned '0': CMAKE_PREFIX_PATH=${CMAKE_PREFIX_PATH}:/home/ros/rosspaces/newboarding/Software-Team-Entrance-Task/ros_ws/install/test_gps:/home/ros/rosspaces/newboarding/Software-Team-Entrance-Task/ros_ws/install/gps_distance:/opt/ros/humble /usr/bin/cmake --build /home/ros/rosspaces/newboarding/Software-Team-Entrance-Task/ros_ws/build/interfaces -- -j4 -l4
[7.245s] DEBUG:colcon.colcon_core.event_handler.log_command:Invoking command in '/home/ros/rosspaces/newboarding/Software-Team-Entrance-Task/ros_ws/build/interfaces': CMAKE_PREFIX_PATH=${CMAKE_PREFIX_PATH}:/home/ros/rosspaces/newboarding/Software-Team-Entrance-Task/ros_ws/install/test_gps:/home/ros/rosspaces/newboarding/Software-Team-Entrance-Task/ros_ws/install/gps_distance:/opt/ros/humble /usr/bin/cmake --install /home/ros/rosspaces/newboarding/Software-Team-Entrance-Task/ros_ws/build/interfaces
[7.332s] Level 1:colcon.colcon_core.environment:create_environment_scripts_only(interfaces)
[7.336s] DEBUG:colcon.colcon_core.event_handler.log_command:Invoked command in '/home/ros/rosspaces/newboarding/Software-Team-Entrance-Task/ros_ws/build/interfaces' returned '0': CMAKE_PREFIX_PATH=${CMAKE_PREFIX_PATH}:/home/ros/rosspaces/newboarding/Software-Team-Entrance-Task/ros_ws/install/test_gps:/home/ros/rosspaces/newboarding/Software-Team-Entrance-Task/ros_ws/install/gps_distance:/opt/ros/humble /usr/bin/cmake --install /home/ros/rosspaces/newboarding/Software-Team-Entrance-Task/ros_ws/build/interfaces
[7.337s] Level 1:colcon.colcon_core.environment:checking '/home/ros/rosspaces/newboarding/Software-Team-Entrance-Task/ros_ws/install/interfaces' for CMake module files
[7.338s] Level 1:colcon.colcon_core.environment:checking '/home/ros/rosspaces/newboarding/Software-Team-Entrance-Task/ros_ws/install/interfaces' for CMake config files
[7.339s] Level 1:colcon.colcon_core.shell:create_environment_hook('interfaces', 'cmake_prefix_path')
[7.340s] INFO:colcon.colcon_core.shell:Creating environment hook '/home/ros/rosspaces/newboarding/Software-Team-Entrance-Task/ros_ws/install/interfaces/share/interfaces/hook/cmake_prefix_path.ps1'
[7.340s] INFO:colcon.colcon_core.shell:Creating environment descriptor '/home/ros/rosspaces/newboarding/Software-Team-Entrance-Task/ros_ws/install/interfaces/share/interfaces/hook/cmake_prefix_path.dsv'
[7.341s] INFO:colcon.colcon_core.shell:Creating environment hook '/home/ros/rosspaces/newboarding/Software-Team-Entrance-Task/ros_ws/install/interfaces/share/interfaces/hook/cmake_prefix_path.sh'
[7.341s] Level 1:colcon.colcon_core.environment:checking '/home/ros/rosspaces/newboarding/Software-Team-Entrance-Task/ros_ws/install/interfaces/lib'
[7.341s] Level 1:colcon.colcon_core.shell:create_environment_hook('interfaces', 'ld_library_path_lib')
[7.343s] INFO:colcon.colcon_core.shell:Creating environment hook '/home/ros/rosspaces/newboarding/Software-Team-Entrance-Task/ros_ws/install/interfaces/share/interfaces/hook/ld_library_path_lib.ps1'
[7.343s] INFO:colcon.colcon_core.shell:Creating environment descriptor '/home/ros/rosspaces/newboarding/Software-Team-Entrance-Task/ros_ws/install/interfaces/share/interfaces/hook/ld_library_path_lib.dsv'
[7.343s] INFO:colcon.colcon_core.shell:Creating environment hook '/home/ros/rosspaces/newboarding/Software-Team-Entrance-Task/ros_ws/install/interfaces/share/interfaces/hook/ld_library_path_lib.sh'
[7.343s] Level 1:colcon.colcon_core.environment:checking '/home/ros/rosspaces/newboarding/Software-Team-Entrance-Task/ros_ws/install/interfaces/bin'
[7.344s] Level 1:colcon.colcon_core.environment:checking '/home/ros/rosspaces/newboarding/Software-Team-Entrance-Task/ros_ws/install/interfaces/lib/pkgconfig/interfaces.pc'
[7.344s] Level 1:colcon.colcon_core.environment:checking '/home/ros/rosspaces/newboarding/Software-Team-Entrance-Task/ros_ws/install/interfaces/lib/python3.10/site-packages'
[7.344s] Level 1:colcon.colcon_core.environment:checking '/home/ros/rosspaces/newboarding/Software-Team-Entrance-Task/ros_ws/install/interfaces/bin'
[7.345s] INFO:colcon.colcon_core.shell:Creating package script '/home/ros/rosspaces/newboarding/Software-Team-Entrance-Task/ros_ws/install/interfaces/share/interfaces/package.ps1'
[7.346s] INFO:colcon.colcon_core.shell:Creating package descriptor '/home/ros/rosspaces/newboarding/Software-Team-Entrance-Task/ros_ws/install/interfaces/share/interfaces/package.dsv'
[7.347s] INFO:colcon.colcon_core.shell:Creating package script '/home/ros/rosspaces/newboarding/Software-Team-Entrance-Task/ros_ws/install/interfaces/share/interfaces/package.sh'
[7.348s] INFO:colcon.colcon_core.shell:Creating package script '/home/ros/rosspaces/newboarding/Software-Team-Entrance-Task/ros_ws/install/interfaces/share/interfaces/package.bash'
[7.348s] INFO:colcon.colcon_core.shell:Creating package script '/home/ros/rosspaces/newboarding/Software-Team-Entrance-Task/ros_ws/install/interfaces/share/interfaces/package.zsh'
[7.349s] Level 1:colcon.colcon_core.environment:create_file_with_runtime_dependencies(/home/ros/rosspaces/newboarding/Software-Team-Entrance-Task/ros_ws/install/interfaces/share/colcon-core/packages/interfaces)
[7.638s] Level 1:colcon.colcon_core.environment:create_environment_scripts_only(interfaces)
[7.642s] Level 1:colcon.colcon_core.environment:checking '/home/ros/rosspaces/newboarding/Software-Team-Entrance-Task/ros_ws/install/interfaces' for CMake module files
[7.642s] Level 1:colcon.colcon_core.environment:checking '/home/ros/rosspaces/newboarding/Software-Team-Entrance-Task/ros_ws/install/interfaces' for CMake config files
[7.643s] Level 1:colcon.colcon_core.shell:create_environment_hook('interfaces', 'cmake_prefix_path')
[7.644s] INFO:colcon.colcon_core.shell:Creating environment hook '/home/ros/rosspaces/newboarding/Software-Team-Entrance-Task/ros_ws/install/interfaces/share/interfaces/hook/cmake_prefix_path.ps1'
[7.645s] INFO:colcon.colcon_core.shell:Creating environment descriptor '/home/ros/rosspaces/newboarding/Software-Team-Entrance-Task/ros_ws/install/interfaces/share/interfaces/hook/cmake_prefix_path.dsv'
[7.645s] INFO:colcon.colcon_core.shell:Creating environment hook '/home/ros/rosspaces/newboarding/Software-Team-Entrance-Task/ros_ws/install/interfaces/share/interfaces/hook/cmake_prefix_path.sh'
[7.646s] Level 1:colcon.colcon_core.environment:checking '/home/ros/rosspaces/newboarding/Software-Team-Entrance-Task/ros_ws/install/interfaces/lib'
[7.646s] Level 1:colcon.colcon_core.shell:create_environment_hook('interfaces', 'ld_library_path_lib')
[7.647s] INFO:colcon.colcon_core.shell:Creating environment hook '/home/ros/rosspaces/newboarding/Software-Team-Entrance-Task/ros_ws/install/interfaces/share/interfaces/hook/ld_library_path_lib.ps1'
[7.648s] INFO:colcon.colcon_core.shell:Creating environment descriptor '/home/ros/rosspaces/newboarding/Software-Team-Entrance-Task/ros_ws/install/interfaces/share/interfaces/hook/ld_library_path_lib.dsv'
[7.648s] INFO:colcon.colcon_core.shell:Creating environment hook '/home/ros/rosspaces/newboarding/Software-Team-Entrance-Task/ros_ws/install/interfaces/share/interfaces/hook/ld_library_path_lib.sh'
[7.649s] Level 1:colcon.colcon_core.environment:checking '/home/ros/rosspaces/newboarding/Software-Team-Entrance-Task/ros_ws/install/interfaces/bin'
[7.649s] Level 1:colcon.colcon_core.environment:checking '/home/ros/rosspaces/newboarding/Software-Team-Entrance-Task/ros_ws/install/interfaces/lib/pkgconfig/interfaces.pc'
[7.649s] Level 1:colcon.colcon_core.environment:checking '/home/ros/rosspaces/newboarding/Software-Team-Entrance-Task/ros_ws/install/interfaces/lib/python3.10/site-packages'
[7.650s] Level 1:colcon.colcon_core.environment:checking '/home/ros/rosspaces/newboarding/Software-Team-Entrance-Task/ros_ws/install/interfaces/bin'
[7.652s] INFO:colcon.colcon_core.shell:Creating package script '/home/ros/rosspaces/newboarding/Software-Team-Entrance-Task/ros_ws/install/interfaces/share/interfaces/package.ps1'
[7.653s] INFO:colcon.colcon_core.shell:Creating package descriptor '/home/ros/rosspaces/newboarding/Software-Team-Entrance-Task/ros_ws/install/interfaces/share/interfaces/package.dsv'
[7.654s] INFO:colcon.colcon_core.shell:Creating package script '/home/ros/rosspaces/newboarding/Software-Team-Entrance-Task/ros_ws/install/interfaces/share/interfaces/package.sh'
[7.655s] INFO:colcon.colcon_core.shell:Creating package script '/home/ros/rosspaces/newboarding/Software-Team-Entrance-Task/ros_ws/install/interfaces/share/interfaces/package.bash'
[7.655s] INFO:colcon.colcon_core.shell:Creating package script '/home/ros/rosspaces/newboarding/Software-Team-Entrance-Task/ros_ws/install/interfaces/share/interfaces/package.zsh'
[7.656s] Level 1:colcon.colcon_core.environment:create_file_with_runtime_dependencies(/home/ros/rosspaces/newboarding/Software-Team-Entrance-Task/ros_ws/install/interfaces/share/colcon-core/packages/interfaces)
[7.656s] INFO:colcon.colcon_ros.task.ament_python.build:Building ROS package in '/home/ros/rosspaces/newboarding/Software-Team-Entrance-Task/ros_ws/src/Navigation/gps_distance' with build type 'ament_python'
[7.657s] Level 1:colcon.colcon_core.shell:create_environment_hook('gps_distance', 'ament_prefix_path')
[7.658s] INFO:colcon.colcon_core.shell:Creating environment hook '/home/ros/rosspaces/newboarding/Software-Team-Entrance-Task/ros_ws/install/gps_distance/share/gps_distance/hook/ament_prefix_path.ps1'
[7.665s] INFO:colcon.colcon_core.shell:Creating environment descriptor '/home/ros/rosspaces/newboarding/Software-Team-Entrance-Task/ros_ws/install/gps_distance/share/gps_distance/hook/ament_prefix_path.dsv'
[7.665s] INFO:colcon.colcon_core.shell:Creating environment hook '/home/ros/rosspaces/newboarding/Software-Team-Entrance-Task/ros_ws/install/gps_distance/share/gps_distance/hook/ament_prefix_path.sh'
[7.667s] INFO:colcon.colcon_core.shell:Skip shell extension 'powershell' for command environment: Not usable outside of PowerShell
[7.667s] DEBUG:colcon.colcon_core.shell:Skip shell extension 'dsv' for command environment
[7.675s] INFO:colcon.colcon_ros.task.ament_python.build:Building ROS package in '/home/ros/rosspaces/newboarding/Software-Team-Entrance-Task/ros_ws/src/testing/test_gps' with build type 'ament_python'
[7.675s] Level 1:colcon.colcon_core.shell:create_environment_hook('test_gps', 'ament_prefix_path')
[7.676s] INFO:colcon.colcon_core.shell:Creating environment hook '/home/ros/rosspaces/newboarding/Software-Team-Entrance-Task/ros_ws/install/test_gps/share/test_gps/hook/ament_prefix_path.ps1'
[7.677s] INFO:colcon.colcon_core.shell:Creating environment descriptor '/home/ros/rosspaces/newboarding/Software-Team-Entrance-Task/ros_ws/install/test_gps/share/test_gps/hook/ament_prefix_path.dsv'
[7.677s] INFO:colcon.colcon_core.shell:Creating environment hook '/home/ros/rosspaces/newboarding/Software-Team-Entrance-Task/ros_ws/install/test_gps/share/test_gps/hook/ament_prefix_path.sh'
[7.679s] INFO:colcon.colcon_core.shell:Skip shell extension 'powershell' for command environment: Not usable outside of PowerShell
[7.680s] DEBUG:colcon.colcon_core.shell:Skip shell extension 'dsv' for command environment
[7.997s] INFO:colcon.colcon_core.task.python.build:Building Python package in '/home/ros/rosspaces/newboarding/Software-Team-Entrance-Task/ros_ws/src/Navigation/gps_distance'
[7.999s] INFO:colcon.colcon_core.shell:Skip shell extension 'powershell' for command environment: Not usable outside of PowerShell
[7.999s] DEBUG:colcon.colcon_core.shell:Skip shell extension 'dsv' for command environment
[8.296s] INFO:colcon.colcon_core.task.python.build:Building Python package in '/home/ros/rosspaces/newboarding/Software-Team-Entrance-Task/ros_ws/src/testing/test_gps'
[8.297s] INFO:colcon.colcon_core.shell:Skip shell extension 'powershell' for command environment: Not usable outside of PowerShell
[8.298s] DEBUG:colcon.colcon_core.shell:Skip shell extension 'dsv' for command environment
[8.643s] DEBUG:colcon.colcon_core.event_handler.log_command:Invoking command in '/home/ros/rosspaces/newboarding/Software-Team-Entrance-Task/ros_ws/src/Navigation/gps_distance': CMAKE_PREFIX_PATH=/home/ros/rosspaces/newboarding/Software-Team-Entrance-Task/ros_ws/install/interfaces:/home/ros/rosspaces/newboarding/Software-Team-Entrance-Task/ros_ws/install/launch_test:/home/ros/rosspaces/newboarding/Software-Team-Entrance-Task/ros_ws/install/launch_nav PYTHONPATH=/home/ros/rosspaces/newboarding/Software-Team-Entrance-Task/ros_ws/build/gps_distance/prefix_override:/home/ros/rosspaces/newboarding/Software-Team-Entrance-Task/ros_ws/install/gps_distance/lib/python3.10/site-packages:${PYTHONPATH} /usr/bin/python3 setup.py egg_info --egg-base ../../../build/gps_distance build --build-base /home/ros/rosspaces/newboarding/Software-Team-Entrance-Task/ros_ws/build/gps_distance/build install --record /home/ros/rosspaces/newboarding/Software-Team-Entrance-Task/ros_ws/build/gps_distance/install.log --single-version-externally-managed
[8.659s] DEBUG:colcon.colcon_core.event_handler.log_command:Invoking command in '/home/ros/rosspaces/newboarding/Software-Team-Entrance-Task/ros_ws/src/testing/test_gps': CMAKE_PREFIX_PATH=/home/ros/rosspaces/newboarding/Software-Team-Entrance-Task/ros_ws/install/interfaces:/home/ros/rosspaces/newboarding/Software-Team-Entrance-Task/ros_ws/install/launch_test:/home/ros/rosspaces/newboarding/Software-Team-Entrance-Task/ros_ws/install/launch_nav PYTHONPATH=/home/ros/rosspaces/newboarding/Software-Team-Entrance-Task/ros_ws/build/test_gps/prefix_override:/home/ros/rosspaces/newboarding/Software-Team-Entrance-Task/ros_ws/install/test_gps/lib/python3.10/site-packages:${PYTHONPATH} /usr/bin/python3 setup.py egg_info --egg-base ../../../build/test_gps build --build-base /home/ros/rosspaces/newboarding/Software-Team-Entrance-Task/ros_ws/build/test_gps/build install --record /home/ros/rosspaces/newboarding/Software-Team-Entrance-Task/ros_ws/build/test_gps/install.log --single-version-externally-managed
[8.999s] Level 1:colcon.colcon_core.environment:checking '/home/ros/rosspaces/newboarding/Software-Team-Entrance-Task/ros_ws/install/gps_distance' for CMake module files
[9.016s] Level 1:colcon.colcon_core.environment:checking '/home/ros/rosspaces/newboarding/Software-Team-Entrance-Task/ros_ws/install/gps_distance' for CMake config files
[9.029s] DEBUG:colcon.colcon_core.event_handler.log_command:Invoked command in '/home/ros/rosspaces/newboarding/Software-Team-Entrance-Task/ros_ws/src/Navigation/gps_distance' returned '0': CMAKE_PREFIX_PATH=/home/ros/rosspaces/newboarding/Software-Team-Entrance-Task/ros_ws/install/interfaces:/home/ros/rosspaces/newboarding/Software-Team-Entrance-Task/ros_ws/install/launch_test:/home/ros/rosspaces/newboarding/Software-Team-Entrance-Task/ros_ws/install/launch_nav PYTHONPATH=/home/ros/rosspaces/newboarding/Software-Team-Entrance-Task/ros_ws/build/gps_distance/prefix_override:/home/ros/rosspaces/newboarding/Software-Team-Entrance-Task/ros_ws/install/gps_distance/lib/python3.10/site-packages:${PYTHONPATH} /usr/bin/python3 setup.py egg_info --egg-base ../../../build/gps_distance build --build-base /home/ros/rosspaces/newboarding/Software-Team-Entrance-Task/ros_ws/build/gps_distance/build install --record /home/ros/rosspaces/newboarding/Software-Team-Entrance-Task/ros_ws/build/gps_distance/install.log --single-version-externally-managed
[9.034s] Level 1:colcon.colcon_core.environment:checking '/home/ros/rosspaces/newboarding/Software-Team-Entrance-Task/ros_ws/install/gps_distance/lib'
[9.034s] Level 1:colcon.colcon_core.environment:checking '/home/ros/rosspaces/newboarding/Software-Team-Entrance-Task/ros_ws/install/gps_distance/bin'
[9.034s] Level 1:colcon.colcon_core.environment:checking '/home/ros/rosspaces/newboarding/Software-Team-Entrance-Task/ros_ws/install/gps_distance/lib/pkgconfig/gps_distance.pc'
[9.034s] Level 1:colcon.colcon_core.environment:checking '/home/ros/rosspaces/newboarding/Software-Team-Entrance-Task/ros_ws/install/gps_distance/lib/python3.10/site-packages'
[9.035s] Level 1:colcon.colcon_core.shell:create_environment_hook('gps_distance', 'pythonpath')
[9.036s] INFO:colcon.colcon_core.shell:Creating environment hook '/home/ros/rosspaces/newboarding/Software-Team-Entrance-Task/ros_ws/install/gps_distance/share/gps_distance/hook/pythonpath.ps1'
[9.037s] INFO:colcon.colcon_core.shell:Creating environment descriptor '/home/ros/rosspaces/newboarding/Software-Team-Entrance-Task/ros_ws/install/gps_distance/share/gps_distance/hook/pythonpath.dsv'
[9.039s] INFO:colcon.colcon_core.shell:Creating environment hook '/home/ros/rosspaces/newboarding/Software-Team-Entrance-Task/ros_ws/install/gps_distance/share/gps_distance/hook/pythonpath.sh'
[9.039s] Level 1:colcon.colcon_core.environment:checking '/home/ros/rosspaces/newboarding/Software-Team-Entrance-Task/ros_ws/install/gps_distance/bin'
[9.039s] Level 1:colcon.colcon_core.environment:create_environment_scripts_only(gps_distance)
[9.040s] INFO:colcon.colcon_core.shell:Creating package script '/home/ros/rosspaces/newboarding/Software-Team-Entrance-Task/ros_ws/install/gps_distance/share/gps_distance/package.ps1'
[9.041s] INFO:colcon.colcon_core.shell:Creating package descriptor '/home/ros/rosspaces/newboarding/Software-Team-Entrance-Task/ros_ws/install/gps_distance/share/gps_distance/package.dsv'
[9.041s] INFO:colcon.colcon_core.shell:Creating package script '/home/ros/rosspaces/newboarding/Software-Team-Entrance-Task/ros_ws/install/gps_distance/share/gps_distance/package.sh'
[9.042s] INFO:colcon.colcon_core.shell:Creating package script '/home/ros/rosspaces/newboarding/Software-Team-Entrance-Task/ros_ws/install/gps_distance/share/gps_distance/package.bash'
[9.043s] INFO:colcon.colcon_core.shell:Creating package script '/home/ros/rosspaces/newboarding/Software-Team-Entrance-Task/ros_ws/install/gps_distance/share/gps_distance/package.zsh'
[9.043s] Level 1:colcon.colcon_core.environment:create_file_with_runtime_dependencies(/home/ros/rosspaces/newboarding/Software-Team-Entrance-Task/ros_ws/install/gps_distance/share/colcon-core/packages/gps_distance)
[9.043s] INFO:colcon.colcon_ros.task.ament_cmake.build:Building ROS package in '/home/ros/rosspaces/newboarding/Software-Team-Entrance-Task/ros_ws/src/Navigation/launch_nav' with build type 'ament_cmake'
[9.043s] INFO:colcon.colcon_cmake.task.cmake.build:Building CMake package in '/home/ros/rosspaces/newboarding/Software-Team-Entrance-Task/ros_ws/src/Navigation/launch_nav'
[9.046s] INFO:colcon.colcon_core.shell:Skip shell extension 'powershell' for command environment: Not usable outside of PowerShell
[9.046s] DEBUG:colcon.colcon_core.shell:Skip shell extension 'dsv' for command environment
[9.109s] Level 1:colcon.colcon_core.environment:checking '/home/ros/rosspaces/newboarding/Software-Team-Entrance-Task/ros_ws/install/test_gps' for CMake module files
[9.117s] DEBUG:colcon.colcon_core.event_handler.log_command:Invoked command in '/home/ros/rosspaces/newboarding/Software-Team-Entrance-Task/ros_ws/src/testing/test_gps' returned '0': CMAKE_PREFIX_PATH=/home/ros/rosspaces/newboarding/Software-Team-Entrance-Task/ros_ws/install/interfaces:/home/ros/rosspaces/newboarding/Software-Team-Entrance-Task/ros_ws/install/launch_test:/home/ros/rosspaces/newboarding/Software-Team-Entrance-Task/ros_ws/install/launch_nav PYTHONPATH=/home/ros/rosspaces/newboarding/Software-Team-Entrance-Task/ros_ws/build/test_gps/prefix_override:/home/ros/rosspaces/newboarding/Software-Team-Entrance-Task/ros_ws/install/test_gps/lib/python3.10/site-packages:${PYTHONPATH} /usr/bin/python3 setup.py egg_info --egg-base ../../../build/test_gps build --build-base /home/ros/rosspaces/newboarding/Software-Team-Entrance-Task/ros_ws/build/test_gps/build install --record /home/ros/rosspaces/newboarding/Software-Team-Entrance-Task/ros_ws/build/test_gps/install.log --single-version-externally-managed
[9.120s] Level 1:colcon.colcon_core.environment:checking '/home/ros/rosspaces/newboarding/Software-Team-Entrance-Task/ros_ws/install/test_gps' for CMake config files
[9.121s] Level 1:colcon.colcon_core.environment:checking '/home/ros/rosspaces/newboarding/Software-Team-Entrance-Task/ros_ws/install/test_gps/lib'
[9.121s] Level 1:colcon.colcon_core.environment:checking '/home/ros/rosspaces/newboarding/Software-Team-Entrance-Task/ros_ws/install/test_gps/bin'
[9.121s] Level 1:colcon.colcon_core.environment:checking '/home/ros/rosspaces/newboarding/Software-Team-Entrance-Task/ros_ws/install/test_gps/lib/pkgconfig/test_gps.pc'
[9.122s] Level 1:colcon.colcon_core.environment:checking '/home/ros/rosspaces/newboarding/Software-Team-Entrance-Task/ros_ws/install/test_gps/lib/python3.10/site-packages'
[9.122s] Level 1:colcon.colcon_core.shell:create_environment_hook('test_gps', 'pythonpath')
[9.123s] INFO:colcon.colcon_core.shell:Creating environment hook '/home/ros/rosspaces/newboarding/Software-Team-Entrance-Task/ros_ws/install/test_gps/share/test_gps/hook/pythonpath.ps1'
[9.124s] INFO:colcon.colcon_core.shell:Creating environment descriptor '/home/ros/rosspaces/newboarding/Software-Team-Entrance-Task/ros_ws/install/test_gps/share/test_gps/hook/pythonpath.dsv'
[9.124s] INFO:colcon.colcon_core.shell:Creating environment hook '/home/ros/rosspaces/newboarding/Software-Team-Entrance-Task/ros_ws/install/test_gps/share/test_gps/hook/pythonpath.sh'
[9.124s] Level 1:colcon.colcon_core.environment:checking '/home/ros/rosspaces/newboarding/Software-Team-Entrance-Task/ros_ws/install/test_gps/bin'
[9.124s] Level 1:colcon.colcon_core.environment:create_environment_scripts_only(test_gps)
[9.126s] INFO:colcon.colcon_core.shell:Creating package script '/home/ros/rosspaces/newboarding/Software-Team-Entrance-Task/ros_ws/install/test_gps/share/test_gps/package.ps1'
[9.126s] INFO:colcon.colcon_core.shell:Creating package descriptor '/home/ros/rosspaces/newboarding/Software-Team-Entrance-Task/ros_ws/install/test_gps/share/test_gps/package.dsv'
[9.126s] INFO:colcon.colcon_core.shell:Creating package script '/home/ros/rosspaces/newboarding/Software-Team-Entrance-Task/ros_ws/install/test_gps/share/test_gps/package.sh'
[9.127s] INFO:colcon.colcon_core.shell:Creating package script '/home/ros/rosspaces/newboarding/Software-Team-Entrance-Task/ros_ws/install/test_gps/share/test_gps/package.bash'
[9.127s] INFO:colcon.colcon_core.shell:Creating package script '/home/ros/rosspaces/newboarding/Software-Team-Entrance-Task/ros_ws/install/test_gps/share/test_gps/package.zsh'
[9.127s] Level 1:colcon.colcon_core.environment:create_file_with_runtime_dependencies(/home/ros/rosspaces/newboarding/Software-Team-Entrance-Task/ros_ws/install/test_gps/share/colcon-core/packages/test_gps)
[9.128s] INFO:colcon.colcon_ros.task.ament_cmake.build:Building ROS package in '/home/ros/rosspaces/newboarding/Software-Team-Entrance-Task/ros_ws/src/testing/launch_test' with build type 'ament_cmake'
[9.128s] INFO:colcon.colcon_cmake.task.cmake.build:Building CMake package in '/home/ros/rosspaces/newboarding/Software-Team-Entrance-Task/ros_ws/src/testing/launch_test'
[9.130s] INFO:colcon.colcon_core.shell:Skip shell extension 'powershell' for command environment: Not usable outside of PowerShell
[9.130s] DEBUG:colcon.colcon_core.shell:Skip shell extension 'dsv' for command environment
[9.167s] DEBUG:colcon.colcon_core.event_handler.log_command:Invoking command in '/home/ros/rosspaces/newboarding/Software-Team-Entrance-Task/ros_ws/build/launch_nav': AMENT_PREFIX_PATH=/home/ros/rosspaces/newboarding/Software-Team-Entrance-Task/ros_ws/install/gps_distance:/home/ros/rosspaces/newboarding/Software-Team-Entrance-Task/ros_ws/install/launch_test:/home/ros/rosspaces/newboarding/Software-Team-Entrance-Task/ros_ws/install/test_gps:/home/ros/rosspaces/newboarding/Software-Team-Entrance-Task/ros_ws/install/launch_nav:/home/ros/rosspaces/newboarding/Software-Team-Entrance-Task/ros_ws/install/interfaces:/opt/ros/humble CMAKE_PREFIX_PATH=/home/ros/rosspaces/newboarding/Software-Team-Entrance-Task/ros_ws/install/interfaces:/home/ros/rosspaces/newboarding/Software-Team-Entrance-Task/ros_ws/install/launch_test:/home/ros/rosspaces/newboarding/Software-Team-Entrance-Task/ros_ws/install/launch_nav:/home/ros/rosspaces/newboarding/Software-Team-Entrance-Task/ros_ws/install/test_gps:/home/ros/rosspaces/newboarding/Software-Team-Entrance-Task/ros_ws/install/gps_distance:/opt/ros/humble PYTHONPATH=/home/ros/rosspaces/newboarding/Software-Team-Entrance-Task/ros_ws/install/gps_distance/lib/python3.10/site-packages:/home/ros/rosspaces/newboarding/Software-Team-Entrance-Task/ros_ws/install/test_gps/lib/python3.10/site-packages:/home/ros/rosspaces/newboarding/Software-Team-Entrance-Task/ros_ws/install/interfaces/local/lib/python3.10/dist-packages:/opt/ros/humble/lib/python3.10/site-packages:/opt/ros/humble/local/lib/python3.10/dist-packages /usr/bin/cmake /home/ros/rosspaces/newboarding/Software-Team-Entrance-Task/ros_ws/src/Navigation/launch_nav -DCMAKE_INSTALL_PREFIX=/home/ros/rosspaces/newboarding/Software-Team-Entrance-Task/ros_ws/install/launch_nav
[9.172s] DEBUG:colcon.colcon_core.event_handler.log_command:Invoking command in '/home/ros/rosspaces/newboarding/Software-Team-Entrance-Task/ros_ws/build/launch_test': AMENT_PREFIX_PATH=/home/ros/rosspaces/newboarding/Software-Team-Entrance-Task/ros_ws/install/test_gps:/home/ros/rosspaces/newboarding/Software-Team-Entrance-Task/ros_ws/install/launch_test:/home/ros/rosspaces/newboarding/Software-Team-Entrance-Task/ros_ws/install/launch_nav:/home/ros/rosspaces/newboarding/Software-Team-Entrance-Task/ros_ws/install/gps_distance:/home/ros/rosspaces/newboarding/Software-Team-Entrance-Task/ros_ws/install/interfaces:/opt/ros/humble CMAKE_PREFIX_PATH=/home/ros/rosspaces/newboarding/Software-Team-Entrance-Task/ros_ws/install/interfaces:/home/ros/rosspaces/newboarding/Software-Team-Entrance-Task/ros_ws/install/launch_test:/home/ros/rosspaces/newboarding/Software-Team-Entrance-Task/ros_ws/install/launch_nav:/home/ros/rosspaces/newboarding/Software-Team-Entrance-Task/ros_ws/install/test_gps:/home/ros/rosspaces/newboarding/Software-Team-Entrance-Task/ros_ws/install/gps_distance:/opt/ros/humble /usr/bin/cmake /home/ros/rosspaces/newboarding/Software-Team-Entrance-Task/ros_ws/src/testing/launch_test -DCMAKE_INSTALL_PREFIX=/home/ros/rosspaces/newboarding/Software-Team-Entrance-Task/ros_ws/install/launch_test
[10.268s] DEBUG:colcon.colcon_core.event_handler.log_command:Invoked command in '/home/ros/rosspaces/newboarding/Software-Team-Entrance-Task/ros_ws/build/launch_test' returned '0': AMENT_PREFIX_PATH=/home/ros/rosspaces/newboarding/Software-Team-Entrance-Task/ros_ws/install/test_gps:/home/ros/rosspaces/newboarding/Software-Team-Entrance-Task/ros_ws/install/launch_test:/home/ros/rosspaces/newboarding/Software-Team-Entrance-Task/ros_ws/install/launch_nav:/home/ros/rosspaces/newboarding/Software-Team-Entrance-Task/ros_ws/install/gps_distance:/home/ros/rosspaces/newboarding/Software-Team-Entrance-Task/ros_ws/install/interfaces:/opt/ros/humble CMAKE_PREFIX_PATH=/home/ros/rosspaces/newboarding/Software-Team-Entrance-Task/ros_ws/install/interfaces:/home/ros/rosspaces/newboarding/Software-Team-Entrance-Task/ros_ws/install/launch_test:/home/ros/rosspaces/newboarding/Software-Team-Entrance-Task/ros_ws/install/launch_nav:/home/ros/rosspaces/newboarding/Software-Team-Entrance-Task/ros_ws/install/test_gps:/home/ros/rosspaces/newboarding/Software-Team-Entrance-Task/ros_ws/install/gps_distance:/opt/ros/humble /usr/bin/cmake /home/ros/rosspaces/newboarding/Software-Team-Entrance-Task/ros_ws/src/testing/launch_test -DCMAKE_INSTALL_PREFIX=/home/ros/rosspaces/newboarding/Software-Team-Entrance-Task/ros_ws/install/launch_test
[10.269s] DEBUG:colcon.colcon_core.event_handler.log_command:Invoking command in '/home/ros/rosspaces/newboarding/Software-Team-Entrance-Task/ros_ws/build/launch_test': AMENT_PREFIX_PATH=/home/ros/rosspaces/newboarding/Software-Team-Entrance-Task/ros_ws/install/test_gps:/home/ros/rosspaces/newboarding/Software-Team-Entrance-Task/ros_ws/install/launch_test:/home/ros/rosspaces/newboarding/Software-Team-Entrance-Task/ros_ws/install/launch_nav:/home/ros/rosspaces/newboarding/Software-Team-Entrance-Task/ros_ws/install/gps_distance:/home/ros/rosspaces/newboarding/Software-Team-Entrance-Task/ros_ws/install/interfaces:/opt/ros/humble CMAKE_PREFIX_PATH=/home/ros/rosspaces/newboarding/Software-Team-Entrance-Task/ros_ws/install/interfaces:/home/ros/rosspaces/newboarding/Software-Team-Entrance-Task/ros_ws/install/launch_test:/home/ros/rosspaces/newboarding/Software-Team-Entrance-Task/ros_ws/install/launch_nav:/home/ros/rosspaces/newboarding/Software-Team-Entrance-Task/ros_ws/install/test_gps:/home/ros/rosspaces/newboarding/Software-Team-Entrance-Task/ros_ws/install/gps_distance:/opt/ros/humble /usr/bin/cmake --build /home/ros/rosspaces/newboarding/Software-Team-Entrance-Task/ros_ws/build/launch_test -- -j4 -l4
[10.321s] DEBUG:colcon.colcon_core.event_handler.log_command:Invoked command in '/home/ros/rosspaces/newboarding/Software-Team-Entrance-Task/ros_ws/build/launch_nav' returned '0': AMENT_PREFIX_PATH=/home/ros/rosspaces/newboarding/Software-Team-Entrance-Task/ros_ws/install/gps_distance:/home/ros/rosspaces/newboarding/Software-Team-Entrance-Task/ros_ws/install/launch_test:/home/ros/rosspaces/newboarding/Software-Team-Entrance-Task/ros_ws/install/test_gps:/home/ros/rosspaces/newboarding/Software-Team-Entrance-Task/ros_ws/install/launch_nav:/home/ros/rosspaces/newboarding/Software-Team-Entrance-Task/ros_ws/install/interfaces:/opt/ros/humble CMAKE_PREFIX_PATH=/home/ros/rosspaces/newboarding/Software-Team-Entrance-Task/ros_ws/install/interfaces:/home/ros/rosspaces/newboarding/Software-Team-Entrance-Task/ros_ws/install/launch_test:/home/ros/rosspaces/newboarding/Software-Team-Entrance-Task/ros_ws/install/launch_nav:/home/ros/rosspaces/newboarding/Software-Team-Entrance-Task/ros_ws/install/test_gps:/home/ros/rosspaces/newboarding/Software-Team-Entrance-Task/ros_ws/install/gps_distance:/opt/ros/humble PYTHONPATH=/home/ros/rosspaces/newboarding/Software-Team-Entrance-Task/ros_ws/install/gps_distance/lib/python3.10/site-packages:/home/ros/rosspaces/newboarding/Software-Team-Entrance-Task/ros_ws/install/test_gps/lib/python3.10/site-packages:/home/ros/rosspaces/newboarding/Software-Team-Entrance-Task/ros_ws/install/interfaces/local/lib/python3.10/dist-packages:/opt/ros/humble/lib/python3.10/site-packages:/opt/ros/humble/local/lib/python3.10/dist-packages /usr/bin/cmake /home/ros/rosspaces/newboarding/Software-Team-Entrance-Task/ros_ws/src/Navigation/launch_nav -DCMAKE_INSTALL_PREFIX=/home/ros/rosspaces/newboarding/Software-Team-Entrance-Task/ros_ws/install/launch_nav
[10.322s] DEBUG:colcon.colcon_core.event_handler.log_command:Invoking command in '/home/ros/rosspaces/newboarding/Software-Team-Entrance-Task/ros_ws/build/launch_nav': AMENT_PREFIX_PATH=/home/ros/rosspaces/newboarding/Software-Team-Entrance-Task/ros_ws/install/gps_distance:/home/ros/rosspaces/newboarding/Software-Team-Entrance-Task/ros_ws/install/launch_test:/home/ros/rosspaces/newboarding/Software-Team-Entrance-Task/ros_ws/install/test_gps:/home/ros/rosspaces/newboarding/Software-Team-Entrance-Task/ros_ws/install/launch_nav:/home/ros/rosspaces/newboarding/Software-Team-Entrance-Task/ros_ws/install/interfaces:/opt/ros/humble CMAKE_PREFIX_PATH=/home/ros/rosspaces/newboarding/Software-Team-Entrance-Task/ros_ws/install/interfaces:/home/ros/rosspaces/newboarding/Software-Team-Entrance-Task/ros_ws/install/launch_test:/home/ros/rosspaces/newboarding/Software-Team-Entrance-Task/ros_ws/install/launch_nav:/home/ros/rosspaces/newboarding/Software-Team-Entrance-Task/ros_ws/install/test_gps:/home/ros/rosspaces/newboarding/Software-Team-Entrance-Task/ros_ws/install/gps_distance:/opt/ros/humble PYTHONPATH=/home/ros/rosspaces/newboarding/Software-Team-Entrance-Task/ros_ws/install/gps_distance/lib/python3.10/site-packages:/home/ros/rosspaces/newboarding/Software-Team-Entrance-Task/ros_ws/install/test_gps/lib/python3.10/site-packages:/home/ros/rosspaces/newboarding/Software-Team-Entrance-Task/ros_ws/install/interfaces/local/lib/python3.10/dist-packages:/opt/ros/humble/lib/python3.10/site-packages:/opt/ros/humble/local/lib/python3.10/dist-packages /usr/bin/cmake --build /home/ros/rosspaces/newboarding/Software-Team-Entrance-Task/ros_ws/build/launch_nav -- -j4 -l4
[10.375s] DEBUG:colcon.colcon_core.event_handler.log_command:Invoked command in '/home/ros/rosspaces/newboarding/Software-Team-Entrance-Task/ros_ws/build/launch_test' returned '0': AMENT_PREFIX_PATH=/home/ros/rosspaces/newboarding/Software-Team-Entrance-Task/ros_ws/install/test_gps:/home/ros/rosspaces/newboarding/Software-Team-Entrance-Task/ros_ws/install/launch_test:/home/ros/rosspaces/newboarding/Software-Team-Entrance-Task/ros_ws/install/launch_nav:/home/ros/rosspaces/newboarding/Software-Team-Entrance-Task/ros_ws/install/gps_distance:/home/ros/rosspaces/newboarding/Software-Team-Entrance-Task/ros_ws/install/interfaces:/opt/ros/humble CMAKE_PREFIX_PATH=/home/ros/rosspaces/newboarding/Software-Team-Entrance-Task/ros_ws/install/interfaces:/home/ros/rosspaces/newboarding/Software-Team-Entrance-Task/ros_ws/install/launch_test:/home/ros/rosspaces/newboarding/Software-Team-Entrance-Task/ros_ws/install/launch_nav:/home/ros/rosspaces/newboarding/Software-Team-Entrance-Task/ros_ws/install/test_gps:/home/ros/rosspaces/newboarding/Software-Team-Entrance-Task/ros_ws/install/gps_distance:/opt/ros/humble /usr/bin/cmake --build /home/ros/rosspaces/newboarding/Software-Team-Entrance-Task/ros_ws/build/launch_test -- -j4 -l4
[10.445s] DEBUG:colcon.colcon_core.event_handler.log_command:Invoked command in '/home/ros/rosspaces/newboarding/Software-Team-Entrance-Task/ros_ws/build/launch_nav' returned '0': AMENT_PREFIX_PATH=/home/ros/rosspaces/newboarding/Software-Team-Entrance-Task/ros_ws/install/gps_distance:/home/ros/rosspaces/newboarding/Software-Team-Entrance-Task/ros_ws/install/launch_test:/home/ros/rosspaces/newboarding/Software-Team-Entrance-Task/ros_ws/install/test_gps:/home/ros/rosspaces/newboarding/Software-Team-Entrance-Task/ros_ws/install/launch_nav:/home/ros/rosspaces/newboarding/Software-Team-Entrance-Task/ros_ws/install/interfaces:/opt/ros/humble CMAKE_PREFIX_PATH=/home/ros/rosspaces/newboarding/Software-Team-Entrance-Task/ros_ws/install/interfaces:/home/ros/rosspaces/newboarding/Software-Team-Entrance-Task/ros_ws/install/launch_test:/home/ros/rosspaces/newboarding/Software-Team-Entrance-Task/ros_ws/install/launch_nav:/home/ros/rosspaces/newboarding/Software-Team-Entrance-Task/ros_ws/install/test_gps:/home/ros/rosspaces/newboarding/Software-Team-Entrance-Task/ros_ws/install/gps_distance:/opt/ros/humble PYTHONPATH=/home/ros/rosspaces/newboarding/Software-Team-Entrance-Task/ros_ws/install/gps_distance/lib/python3.10/site-packages:/home/ros/rosspaces/newboarding/Software-Team-Entrance-Task/ros_ws/install/test_gps/lib/python3.10/site-packages:/home/ros/rosspaces/newboarding/Software-Team-Entrance-Task/ros_ws/install/interfaces/local/lib/python3.10/dist-packages:/opt/ros/humble/lib/python3.10/site-packages:/opt/ros/humble/local/lib/python3.10/dist-packages /usr/bin/cmake --build /home/ros/rosspaces/newboarding/Software-Team-Entrance-Task/ros_ws/build/launch_nav -- -j4 -l4
[10.498s] DEBUG:colcon.colcon_core.event_handler.log_command:Invoking command in '/home/ros/rosspaces/newboarding/Software-Team-Entrance-Task/ros_ws/build/launch_test': AMENT_PREFIX_PATH=/home/ros/rosspaces/newboarding/Software-Team-Entrance-Task/ros_ws/install/test_gps:/home/ros/rosspaces/newboarding/Software-Team-Entrance-Task/ros_ws/install/launch_test:/home/ros/rosspaces/newboarding/Software-Team-Entrance-Task/ros_ws/install/launch_nav:/home/ros/rosspaces/newboarding/Software-Team-Entrance-Task/ros_ws/install/gps_distance:/home/ros/rosspaces/newboarding/Software-Team-Entrance-Task/ros_ws/install/interfaces:/opt/ros/humble CMAKE_PREFIX_PATH=/home/ros/rosspaces/newboarding/Software-Team-Entrance-Task/ros_ws/install/interfaces:/home/ros/rosspaces/newboarding/Software-Team-Entrance-Task/ros_ws/install/launch_test:/home/ros/rosspaces/newboarding/Software-Team-Entrance-Task/ros_ws/install/launch_nav:/home/ros/rosspaces/newboarding/Software-Team-Entrance-Task/ros_ws/install/test_gps:/home/ros/rosspaces/newboarding/Software-Team-Entrance-Task/ros_ws/install/gps_distance:/opt/ros/humble /usr/bin/cmake --install /home/ros/rosspaces/newboarding/Software-Team-Entrance-Task/ros_ws/build/launch_test
[10.539s] Level 1:colcon.colcon_core.environment:create_environment_scripts_only(launch_test)
[10.541s] Level 1:colcon.colcon_core.environment:checking '/home/ros/rosspaces/newboarding/Software-Team-Entrance-Task/ros_ws/install/launch_test' for CMake module files
[10.542s] DEBUG:colcon.colcon_core.event_handler.log_command:Invoked command in '/home/ros/rosspaces/newboarding/Software-Team-Entrance-Task/ros_ws/build/launch_test' returned '0': AMENT_PREFIX_PATH=/home/ros/rosspaces/newboarding/Software-Team-Entrance-Task/ros_ws/install/test_gps:/home/ros/rosspaces/newboarding/Software-Team-Entrance-Task/ros_ws/install/launch_test:/home/ros/rosspaces/newboarding/Software-Team-Entrance-Task/ros_ws/install/launch_nav:/home/ros/rosspaces/newboarding/Software-Team-Entrance-Task/ros_ws/install/gps_distance:/home/ros/rosspaces/newboarding/Software-Team-Entrance-Task/ros_ws/install/interfaces:/opt/ros/humble CMAKE_PREFIX_PATH=/home/ros/rosspaces/newboarding/Software-Team-Entrance-Task/ros_ws/install/interfaces:/home/ros/rosspaces/newboarding/Software-Team-Entrance-Task/ros_ws/install/launch_test:/home/ros/rosspaces/newboarding/Software-Team-Entrance-Task/ros_ws/install/launch_nav:/home/ros/rosspaces/newboarding/Software-Team-Entrance-Task/ros_ws/install/test_gps:/home/ros/rosspaces/newboarding/Software-Team-Entrance-Task/ros_ws/install/gps_distance:/opt/ros/humble /usr/bin/cmake --install /home/ros/rosspaces/newboarding/Software-Team-Entrance-Task/ros_ws/build/launch_test
[10.546s] Level 1:colcon.colcon_core.environment:checking '/home/ros/rosspaces/newboarding/Software-Team-Entrance-Task/ros_ws/install/launch_test' for CMake config files
[10.546s] Level 1:colcon.colcon_core.shell:create_environment_hook('launch_test', 'cmake_prefix_path')
[10.547s] INFO:colcon.colcon_core.shell:Creating environment hook '/home/ros/rosspaces/newboarding/Software-Team-Entrance-Task/ros_ws/install/launch_test/share/launch_test/hook/cmake_prefix_path.ps1'
[10.547s] INFO:colcon.colcon_core.shell:Creating environment descriptor '/home/ros/rosspaces/newboarding/Software-Team-Entrance-Task/ros_ws/install/launch_test/share/launch_test/hook/cmake_prefix_path.dsv'
[10.548s] INFO:colcon.colcon_core.shell:Creating environment hook '/home/ros/rosspaces/newboarding/Software-Team-Entrance-Task/ros_ws/install/launch_test/share/launch_test/hook/cmake_prefix_path.sh'
[10.548s] Level 1:colcon.colcon_core.environment:checking '/home/ros/rosspaces/newboarding/Software-Team-Entrance-Task/ros_ws/install/launch_test/bin'
[10.548s] Level 1:colcon.colcon_core.environment:checking '/home/ros/rosspaces/newboarding/Software-Team-Entrance-Task/ros_ws/install/launch_test/lib/pkgconfig/launch_test.pc'
[10.548s] Level 1:colcon.colcon_core.environment:checking '/home/ros/rosspaces/newboarding/Software-Team-Entrance-Task/ros_ws/install/launch_test/lib/python3.10/site-packages'
[10.552s] Level 1:colcon.colcon_core.environment:checking '/home/ros/rosspaces/newboarding/Software-Team-Entrance-Task/ros_ws/install/launch_test/bin'
[10.553s] INFO:colcon.colcon_core.shell:Creating package script '/home/ros/rosspaces/newboarding/Software-Team-Entrance-Task/ros_ws/install/launch_test/share/launch_test/package.ps1'
[10.553s] INFO:colcon.colcon_core.shell:Creating package descriptor '/home/ros/rosspaces/newboarding/Software-Team-Entrance-Task/ros_ws/install/launch_test/share/launch_test/package.dsv'
[10.554s] INFO:colcon.colcon_core.shell:Creating package script '/home/ros/rosspaces/newboarding/Software-Team-Entrance-Task/ros_ws/install/launch_test/share/launch_test/package.sh'
[10.554s] INFO:colcon.colcon_core.shell:Creating package script '/home/ros/rosspaces/newboarding/Software-Team-Entrance-Task/ros_ws/install/launch_test/share/launch_test/package.bash'
[10.555s] INFO:colcon.colcon_core.shell:Creating package script '/home/ros/rosspaces/newboarding/Software-Team-Entrance-Task/ros_ws/install/launch_test/share/launch_test/package.zsh'
[10.555s] Level 1:colcon.colcon_core.environment:create_file_with_runtime_dependencies(/home/ros/rosspaces/newboarding/Software-Team-Entrance-Task/ros_ws/install/launch_test/share/colcon-core/packages/launch_test)
[10.613s] DEBUG:colcon.colcon_core.event_handler.log_command:Invoking command in '/home/ros/rosspaces/newboarding/Software-Team-Entrance-Task/ros_ws/build/launch_nav': AMENT_PREFIX_PATH=/home/ros/rosspaces/newboarding/Software-Team-Entrance-Task/ros_ws/install/gps_distance:/home/ros/rosspaces/newboarding/Software-Team-Entrance-Task/ros_ws/install/launch_test:/home/ros/rosspaces/newboarding/Software-Team-Entrance-Task/ros_ws/install/test_gps:/home/ros/rosspaces/newboarding/Software-Team-Entrance-Task/ros_ws/install/launch_nav:/home/ros/rosspaces/newboarding/Software-Team-Entrance-Task/ros_ws/install/interfaces:/opt/ros/humble CMAKE_PREFIX_PATH=/home/ros/rosspaces/newboarding/Software-Team-Entrance-Task/ros_ws/install/interfaces:/home/ros/rosspaces/newboarding/Software-Team-Entrance-Task/ros_ws/install/launch_test:/home/ros/rosspaces/newboarding/Software-Team-Entrance-Task/ros_ws/install/launch_nav:/home/ros/rosspaces/newboarding/Software-Team-Entrance-Task/ros_ws/install/test_gps:/home/ros/rosspaces/newboarding/Software-Team-Entrance-Task/ros_ws/install/gps_distance:/opt/ros/humble PYTHONPATH=/home/ros/rosspaces/newboarding/Software-Team-Entrance-Task/ros_ws/install/gps_distance/lib/python3.10/site-packages:/home/ros/rosspaces/newboarding/Software-Team-Entrance-Task/ros_ws/install/test_gps/lib/python3.10/site-packages:/home/ros/rosspaces/newboarding/Software-Team-Entrance-Task/ros_ws/install/interfaces/local/lib/python3.10/dist-packages:/opt/ros/humble/lib/python3.10/site-packages:/opt/ros/humble/local/lib/python3.10/dist-packages /usr/bin/cmake --install /home/ros/rosspaces/newboarding/Software-Team-Entrance-Task/ros_ws/build/launch_nav
[10.737s] Level 1:colcon.colcon_core.environment:create_environment_scripts_only(launch_nav)
[10.742s] Level 1:colcon.colcon_core.environment:checking '/home/ros/rosspaces/newboarding/Software-Team-Entrance-Task/ros_ws/install/launch_nav' for CMake module files
[10.743s] DEBUG:colcon.colcon_core.event_handler.log_command:Invoked command in '/home/ros/rosspaces/newboarding/Software-Team-Entrance-Task/ros_ws/build/launch_nav' returned '0': AMENT_PREFIX_PATH=/home/ros/rosspaces/newboarding/Software-Team-Entrance-Task/ros_ws/install/gps_distance:/home/ros/rosspaces/newboarding/Software-Team-Entrance-Task/ros_ws/install/launch_test:/home/ros/rosspaces/newboarding/Software-Team-Entrance-Task/ros_ws/install/test_gps:/home/ros/rosspaces/newboarding/Software-Team-Entrance-Task/ros_ws/install/launch_nav:/home/ros/rosspaces/newboarding/Software-Team-Entrance-Task/ros_ws/install/interfaces:/opt/ros/humble CMAKE_PREFIX_PATH=/home/ros/rosspaces/newboarding/Software-Team-Entrance-Task/ros_ws/install/interfaces:/home/ros/rosspaces/newboarding/Software-Team-Entrance-Task/ros_ws/install/launch_test:/home/ros/rosspaces/newboarding/Software-Team-Entrance-Task/ros_ws/install/launch_nav:/home/ros/rosspaces/newboarding/Software-Team-Entrance-Task/ros_ws/install/test_gps:/home/ros/rosspaces/newboarding/Software-Team-Entrance-Task/ros_ws/install/gps_distance:/opt/ros/humble PYTHONPATH=/home/ros/rosspaces/newboarding/Software-Team-Entrance-Task/ros_ws/install/gps_distance/lib/python3.10/site-packages:/home/ros/rosspaces/newboarding/Software-Team-Entrance-Task/ros_ws/install/test_gps/lib/python3.10/site-packages:/home/ros/rosspaces/newboarding/Software-Team-Entrance-Task/ros_ws/install/interfaces/local/lib/python3.10/dist-packages:/opt/ros/humble/lib/python3.10/site-packages:/opt/ros/humble/local/lib/python3.10/dist-packages /usr/bin/cmake --install /home/ros/rosspaces/newboarding/Software-Team-Entrance-Task/ros_ws/build/launch_nav
[10.744s] Level 1:colcon.colcon_core.environment:checking '/home/ros/rosspaces/newboarding/Software-Team-Entrance-Task/ros_ws/install/launch_nav' for CMake config files
[10.745s] Level 1:colcon.colcon_core.shell:create_environment_hook('launch_nav', 'cmake_prefix_path')
[10.746s] INFO:colcon.colcon_core.shell:Creating environment hook '/home/ros/rosspaces/newboarding/Software-Team-Entrance-Task/ros_ws/install/launch_nav/share/launch_nav/hook/cmake_prefix_path.ps1'
[10.746s] INFO:colcon.colcon_core.shell:Creating environment descriptor '/home/ros/rosspaces/newboarding/Software-Team-Entrance-Task/ros_ws/install/launch_nav/share/launch_nav/hook/cmake_prefix_path.dsv'
[10.746s] INFO:colcon.colcon_core.shell:Creating environment hook '/home/ros/rosspaces/newboarding/Software-Team-Entrance-Task/ros_ws/install/launch_nav/share/launch_nav/hook/cmake_prefix_path.sh'
[10.747s] Level 1:colcon.colcon_core.environment:checking '/home/ros/rosspaces/newboarding/Software-Team-Entrance-Task/ros_ws/install/launch_nav/bin'
[10.747s] Level 1:colcon.colcon_core.environment:checking '/home/ros/rosspaces/newboarding/Software-Team-Entrance-Task/ros_ws/install/launch_nav/lib/pkgconfig/launch_nav.pc'
[10.747s] Level 1:colcon.colcon_core.environment:checking '/home/ros/rosspaces/newboarding/Software-Team-Entrance-Task/ros_ws/install/launch_nav/lib/python3.10/site-packages'
[10.747s] Level 1:colcon.colcon_core.environment:checking '/home/ros/rosspaces/newboarding/Software-Team-Entrance-Task/ros_ws/install/launch_nav/bin'
[10.749s] INFO:colcon.colcon_core.shell:Creating package script '/home/ros/rosspaces/newboarding/Software-Team-Entrance-Task/ros_ws/install/launch_nav/share/launch_nav/package.ps1'
[10.752s] INFO:colcon.colcon_core.shell:Creating package descriptor '/home/ros/rosspaces/newboarding/Software-Team-Entrance-Task/ros_ws/install/launch_nav/share/launch_nav/package.dsv'
[10.752s] INFO:colcon.colcon_core.shell:Creating package script '/home/ros/rosspaces/newboarding/Software-Team-Entrance-Task/ros_ws/install/launch_nav/share/launch_nav/package.sh'
[10.753s] INFO:colcon.colcon_core.shell:Creating package script '/home/ros/rosspaces/newboarding/Software-Team-Entrance-Task/ros_ws/install/launch_nav/share/launch_nav/package.bash'
[10.753s] INFO:colcon.colcon_core.shell:Creating package script '/home/ros/rosspaces/newboarding/Software-Team-Entrance-Task/ros_ws/install/launch_nav/share/launch_nav/package.zsh'
[10.753s] Level 1:colcon.colcon_core.environment:create_file_with_runtime_dependencies(/home/ros/rosspaces/newboarding/Software-Team-Entrance-Task/ros_ws/install/launch_nav/share/colcon-core/packages/launch_nav)
[10.784s] Level 1:colcon.colcon_core.environment:create_environment_scripts_only(launch_test)
[10.787s] Level 1:colcon.colcon_core.environment:checking '/home/ros/rosspaces/newboarding/Software-Team-Entrance-Task/ros_ws/install/launch_test' for CMake module files
[10.789s] Level 1:colcon.colcon_core.environment:checking '/home/ros/rosspaces/newboarding/Software-Team-Entrance-Task/ros_ws/install/launch_test' for CMake config files
[10.790s] Level 1:colcon.colcon_core.shell:create_environment_hook('launch_test', 'cmake_prefix_path')
[10.792s] INFO:colcon.colcon_core.shell:Creating environment hook '/home/ros/rosspaces/newboarding/Software-Team-Entrance-Task/ros_ws/install/launch_test/share/launch_test/hook/cmake_prefix_path.ps1'
[10.793s] INFO:colcon.colcon_core.shell:Creating environment descriptor '/home/ros/rosspaces/newboarding/Software-Team-Entrance-Task/ros_ws/install/launch_test/share/launch_test/hook/cmake_prefix_path.dsv'
[10.794s] INFO:colcon.colcon_core.shell:Creating environment hook '/home/ros/rosspaces/newboarding/Software-Team-Entrance-Task/ros_ws/install/launch_test/share/launch_test/hook/cmake_prefix_path.sh'
[10.795s] Level 1:colcon.colcon_core.environment:checking '/home/ros/rosspaces/newboarding/Software-Team-Entrance-Task/ros_ws/install/launch_test/bin'
[10.795s] Level 1:colcon.colcon_core.environment:checking '/home/ros/rosspaces/newboarding/Software-Team-Entrance-Task/ros_ws/install/launch_test/lib/pkgconfig/launch_test.pc'
[10.795s] Level 1:colcon.colcon_core.environment:checking '/home/ros/rosspaces/newboarding/Software-Team-Entrance-Task/ros_ws/install/launch_test/lib/python3.10/site-packages'
[10.795s] Level 1:colcon.colcon_core.environment:checking '/home/ros/rosspaces/newboarding/Software-Team-Entrance-Task/ros_ws/install/launch_test/bin'
[10.802s] INFO:colcon.colcon_core.shell:Creating package script '/home/ros/rosspaces/newboarding/Software-Team-Entrance-Task/ros_ws/install/launch_test/share/launch_test/package.ps1'
[10.806s] INFO:colcon.colcon_core.shell:Creating package descriptor '/home/ros/rosspaces/newboarding/Software-Team-Entrance-Task/ros_ws/install/launch_test/share/launch_test/package.dsv'
[10.808s] INFO:colcon.colcon_core.shell:Creating package script '/home/ros/rosspaces/newboarding/Software-Team-Entrance-Task/ros_ws/install/launch_test/share/launch_test/package.sh'
[10.828s] INFO:colcon.colcon_core.shell:Creating package script '/home/ros/rosspaces/newboarding/Software-Team-Entrance-Task/ros_ws/install/launch_test/share/launch_test/package.bash'
[10.829s] INFO:colcon.colcon_core.shell:Creating package script '/home/ros/rosspaces/newboarding/Software-Team-Entrance-Task/ros_ws/install/launch_test/share/launch_test/package.zsh'
[10.830s] Level 1:colcon.colcon_core.environment:create_file_with_runtime_dependencies(/home/ros/rosspaces/newboarding/Software-Team-Entrance-Task/ros_ws/install/launch_test/share/colcon-core/packages/launch_test)
[10.916s] Level 1:colcon.colcon_core.environment:create_environment_scripts_only(launch_nav)
[10.918s] Level 1:colcon.colcon_core.environment:checking '/home/ros/rosspaces/newboarding/Software-Team-Entrance-Task/ros_ws/install/launch_nav' for CMake module files
[10.918s] Level 1:colcon.colcon_core.environment:checking '/home/ros/rosspaces/newboarding/Software-Team-Entrance-Task/ros_ws/install/launch_nav' for CMake config files
[10.918s] Level 1:colcon.colcon_core.shell:create_environment_hook('launch_nav', 'cmake_prefix_path')
[10.924s] INFO:colcon.colcon_core.shell:Creating environment hook '/home/ros/rosspaces/newboarding/Software-Team-Entrance-Task/ros_ws/install/launch_nav/share/launch_nav/hook/cmake_prefix_path.ps1'
[10.925s] INFO:colcon.colcon_core.shell:Creating environment descriptor '/home/ros/rosspaces/newboarding/Software-Team-Entrance-Task/ros_ws/install/launch_nav/share/launch_nav/hook/cmake_prefix_path.dsv'
[10.925s] INFO:colcon.colcon_core.shell:Creating environment hook '/home/ros/rosspaces/newboarding/Software-Team-Entrance-Task/ros_ws/install/launch_nav/share/launch_nav/hook/cmake_prefix_path.sh'
[10.926s] Level 1:colcon.colcon_core.environment:checking '/home/ros/rosspaces/newboarding/Software-Team-Entrance-Task/ros_ws/install/launch_nav/bin'
[10.927s] Level 1:colcon.colcon_core.environment:checking '/home/ros/rosspaces/newboarding/Software-Team-Entrance-Task/ros_ws/install/launch_nav/lib/pkgconfig/launch_nav.pc'
[10.927s] Level 1:colcon.colcon_core.environment:checking '/home/ros/rosspaces/newboarding/Software-Team-Entrance-Task/ros_ws/install/launch_nav/lib/python3.10/site-packages'
[10.927s] Level 1:colcon.colcon_core.environment:checking '/home/ros/rosspaces/newboarding/Software-Team-Entrance-Task/ros_ws/install/launch_nav/bin'
[10.937s] INFO:colcon.colcon_core.shell:Creating package script '/home/ros/rosspaces/newboarding/Software-Team-Entrance-Task/ros_ws/install/launch_nav/share/launch_nav/package.ps1'
[10.938s] INFO:colcon.colcon_core.shell:Creating package descriptor '/home/ros/rosspaces/newboarding/Software-Team-Entrance-Task/ros_ws/install/launch_nav/share/launch_nav/package.dsv'
[10.941s] INFO:colcon.colcon_core.shell:Creating package script '/home/ros/rosspaces/newboarding/Software-Team-Entrance-Task/ros_ws/install/launch_nav/share/launch_nav/package.sh'
[10.952s] INFO:colcon.colcon_core.shell:Creating package script '/home/ros/rosspaces/newboarding/Software-Team-Entrance-Task/ros_ws/install/launch_nav/share/launch_nav/package.bash'
[10.953s] INFO:colcon.colcon_core.shell:Creating package script '/home/ros/rosspaces/newboarding/Software-Team-Entrance-Task/ros_ws/install/launch_nav/share/launch_nav/package.zsh'
[10.955s] Level 1:colcon.colcon_core.environment:create_file_with_runtime_dependencies(/home/ros/rosspaces/newboarding/Software-Team-Entrance-Task/ros_ws/install/launch_nav/share/colcon-core/packages/launch_nav)
[10.956s] DEBUG:colcon.colcon_parallel_executor.executor.parallel:closing loop
[10.957s] DEBUG:colcon.colcon_parallel_executor.executor.parallel:loop closed
[10.957s] DEBUG:colcon.colcon_parallel_executor.executor.parallel:run_until_complete finished with '0'
[10.957s] DEBUG:colcon.colcon_core.event_reactor:joining thread
[11.006s] INFO:colcon.colcon_core.plugin_system:Skipping extension 'colcon_notification.desktop_notification.terminal_notifier': Not used on non-Darwin systems
[11.006s] INFO:colcon.colcon_core.plugin_system:Skipping extension 'colcon_notification.desktop_notification.win32': Not used on non-Windows systems
[11.006s] INFO:colcon.colcon_notification.desktop_notification:Sending desktop notification using 'notify2'
[11.081s] DEBUG:colcon.colcon_core.event_reactor:joined thread
[11.083s] INFO:colcon.colcon_core.shell:Creating prefix script '/home/ros/rosspaces/newboarding/Software-Team-Entrance-Task/ros_ws/install/local_setup.ps1'
[11.084s] INFO:colcon.colcon_core.shell:Creating prefix util module '/home/ros/rosspaces/newboarding/Software-Team-Entrance-Task/ros_ws/install/_local_setup_util_ps1.py'
[11.085s] INFO:colcon.colcon_core.shell:Creating prefix chain script '/home/ros/rosspaces/newboarding/Software-Team-Entrance-Task/ros_ws/install/setup.ps1'
[11.086s] INFO:colcon.colcon_core.shell:Creating prefix script '/home/ros/rosspaces/newboarding/Software-Team-Entrance-Task/ros_ws/install/local_setup.sh'
[11.086s] INFO:colcon.colcon_core.shell:Creating prefix util module '/home/ros/rosspaces/newboarding/Software-Team-Entrance-Task/ros_ws/install/_local_setup_util_sh.py'
[11.087s] INFO:colcon.colcon_core.shell:Creating prefix chain script '/home/ros/rosspaces/newboarding/Software-Team-Entrance-Task/ros_ws/install/setup.sh'
[11.088s] INFO:colcon.colcon_core.shell:Creating prefix script '/home/ros/rosspaces/newboarding/Software-Team-Entrance-Task/ros_ws/install/local_setup.bash'
[11.088s] INFO:colcon.colcon_core.shell:Creating prefix chain script '/home/ros/rosspaces/newboarding/Software-Team-Entrance-Task/ros_ws/install/setup.bash'
[11.090s] INFO:colcon.colcon_core.shell:Creating prefix script '/home/ros/rosspaces/newboarding/Software-Team-Entrance-Task/ros_ws/install/local_setup.zsh'
[11.090s] INFO:colcon.colcon_core.shell:Creating prefix chain script '/home/ros/rosspaces/newboarding/Software-Team-Entrance-Task/ros_ws/install/setup.zsh'
