[0.300s] DEBUG:colcon:Command line arguments: ['/usr/bin/colcon', 'build']
[0.300s] DEBUG:colcon:Parsed command line arguments: Namespace(log_base=None, log_level=None, verb_name='build', build_base='build', install_base='install', merge_install=False, symlink_install=False, test_result_base=None, continue_on_error=False, executor='parallel', parallel_workers=4, event_handlers=None, ignore_user_meta=False, metas=['./colcon.meta'], base_paths=['.'], packages_ignore=None, packages_ignore_regex=None, paths=None, packages_up_to=None, packages_up_to_regex=None, packages_above=None, packages_above_and_dependencies=None, packages_above_depth=None, packages_select_by_dep=None, packages_skip_by_dep=None, packages_skip_up_to=None, packages_select_build_failed=False, packages_skip_build_finished=False, packages_select_test_failures=False, packages_skip_test_passed=False, packages_select=None, packages_skip=None, packages_select_regex=None, packages_skip_regex=None, packages_start=None, packages_end=None, allow_overriding=[], cmake_args=None, cmake_target=None, cmake_target_skip_unavailable=False, cmake_clean_cache=False, cmake_clean_first=False, cmake_force_configure=False, ament_cmake_args=None, catkin_cmake_args=None, catkin_skip_building_tests=False, verb_parser=<colcon_defaults.argument_parser.defaults.DefaultArgumentsDecorator object at 0x7f3eb469c760>, verb_extension=<colcon_core.verb.build.BuildVerb object at 0x7f3eb4e766b0>, main=<bound method BuildVerb.main of <colcon_core.verb.build.BuildVerb object at 0x7f3eb4e766b0>>)
[0.328s] Level 1:colcon.colcon_core.package_discovery:discover_packages(colcon_meta) check parameters
[0.328s] Level 1:colcon.colcon_core.package_discovery:discover_packages(recursive) check parameters
[0.328s] Level 1:colcon.colcon_core.package_discovery:discover_packages(ignore) check parameters
[0.328s] Level 1:colcon.colcon_core.package_discovery:discover_packages(path) check parameters
[0.329s] Level 1:colcon.colcon_core.package_discovery:discover_packages(colcon_meta) discover
[0.329s] Level 1:colcon.colcon_core.package_discovery:discover_packages(recursive) discover
[0.329s] INFO:colcon.colcon_core.package_discovery:Crawling recursively for packages in '/home/ros/rosspaces/newboarding/Software-Team-Entrance-Task/ros_ws'
[0.329s] Level 1:colcon.colcon_core.package_identification:_identify(.) by extensions ['ignore', 'ignore_ament_install']
[0.329s] Level 1:colcon.colcon_core.package_identification:_identify(.) by extension 'ignore'
[0.329s] Level 1:colcon.colcon_core.package_identification:_identify(.) by extension 'ignore_ament_install'
[0.329s] Level 1:colcon.colcon_core.package_identification:_identify(.) by extensions ['colcon_pkg']
[0.329s] Level 1:colcon.colcon_core.package_identification:_identify(.) by extension 'colcon_pkg'
[0.329s] Level 1:colcon.colcon_core.package_identification:_identify(.) by extensions ['colcon_meta']
[0.329s] Level 1:colcon.colcon_core.package_identification:_identify(.) by extension 'colcon_meta'
[0.330s] Level 1:colcon.colcon_core.package_identification:_identify(.) by extensions ['ros']
[0.330s] Level 1:colcon.colcon_core.package_identification:_identify(.) by extension 'ros'
[0.339s] Level 1:colcon.colcon_core.package_identification:_identify(.) by extensions ['cmake', 'python']
[0.339s] Level 1:colcon.colcon_core.package_identification:_identify(.) by extension 'cmake'
[0.339s] Level 1:colcon.colcon_core.package_identification:_identify(.) by extension 'python'
[0.340s] Level 1:colcon.colcon_core.package_identification:_identify(.) by extensions ['python_setup_py']
[0.340s] Level 1:colcon.colcon_core.package_identification:_identify(.) by extension 'python_setup_py'
[0.340s] Level 1:colcon.colcon_core.package_identification:_identify(build) by extensions ['ignore', 'ignore_ament_install']
[0.340s] Level 1:colcon.colcon_core.package_identification:_identify(build) by extension 'ignore'
[0.340s] Level 1:colcon.colcon_core.package_identification:_identify(build) ignored
[0.340s] Level 1:colcon.colcon_core.package_identification:_identify(install) by extensions ['ignore', 'ignore_ament_install']
[0.340s] Level 1:colcon.colcon_core.package_identification:_identify(install) by extension 'ignore'
[0.340s] Level 1:colcon.colcon_core.package_identification:_identify(install) ignored
[0.340s] Level 1:colcon.colcon_core.package_identification:_identify(log) by extensions ['ignore', 'ignore_ament_install']
[0.341s] Level 1:colcon.colcon_core.package_identification:_identify(log) by extension 'ignore'
[0.341s] Level 1:colcon.colcon_core.package_identification:_identify(log) ignored
[0.341s] Level 1:colcon.colcon_core.package_identification:_identify(src) by extensions ['ignore', 'ignore_ament_install']
[0.341s] Level 1:colcon.colcon_core.package_identification:_identify(src) by extension 'ignore'
[0.341s] Level 1:colcon.colcon_core.package_identification:_identify(src) by extension 'ignore_ament_install'
[0.341s] Level 1:colcon.colcon_core.package_identification:_identify(src) by extensions ['colcon_pkg']
[0.341s] Level 1:colcon.colcon_core.package_identification:_identify(src) by extension 'colcon_pkg'
[0.341s] Level 1:colcon.colcon_core.package_identification:_identify(src) by extensions ['colcon_meta']
[0.341s] Level 1:colcon.colcon_core.package_identification:_identify(src) by extension 'colcon_meta'
[0.341s] Level 1:colcon.colcon_core.package_identification:_identify(src) by extensions ['ros']
[0.341s] Level 1:colcon.colcon_core.package_identification:_identify(src) by extension 'ros'
[0.341s] Level 1:colcon.colcon_core.package_identification:_identify(src) by extensions ['cmake', 'python']
[0.341s] Level 1:colcon.colcon_core.package_identification:_identify(src) by extension 'cmake'
[0.341s] Level 1:colcon.colcon_core.package_identification:_identify(src) by extension 'python'
[0.341s] Level 1:colcon.colcon_core.package_identification:_identify(src) by extensions ['python_setup_py']
[0.342s] Level 1:colcon.colcon_core.package_identification:_identify(src) by extension 'python_setup_py'
[0.342s] Level 1:colcon.colcon_core.package_identification:_identify(src/Navigation) by extensions ['ignore', 'ignore_ament_install']
[0.342s] Level 1:colcon.colcon_core.package_identification:_identify(src/Navigation) by extension 'ignore'
[0.342s] Level 1:colcon.colcon_core.package_identification:_identify(src/Navigation) by extension 'ignore_ament_install'
[0.342s] Level 1:colcon.colcon_core.package_identification:_identify(src/Navigation) by extensions ['colcon_pkg']
[0.342s] Level 1:colcon.colcon_core.package_identification:_identify(src/Navigation) by extension 'colcon_pkg'
[0.342s] Level 1:colcon.colcon_core.package_identification:_identify(src/Navigation) by extensions ['colcon_meta']
[0.342s] Level 1:colcon.colcon_core.package_identification:_identify(src/Navigation) by extension 'colcon_meta'
[0.342s] Level 1:colcon.colcon_core.package_identification:_identify(src/Navigation) by extensions ['ros']
[0.342s] Level 1:colcon.colcon_core.package_identification:_identify(src/Navigation) by extension 'ros'
[0.342s] Level 1:colcon.colcon_core.package_identification:_identify(src/Navigation) by extensions ['cmake', 'python']
[0.342s] Level 1:colcon.colcon_core.package_identification:_identify(src/Navigation) by extension 'cmake'
[0.342s] Level 1:colcon.colcon_core.package_identification:_identify(src/Navigation) by extension 'python'
[0.342s] Level 1:colcon.colcon_core.package_identification:_identify(src/Navigation) by extensions ['python_setup_py']
[0.342s] Level 1:colcon.colcon_core.package_identification:_identify(src/Navigation) by extension 'python_setup_py'
[0.342s] Level 1:colcon.colcon_core.package_identification:_identify(src/Navigation/gps_distance) by extensions ['ignore', 'ignore_ament_install']
[0.342s] Level 1:colcon.colcon_core.package_identification:_identify(src/Navigation/gps_distance) by extension 'ignore'
[0.343s] Level 1:colcon.colcon_core.package_identification:_identify(src/Navigation/gps_distance) by extension 'ignore_ament_install'
[0.343s] Level 1:colcon.colcon_core.package_identification:_identify(src/Navigation/gps_distance) by extensions ['colcon_pkg']
[0.343s] Level 1:colcon.colcon_core.package_identification:_identify(src/Navigation/gps_distance) by extension 'colcon_pkg'
[0.343s] Level 1:colcon.colcon_core.package_identification:_identify(src/Navigation/gps_distance) by extensions ['colcon_meta']
[0.343s] Level 1:colcon.colcon_core.package_identification:_identify(src/Navigation/gps_distance) by extension 'colcon_meta'
[0.343s] Level 1:colcon.colcon_core.package_identification:_identify(src/Navigation/gps_distance) by extensions ['ros']
[0.343s] Level 1:colcon.colcon_core.package_identification:_identify(src/Navigation/gps_distance) by extension 'ros'
[0.345s] DEBUG:colcon.colcon_core.package_identification:Package 'src/Navigation/gps_distance' with type 'ros.ament_python' and name 'gps_distance'
[0.345s] Level 1:colcon.colcon_core.package_identification:_identify(src/Navigation/launch_nav) by extensions ['ignore', 'ignore_ament_install']
[0.345s] Level 1:colcon.colcon_core.package_identification:_identify(src/Navigation/launch_nav) by extension 'ignore'
[0.345s] Level 1:colcon.colcon_core.package_identification:_identify(src/Navigation/launch_nav) by extension 'ignore_ament_install'
[0.345s] Level 1:colcon.colcon_core.package_identification:_identify(src/Navigation/launch_nav) by extensions ['colcon_pkg']
[0.345s] Level 1:colcon.colcon_core.package_identification:_identify(src/Navigation/launch_nav) by extension 'colcon_pkg'
[0.346s] Level 1:colcon.colcon_core.package_identification:_identify(src/Navigation/launch_nav) by extensions ['colcon_meta']
[0.346s] Level 1:colcon.colcon_core.package_identification:_identify(src/Navigation/launch_nav) by extension 'colcon_meta'
[0.346s] Level 1:colcon.colcon_core.package_identification:_identify(src/Navigation/launch_nav) by extensions ['ros']
[0.346s] Level 1:colcon.colcon_core.package_identification:_identify(src/Navigation/launch_nav) by extension 'ros'
[0.346s] DEBUG:colcon.colcon_core.package_identification:Package 'src/Navigation/launch_nav' with type 'ros.ament_cmake' and name 'launch_nav'
[0.346s] Level 1:colcon.colcon_core.package_identification:_identify(src/interfaces) by extensions ['ignore', 'ignore_ament_install']
[0.346s] Level 1:colcon.colcon_core.package_identification:_identify(src/interfaces) by extension 'ignore'
[0.346s] Level 1:colcon.colcon_core.package_identification:_identify(src/interfaces) by extension 'ignore_ament_install'
[0.346s] Level 1:colcon.colcon_core.package_identification:_identify(src/interfaces) by extensions ['colcon_pkg']
[0.346s] Level 1:colcon.colcon_core.package_identification:_identify(src/interfaces) by extension 'colcon_pkg'
[0.346s] Level 1:colcon.colcon_core.package_identification:_identify(src/interfaces) by extensions ['colcon_meta']
[0.347s] Level 1:colcon.colcon_core.package_identification:_identify(src/interfaces) by extension 'colcon_meta'
[0.347s] Level 1:colcon.colcon_core.package_identification:_identify(src/interfaces) by extensions ['ros']
[0.347s] Level 1:colcon.colcon_core.package_identification:_identify(src/interfaces) by extension 'ros'
[0.347s] DEBUG:colcon.colcon_core.package_identification:Package 'src/interfaces' with type 'ros.ament_cmake' and name 'interfaces'
[0.347s] Level 1:colcon.colcon_core.package_identification:_identify(src/testing) by extensions ['ignore', 'ignore_ament_install']
[0.348s] Level 1:colcon.colcon_core.package_identification:_identify(src/testing) by extension 'ignore'
[0.348s] Level 1:colcon.colcon_core.package_identification:_identify(src/testing) by extension 'ignore_ament_install'
[0.348s] Level 1:colcon.colcon_core.package_identification:_identify(src/testing) by extensions ['colcon_pkg']
[0.348s] Level 1:colcon.colcon_core.package_identification:_identify(src/testing) by extension 'colcon_pkg'
[0.348s] Level 1:colcon.colcon_core.package_identification:_identify(src/testing) by extensions ['colcon_meta']
[0.348s] Level 1:colcon.colcon_core.package_identification:_identify(src/testing) by extension 'colcon_meta'
[0.348s] Level 1:colcon.colcon_core.package_identification:_identify(src/testing) by extensions ['ros']
[0.348s] Level 1:colcon.colcon_core.package_identification:_identify(src/testing) by extension 'ros'
[0.348s] Level 1:colcon.colcon_core.package_identification:_identify(src/testing) by extensions ['cmake', 'python']
[0.348s] Level 1:colcon.colcon_core.package_identification:_identify(src/testing) by extension 'cmake'
[0.348s] Level 1:colcon.colcon_core.package_identification:_identify(src/testing) by extension 'python'
[0.348s] Level 1:colcon.colcon_core.package_identification:_identify(src/testing) by extensions ['python_setup_py']
[0.348s] Level 1:colcon.colcon_core.package_identification:_identify(src/testing) by extension 'python_setup_py'
[0.349s] Level 1:colcon.colcon_core.package_identification:_identify(src/testing/launch_test) by extensions ['ignore', 'ignore_ament_install']
[0.349s] Level 1:colcon.colcon_core.package_identification:_identify(src/testing/launch_test) by extension 'ignore'
[0.349s] Level 1:colcon.colcon_core.package_identification:_identify(src/testing/launch_test) by extension 'ignore_ament_install'
[0.349s] Level 1:colcon.colcon_core.package_identification:_identify(src/testing/launch_test) by extensions ['colcon_pkg']
[0.349s] Level 1:colcon.colcon_core.package_identification:_identify(src/testing/launch_test) by extension 'colcon_pkg'
[0.349s] Level 1:colcon.colcon_core.package_identification:_identify(src/testing/launch_test) by extensions ['colcon_meta']
[0.349s] Level 1:colcon.colcon_core.package_identification:_identify(src/testing/launch_test) by extension 'colcon_meta'
[0.349s] Level 1:colcon.colcon_core.package_identification:_identify(src/testing/launch_test) by extensions ['ros']
[0.349s] Level 1:colcon.colcon_core.package_identification:_identify(src/testing/launch_test) by extension 'ros'
[0.349s] DEBUG:colcon.colcon_core.package_identification:Package 'src/testing/launch_test' with type 'ros.ament_cmake' and name 'launch_test'
[0.350s] Level 1:colcon.colcon_core.package_identification:_identify(src/testing/test_gps) by extensions ['ignore', 'ignore_ament_install']
[0.350s] Level 1:colcon.colcon_core.package_identification:_identify(src/testing/test_gps) by extension 'ignore'
[0.350s] Level 1:colcon.colcon_core.package_identification:_identify(src/testing/test_gps) by extension 'ignore_ament_install'
[0.350s] Level 1:colcon.colcon_core.package_identification:_identify(src/testing/test_gps) by extensions ['colcon_pkg']
[0.350s] Level 1:colcon.colcon_core.package_identification:_identify(src/testing/test_gps) by extension 'colcon_pkg'
[0.350s] Level 1:colcon.colcon_core.package_identification:_identify(src/testing/test_gps) by extensions ['colcon_meta']
[0.350s] Level 1:colcon.colcon_core.package_identification:_identify(src/testing/test_gps) by extension 'colcon_meta'
[0.350s] Level 1:colcon.colcon_core.package_identification:_identify(src/testing/test_gps) by extensions ['ros']
[0.350s] Level 1:colcon.colcon_core.package_identification:_identify(src/testing/test_gps) by extension 'ros'
[0.350s] DEBUG:colcon.colcon_core.package_identification:Package 'src/testing/test_gps' with type 'ros.ament_python' and name 'test_gps'
[0.350s] Level 1:colcon.colcon_core.package_discovery:discover_packages(recursive) using defaults
[0.351s] Level 1:colcon.colcon_core.package_discovery:discover_packages(ignore) discover
[0.351s] Level 1:colcon.colcon_core.package_discovery:discover_packages(ignore) using defaults
[0.351s] Level 1:colcon.colcon_core.package_discovery:discover_packages(path) discover
[0.351s] Level 1:colcon.colcon_core.package_discovery:discover_packages(path) using defaults
[0.371s] Level 1:colcon.colcon_core.package_discovery:discover_packages(prefix_path) check parameters
[0.371s] Level 1:colcon.colcon_core.package_discovery:discover_packages(prefix_path) discover
[0.373s] DEBUG:colcon.colcon_installed_package_information.package_discovery:Found 5 installed packages in /home/ros/rosspaces/newboarding/Software-Team-Entrance-Task/ros_ws/install
[0.375s] DEBUG:colcon.colcon_installed_package_information.package_discovery:Found 270 installed packages in /opt/ros/humble
[0.376s] Level 1:colcon.colcon_core.package_discovery:discover_packages(prefix_path) using defaults
[0.434s] Level 5:colcon.colcon_core.verb:set package 'interfaces' build argument 'cmake_args' from command line to 'None'
[0.434s] Level 5:colcon.colcon_core.verb:set package 'interfaces' build argument 'cmake_target' from command line to 'None'
[0.434s] Level 5:colcon.colcon_core.verb:set package 'interfaces' build argument 'cmake_target_skip_unavailable' from command line to 'False'
[0.434s] Level 5:colcon.colcon_core.verb:set package 'interfaces' build argument 'cmake_clean_cache' from command line to 'False'
[0.434s] Level 5:colcon.colcon_core.verb:set package 'interfaces' build argument 'cmake_clean_first' from command line to 'False'
[0.434s] Level 5:colcon.colcon_core.verb:set package 'interfaces' build argument 'cmake_force_configure' from command line to 'False'
[0.434s] Level 5:colcon.colcon_core.verb:set package 'interfaces' build argument 'ament_cmake_args' from command line to 'None'
[0.434s] Level 5:colcon.colcon_core.verb:set package 'interfaces' build argument 'catkin_cmake_args' from command line to 'None'
[0.434s] Level 5:colcon.colcon_core.verb:set package 'interfaces' build argument 'catkin_skip_building_tests' from command line to 'False'
[0.434s] DEBUG:colcon.colcon_core.verb:Building package 'interfaces' with the following arguments: {'ament_cmake_args': None, 'build_base': '/home/ros/rosspaces/newboarding/Software-Team-Entrance-Task/ros_ws/build/interfaces', 'catkin_cmake_args': None, 'catkin_skip_building_tests': False, 'cmake_args': None, 'cmake_clean_cache': False, 'cmake_clean_first': False, 'cmake_force_configure': False, 'cmake_target': None, 'cmake_target_skip_unavailable': False, 'install_base': '/home/ros/rosspaces/newboarding/Software-Team-Entrance-Task/ros_ws/install/interfaces', 'merge_install': False, 'path': '/home/ros/rosspaces/newboarding/Software-Team-Entrance-Task/ros_ws/src/interfaces', 'symlink_install': False, 'test_result_base': None}
[0.435s] Level 5:colcon.colcon_core.verb:set package 'gps_distance' build argument 'cmake_args' from command line to 'None'
[0.435s] Level 5:colcon.colcon_core.verb:set package 'gps_distance' build argument 'cmake_target' from command line to 'None'
[0.435s] Level 5:colcon.colcon_core.verb:set package 'gps_distance' build argument 'cmake_target_skip_unavailable' from command line to 'False'
[0.435s] Level 5:colcon.colcon_core.verb:set package 'gps_distance' build argument 'cmake_clean_cache' from command line to 'False'
[0.435s] Level 5:colcon.colcon_core.verb:set package 'gps_distance' build argument 'cmake_clean_first' from command line to 'False'
[0.435s] Level 5:colcon.colcon_core.verb:set package 'gps_distance' build argument 'cmake_force_configure' from command line to 'False'
[0.435s] Level 5:colcon.colcon_core.verb:set package 'gps_distance' build argument 'ament_cmake_args' from command line to 'None'
[0.435s] Level 5:colcon.colcon_core.verb:set package 'gps_distance' build argument 'catkin_cmake_args' from command line to 'None'
[0.435s] Level 5:colcon.colcon_core.verb:set package 'gps_distance' build argument 'catkin_skip_building_tests' from command line to 'False'
[0.435s] DEBUG:colcon.colcon_core.verb:Building package 'gps_distance' with the following arguments: {'ament_cmake_args': None, 'build_base': '/home/ros/rosspaces/newboarding/Software-Team-Entrance-Task/ros_ws/build/gps_distance', 'catkin_cmake_args': None, 'catkin_skip_building_tests': False, 'cmake_args': None, 'cmake_clean_cache': False, 'cmake_clean_first': False, 'cmake_force_configure': False, 'cmake_target': None, 'cmake_target_skip_unavailable': False, 'install_base': '/home/ros/rosspaces/newboarding/Software-Team-Entrance-Task/ros_ws/install/gps_distance', 'merge_install': False, 'path': '/home/ros/rosspaces/newboarding/Software-Team-Entrance-Task/ros_ws/src/Navigation/gps_distance', 'symlink_install': False, 'test_result_base': None}
[0.436s] Level 5:colcon.colcon_core.verb:set package 'test_gps' build argument 'cmake_args' from command line to 'None'
[0.437s] Level 5:colcon.colcon_core.verb:set package 'test_gps' build argument 'cmake_target' from command line to 'None'
[0.437s] Level 5:colcon.colcon_core.verb:set package 'test_gps' build argument 'cmake_target_skip_unavailable' from command line to 'False'
[0.437s] Level 5:colcon.colcon_core.verb:set package 'test_gps' build argument 'cmake_clean_cache' from command line to 'False'
[0.437s] Level 5:colcon.colcon_core.verb:set package 'test_gps' build argument 'cmake_clean_first' from command line to 'False'
[0.437s] Level 5:colcon.colcon_core.verb:set package 'test_gps' build argument 'cmake_force_configure' from command line to 'False'
[0.437s] Level 5:colcon.colcon_core.verb:set package 'test_gps' build argument 'ament_cmake_args' from command line to 'None'
[0.437s] Level 5:colcon.colcon_core.verb:set package 'test_gps' build argument 'catkin_cmake_args' from command line to 'None'
[0.437s] Level 5:colcon.colcon_core.verb:set package 'test_gps' build argument 'catkin_skip_building_tests' from command line to 'False'
[0.437s] DEBUG:colcon.colcon_core.verb:Building package 'test_gps' with the following arguments: {'ament_cmake_args': None, 'build_base': '/home/ros/rosspaces/newboarding/Software-Team-Entrance-Task/ros_ws/build/test_gps', 'catkin_cmake_args': None, 'catkin_skip_building_tests': False, 'cmake_args': None, 'cmake_clean_cache': False, 'cmake_clean_first': False, 'cmake_force_configure': False, 'cmake_target': None, 'cmake_target_skip_unavailable': False, 'install_base': '/home/ros/rosspaces/newboarding/Software-Team-Entrance-Task/ros_ws/install/test_gps', 'merge_install': False, 'path': '/home/ros/rosspaces/newboarding/Software-Team-Entrance-Task/ros_ws/src/testing/test_gps', 'symlink_install': False, 'test_result_base': None}
[0.438s] Level 5:colcon.colcon_core.verb:set package 'launch_nav' build argument 'cmake_args' from command line to 'None'
[0.438s] Level 5:colcon.colcon_core.verb:set package 'launch_nav' build argument 'cmake_target' from command line to 'None'
[0.438s] Level 5:colcon.colcon_core.verb:set package 'launch_nav' build argument 'cmake_target_skip_unavailable' from command line to 'False'
[0.438s] Level 5:colcon.colcon_core.verb:set package 'launch_nav' build argument 'cmake_clean_cache' from command line to 'False'
[0.438s] Level 5:colcon.colcon_core.verb:set package 'launch_nav' build argument 'cmake_clean_first' from command line to 'False'
[0.438s] Level 5:colcon.colcon_core.verb:set package 'launch_nav' build argument 'cmake_force_configure' from command line to 'False'
[0.438s] Level 5:colcon.colcon_core.verb:set package 'launch_nav' build argument 'ament_cmake_args' from command line to 'None'
[0.438s] Level 5:colcon.colcon_core.verb:set package 'launch_nav' build argument 'catkin_cmake_args' from command line to 'None'
[0.438s] Level 5:colcon.colcon_core.verb:set package 'launch_nav' build argument 'catkin_skip_building_tests' from command line to 'False'
[0.438s] DEBUG:colcon.colcon_core.verb:Building package 'launch_nav' with the following arguments: {'ament_cmake_args': None, 'build_base': '/home/ros/rosspaces/newboarding/Software-Team-Entrance-Task/ros_ws/build/launch_nav', 'catkin_cmake_args': None, 'catkin_skip_building_tests': False, 'cmake_args': None, 'cmake_clean_cache': False, 'cmake_clean_first': False, 'cmake_force_configure': False, 'cmake_target': None, 'cmake_target_skip_unavailable': False, 'install_base': '/home/ros/rosspaces/newboarding/Software-Team-Entrance-Task/ros_ws/install/launch_nav', 'merge_install': False, 'path': '/home/ros/rosspaces/newboarding/Software-Team-Entrance-Task/ros_ws/src/Navigation/launch_nav', 'symlink_install': False, 'test_result_base': None}
[0.439s] Level 5:colcon.colcon_core.verb:set package 'launch_test' build argument 'cmake_args' from command line to 'None'
[0.439s] Level 5:colcon.colcon_core.verb:set package 'launch_test' build argument 'cmake_target' from command line to 'None'
[0.439s] Level 5:colcon.colcon_core.verb:set package 'launch_test' build argument 'cmake_target_skip_unavailable' from command line to 'False'
[0.439s] Level 5:colcon.colcon_core.verb:set package 'launch_test' build argument 'cmake_clean_cache' from command line to 'False'
[0.439s] Level 5:colcon.colcon_core.verb:set package 'launch_test' build argument 'cmake_clean_first' from command line to 'False'
[0.439s] Level 5:colcon.colcon_core.verb:set package 'launch_test' build argument 'cmake_force_configure' from command line to 'False'
[0.439s] Level 5:colcon.colcon_core.verb:set package 'launch_test' build argument 'ament_cmake_args' from command line to 'None'
[0.439s] Level 5:colcon.colcon_core.verb:set package 'launch_test' build argument 'catkin_cmake_args' from command line to 'None'
[0.439s] Level 5:colcon.colcon_core.verb:set package 'launch_test' build argument 'catkin_skip_building_tests' from command line to 'False'
[0.439s] DEBUG:colcon.colcon_core.verb:Building package 'launch_test' with the following arguments: {'ament_cmake_args': None, 'build_base': '/home/ros/rosspaces/newboarding/Software-Team-Entrance-Task/ros_ws/build/launch_test', 'catkin_cmake_args': None, 'catkin_skip_building_tests': False, 'cmake_args': None, 'cmake_clean_cache': False, 'cmake_clean_first': False, 'cmake_force_configure': False, 'cmake_target': None, 'cmake_target_skip_unavailable': False, 'install_base': '/home/ros/rosspaces/newboarding/Software-Team-Entrance-Task/ros_ws/install/launch_test', 'merge_install': False, 'path': '/home/ros/rosspaces/newboarding/Software-Team-Entrance-Task/ros_ws/src/testing/launch_test', 'symlink_install': False, 'test_result_base': None}
[0.440s] INFO:colcon.colcon_core.executor:Executing jobs using 'parallel' executor
[0.444s] DEBUG:colcon.colcon_parallel_executor.executor.parallel:run_until_complete
[0.447s] INFO:colcon.colcon_ros.task.ament_cmake.build:Building ROS package in '/home/ros/rosspaces/newboarding/Software-Team-Entrance-Task/ros_ws/src/interfaces' with build type 'ament_cmake'
[0.448s] INFO:colcon.colcon_cmake.task.cmake.build:Building CMake package in '/home/ros/rosspaces/newboarding/Software-Team-Entrance-Task/ros_ws/src/interfaces'
[0.453s] INFO:colcon.colcon_core.plugin_system:Skipping extension 'colcon_core.shell.bat': Not used on non-Windows systems
[0.454s] INFO:colcon.colcon_core.shell:Skip shell extension 'powershell' for command environment: Not usable outside of PowerShell
[0.454s] DEBUG:colcon.colcon_core.shell:Skip shell extension 'dsv' for command environment
[0.507s] DEBUG:colcon.colcon_core.event_handler.log_command:Invoking command in '/home/ros/rosspaces/newboarding/Software-Team-Entrance-Task/ros_ws/build/interfaces': CMAKE_PREFIX_PATH=${CMAKE_PREFIX_PATH}:/home/ros/rosspaces/newboarding/Software-Team-Entrance-Task/ros_ws/install/test_gps:/home/ros/rosspaces/newboarding/Software-Team-Entrance-Task/ros_ws/install/gps_distance:/opt/ros/humble /usr/bin/cmake --build /home/ros/rosspaces/newboarding/Software-Team-Entrance-Task/ros_ws/build/interfaces -- -j4 -l4
[1.445s] DEBUG:colcon.colcon_core.event_handler.log_command:Invoked command in '/home/ros/rosspaces/newboarding/Software-Team-Entrance-Task/ros_ws/build/interfaces' returned '0': CMAKE_PREFIX_PATH=${CMAKE_PREFIX_PATH}:/home/ros/rosspaces/newboarding/Software-Team-Entrance-Task/ros_ws/install/test_gps:/home/ros/rosspaces/newboarding/Software-Team-Entrance-Task/ros_ws/install/gps_distance:/opt/ros/humble /usr/bin/cmake --build /home/ros/rosspaces/newboarding/Software-Team-Entrance-Task/ros_ws/build/interfaces -- -j4 -l4
[1.836s] DEBUG:colcon.colcon_core.event_handler.log_command:Invoking command in '/home/ros/rosspaces/newboarding/Software-Team-Entrance-Task/ros_ws/build/interfaces': CMAKE_PREFIX_PATH=${CMAKE_PREFIX_PATH}:/home/ros/rosspaces/newboarding/Software-Team-Entrance-Task/ros_ws/install/test_gps:/home/ros/rosspaces/newboarding/Software-Team-Entrance-Task/ros_ws/install/gps_distance:/opt/ros/humble /usr/bin/cmake --install /home/ros/rosspaces/newboarding/Software-Team-Entrance-Task/ros_ws/build/interfaces
[1.890s] Level 1:colcon.colcon_core.environment:create_environment_scripts_only(interfaces)
[1.894s] Level 1:colcon.colcon_core.environment:checking '/home/ros/rosspaces/newboarding/Software-Team-Entrance-Task/ros_ws/install/interfaces' for CMake module files
[1.895s] Level 1:colcon.colcon_core.environment:checking '/home/ros/rosspaces/newboarding/Software-Team-Entrance-Task/ros_ws/install/interfaces' for CMake config files
[1.896s] DEBUG:colcon.colcon_core.event_handler.log_command:Invoked command in '/home/ros/rosspaces/newboarding/Software-Team-Entrance-Task/ros_ws/build/interfaces' returned '0': CMAKE_PREFIX_PATH=${CMAKE_PREFIX_PATH}:/home/ros/rosspaces/newboarding/Software-Team-Entrance-Task/ros_ws/install/test_gps:/home/ros/rosspaces/newboarding/Software-Team-Entrance-Task/ros_ws/install/gps_distance:/opt/ros/humble /usr/bin/cmake --install /home/ros/rosspaces/newboarding/Software-Team-Entrance-Task/ros_ws/build/interfaces
[1.897s] Level 1:colcon.colcon_core.shell:create_environment_hook('interfaces', 'cmake_prefix_path')
[1.898s] INFO:colcon.colcon_core.shell:Creating environment hook '/home/ros/rosspaces/newboarding/Software-Team-Entrance-Task/ros_ws/install/interfaces/share/interfaces/hook/cmake_prefix_path.ps1'
[1.898s] INFO:colcon.colcon_core.shell:Creating environment descriptor '/home/ros/rosspaces/newboarding/Software-Team-Entrance-Task/ros_ws/install/interfaces/share/interfaces/hook/cmake_prefix_path.dsv'
[1.899s] INFO:colcon.colcon_core.shell:Creating environment hook '/home/ros/rosspaces/newboarding/Software-Team-Entrance-Task/ros_ws/install/interfaces/share/interfaces/hook/cmake_prefix_path.sh'
[1.900s] Level 1:colcon.colcon_core.environment:checking '/home/ros/rosspaces/newboarding/Software-Team-Entrance-Task/ros_ws/install/interfaces/lib'
[1.900s] Level 1:colcon.colcon_core.shell:create_environment_hook('interfaces', 'ld_library_path_lib')
[1.903s] INFO:colcon.colcon_core.shell:Creating environment hook '/home/ros/rosspaces/newboarding/Software-Team-Entrance-Task/ros_ws/install/interfaces/share/interfaces/hook/ld_library_path_lib.ps1'
[1.903s] INFO:colcon.colcon_core.shell:Creating environment descriptor '/home/ros/rosspaces/newboarding/Software-Team-Entrance-Task/ros_ws/install/interfaces/share/interfaces/hook/ld_library_path_lib.dsv'
[1.911s] INFO:colcon.colcon_core.shell:Creating environment hook '/home/ros/rosspaces/newboarding/Software-Team-Entrance-Task/ros_ws/install/interfaces/share/interfaces/hook/ld_library_path_lib.sh'
[1.922s] Level 1:colcon.colcon_core.environment:checking '/home/ros/rosspaces/newboarding/Software-Team-Entrance-Task/ros_ws/install/interfaces/bin'
[1.933s] Level 1:colcon.colcon_core.environment:checking '/home/ros/rosspaces/newboarding/Software-Team-Entrance-Task/ros_ws/install/interfaces/lib/pkgconfig/interfaces.pc'
[1.933s] Level 1:colcon.colcon_core.environment:checking '/home/ros/rosspaces/newboarding/Software-Team-Entrance-Task/ros_ws/install/interfaces/lib/python3.10/site-packages'
[1.933s] Level 1:colcon.colcon_core.environment:checking '/home/ros/rosspaces/newboarding/Software-Team-Entrance-Task/ros_ws/install/interfaces/bin'
[1.939s] INFO:colcon.colcon_core.shell:Creating package script '/home/ros/rosspaces/newboarding/Software-Team-Entrance-Task/ros_ws/install/interfaces/share/interfaces/package.ps1'
[1.940s] INFO:colcon.colcon_core.shell:Creating package descriptor '/home/ros/rosspaces/newboarding/Software-Team-Entrance-Task/ros_ws/install/interfaces/share/interfaces/package.dsv'
[1.941s] INFO:colcon.colcon_core.shell:Creating package script '/home/ros/rosspaces/newboarding/Software-Team-Entrance-Task/ros_ws/install/interfaces/share/interfaces/package.sh'
[1.942s] INFO:colcon.colcon_core.shell:Creating package script '/home/ros/rosspaces/newboarding/Software-Team-Entrance-Task/ros_ws/install/interfaces/share/interfaces/package.bash'
[1.943s] INFO:colcon.colcon_core.shell:Creating package script '/home/ros/rosspaces/newboarding/Software-Team-Entrance-Task/ros_ws/install/interfaces/share/interfaces/package.zsh'
[1.944s] Level 1:colcon.colcon_core.environment:create_file_with_runtime_dependencies(/home/ros/rosspaces/newboarding/Software-Team-Entrance-Task/ros_ws/install/interfaces/share/colcon-core/packages/interfaces)
[2.344s] Level 1:colcon.colcon_core.environment:create_environment_scripts_only(interfaces)
[2.348s] Level 1:colcon.colcon_core.environment:checking '/home/ros/rosspaces/newboarding/Software-Team-Entrance-Task/ros_ws/install/interfaces' for CMake module files
[2.349s] Level 1:colcon.colcon_core.environment:checking '/home/ros/rosspaces/newboarding/Software-Team-Entrance-Task/ros_ws/install/interfaces' for CMake config files
[2.350s] Level 1:colcon.colcon_core.shell:create_environment_hook('interfaces', 'cmake_prefix_path')
[2.351s] INFO:colcon.colcon_core.shell:Creating environment hook '/home/ros/rosspaces/newboarding/Software-Team-Entrance-Task/ros_ws/install/interfaces/share/interfaces/hook/cmake_prefix_path.ps1'
[2.352s] INFO:colcon.colcon_core.shell:Creating environment descriptor '/home/ros/rosspaces/newboarding/Software-Team-Entrance-Task/ros_ws/install/interfaces/share/interfaces/hook/cmake_prefix_path.dsv'
[2.355s] INFO:colcon.colcon_core.shell:Creating environment hook '/home/ros/rosspaces/newboarding/Software-Team-Entrance-Task/ros_ws/install/interfaces/share/interfaces/hook/cmake_prefix_path.sh'
[2.356s] Level 1:colcon.colcon_core.environment:checking '/home/ros/rosspaces/newboarding/Software-Team-Entrance-Task/ros_ws/install/interfaces/lib'
[2.356s] Level 1:colcon.colcon_core.shell:create_environment_hook('interfaces', 'ld_library_path_lib')
[2.366s] INFO:colcon.colcon_core.shell:Creating environment hook '/home/ros/rosspaces/newboarding/Software-Team-Entrance-Task/ros_ws/install/interfaces/share/interfaces/hook/ld_library_path_lib.ps1'
[2.369s] INFO:colcon.colcon_core.shell:Creating environment descriptor '/home/ros/rosspaces/newboarding/Software-Team-Entrance-Task/ros_ws/install/interfaces/share/interfaces/hook/ld_library_path_lib.dsv'
[2.378s] INFO:colcon.colcon_core.shell:Creating environment hook '/home/ros/rosspaces/newboarding/Software-Team-Entrance-Task/ros_ws/install/interfaces/share/interfaces/hook/ld_library_path_lib.sh'
[2.380s] Level 1:colcon.colcon_core.environment:checking '/home/ros/rosspaces/newboarding/Software-Team-Entrance-Task/ros_ws/install/interfaces/bin'
[2.380s] Level 1:colcon.colcon_core.environment:checking '/home/ros/rosspaces/newboarding/Software-Team-Entrance-Task/ros_ws/install/interfaces/lib/pkgconfig/interfaces.pc'
[2.380s] Level 1:colcon.colcon_core.environment:checking '/home/ros/rosspaces/newboarding/Software-Team-Entrance-Task/ros_ws/install/interfaces/lib/python3.10/site-packages'
[2.380s] Level 1:colcon.colcon_core.environment:checking '/home/ros/rosspaces/newboarding/Software-Team-Entrance-Task/ros_ws/install/interfaces/bin'
[2.382s] INFO:colcon.colcon_core.shell:Creating package script '/home/ros/rosspaces/newboarding/Software-Team-Entrance-Task/ros_ws/install/interfaces/share/interfaces/package.ps1'
[2.383s] INFO:colcon.colcon_core.shell:Creating package descriptor '/home/ros/rosspaces/newboarding/Software-Team-Entrance-Task/ros_ws/install/interfaces/share/interfaces/package.dsv'
[2.384s] INFO:colcon.colcon_core.shell:Creating package script '/home/ros/rosspaces/newboarding/Software-Team-Entrance-Task/ros_ws/install/interfaces/share/interfaces/package.sh'
[2.384s] INFO:colcon.colcon_core.shell:Creating package script '/home/ros/rosspaces/newboarding/Software-Team-Entrance-Task/ros_ws/install/interfaces/share/interfaces/package.bash'
[2.385s] INFO:colcon.colcon_core.shell:Creating package script '/home/ros/rosspaces/newboarding/Software-Team-Entrance-Task/ros_ws/install/interfaces/share/interfaces/package.zsh'
[2.386s] Level 1:colcon.colcon_core.environment:create_file_with_runtime_dependencies(/home/ros/rosspaces/newboarding/Software-Team-Entrance-Task/ros_ws/install/interfaces/share/colcon-core/packages/interfaces)
[2.386s] INFO:colcon.colcon_ros.task.ament_python.build:Building ROS package in '/home/ros/rosspaces/newboarding/Software-Team-Entrance-Task/ros_ws/src/Navigation/gps_distance' with build type 'ament_python'
[2.387s] Level 1:colcon.colcon_core.shell:create_environment_hook('gps_distance', 'ament_prefix_path')
[2.388s] INFO:colcon.colcon_core.shell:Creating environment hook '/home/ros/rosspaces/newboarding/Software-Team-Entrance-Task/ros_ws/install/gps_distance/share/gps_distance/hook/ament_prefix_path.ps1'
[2.390s] INFO:colcon.colcon_core.shell:Creating environment descriptor '/home/ros/rosspaces/newboarding/Software-Team-Entrance-Task/ros_ws/install/gps_distance/share/gps_distance/hook/ament_prefix_path.dsv'
[2.391s] INFO:colcon.colcon_core.shell:Creating environment hook '/home/ros/rosspaces/newboarding/Software-Team-Entrance-Task/ros_ws/install/gps_distance/share/gps_distance/hook/ament_prefix_path.sh'
[2.393s] INFO:colcon.colcon_core.shell:Skip shell extension 'powershell' for command environment: Not usable outside of PowerShell
[2.393s] DEBUG:colcon.colcon_core.shell:Skip shell extension 'dsv' for command environment
[2.426s] INFO:colcon.colcon_ros.task.ament_python.build:Building ROS package in '/home/ros/rosspaces/newboarding/Software-Team-Entrance-Task/ros_ws/src/testing/test_gps' with build type 'ament_python'
[2.426s] Level 1:colcon.colcon_core.shell:create_environment_hook('test_gps', 'ament_prefix_path')
[2.427s] INFO:colcon.colcon_core.shell:Creating environment hook '/home/ros/rosspaces/newboarding/Software-Team-Entrance-Task/ros_ws/install/test_gps/share/test_gps/hook/ament_prefix_path.ps1'
[2.429s] INFO:colcon.colcon_core.shell:Creating environment descriptor '/home/ros/rosspaces/newboarding/Software-Team-Entrance-Task/ros_ws/install/test_gps/share/test_gps/hook/ament_prefix_path.dsv'
[2.432s] INFO:colcon.colcon_core.shell:Creating environment hook '/home/ros/rosspaces/newboarding/Software-Team-Entrance-Task/ros_ws/install/test_gps/share/test_gps/hook/ament_prefix_path.sh'
[2.436s] INFO:colcon.colcon_core.shell:Skip shell extension 'powershell' for command environment: Not usable outside of PowerShell
[2.439s] DEBUG:colcon.colcon_core.shell:Skip shell extension 'dsv' for command environment
[2.827s] INFO:colcon.colcon_core.task.python.build:Building Python package in '/home/ros/rosspaces/newboarding/Software-Team-Entrance-Task/ros_ws/src/Navigation/gps_distance'
[2.828s] INFO:colcon.colcon_core.shell:Skip shell extension 'powershell' for command environment: Not usable outside of PowerShell
[2.828s] DEBUG:colcon.colcon_core.shell:Skip shell extension 'dsv' for command environment
[3.191s] INFO:colcon.colcon_core.task.python.build:Building Python package in '/home/ros/rosspaces/newboarding/Software-Team-Entrance-Task/ros_ws/src/testing/test_gps'
[3.193s] INFO:colcon.colcon_core.shell:Skip shell extension 'powershell' for command environment: Not usable outside of PowerShell
[3.193s] DEBUG:colcon.colcon_core.shell:Skip shell extension 'dsv' for command environment
[3.761s] DEBUG:colcon.colcon_core.event_handler.log_command:Invoking command in '/home/ros/rosspaces/newboarding/Software-Team-Entrance-Task/ros_ws/src/Navigation/gps_distance': CMAKE_PREFIX_PATH=/home/ros/rosspaces/newboarding/Software-Team-Entrance-Task/ros_ws/install/interfaces:/home/ros/rosspaces/newboarding/Software-Team-Entrance-Task/ros_ws/install/launch_test:/home/ros/rosspaces/newboarding/Software-Team-Entrance-Task/ros_ws/install/launch_nav PYTHONPATH=/home/ros/rosspaces/newboarding/Software-Team-Entrance-Task/ros_ws/build/gps_distance/prefix_override:/home/ros/rosspaces/newboarding/Software-Team-Entrance-Task/ros_ws/install/gps_distance/lib/python3.10/site-packages:${PYTHONPATH} /usr/bin/python3 setup.py egg_info --egg-base ../../../build/gps_distance build --build-base /home/ros/rosspaces/newboarding/Software-Team-Entrance-Task/ros_ws/build/gps_distance/build install --record /home/ros/rosspaces/newboarding/Software-Team-Entrance-Task/ros_ws/build/gps_distance/install.log --single-version-externally-managed
[3.797s] DEBUG:colcon.colcon_core.event_handler.log_command:Invoking command in '/home/ros/rosspaces/newboarding/Software-Team-Entrance-Task/ros_ws/src/testing/test_gps': CMAKE_PREFIX_PATH=/home/ros/rosspaces/newboarding/Software-Team-Entrance-Task/ros_ws/install/interfaces:/home/ros/rosspaces/newboarding/Software-Team-Entrance-Task/ros_ws/install/launch_test:/home/ros/rosspaces/newboarding/Software-Team-Entrance-Task/ros_ws/install/launch_nav PYTHONPATH=/home/ros/rosspaces/newboarding/Software-Team-Entrance-Task/ros_ws/build/test_gps/prefix_override:/home/ros/rosspaces/newboarding/Software-Team-Entrance-Task/ros_ws/install/test_gps/lib/python3.10/site-packages:${PYTHONPATH} /usr/bin/python3 setup.py egg_info --egg-base ../../../build/test_gps build --build-base /home/ros/rosspaces/newboarding/Software-Team-Entrance-Task/ros_ws/build/test_gps/build install --record /home/ros/rosspaces/newboarding/Software-Team-Entrance-Task/ros_ws/build/test_gps/install.log --single-version-externally-managed
[4.085s] Level 1:colcon.colcon_core.environment:checking '/home/ros/rosspaces/newboarding/Software-Team-Entrance-Task/ros_ws/install/gps_distance' for CMake module files
[4.086s] Level 1:colcon.colcon_core.environment:checking '/home/ros/rosspaces/newboarding/Software-Team-Entrance-Task/ros_ws/install/gps_distance' for CMake config files
[4.086s] Level 1:colcon.colcon_core.environment:checking '/home/ros/rosspaces/newboarding/Software-Team-Entrance-Task/ros_ws/install/gps_distance/lib'
[4.086s] Level 1:colcon.colcon_core.environment:checking '/home/ros/rosspaces/newboarding/Software-Team-Entrance-Task/ros_ws/install/gps_distance/bin'
[4.086s] Level 1:colcon.colcon_core.environment:checking '/home/ros/rosspaces/newboarding/Software-Team-Entrance-Task/ros_ws/install/gps_distance/lib/pkgconfig/gps_distance.pc'
[4.087s] Level 1:colcon.colcon_core.environment:checking '/home/ros/rosspaces/newboarding/Software-Team-Entrance-Task/ros_ws/install/gps_distance/lib/python3.10/site-packages'
[4.087s] Level 1:colcon.colcon_core.shell:create_environment_hook('gps_distance', 'pythonpath')
[4.088s] INFO:colcon.colcon_core.shell:Creating environment hook '/home/ros/rosspaces/newboarding/Software-Team-Entrance-Task/ros_ws/install/gps_distance/share/gps_distance/hook/pythonpath.ps1'
[4.088s] INFO:colcon.colcon_core.shell:Creating environment descriptor '/home/ros/rosspaces/newboarding/Software-Team-Entrance-Task/ros_ws/install/gps_distance/share/gps_distance/hook/pythonpath.dsv'
[4.089s] INFO:colcon.colcon_core.shell:Creating environment hook '/home/ros/rosspaces/newboarding/Software-Team-Entrance-Task/ros_ws/install/gps_distance/share/gps_distance/hook/pythonpath.sh'
[4.090s] Level 1:colcon.colcon_core.environment:checking '/home/ros/rosspaces/newboarding/Software-Team-Entrance-Task/ros_ws/install/gps_distance/bin'
[4.090s] Level 1:colcon.colcon_core.environment:create_environment_scripts_only(gps_distance)
[4.091s] INFO:colcon.colcon_core.shell:Creating package script '/home/ros/rosspaces/newboarding/Software-Team-Entrance-Task/ros_ws/install/gps_distance/share/gps_distance/package.ps1'
[4.092s] INFO:colcon.colcon_core.shell:Creating package descriptor '/home/ros/rosspaces/newboarding/Software-Team-Entrance-Task/ros_ws/install/gps_distance/share/gps_distance/package.dsv'
[4.092s] INFO:colcon.colcon_core.shell:Creating package script '/home/ros/rosspaces/newboarding/Software-Team-Entrance-Task/ros_ws/install/gps_distance/share/gps_distance/package.sh'
[4.093s] INFO:colcon.colcon_core.shell:Creating package script '/home/ros/rosspaces/newboarding/Software-Team-Entrance-Task/ros_ws/install/gps_distance/share/gps_distance/package.bash'
[4.094s] INFO:colcon.colcon_core.shell:Creating package script '/home/ros/rosspaces/newboarding/Software-Team-Entrance-Task/ros_ws/install/gps_distance/share/gps_distance/package.zsh'
[4.094s] Level 1:colcon.colcon_core.environment:create_file_with_runtime_dependencies(/home/ros/rosspaces/newboarding/Software-Team-Entrance-Task/ros_ws/install/gps_distance/share/colcon-core/packages/gps_distance)
[4.095s] INFO:colcon.colcon_ros.task.ament_cmake.build:Building ROS package in '/home/ros/rosspaces/newboarding/Software-Team-Entrance-Task/ros_ws/src/Navigation/launch_nav' with build type 'ament_cmake'
[4.095s] INFO:colcon.colcon_cmake.task.cmake.build:Building CMake package in '/home/ros/rosspaces/newboarding/Software-Team-Entrance-Task/ros_ws/src/Navigation/launch_nav'
[4.096s] INFO:colcon.colcon_core.shell:Skip shell extension 'powershell' for command environment: Not usable outside of PowerShell
[4.096s] DEBUG:colcon.colcon_core.shell:Skip shell extension 'dsv' for command environment
[4.097s] DEBUG:colcon.colcon_core.event_handler.log_command:Invoked command in '/home/ros/rosspaces/newboarding/Software-Team-Entrance-Task/ros_ws/src/Navigation/gps_distance' returned '0': CMAKE_PREFIX_PATH=/home/ros/rosspaces/newboarding/Software-Team-Entrance-Task/ros_ws/install/interfaces:/home/ros/rosspaces/newboarding/Software-Team-Entrance-Task/ros_ws/install/launch_test:/home/ros/rosspaces/newboarding/Software-Team-Entrance-Task/ros_ws/install/launch_nav PYTHONPATH=/home/ros/rosspaces/newboarding/Software-Team-Entrance-Task/ros_ws/build/gps_distance/prefix_override:/home/ros/rosspaces/newboarding/Software-Team-Entrance-Task/ros_ws/install/gps_distance/lib/python3.10/site-packages:${PYTHONPATH} /usr/bin/python3 setup.py egg_info --egg-base ../../../build/gps_distance build --build-base /home/ros/rosspaces/newboarding/Software-Team-Entrance-Task/ros_ws/build/gps_distance/build install --record /home/ros/rosspaces/newboarding/Software-Team-Entrance-Task/ros_ws/build/gps_distance/install.log --single-version-externally-managed
[4.133s] Level 1:colcon.colcon_core.environment:checking '/home/ros/rosspaces/newboarding/Software-Team-Entrance-Task/ros_ws/install/test_gps' for CMake module files
[4.133s] DEBUG:colcon.colcon_core.event_handler.log_command:Invoked command in '/home/ros/rosspaces/newboarding/Software-Team-Entrance-Task/ros_ws/src/testing/test_gps' returned '0': CMAKE_PREFIX_PATH=/home/ros/rosspaces/newboarding/Software-Team-Entrance-Task/ros_ws/install/interfaces:/home/ros/rosspaces/newboarding/Software-Team-Entrance-Task/ros_ws/install/launch_test:/home/ros/rosspaces/newboarding/Software-Team-Entrance-Task/ros_ws/install/launch_nav PYTHONPATH=/home/ros/rosspaces/newboarding/Software-Team-Entrance-Task/ros_ws/build/test_gps/prefix_override:/home/ros/rosspaces/newboarding/Software-Team-Entrance-Task/ros_ws/install/test_gps/lib/python3.10/site-packages:${PYTHONPATH} /usr/bin/python3 setup.py egg_info --egg-base ../../../build/test_gps build --build-base /home/ros/rosspaces/newboarding/Software-Team-Entrance-Task/ros_ws/build/test_gps/build install --record /home/ros/rosspaces/newboarding/Software-Team-Entrance-Task/ros_ws/build/test_gps/install.log --single-version-externally-managed
[4.134s] Level 1:colcon.colcon_core.environment:checking '/home/ros/rosspaces/newboarding/Software-Team-Entrance-Task/ros_ws/install/test_gps' for CMake config files
[4.134s] Level 1:colcon.colcon_core.environment:checking '/home/ros/rosspaces/newboarding/Software-Team-Entrance-Task/ros_ws/install/test_gps/lib'
[4.134s] Level 1:colcon.colcon_core.environment:checking '/home/ros/rosspaces/newboarding/Software-Team-Entrance-Task/ros_ws/install/test_gps/bin'
[4.134s] Level 1:colcon.colcon_core.environment:checking '/home/ros/rosspaces/newboarding/Software-Team-Entrance-Task/ros_ws/install/test_gps/lib/pkgconfig/test_gps.pc'
[4.134s] Level 1:colcon.colcon_core.environment:checking '/home/ros/rosspaces/newboarding/Software-Team-Entrance-Task/ros_ws/install/test_gps/lib/python3.10/site-packages'
[4.135s] Level 1:colcon.colcon_core.shell:create_environment_hook('test_gps', 'pythonpath')
[4.136s] INFO:colcon.colcon_core.shell:Creating environment hook '/home/ros/rosspaces/newboarding/Software-Team-Entrance-Task/ros_ws/install/test_gps/share/test_gps/hook/pythonpath.ps1'
[4.137s] INFO:colcon.colcon_core.shell:Creating environment descriptor '/home/ros/rosspaces/newboarding/Software-Team-Entrance-Task/ros_ws/install/test_gps/share/test_gps/hook/pythonpath.dsv'
[4.137s] INFO:colcon.colcon_core.shell:Creating environment hook '/home/ros/rosspaces/newboarding/Software-Team-Entrance-Task/ros_ws/install/test_gps/share/test_gps/hook/pythonpath.sh'
[4.138s] Level 1:colcon.colcon_core.environment:checking '/home/ros/rosspaces/newboarding/Software-Team-Entrance-Task/ros_ws/install/test_gps/bin'
[4.138s] Level 1:colcon.colcon_core.environment:create_environment_scripts_only(test_gps)
[4.140s] INFO:colcon.colcon_core.shell:Creating package script '/home/ros/rosspaces/newboarding/Software-Team-Entrance-Task/ros_ws/install/test_gps/share/test_gps/package.ps1'
[4.141s] INFO:colcon.colcon_core.shell:Creating package descriptor '/home/ros/rosspaces/newboarding/Software-Team-Entrance-Task/ros_ws/install/test_gps/share/test_gps/package.dsv'
[4.141s] INFO:colcon.colcon_core.shell:Creating package script '/home/ros/rosspaces/newboarding/Software-Team-Entrance-Task/ros_ws/install/test_gps/share/test_gps/package.sh'
[4.142s] INFO:colcon.colcon_core.shell:Creating package script '/home/ros/rosspaces/newboarding/Software-Team-Entrance-Task/ros_ws/install/test_gps/share/test_gps/package.bash'
[4.143s] INFO:colcon.colcon_core.shell:Creating package script '/home/ros/rosspaces/newboarding/Software-Team-Entrance-Task/ros_ws/install/test_gps/share/test_gps/package.zsh'
[4.144s] Level 1:colcon.colcon_core.environment:create_file_with_runtime_dependencies(/home/ros/rosspaces/newboarding/Software-Team-Entrance-Task/ros_ws/install/test_gps/share/colcon-core/packages/test_gps)
[4.152s] INFO:colcon.colcon_ros.task.ament_cmake.build:Building ROS package in '/home/ros/rosspaces/newboarding/Software-Team-Entrance-Task/ros_ws/src/testing/launch_test' with build type 'ament_cmake'
[4.152s] INFO:colcon.colcon_cmake.task.cmake.build:Building CMake package in '/home/ros/rosspaces/newboarding/Software-Team-Entrance-Task/ros_ws/src/testing/launch_test'
[4.154s] INFO:colcon.colcon_core.shell:Skip shell extension 'powershell' for command environment: Not usable outside of PowerShell
[4.154s] DEBUG:colcon.colcon_core.shell:Skip shell extension 'dsv' for command environment
[4.171s] DEBUG:colcon.colcon_core.event_handler.log_command:Invoking command in '/home/ros/rosspaces/newboarding/Software-Team-Entrance-Task/ros_ws/build/launch_nav': AMENT_PREFIX_PATH=/home/ros/rosspaces/newboarding/Software-Team-Entrance-Task/ros_ws/install/gps_distance:/home/ros/rosspaces/newboarding/Software-Team-Entrance-Task/ros_ws/install/launch_test:/home/ros/rosspaces/newboarding/Software-Team-Entrance-Task/ros_ws/install/test_gps:/home/ros/rosspaces/newboarding/Software-Team-Entrance-Task/ros_ws/install/launch_nav:/home/ros/rosspaces/newboarding/Software-Team-Entrance-Task/ros_ws/install/interfaces:/opt/ros/humble CMAKE_PREFIX_PATH=/home/ros/rosspaces/newboarding/Software-Team-Entrance-Task/ros_ws/install/interfaces:/home/ros/rosspaces/newboarding/Software-Team-Entrance-Task/ros_ws/install/launch_test:/home/ros/rosspaces/newboarding/Software-Team-Entrance-Task/ros_ws/install/launch_nav:/home/ros/rosspaces/newboarding/Software-Team-Entrance-Task/ros_ws/install/test_gps:/home/ros/rosspaces/newboarding/Software-Team-Entrance-Task/ros_ws/install/gps_distance:/opt/ros/humble PYTHONPATH=/home/ros/rosspaces/newboarding/Software-Team-Entrance-Task/ros_ws/install/gps_distance/lib/python3.10/site-packages:/home/ros/rosspaces/newboarding/Software-Team-Entrance-Task/ros_ws/install/test_gps/lib/python3.10/site-packages:/home/ros/rosspaces/newboarding/Software-Team-Entrance-Task/ros_ws/install/interfaces/local/lib/python3.10/dist-packages:/opt/ros/humble/lib/python3.10/site-packages:/opt/ros/humble/local/lib/python3.10/dist-packages /usr/bin/cmake --build /home/ros/rosspaces/newboarding/Software-Team-Entrance-Task/ros_ws/build/launch_nav -- -j4 -l4
[4.195s] DEBUG:colcon.colcon_core.event_handler.log_command:Invoking command in '/home/ros/rosspaces/newboarding/Software-Team-Entrance-Task/ros_ws/build/launch_test': AMENT_PREFIX_PATH=/home/ros/rosspaces/newboarding/Software-Team-Entrance-Task/ros_ws/install/test_gps:/home/ros/rosspaces/newboarding/Software-Team-Entrance-Task/ros_ws/install/launch_test:/home/ros/rosspaces/newboarding/Software-Team-Entrance-Task/ros_ws/install/launch_nav:/home/ros/rosspaces/newboarding/Software-Team-Entrance-Task/ros_ws/install/gps_distance:/home/ros/rosspaces/newboarding/Software-Team-Entrance-Task/ros_ws/install/interfaces:/opt/ros/humble CMAKE_PREFIX_PATH=/home/ros/rosspaces/newboarding/Software-Team-Entrance-Task/ros_ws/install/interfaces:/home/ros/rosspaces/newboarding/Software-Team-Entrance-Task/ros_ws/install/launch_test:/home/ros/rosspaces/newboarding/Software-Team-Entrance-Task/ros_ws/install/launch_nav:/home/ros/rosspaces/newboarding/Software-Team-Entrance-Task/ros_ws/install/test_gps:/home/ros/rosspaces/newboarding/Software-Team-Entrance-Task/ros_ws/install/gps_distance:/opt/ros/humble /usr/bin/cmake --build /home/ros/rosspaces/newboarding/Software-Team-Entrance-Task/ros_ws/build/launch_test -- -j4 -l4
[4.264s] DEBUG:colcon.colcon_core.event_handler.log_command:Invoked command in '/home/ros/rosspaces/newboarding/Software-Team-Entrance-Task/ros_ws/build/launch_nav' returned '0': AMENT_PREFIX_PATH=/home/ros/rosspaces/newboarding/Software-Team-Entrance-Task/ros_ws/install/gps_distance:/home/ros/rosspaces/newboarding/Software-Team-Entrance-Task/ros_ws/install/launch_test:/home/ros/rosspaces/newboarding/Software-Team-Entrance-Task/ros_ws/install/test_gps:/home/ros/rosspaces/newboarding/Software-Team-Entrance-Task/ros_ws/install/launch_nav:/home/ros/rosspaces/newboarding/Software-Team-Entrance-Task/ros_ws/install/interfaces:/opt/ros/humble CMAKE_PREFIX_PATH=/home/ros/rosspaces/newboarding/Software-Team-Entrance-Task/ros_ws/install/interfaces:/home/ros/rosspaces/newboarding/Software-Team-Entrance-Task/ros_ws/install/launch_test:/home/ros/rosspaces/newboarding/Software-Team-Entrance-Task/ros_ws/install/launch_nav:/home/ros/rosspaces/newboarding/Software-Team-Entrance-Task/ros_ws/install/test_gps:/home/ros/rosspaces/newboarding/Software-Team-Entrance-Task/ros_ws/install/gps_distance:/opt/ros/humble PYTHONPATH=/home/ros/rosspaces/newboarding/Software-Team-Entrance-Task/ros_ws/install/gps_distance/lib/python3.10/site-packages:/home/ros/rosspaces/newboarding/Software-Team-Entrance-Task/ros_ws/install/test_gps/lib/python3.10/site-packages:/home/ros/rosspaces/newboarding/Software-Team-Entrance-Task/ros_ws/install/interfaces/local/lib/python3.10/dist-packages:/opt/ros/humble/lib/python3.10/site-packages:/opt/ros/humble/local/lib/python3.10/dist-packages /usr/bin/cmake --build /home/ros/rosspaces/newboarding/Software-Team-Entrance-Task/ros_ws/build/launch_nav -- -j4 -l4
[4.324s] DEBUG:colcon.colcon_core.event_handler.log_command:Invoked command in '/home/ros/rosspaces/newboarding/Software-Team-Entrance-Task/ros_ws/build/launch_test' returned '0': AMENT_PREFIX_PATH=/home/ros/rosspaces/newboarding/Software-Team-Entrance-Task/ros_ws/install/test_gps:/home/ros/rosspaces/newboarding/Software-Team-Entrance-Task/ros_ws/install/launch_test:/home/ros/rosspaces/newboarding/Software-Team-Entrance-Task/ros_ws/install/launch_nav:/home/ros/rosspaces/newboarding/Software-Team-Entrance-Task/ros_ws/install/gps_distance:/home/ros/rosspaces/newboarding/Software-Team-Entrance-Task/ros_ws/install/interfaces:/opt/ros/humble CMAKE_PREFIX_PATH=/home/ros/rosspaces/newboarding/Software-Team-Entrance-Task/ros_ws/install/interfaces:/home/ros/rosspaces/newboarding/Software-Team-Entrance-Task/ros_ws/install/launch_test:/home/ros/rosspaces/newboarding/Software-Team-Entrance-Task/ros_ws/install/launch_nav:/home/ros/rosspaces/newboarding/Software-Team-Entrance-Task/ros_ws/install/test_gps:/home/ros/rosspaces/newboarding/Software-Team-Entrance-Task/ros_ws/install/gps_distance:/opt/ros/humble /usr/bin/cmake --build /home/ros/rosspaces/newboarding/Software-Team-Entrance-Task/ros_ws/build/launch_test -- -j4 -l4
[4.413s] DEBUG:colcon.colcon_core.event_handler.log_command:Invoking command in '/home/ros/rosspaces/newboarding/Software-Team-Entrance-Task/ros_ws/build/launch_nav': AMENT_PREFIX_PATH=/home/ros/rosspaces/newboarding/Software-Team-Entrance-Task/ros_ws/install/gps_distance:/home/ros/rosspaces/newboarding/Software-Team-Entrance-Task/ros_ws/install/launch_test:/home/ros/rosspaces/newboarding/Software-Team-Entrance-Task/ros_ws/install/test_gps:/home/ros/rosspaces/newboarding/Software-Team-Entrance-Task/ros_ws/install/launch_nav:/home/ros/rosspaces/newboarding/Software-Team-Entrance-Task/ros_ws/install/interfaces:/opt/ros/humble CMAKE_PREFIX_PATH=/home/ros/rosspaces/newboarding/Software-Team-Entrance-Task/ros_ws/install/interfaces:/home/ros/rosspaces/newboarding/Software-Team-Entrance-Task/ros_ws/install/launch_test:/home/ros/rosspaces/newboarding/Software-Team-Entrance-Task/ros_ws/install/launch_nav:/home/ros/rosspaces/newboarding/Software-Team-Entrance-Task/ros_ws/install/test_gps:/home/ros/rosspaces/newboarding/Software-Team-Entrance-Task/ros_ws/install/gps_distance:/opt/ros/humble PYTHONPATH=/home/ros/rosspaces/newboarding/Software-Team-Entrance-Task/ros_ws/install/gps_distance/lib/python3.10/site-packages:/home/ros/rosspaces/newboarding/Software-Team-Entrance-Task/ros_ws/install/test_gps/lib/python3.10/site-packages:/home/ros/rosspaces/newboarding/Software-Team-Entrance-Task/ros_ws/install/interfaces/local/lib/python3.10/dist-packages:/opt/ros/humble/lib/python3.10/site-packages:/opt/ros/humble/local/lib/python3.10/dist-packages /usr/bin/cmake --install /home/ros/rosspaces/newboarding/Software-Team-Entrance-Task/ros_ws/build/launch_nav
[4.469s] DEBUG:colcon.colcon_core.event_handler.log_command:Invoking command in '/home/ros/rosspaces/newboarding/Software-Team-Entrance-Task/ros_ws/build/launch_test': AMENT_PREFIX_PATH=/home/ros/rosspaces/newboarding/Software-Team-Entrance-Task/ros_ws/install/test_gps:/home/ros/rosspaces/newboarding/Software-Team-Entrance-Task/ros_ws/install/launch_test:/home/ros/rosspaces/newboarding/Software-Team-Entrance-Task/ros_ws/install/launch_nav:/home/ros/rosspaces/newboarding/Software-Team-Entrance-Task/ros_ws/install/gps_distance:/home/ros/rosspaces/newboarding/Software-Team-Entrance-Task/ros_ws/install/interfaces:/opt/ros/humble CMAKE_PREFIX_PATH=/home/ros/rosspaces/newboarding/Software-Team-Entrance-Task/ros_ws/install/interfaces:/home/ros/rosspaces/newboarding/Software-Team-Entrance-Task/ros_ws/install/launch_test:/home/ros/rosspaces/newboarding/Software-Team-Entrance-Task/ros_ws/install/launch_nav:/home/ros/rosspaces/newboarding/Software-Team-Entrance-Task/ros_ws/install/test_gps:/home/ros/rosspaces/newboarding/Software-Team-Entrance-Task/ros_ws/install/gps_distance:/opt/ros/humble /usr/bin/cmake --install /home/ros/rosspaces/newboarding/Software-Team-Entrance-Task/ros_ws/build/launch_test
[4.495s] Level 1:colcon.colcon_core.environment:create_environment_scripts_only(launch_nav)
[4.497s] Level 1:colcon.colcon_core.environment:checking '/home/ros/rosspaces/newboarding/Software-Team-Entrance-Task/ros_ws/install/launch_nav' for CMake module files
[4.504s] DEBUG:colcon.colcon_core.event_handler.log_command:Invoked command in '/home/ros/rosspaces/newboarding/Software-Team-Entrance-Task/ros_ws/build/launch_nav' returned '0': AMENT_PREFIX_PATH=/home/ros/rosspaces/newboarding/Software-Team-Entrance-Task/ros_ws/install/gps_distance:/home/ros/rosspaces/newboarding/Software-Team-Entrance-Task/ros_ws/install/launch_test:/home/ros/rosspaces/newboarding/Software-Team-Entrance-Task/ros_ws/install/test_gps:/home/ros/rosspaces/newboarding/Software-Team-Entrance-Task/ros_ws/install/launch_nav:/home/ros/rosspaces/newboarding/Software-Team-Entrance-Task/ros_ws/install/interfaces:/opt/ros/humble CMAKE_PREFIX_PATH=/home/ros/rosspaces/newboarding/Software-Team-Entrance-Task/ros_ws/install/interfaces:/home/ros/rosspaces/newboarding/Software-Team-Entrance-Task/ros_ws/install/launch_test:/home/ros/rosspaces/newboarding/Software-Team-Entrance-Task/ros_ws/install/launch_nav:/home/ros/rosspaces/newboarding/Software-Team-Entrance-Task/ros_ws/install/test_gps:/home/ros/rosspaces/newboarding/Software-Team-Entrance-Task/ros_ws/install/gps_distance:/opt/ros/humble PYTHONPATH=/home/ros/rosspaces/newboarding/Software-Team-Entrance-Task/ros_ws/install/gps_distance/lib/python3.10/site-packages:/home/ros/rosspaces/newboarding/Software-Team-Entrance-Task/ros_ws/install/test_gps/lib/python3.10/site-packages:/home/ros/rosspaces/newboarding/Software-Team-Entrance-Task/ros_ws/install/interfaces/local/lib/python3.10/dist-packages:/opt/ros/humble/lib/python3.10/site-packages:/opt/ros/humble/local/lib/python3.10/dist-packages /usr/bin/cmake --install /home/ros/rosspaces/newboarding/Software-Team-Entrance-Task/ros_ws/build/launch_nav
[4.516s] Level 1:colcon.colcon_core.environment:checking '/home/ros/rosspaces/newboarding/Software-Team-Entrance-Task/ros_ws/install/launch_nav' for CMake config files
[4.516s] Level 1:colcon.colcon_core.shell:create_environment_hook('launch_nav', 'cmake_prefix_path')
[4.517s] INFO:colcon.colcon_core.shell:Creating environment hook '/home/ros/rosspaces/newboarding/Software-Team-Entrance-Task/ros_ws/install/launch_nav/share/launch_nav/hook/cmake_prefix_path.ps1'
[4.523s] INFO:colcon.colcon_core.shell:Creating environment descriptor '/home/ros/rosspaces/newboarding/Software-Team-Entrance-Task/ros_ws/install/launch_nav/share/launch_nav/hook/cmake_prefix_path.dsv'
[4.525s] INFO:colcon.colcon_core.shell:Creating environment hook '/home/ros/rosspaces/newboarding/Software-Team-Entrance-Task/ros_ws/install/launch_nav/share/launch_nav/hook/cmake_prefix_path.sh'
[4.526s] Level 1:colcon.colcon_core.environment:checking '/home/ros/rosspaces/newboarding/Software-Team-Entrance-Task/ros_ws/install/launch_nav/bin'
[4.526s] Level 1:colcon.colcon_core.environment:checking '/home/ros/rosspaces/newboarding/Software-Team-Entrance-Task/ros_ws/install/launch_nav/lib/pkgconfig/launch_nav.pc'
[4.527s] Level 1:colcon.colcon_core.environment:checking '/home/ros/rosspaces/newboarding/Software-Team-Entrance-Task/ros_ws/install/launch_nav/lib/python3.10/site-packages'
[4.527s] Level 1:colcon.colcon_core.environment:checking '/home/ros/rosspaces/newboarding/Software-Team-Entrance-Task/ros_ws/install/launch_nav/bin'
[4.528s] INFO:colcon.colcon_core.shell:Creating package script '/home/ros/rosspaces/newboarding/Software-Team-Entrance-Task/ros_ws/install/launch_nav/share/launch_nav/package.ps1'
[4.529s] INFO:colcon.colcon_core.shell:Creating package descriptor '/home/ros/rosspaces/newboarding/Software-Team-Entrance-Task/ros_ws/install/launch_nav/share/launch_nav/package.dsv'
[4.545s] INFO:colcon.colcon_core.shell:Creating package script '/home/ros/rosspaces/newboarding/Software-Team-Entrance-Task/ros_ws/install/launch_nav/share/launch_nav/package.sh'
[4.549s] INFO:colcon.colcon_core.shell:Creating package script '/home/ros/rosspaces/newboarding/Software-Team-Entrance-Task/ros_ws/install/launch_nav/share/launch_nav/package.bash'
[4.551s] INFO:colcon.colcon_core.shell:Creating package script '/home/ros/rosspaces/newboarding/Software-Team-Entrance-Task/ros_ws/install/launch_nav/share/launch_nav/package.zsh'
[4.561s] Level 1:colcon.colcon_core.environment:create_file_with_runtime_dependencies(/home/ros/rosspaces/newboarding/Software-Team-Entrance-Task/ros_ws/install/launch_nav/share/colcon-core/packages/launch_nav)
[4.594s] Level 1:colcon.colcon_core.environment:create_environment_scripts_only(launch_test)
[4.595s] Level 1:colcon.colcon_core.environment:checking '/home/ros/rosspaces/newboarding/Software-Team-Entrance-Task/ros_ws/install/launch_test' for CMake module files
[4.596s] Level 1:colcon.colcon_core.environment:checking '/home/ros/rosspaces/newboarding/Software-Team-Entrance-Task/ros_ws/install/launch_test' for CMake config files
[4.596s] DEBUG:colcon.colcon_core.event_handler.log_command:Invoked command in '/home/ros/rosspaces/newboarding/Software-Team-Entrance-Task/ros_ws/build/launch_test' returned '0': AMENT_PREFIX_PATH=/home/ros/rosspaces/newboarding/Software-Team-Entrance-Task/ros_ws/install/test_gps:/home/ros/rosspaces/newboarding/Software-Team-Entrance-Task/ros_ws/install/launch_test:/home/ros/rosspaces/newboarding/Software-Team-Entrance-Task/ros_ws/install/launch_nav:/home/ros/rosspaces/newboarding/Software-Team-Entrance-Task/ros_ws/install/gps_distance:/home/ros/rosspaces/newboarding/Software-Team-Entrance-Task/ros_ws/install/interfaces:/opt/ros/humble CMAKE_PREFIX_PATH=/home/ros/rosspaces/newboarding/Software-Team-Entrance-Task/ros_ws/install/interfaces:/home/ros/rosspaces/newboarding/Software-Team-Entrance-Task/ros_ws/install/launch_test:/home/ros/rosspaces/newboarding/Software-Team-Entrance-Task/ros_ws/install/launch_nav:/home/ros/rosspaces/newboarding/Software-Team-Entrance-Task/ros_ws/install/test_gps:/home/ros/rosspaces/newboarding/Software-Team-Entrance-Task/ros_ws/install/gps_distance:/opt/ros/humble /usr/bin/cmake --install /home/ros/rosspaces/newboarding/Software-Team-Entrance-Task/ros_ws/build/launch_test
[4.597s] Level 1:colcon.colcon_core.shell:create_environment_hook('launch_test', 'cmake_prefix_path')
[4.600s] INFO:colcon.colcon_core.shell:Creating environment hook '/home/ros/rosspaces/newboarding/Software-Team-Entrance-Task/ros_ws/install/launch_test/share/launch_test/hook/cmake_prefix_path.ps1'
[4.600s] INFO:colcon.colcon_core.shell:Creating environment descriptor '/home/ros/rosspaces/newboarding/Software-Team-Entrance-Task/ros_ws/install/launch_test/share/launch_test/hook/cmake_prefix_path.dsv'
[4.601s] INFO:colcon.colcon_core.shell:Creating environment hook '/home/ros/rosspaces/newboarding/Software-Team-Entrance-Task/ros_ws/install/launch_test/share/launch_test/hook/cmake_prefix_path.sh'
[4.603s] Level 1:colcon.colcon_core.environment:checking '/home/ros/rosspaces/newboarding/Software-Team-Entrance-Task/ros_ws/install/launch_test/bin'
[4.603s] Level 1:colcon.colcon_core.environment:checking '/home/ros/rosspaces/newboarding/Software-Team-Entrance-Task/ros_ws/install/launch_test/lib/pkgconfig/launch_test.pc'
[4.603s] Level 1:colcon.colcon_core.environment:checking '/home/ros/rosspaces/newboarding/Software-Team-Entrance-Task/ros_ws/install/launch_test/lib/python3.10/site-packages'
[4.604s] Level 1:colcon.colcon_core.environment:checking '/home/ros/rosspaces/newboarding/Software-Team-Entrance-Task/ros_ws/install/launch_test/bin'
[4.605s] INFO:colcon.colcon_core.shell:Creating package script '/home/ros/rosspaces/newboarding/Software-Team-Entrance-Task/ros_ws/install/launch_test/share/launch_test/package.ps1'
[4.606s] INFO:colcon.colcon_core.shell:Creating package descriptor '/home/ros/rosspaces/newboarding/Software-Team-Entrance-Task/ros_ws/install/launch_test/share/launch_test/package.dsv'
[4.606s] INFO:colcon.colcon_core.shell:Creating package script '/home/ros/rosspaces/newboarding/Software-Team-Entrance-Task/ros_ws/install/launch_test/share/launch_test/package.sh'
[4.607s] INFO:colcon.colcon_core.shell:Creating package script '/home/ros/rosspaces/newboarding/Software-Team-Entrance-Task/ros_ws/install/launch_test/share/launch_test/package.bash'
[4.608s] INFO:colcon.colcon_core.shell:Creating package script '/home/ros/rosspaces/newboarding/Software-Team-Entrance-Task/ros_ws/install/launch_test/share/launch_test/package.zsh'
[4.608s] Level 1:colcon.colcon_core.environment:create_file_with_runtime_dependencies(/home/ros/rosspaces/newboarding/Software-Team-Entrance-Task/ros_ws/install/launch_test/share/colcon-core/packages/launch_test)
[4.739s] Level 1:colcon.colcon_core.environment:create_environment_scripts_only(launch_test)
[4.742s] Level 1:colcon.colcon_core.environment:checking '/home/ros/rosspaces/newboarding/Software-Team-Entrance-Task/ros_ws/install/launch_test' for CMake module files
[4.742s] Level 1:colcon.colcon_core.environment:checking '/home/ros/rosspaces/newboarding/Software-Team-Entrance-Task/ros_ws/install/launch_test' for CMake config files
[4.742s] Level 1:colcon.colcon_core.shell:create_environment_hook('launch_test', 'cmake_prefix_path')
[4.744s] INFO:colcon.colcon_core.shell:Creating environment hook '/home/ros/rosspaces/newboarding/Software-Team-Entrance-Task/ros_ws/install/launch_test/share/launch_test/hook/cmake_prefix_path.ps1'
[4.746s] INFO:colcon.colcon_core.shell:Creating environment descriptor '/home/ros/rosspaces/newboarding/Software-Team-Entrance-Task/ros_ws/install/launch_test/share/launch_test/hook/cmake_prefix_path.dsv'
[4.747s] INFO:colcon.colcon_core.shell:Creating environment hook '/home/ros/rosspaces/newboarding/Software-Team-Entrance-Task/ros_ws/install/launch_test/share/launch_test/hook/cmake_prefix_path.sh'
[4.748s] Level 1:colcon.colcon_core.environment:checking '/home/ros/rosspaces/newboarding/Software-Team-Entrance-Task/ros_ws/install/launch_test/bin'
[4.748s] Level 1:colcon.colcon_core.environment:checking '/home/ros/rosspaces/newboarding/Software-Team-Entrance-Task/ros_ws/install/launch_test/lib/pkgconfig/launch_test.pc'
[4.749s] Level 1:colcon.colcon_core.environment:checking '/home/ros/rosspaces/newboarding/Software-Team-Entrance-Task/ros_ws/install/launch_test/lib/python3.10/site-packages'
[4.749s] Level 1:colcon.colcon_core.environment:checking '/home/ros/rosspaces/newboarding/Software-Team-Entrance-Task/ros_ws/install/launch_test/bin'
[4.750s] INFO:colcon.colcon_core.shell:Creating package script '/home/ros/rosspaces/newboarding/Software-Team-Entrance-Task/ros_ws/install/launch_test/share/launch_test/package.ps1'
[4.751s] INFO:colcon.colcon_core.shell:Creating package descriptor '/home/ros/rosspaces/newboarding/Software-Team-Entrance-Task/ros_ws/install/launch_test/share/launch_test/package.dsv'
[4.752s] INFO:colcon.colcon_core.shell:Creating package script '/home/ros/rosspaces/newboarding/Software-Team-Entrance-Task/ros_ws/install/launch_test/share/launch_test/package.sh'
[4.753s] INFO:colcon.colcon_core.shell:Creating package script '/home/ros/rosspaces/newboarding/Software-Team-Entrance-Task/ros_ws/install/launch_test/share/launch_test/package.bash'
[4.754s] INFO:colcon.colcon_core.shell:Creating package script '/home/ros/rosspaces/newboarding/Software-Team-Entrance-Task/ros_ws/install/launch_test/share/launch_test/package.zsh'
[4.754s] Level 1:colcon.colcon_core.environment:create_file_with_runtime_dependencies(/home/ros/rosspaces/newboarding/Software-Team-Entrance-Task/ros_ws/install/launch_test/share/colcon-core/packages/launch_test)
[4.768s] Level 1:colcon.colcon_core.environment:create_environment_scripts_only(launch_nav)
[4.769s] Level 1:colcon.colcon_core.environment:checking '/home/ros/rosspaces/newboarding/Software-Team-Entrance-Task/ros_ws/install/launch_nav' for CMake module files
[4.770s] Level 1:colcon.colcon_core.environment:checking '/home/ros/rosspaces/newboarding/Software-Team-Entrance-Task/ros_ws/install/launch_nav' for CMake config files
[4.772s] Level 1:colcon.colcon_core.shell:create_environment_hook('launch_nav', 'cmake_prefix_path')
[4.773s] INFO:colcon.colcon_core.shell:Creating environment hook '/home/ros/rosspaces/newboarding/Software-Team-Entrance-Task/ros_ws/install/launch_nav/share/launch_nav/hook/cmake_prefix_path.ps1'
[4.776s] INFO:colcon.colcon_core.shell:Creating environment descriptor '/home/ros/rosspaces/newboarding/Software-Team-Entrance-Task/ros_ws/install/launch_nav/share/launch_nav/hook/cmake_prefix_path.dsv'
[4.782s] INFO:colcon.colcon_core.shell:Creating environment hook '/home/ros/rosspaces/newboarding/Software-Team-Entrance-Task/ros_ws/install/launch_nav/share/launch_nav/hook/cmake_prefix_path.sh'
[4.783s] Level 1:colcon.colcon_core.environment:checking '/home/ros/rosspaces/newboarding/Software-Team-Entrance-Task/ros_ws/install/launch_nav/bin'
[4.783s] Level 1:colcon.colcon_core.environment:checking '/home/ros/rosspaces/newboarding/Software-Team-Entrance-Task/ros_ws/install/launch_nav/lib/pkgconfig/launch_nav.pc'
[4.783s] Level 1:colcon.colcon_core.environment:checking '/home/ros/rosspaces/newboarding/Software-Team-Entrance-Task/ros_ws/install/launch_nav/lib/python3.10/site-packages'
[4.784s] Level 1:colcon.colcon_core.environment:checking '/home/ros/rosspaces/newboarding/Software-Team-Entrance-Task/ros_ws/install/launch_nav/bin'
[4.785s] INFO:colcon.colcon_core.shell:Creating package script '/home/ros/rosspaces/newboarding/Software-Team-Entrance-Task/ros_ws/install/launch_nav/share/launch_nav/package.ps1'
[4.785s] INFO:colcon.colcon_core.shell:Creating package descriptor '/home/ros/rosspaces/newboarding/Software-Team-Entrance-Task/ros_ws/install/launch_nav/share/launch_nav/package.dsv'
[4.786s] INFO:colcon.colcon_core.shell:Creating package script '/home/ros/rosspaces/newboarding/Software-Team-Entrance-Task/ros_ws/install/launch_nav/share/launch_nav/package.sh'
[4.787s] INFO:colcon.colcon_core.shell:Creating package script '/home/ros/rosspaces/newboarding/Software-Team-Entrance-Task/ros_ws/install/launch_nav/share/launch_nav/package.bash'
[4.787s] INFO:colcon.colcon_core.shell:Creating package script '/home/ros/rosspaces/newboarding/Software-Team-Entrance-Task/ros_ws/install/launch_nav/share/launch_nav/package.zsh'
[4.792s] Level 1:colcon.colcon_core.environment:create_file_with_runtime_dependencies(/home/ros/rosspaces/newboarding/Software-Team-Entrance-Task/ros_ws/install/launch_nav/share/colcon-core/packages/launch_nav)
[4.793s] DEBUG:colcon.colcon_parallel_executor.executor.parallel:closing loop
[4.794s] DEBUG:colcon.colcon_parallel_executor.executor.parallel:loop closed
[4.796s] DEBUG:colcon.colcon_parallel_executor.executor.parallel:run_until_complete finished with '0'
[4.796s] DEBUG:colcon.colcon_core.event_reactor:joining thread
[4.817s] INFO:colcon.colcon_core.plugin_system:Skipping extension 'colcon_notification.desktop_notification.terminal_notifier': Not used on non-Darwin systems
[4.817s] INFO:colcon.colcon_core.plugin_system:Skipping extension 'colcon_notification.desktop_notification.win32': Not used on non-Windows systems
[4.817s] INFO:colcon.colcon_notification.desktop_notification:Sending desktop notification using 'notify2'
[4.842s] DEBUG:colcon.colcon_core.event_reactor:joined thread
[4.843s] INFO:colcon.colcon_core.shell:Creating prefix script '/home/ros/rosspaces/newboarding/Software-Team-Entrance-Task/ros_ws/install/local_setup.ps1'
[4.844s] INFO:colcon.colcon_core.shell:Creating prefix util module '/home/ros/rosspaces/newboarding/Software-Team-Entrance-Task/ros_ws/install/_local_setup_util_ps1.py'
[4.846s] INFO:colcon.colcon_core.shell:Creating prefix chain script '/home/ros/rosspaces/newboarding/Software-Team-Entrance-Task/ros_ws/install/setup.ps1'
[4.847s] INFO:colcon.colcon_core.shell:Creating prefix script '/home/ros/rosspaces/newboarding/Software-Team-Entrance-Task/ros_ws/install/local_setup.sh'
[4.848s] INFO:colcon.colcon_core.shell:Creating prefix util module '/home/ros/rosspaces/newboarding/Software-Team-Entrance-Task/ros_ws/install/_local_setup_util_sh.py'
[4.849s] INFO:colcon.colcon_core.shell:Creating prefix chain script '/home/ros/rosspaces/newboarding/Software-Team-Entrance-Task/ros_ws/install/setup.sh'
[4.850s] INFO:colcon.colcon_core.shell:Creating prefix script '/home/ros/rosspaces/newboarding/Software-Team-Entrance-Task/ros_ws/install/local_setup.bash'
[4.852s] INFO:colcon.colcon_core.shell:Creating prefix chain script '/home/ros/rosspaces/newboarding/Software-Team-Entrance-Task/ros_ws/install/setup.bash'
[4.853s] INFO:colcon.colcon_core.shell:Creating prefix script '/home/ros/rosspaces/newboarding/Software-Team-Entrance-Task/ros_ws/install/local_setup.zsh'
[4.854s] INFO:colcon.colcon_core.shell:Creating prefix chain script '/home/ros/rosspaces/newboarding/Software-Team-Entrance-Task/ros_ws/install/setup.zsh'
